<?xml version='1.1' encoding='UTF-8'?>
<result plugin="junit@1.24">
  <suites>
    <suite>
      <file>/home/elst228/Desktop/cs498group11/Project13-demo/work/jobs/TestMaven/workspace/cli/target/surefire-reports/TEST-hudson.cli.ConnectionMockTest.xml</file>
      <name>hudson.cli.ConnectionMockTest</name>
      <duration>0.152</duration>
      <time>0.152</time>
      <enclosingBlocks/>
      <enclosingBlockNames/>
      <cases>
        <case>
          <duration>0.152</duration>
          <className>hudson.cli.ConnectionMockTest</className>
          <testName>shouldTolerateEmptyByteArrayUponStreamZeroValue</testName>
          <skipped>false</skipped>
          <failedSince>0</failedSince>
        </case>
      </cases>
    </suite>
    <suite>
      <file>/home/elst228/Desktop/cs498group11/Project13-demo/work/jobs/TestMaven/workspace/cli/target/surefire-reports/TEST-hudson.cli.ConnectionTest.xml</file>
      <name>hudson.cli.ConnectionTest</name>
      <duration>0.092</duration>
      <time>0.092</time>
      <enclosingBlocks/>
      <enclosingBlockNames/>
      <cases>
        <case>
          <duration>0.092</duration>
          <className>hudson.cli.ConnectionTest</className>
          <testName>testEncrypt</testName>
          <skipped>false</skipped>
          <failedSince>0</failedSince>
        </case>
      </cases>
    </suite>
    <suite>
      <file>/home/elst228/Desktop/cs498group11/Project13-demo/work/jobs/TestMaven/workspace/cli/target/surefire-reports/TEST-hudson.cli.PrivateKeyProviderTest.xml</file>
      <name>hudson.cli.PrivateKeyProviderTest</name>
      <duration>0.682</duration>
      <time>0.682</time>
      <enclosingBlocks/>
      <enclosingBlockNames/>
      <cases>
        <case>
          <duration>0.626</duration>
          <className>hudson.cli.PrivateKeyProviderTest</className>
          <testName>specifyKeysExplicitly</testName>
          <skipped>false</skipped>
          <failedSince>0</failedSince>
        </case>
        <case>
          <duration>0.056</duration>
          <className>hudson.cli.PrivateKeyProviderTest</className>
          <testName>useDefaultKeyLocations</testName>
          <skipped>false</skipped>
          <failedSince>0</failedSince>
        </case>
      </cases>
    </suite>
  </suites>
  <duration>0.926</duration>
  <keepLongStdio>false</keepLongStdio>
</result>