<?xml version='1.1' encoding='UTF-8'?>
<result plugin="junit@1.24">
  <suites>
    <suite>
      <file>/home/elst228/Desktop/cs498group11/Project13-demo/work/jobs/TestMaven/workspace/core/target/surefire-reports/TEST-hudson.BulkChangeTest.xml</file>
      <name>hudson.BulkChangeTest</name>
      <duration>0.002</duration>
      <time>0.002</time>
      <enclosingBlocks/>
      <enclosingBlockNames/>
      <cases>
        <case>
          <duration>0.002</duration>
          <className>hudson.BulkChangeTest</className>
          <testName>bulkChange</testName>
          <skipped>false</skipped>
          <failedSince>0</failedSince>
        </case>
        <case>
          <duration>0.0</duration>
          <className>hudson.BulkChangeTest</className>
          <testName>noBulkChange</testName>
          <skipped>false</skipped>
          <failedSince>0</failedSince>
        </case>
        <case>
          <duration>0.0</duration>
          <className>hudson.BulkChangeTest</className>
          <testName>nestedBulkChange</testName>
          <skipped>false</skipped>
          <failedSince>0</failedSince>
        </case>
      </cases>
    </suite>
    <suite>
      <file>/home/elst228/Desktop/cs498group11/Project13-demo/work/jobs/TestMaven/workspace/core/target/surefire-reports/TEST-hudson.EnvVarsTest.xml</file>
      <name>hudson.EnvVarsTest</name>
      <duration>0.006</duration>
      <time>0.006</time>
      <enclosingBlocks/>
      <enclosingBlockNames/>
      <cases>
        <case>
          <duration>0.0</duration>
          <className>hudson.EnvVarsTest</className>
          <testName>overrideOrderCalculatorSelfReference</testName>
          <skipped>false</skipped>
          <failedSince>0</failedSince>
        </case>
        <case>
          <duration>0.0</duration>
          <className>hudson.EnvVarsTest</className>
          <testName>caseInsensitive</testName>
          <skipped>false</skipped>
          <failedSince>0</failedSince>
        </case>
        <case>
          <duration>0.0</duration>
          <className>hudson.EnvVarsTest</className>
          <testName>overrideOrderCalculatorMultiple</testName>
          <skipped>false</skipped>
          <failedSince>0</failedSince>
        </case>
        <case>
          <duration>0.005</duration>
          <className>hudson.EnvVarsTest</className>
          <testName>overrideOrderCalculatorCyclic</testName>
          <skipped>false</skipped>
          <failedSince>0</failedSince>
        </case>
        <case>
          <duration>0.0</duration>
          <className>hudson.EnvVarsTest</className>
          <testName>overrideExpandingAll</testName>
          <skipped>false</skipped>
          <failedSince>0</failedSince>
        </case>
        <case>
          <duration>0.001</duration>
          <className>hudson.EnvVarsTest</className>
          <testName>overrideOrderCalculatorSimple</testName>
          <skipped>false</skipped>
          <failedSince>0</failedSince>
        </case>
        <case>
          <duration>0.0</duration>
          <className>hudson.EnvVarsTest</className>
          <testName>overrideOrderCalculatorInOrder</testName>
          <skipped>false</skipped>
          <failedSince>0</failedSince>
        </case>
      </cases>
    </suite>
    <suite>
      <file>/home/elst228/Desktop/cs498group11/Project13-demo/work/jobs/TestMaven/workspace/core/target/surefire-reports/TEST-hudson.FilePathTest.xml</file>
      <name>hudson.FilePathTest</name>
      <duration>29.059</duration>
      <time>29.059</time>
      <enclosingBlocks/>
      <enclosingBlockNames/>
      <cases>
        <case>
          <duration>0.568</duration>
          <className>hudson.FilePathTest</className>
          <testName>validateAntFileMaskBounded</testName>
          <skipped>false</skipped>
          <failedSince>0</failedSince>
        </case>
        <case>
          <duration>16.275</duration>
          <className>hudson.FilePathTest</className>
          <testName>errorMessageInRemoteCopyRecursive</testName>
          <skipped>false</skipped>
          <failedSince>0</failedSince>
        </case>
        <case>
          <duration>0.011</duration>
          <className>hudson.FilePathTest</className>
          <testName>listWithExcludes</testName>
          <skipped>false</skipped>
          <failedSince>0</failedSince>
        </case>
        <case>
          <duration>0.004</duration>
          <className>hudson.FilePathTest</className>
          <testName>normalization</testName>
          <skipped>false</skipped>
          <failedSince>0</failedSince>
        </case>
        <case>
          <duration>0.126</duration>
          <className>hudson.FilePathTest</className>
          <testName>copyTo</testName>
          <skipped>false</skipped>
          <failedSince>0</failedSince>
        </case>
        <case>
          <duration>0.669</duration>
          <className>hudson.FilePathTest</className>
          <testName>noRaceConditionInCopyTo</testName>
          <skipped>false</skipped>
          <failedSince>0</failedSince>
        </case>
        <case>
          <duration>0.026</duration>
          <className>hudson.FilePathTest</className>
          <testName>isUnix</testName>
          <skipped>false</skipped>
          <failedSince>0</failedSince>
        </case>
        <case>
          <duration>10.161</duration>
          <className>hudson.FilePathTest</className>
          <testName>noFileLeakInCopyTo</testName>
          <skipped>false</skipped>
          <failedSince>0</failedSince>
        </case>
        <case>
          <duration>0.895</duration>
          <className>hudson.FilePathTest</className>
          <testName>copyToWithPermission</testName>
          <skipped>false</skipped>
          <failedSince>0</failedSince>
        </case>
        <case>
          <duration>0.024</duration>
          <className>hudson.FilePathTest</className>
          <testName>repeatCopyRecursiveTo</testName>
          <skipped>false</skipped>
          <failedSince>0</failedSince>
        </case>
        <case>
          <duration>0.038</duration>
          <className>hudson.FilePathTest</className>
          <testName>archiveBug</testName>
          <skipped>false</skipped>
          <failedSince>0</failedSince>
        </case>
        <case>
          <duration>0.02</duration>
          <className>hudson.FilePathTest</className>
          <testName>deleteLongPathOnWindows</testName>
          <skipped>false</skipped>
          <failedSince>0</failedSince>
        </case>
        <case>
          <duration>0.006</duration>
          <className>hudson.FilePathTest</className>
          <testName>list</testName>
          <skipped>false</skipped>
          <failedSince>0</failedSince>
        </case>
        <case>
          <duration>0.123</duration>
          <className>hudson.FilePathTest</className>
          <testName>installIfNecessaryPerformsInstallation</testName>
          <skipped>false</skipped>
          <failedSince>0</failedSince>
        </case>
        <case>
          <duration>0.005</duration>
          <className>hudson.FilePathTest</className>
          <testName>installIfNecessaryAvoidsExcessiveDownloadsByUsingIfModifiedSince</testName>
          <skipped>false</skipped>
          <failedSince>0</failedSince>
        </case>
        <case>
          <duration>0.009</duration>
          <className>hudson.FilePathTest</className>
          <testName>moveAllChildrenTo</testName>
          <skipped>false</skipped>
          <failedSince>0</failedSince>
        </case>
        <case>
          <duration>0.035</duration>
          <className>hudson.FilePathTest</className>
          <testName>compressTarUntarRoundTrip</testName>
          <skipped>false</skipped>
          <failedSince>0</failedSince>
        </case>
        <case>
          <duration>0.0</duration>
          <className>hudson.FilePathTest</className>
          <testName>archiveBigFile</testName>
          <skipped>true</skipped>
          <failedSince>6</failedSince>
        </case>
        <case>
          <duration>0.012</duration>
          <className>hudson.FilePathTest</className>
          <testName>getParent</testName>
          <skipped>false</skipped>
          <failedSince>0</failedSince>
        </case>
        <case>
          <duration>0.009</duration>
          <className>hudson.FilePathTest</className>
          <testName>multiSegmentRelativePaths</testName>
          <skipped>false</skipped>
          <failedSince>0</failedSince>
        </case>
        <case>
          <duration>0.005</duration>
          <className>hudson.FilePathTest</className>
          <testName>installIfNecessarySkipsDownloadWhenErroneous</testName>
          <skipped>false</skipped>
          <failedSince>0</failedSince>
        </case>
        <case>
          <duration>0.022</duration>
          <className>hudson.FilePathTest</className>
          <testName>validateAntFileMask</testName>
          <skipped>false</skipped>
          <failedSince>0</failedSince>
        </case>
        <case>
          <duration>0.008</duration>
          <className>hudson.FilePathTest</className>
          <testName>symlinkInTar</testName>
          <skipped>false</skipped>
          <failedSince>0</failedSince>
        </case>
        <case>
          <duration>0.008</duration>
          <className>hudson.FilePathTest</className>
          <testName>listWithDefaultExcludes</testName>
          <skipped>false</skipped>
          <failedSince>0</failedSince>
        </case>
      </cases>
    </suite>
    <suite>
      <file>/home/elst228/Desktop/cs498group11/Project13-demo/work/jobs/TestMaven/workspace/core/target/surefire-reports/TEST-hudson.FunctionsTest.xml</file>
      <name>hudson.FunctionsTest</name>
      <duration>4.861</duration>
      <time>4.861</time>
      <enclosingBlocks/>
      <enclosingBlockNames/>
      <cases>
        <case>
          <duration>0.006</duration>
          <className>hudson.FunctionsTest</className>
          <testName>testGetActionUrl_absoluteUriWithAuthority</testName>
          <skipped>false</skipped>
          <failedSince>0</failedSince>
        </case>
        <case>
          <duration>0.001</duration>
          <className>hudson.FunctionsTest</className>
          <testName>testGetActionUrl_absoluteUriWithoutAuthority</testName>
          <skipped>false</skipped>
          <failedSince>0</failedSince>
        </case>
        <case>
          <duration>0.011</duration>
          <className>hudson.FunctionsTest</className>
          <testName>testGetRelativeDisplayName</testName>
          <skipped>false</skipped>
          <failedSince>0</failedSince>
        </case>
        <case>
          <duration>0.037</duration>
          <className>hudson.FunctionsTest</className>
          <testName>testGetRelativeDisplayNameInsideItemGroup</testName>
          <skipped>false</skipped>
          <failedSince>0</failedSince>
        </case>
        <case>
          <duration>0.001</duration>
          <className>hudson.FunctionsTest</className>
          <testName>testHumanReadableFileSize</testName>
          <skipped>false</skipped>
          <failedSince>0</failedSince>
        </case>
        <case>
          <duration>0.011</duration>
          <className>hudson.FunctionsTest</className>
          <testName>testBreakableString</testName>
          <skipped>false</skipped>
          <failedSince>0</failedSince>
        </case>
        <case>
          <duration>0.001</duration>
          <className>hudson.FunctionsTest</className>
          <testName>printLogRecordHtml</testName>
          <skipped>false</skipped>
          <failedSince>0</failedSince>
        </case>
        <case>
          <duration>0.36</duration>
          <className>hudson.FunctionsTest</className>
          <testName>testGetActionUrl_absolutePath</testName>
          <skipped>false</skipped>
          <failedSince>0</failedSince>
        </case>
        <case>
          <duration>0.399</duration>
          <className>hudson.FunctionsTest</className>
          <testName>testGetActionUrl_relativePath</testName>
          <skipped>false</skipped>
          <failedSince>0</failedSince>
        </case>
        <case>
          <duration>1.187</duration>
          <className>hudson.FunctionsTest</className>
          <testName>testGetRelativeLinkTo_JobContainedInView</testName>
          <skipped>false</skipped>
          <failedSince>0</failedSince>
        </case>
        <case>
          <duration>0.936</duration>
          <className>hudson.FunctionsTest</className>
          <testName>testGetRelativeLinkTo_JobFromComputer</testName>
          <skipped>false</skipped>
          <failedSince>0</failedSince>
        </case>
        <case>
          <duration>0.0</duration>
          <className>hudson.FunctionsTest</className>
          <testName>testGetRelativeLinkTo_JobNotContainedInView</testName>
          <skipped>true</skipped>
          <skippedMessage>too expensive to make it correct</skippedMessage>
          <failedSince>6</failedSince>
        </case>
        <case>
          <duration>0.909</duration>
          <className>hudson.FunctionsTest</className>
          <testName>testGetRelativeLinkTo_JobContainedInViewWithinItemGroup</testName>
          <skipped>false</skipped>
          <failedSince>0</failedSince>
        </case>
        <case>
          <duration>0.853</duration>
          <className>hudson.FunctionsTest</className>
          <testName>getRelativeLinkTo_MavenModules</testName>
          <skipped>false</skipped>
          <failedSince>0</failedSince>
        </case>
        <case>
          <duration>0.149</duration>
          <className>hudson.FunctionsTest</className>
          <testName>testGetActionUrl_unparsable</testName>
          <skipped>false</skipped>
          <failedSince>0</failedSince>
        </case>
      </cases>
    </suite>
    <suite>
      <file>/home/elst228/Desktop/cs498group11/Project13-demo/work/jobs/TestMaven/workspace/core/target/surefire-reports/TEST-hudson.LauncherTest.xml</file>
      <name>hudson.LauncherTest</name>
      <duration>2.34</duration>
      <time>2.34</time>
      <enclosingBlocks/>
      <enclosingBlockNames/>
      <cases>
        <case>
          <duration>0.027</duration>
          <className>hudson.LauncherTest</className>
          <testName>decoratedByPrefixMaintainsIsUnix</testName>
          <skipped>false</skipped>
          <failedSince>0</failedSince>
        </case>
        <case>
          <duration>0.077</duration>
          <className>hudson.LauncherTest</className>
          <testName>decorateByEnv</testName>
          <skipped>false</skipped>
          <failedSince>0</failedSince>
        </case>
        <case>
          <duration>0.023</duration>
          <className>hudson.LauncherTest</className>
          <testName>decoratedByEnvMaintainsIsUnix</testName>
          <skipped>false</skipped>
          <failedSince>0</failedSince>
        </case>
        <case>
          <duration>2.213</duration>
          <className>hudson.LauncherTest</className>
          <testName>remoteKill</testName>
          <skipped>false</skipped>
          <failedSince>0</failedSince>
        </case>
      </cases>
    </suite>
    <suite>
      <file>/home/elst228/Desktop/cs498group11/Project13-demo/work/jobs/TestMaven/workspace/core/target/surefire-reports/TEST-hudson.MarkupTextTest.xml</file>
      <name>hudson.MarkupTextTest</name>
      <duration>0.003</duration>
      <time>0.003</time>
      <enclosingBlocks/>
      <enclosingBlockNames/>
      <cases>
        <case>
          <duration>0.001</duration>
          <className>hudson.MarkupTextTest</className>
          <testName>boundary</testName>
          <skipped>false</skipped>
          <failedSince>0</failedSince>
        </case>
        <case>
          <duration>0.0</duration>
          <className>hudson.MarkupTextTest</className>
          <testName>findTokensOnSubText</testName>
          <skipped>false</skipped>
          <failedSince>0</failedSince>
        </case>
        <case>
          <duration>0.001</duration>
          <className>hudson.MarkupTextTest</className>
          <testName>escape</testName>
          <skipped>false</skipped>
          <failedSince>0</failedSince>
        </case>
        <case>
          <duration>0.0</duration>
          <className>hudson.MarkupTextTest</className>
          <testName>adjacent</testName>
          <skipped>false</skipped>
          <failedSince>0</failedSince>
        </case>
        <case>
          <duration>0.0</duration>
          <className>hudson.MarkupTextTest</className>
          <testName>literalTextSurround</testName>
          <skipped>false</skipped>
          <failedSince>0</failedSince>
        </case>
        <case>
          <duration>0.001</duration>
          <className>hudson.MarkupTextTest</className>
          <testName>test1</testName>
          <skipped>false</skipped>
          <failedSince>0</failedSince>
        </case>
        <case>
          <duration>0.0</duration>
          <className>hudson.MarkupTextTest</className>
          <testName>subTextSubText</testName>
          <skipped>false</skipped>
          <failedSince>0</failedSince>
        </case>
        <case>
          <duration>0.0</duration>
          <className>hudson.MarkupTextTest</className>
          <testName>preEscape</testName>
          <skipped>false</skipped>
          <failedSince>0</failedSince>
        </case>
      </cases>
    </suite>
    <suite>
      <file>/home/elst228/Desktop/cs498group11/Project13-demo/work/jobs/TestMaven/workspace/core/target/surefire-reports/TEST-hudson.PluginManagerTest.xml</file>
      <name>hudson.PluginManagerTest</name>
      <duration>0.087</duration>
      <time>0.087</time>
      <enclosingBlocks/>
      <enclosingBlockNames/>
      <cases>
        <case>
          <duration>0.084</duration>
          <className>hudson.PluginManagerTest</className>
          <testName>parseInvalidRequestedPlugins</testName>
          <skipped>false</skipped>
          <failedSince>0</failedSince>
        </case>
        <case>
          <duration>0.003</duration>
          <className>hudson.PluginManagerTest</className>
          <testName>parseRequestedPlugins</testName>
          <skipped>false</skipped>
          <failedSince>0</failedSince>
        </case>
      </cases>
    </suite>
    <suite>
      <file>/home/elst228/Desktop/cs498group11/Project13-demo/work/jobs/TestMaven/workspace/core/target/surefire-reports/TEST-hudson.ProxyConfigurationTest.xml</file>
      <name>hudson.ProxyConfigurationTest</name>
      <duration>0.489</duration>
      <time>0.489</time>
      <enclosingBlocks/>
      <enclosingBlockNames/>
      <cases>
        <case>
          <duration>0.489</duration>
          <className>hudson.ProxyConfigurationTest</className>
          <testName>noProxyHost</testName>
          <skipped>false</skipped>
          <failedSince>0</failedSince>
        </case>
      </cases>
    </suite>
    <suite>
      <file>/home/elst228/Desktop/cs498group11/Project13-demo/work/jobs/TestMaven/workspace/core/target/surefire-reports/TEST-hudson.UtilTest.xml</file>
      <name>hudson.UtilTest</name>
      <duration>0.107</duration>
      <time>0.107</time>
      <enclosingBlocks/>
      <enclosingBlockNames/>
      <cases>
        <case>
          <duration>0.002</duration>
          <className>hudson.UtilTest</className>
          <testName>testSymlink</testName>
          <skipped>false</skipped>
          <failedSince>0</failedSince>
        </case>
        <case>
          <duration>0.001</duration>
          <className>hudson.UtilTest</className>
          <testName>testIsSymlink</testName>
          <skipped>false</skipped>
          <failedSince>0</failedSince>
        </case>
        <case>
          <duration>0.0</duration>
          <className>hudson.UtilTest</className>
          <testName>testRawEncode</testName>
          <skipped>false</skipped>
          <failedSince>0</failedSince>
        </case>
        <case>
          <duration>0.06</duration>
          <className>hudson.UtilTest</className>
          <testName>testTimeSpanString</testName>
          <skipped>false</skipped>
          <failedSince>0</failedSince>
        </case>
        <case>
          <duration>0.001</duration>
          <className>hudson.UtilTest</className>
          <testName>isRelativePathWindows</testName>
          <skipped>false</skipped>
          <failedSince>0</failedSince>
        </case>
        <case>
          <duration>0.0</duration>
          <className>hudson.UtilTest</className>
          <testName>testIsAbsoluteUri</testName>
          <skipped>false</skipped>
          <failedSince>0</failedSince>
        </case>
        <case>
          <duration>0.0</duration>
          <className>hudson.UtilTest</className>
          <testName>loadProperties</testName>
          <skipped>false</skipped>
          <failedSince>0</failedSince>
        </case>
        <case>
          <duration>0.001</duration>
          <className>hudson.UtilTest</className>
          <testName>testEncodeSpaces</testName>
          <skipped>false</skipped>
          <failedSince>0</failedSince>
        </case>
        <case>
          <duration>0.0</duration>
          <className>hudson.UtilTest</className>
          <testName>testTryParseNumber</testName>
          <skipped>false</skipped>
          <failedSince>0</failedSince>
        </case>
        <case>
          <duration>0.042</duration>
          <className>hudson.UtilTest</className>
          <testName>testDigestThreadSafety</testName>
          <skipped>false</skipped>
          <failedSince>0</failedSince>
        </case>
        <case>
          <duration>0.0</duration>
          <className>hudson.UtilTest</className>
          <testName>isRelativePathUnix</testName>
          <skipped>false</skipped>
          <failedSince>0</failedSince>
        </case>
        <case>
          <duration>0.0</duration>
          <className>hudson.UtilTest</className>
          <testName>testHtmlEscape</testName>
          <skipped>false</skipped>
          <failedSince>0</failedSince>
        </case>
        <case>
          <duration>0.0</duration>
          <className>hudson.UtilTest</className>
          <testName>testReplaceMacro</testName>
          <skipped>false</skipped>
          <failedSince>0</failedSince>
        </case>
        <case>
          <duration>0.0</duration>
          <className>hudson.UtilTest</className>
          <testName>deleteFile</testName>
          <skipped>true</skipped>
          <failedSince>6</failedSince>
        </case>
      </cases>
    </suite>
    <suite>
      <file>/home/elst228/Desktop/cs498group11/Project13-demo/work/jobs/TestMaven/workspace/core/target/surefire-reports/TEST-hudson.cli.ListJobsCommandTest.xml</file>
      <name>hudson.cli.ListJobsCommandTest</name>
      <duration>0.948</duration>
      <time>0.948</time>
      <enclosingBlocks/>
      <enclosingBlockNames/>
      <cases>
        <case>
          <duration>0.784</duration>
          <className>hudson.cli.ListJobsCommandTest</className>
          <testName>failForNonexistingName</testName>
          <skipped>false</skipped>
          <failedSince>0</failedSince>
        </case>
        <case>
          <duration>0.065</duration>
          <className>hudson.cli.ListJobsCommandTest</className>
          <testName>getAllJobsFromFolders</testName>
          <skipped>false</skipped>
          <failedSince>0</failedSince>
        </case>
        <case>
          <duration>0.007</duration>
          <className>hudson.cli.ListJobsCommandTest</className>
          <testName>getAllJobsForEmptyName</testName>
          <skipped>false</skipped>
          <failedSince>0</failedSince>
        </case>
        <case>
          <duration>0.053</duration>
          <className>hudson.cli.ListJobsCommandTest</className>
          <testName>getJobsFromView</testName>
          <skipped>false</skipped>
          <failedSince>0</failedSince>
        </case>
        <case>
          <duration>0.039</duration>
          <className>hudson.cli.ListJobsCommandTest</className>
          <testName>getJobsRecursivelyFromViewGroup</testName>
          <skipped>false</skipped>
          <failedSince>0</failedSince>
        </case>
      </cases>
    </suite>
    <suite>
      <file>/home/elst228/Desktop/cs498group11/Project13-demo/work/jobs/TestMaven/workspace/core/target/surefire-reports/TEST-hudson.cli.handlers.ViewOptionHandlerTest.xml</file>
      <name>hudson.cli.handlers.ViewOptionHandlerTest</name>
      <duration>0.86</duration>
      <time>0.86</time>
      <enclosingBlocks/>
      <enclosingBlockNames/>
      <cases>
        <case>
          <duration>0.742</duration>
          <className>hudson.cli.handlers.ViewOptionHandlerTest</className>
          <testName>resolveTopLevelView</testName>
          <skipped>false</skipped>
          <failedSince>0</failedSince>
        </case>
        <case>
          <duration>0.006</duration>
          <className>hudson.cli.handlers.ViewOptionHandlerTest</className>
          <testName>resolveNestedView</testName>
          <skipped>false</skipped>
          <failedSince>0</failedSince>
        </case>
        <case>
          <duration>0.006</duration>
          <className>hudson.cli.handlers.ViewOptionHandlerTest</className>
          <testName>resolveOuterView</testName>
          <skipped>false</skipped>
          <failedSince>0</failedSince>
        </case>
        <case>
          <duration>0.006</duration>
          <className>hudson.cli.handlers.ViewOptionHandlerTest</className>
          <testName>ignoreLeadingAndTrailingSlashes</testName>
          <skipped>false</skipped>
          <failedSince>0</failedSince>
        </case>
        <case>
          <duration>0.009</duration>
          <className>hudson.cli.handlers.ViewOptionHandlerTest</className>
          <testName>reportNonexistentTopLevelView</testName>
          <skipped>false</skipped>
          <failedSince>0</failedSince>
        </case>
        <case>
          <duration>0.051</duration>
          <className>hudson.cli.handlers.ViewOptionHandlerTest</className>
          <testName>reportNonexistentNestedView</testName>
          <skipped>false</skipped>
          <failedSince>0</failedSince>
        </case>
        <case>
          <duration>0.006</duration>
          <className>hudson.cli.handlers.ViewOptionHandlerTest</className>
          <testName>reportNonexistentInnerView</testName>
          <skipped>false</skipped>
          <failedSince>0</failedSince>
        </case>
        <case>
          <duration>0.011</duration>
          <className>hudson.cli.handlers.ViewOptionHandlerTest</className>
          <testName>reportTraversingViewThatIsNotAViewGroup</testName>
          <skipped>false</skipped>
          <failedSince>0</failedSince>
        </case>
        <case>
          <duration>0.013</duration>
          <className>hudson.cli.handlers.ViewOptionHandlerTest</className>
          <testName>refuseToReadOuterView</testName>
          <skipped>false</skipped>
          <failedSince>0</failedSince>
        </case>
        <case>
          <duration>0.004</duration>
          <className>hudson.cli.handlers.ViewOptionHandlerTest</className>
          <testName>refuseToReadNestedView</testName>
          <skipped>false</skipped>
          <failedSince>0</failedSince>
        </case>
        <case>
          <duration>0.006</duration>
          <className>hudson.cli.handlers.ViewOptionHandlerTest</className>
          <testName>refuseToReadInnerView</testName>
          <skipped>false</skipped>
          <failedSince>0</failedSince>
        </case>
      </cases>
    </suite>
    <suite>
      <file>/home/elst228/Desktop/cs498group11/Project13-demo/work/jobs/TestMaven/workspace/core/target/surefire-reports/TEST-hudson.console.UrlAnnotatorTest.xml</file>
      <name>hudson.console.UrlAnnotatorTest</name>
      <duration>0.002</duration>
      <time>0.002</time>
      <enclosingBlocks/>
      <enclosingBlockNames/>
      <cases>
        <case>
          <duration>0.002</duration>
          <className>hudson.console.UrlAnnotatorTest</className>
          <testName>annotateFileScheme</testName>
          <skipped>false</skipped>
          <failedSince>0</failedSince>
        </case>
        <case>
          <duration>0.0</duration>
          <className>hudson.console.UrlAnnotatorTest</className>
          <testName>testAnnotate</testName>
          <skipped>false</skipped>
          <failedSince>0</failedSince>
        </case>
      </cases>
    </suite>
    <suite>
      <file>/home/elst228/Desktop/cs498group11/Project13-demo/work/jobs/TestMaven/workspace/core/target/surefire-reports/TEST-hudson.logging.LogRecorderTest.xml</file>
      <name>hudson.logging.LogRecorderTest</name>
      <duration>0.009</duration>
      <time>0.009</time>
      <enclosingBlocks/>
      <enclosingBlockNames/>
      <cases>
        <case>
          <duration>0.002</duration>
          <className>hudson.logging.LogRecorderTest</className>
          <testName>targetIncludes</testName>
          <skipped>false</skipped>
          <failedSince>0</failedSince>
        </case>
        <case>
          <duration>0.0</duration>
          <className>hudson.logging.LogRecorderTest</className>
          <testName>targetMatches</testName>
          <skipped>false</skipped>
          <failedSince>0</failedSince>
        </case>
        <case>
          <duration>0.007</duration>
          <className>hudson.logging.LogRecorderTest</className>
          <testName>testClearing</testName>
          <skipped>false</skipped>
          <failedSince>0</failedSince>
        </case>
        <case>
          <duration>0.0</duration>
          <className>hudson.logging.LogRecorderTest</className>
          <testName>testSpecificExclusion</testName>
          <skipped>false</skipped>
          <failedSince>0</failedSince>
        </case>
      </cases>
    </suite>
    <suite>
      <file>/home/elst228/Desktop/cs498group11/Project13-demo/work/jobs/TestMaven/workspace/core/target/surefire-reports/TEST-hudson.model.AbstractItemTest.xml</file>
      <name>hudson.model.AbstractItemTest</name>
      <duration>0.001</duration>
      <time>0.001</time>
      <enclosingBlocks/>
      <enclosingBlockNames/>
      <cases>
        <case>
          <duration>0.001</duration>
          <className>hudson.model.AbstractItemTest</className>
          <testName>testSetDisplayName</testName>
          <skipped>false</skipped>
          <failedSince>0</failedSince>
        </case>
        <case>
          <duration>0.0</duration>
          <className>hudson.model.AbstractItemTest</className>
          <testName>testGetDefaultDisplayName</testName>
          <skipped>false</skipped>
          <failedSince>0</failedSince>
        </case>
        <case>
          <duration>0.0</duration>
          <className>hudson.model.AbstractItemTest</className>
          <testName>testSearchNameIsName</testName>
          <skipped>false</skipped>
          <failedSince>0</failedSince>
        </case>
        <case>
          <duration>0.0</duration>
          <className>hudson.model.AbstractItemTest</className>
          <testName>testSetDisplayNameOrNull</testName>
          <skipped>false</skipped>
          <failedSince>0</failedSince>
        </case>
        <case>
          <duration>0.0</duration>
          <className>hudson.model.AbstractItemTest</className>
          <testName>testGetDisplayNameOrNull</testName>
          <skipped>false</skipped>
          <failedSince>0</failedSince>
        </case>
      </cases>
    </suite>
    <suite>
      <file>/home/elst228/Desktop/cs498group11/Project13-demo/work/jobs/TestMaven/workspace/core/target/surefire-reports/TEST-hudson.model.ActionableTest.xml</file>
      <name>hudson.model.ActionableTest</name>
      <duration>0.002</duration>
      <time>0.002</time>
      <enclosingBlocks/>
      <enclosingBlockNames/>
      <cases>
        <case>
          <duration>0.002</duration>
          <className>hudson.model.ActionableTest</className>
          <testName>replaceAction</testName>
          <skipped>false</skipped>
          <failedSince>0</failedSince>
        </case>
      </cases>
    </suite>
    <suite>
      <file>/home/elst228/Desktop/cs498group11/Project13-demo/work/jobs/TestMaven/workspace/core/target/surefire-reports/TEST-hudson.model.AutoCompleteSeederTest.xml</file>
      <name>hudson.model.AutoCompleteSeederTest</name>
      <duration>0.011</duration>
      <time>0.011</time>
      <enclosingBlocks/>
      <enclosingBlockNames/>
      <cases>
        <case>
          <duration>0.001</duration>
          <className>hudson.model.AutoCompleteSeederTest</className>
          <testName>testAutoCompleteSeeds[0]</testName>
          <skipped>false</skipped>
          <failedSince>0</failedSince>
        </case>
        <case>
          <duration>0.0</duration>
          <className>hudson.model.AutoCompleteSeederTest</className>
          <testName>testAutoCompleteSeeds[1]</testName>
          <skipped>false</skipped>
          <failedSince>0</failedSince>
        </case>
        <case>
          <duration>0.0</duration>
          <className>hudson.model.AutoCompleteSeederTest</className>
          <testName>testAutoCompleteSeeds[2]</testName>
          <skipped>false</skipped>
          <failedSince>0</failedSince>
        </case>
        <case>
          <duration>0.0</duration>
          <className>hudson.model.AutoCompleteSeederTest</className>
          <testName>testAutoCompleteSeeds[3]</testName>
          <skipped>false</skipped>
          <failedSince>0</failedSince>
        </case>
        <case>
          <duration>0.009</duration>
          <className>hudson.model.AutoCompleteSeederTest</className>
          <testName>testAutoCompleteSeeds[4]</testName>
          <skipped>false</skipped>
          <failedSince>0</failedSince>
        </case>
        <case>
          <duration>0.001</duration>
          <className>hudson.model.AutoCompleteSeederTest</className>
          <testName>testAutoCompleteSeeds[5]</testName>
          <skipped>false</skipped>
          <failedSince>0</failedSince>
        </case>
        <case>
          <duration>0.0</duration>
          <className>hudson.model.AutoCompleteSeederTest</className>
          <testName>testAutoCompleteSeeds[6]</testName>
          <skipped>false</skipped>
          <failedSince>0</failedSince>
        </case>
        <case>
          <duration>0.0</duration>
          <className>hudson.model.AutoCompleteSeederTest</className>
          <testName>testAutoCompleteSeeds[7]</testName>
          <skipped>false</skipped>
          <failedSince>0</failedSince>
        </case>
        <case>
          <duration>0.0</duration>
          <className>hudson.model.AutoCompleteSeederTest</className>
          <testName>testAutoCompleteSeeds[8]</testName>
          <skipped>false</skipped>
          <failedSince>0</failedSince>
        </case>
        <case>
          <duration>0.0</duration>
          <className>hudson.model.AutoCompleteSeederTest</className>
          <testName>testAutoCompleteSeeds[9]</testName>
          <skipped>false</skipped>
          <failedSince>0</failedSince>
        </case>
        <case>
          <duration>0.0</duration>
          <className>hudson.model.AutoCompleteSeederTest</className>
          <testName>testAutoCompleteSeeds[10]</testName>
          <skipped>false</skipped>
          <failedSince>0</failedSince>
        </case>
        <case>
          <duration>0.0</duration>
          <className>hudson.model.AutoCompleteSeederTest</className>
          <testName>testAutoCompleteSeeds[11]</testName>
          <skipped>false</skipped>
          <failedSince>0</failedSince>
        </case>
        <case>
          <duration>0.0</duration>
          <className>hudson.model.AutoCompleteSeederTest</className>
          <testName>testAutoCompleteSeeds[12]</testName>
          <skipped>false</skipped>
          <failedSince>0</failedSince>
        </case>
      </cases>
    </suite>
    <suite>
      <file>/home/elst228/Desktop/cs498group11/Project13-demo/work/jobs/TestMaven/workspace/core/target/surefire-reports/TEST-hudson.model.BallColorTest.xml</file>
      <name>hudson.model.BallColorTest</name>
      <duration>0.0</duration>
      <time>0</time>
      <enclosingBlocks/>
      <enclosingBlockNames/>
      <cases>
        <case>
          <duration>0.0</duration>
          <className>hudson.model.BallColorTest</className>
          <testName>htmlColor</testName>
          <skipped>false</skipped>
          <failedSince>0</failedSince>
        </case>
        <case>
          <duration>0.0</duration>
          <className>hudson.model.BallColorTest</className>
          <testName>iconClassName</testName>
          <skipped>false</skipped>
          <failedSince>0</failedSince>
        </case>
      </cases>
    </suite>
    <suite>
      <file>/home/elst228/Desktop/cs498group11/Project13-demo/work/jobs/TestMaven/workspace/core/target/surefire-reports/TEST-hudson.model.BuildStatusSummaryTest.xml</file>
      <name>hudson.model.BuildStatusSummaryTest</name>
      <duration>0.047</duration>
      <time>0.047</time>
      <enclosingBlocks/>
      <enclosingBlockNames/>
      <cases>
        <case>
          <duration>0.026</duration>
          <className>hudson.model.BuildStatusSummaryTest</className>
          <testName>testNotBuilt</testName>
          <skipped>false</skipped>
          <failedSince>0</failedSince>
        </case>
        <case>
          <duration>0.001</duration>
          <className>hudson.model.BuildStatusSummaryTest</className>
          <testName>testAborted</testName>
          <skipped>false</skipped>
          <failedSince>0</failedSince>
        </case>
        <case>
          <duration>0.002</duration>
          <className>hudson.model.BuildStatusSummaryTest</className>
          <testName>testNonTestRelatedBecameUnstable</testName>
          <skipped>false</skipped>
          <failedSince>0</failedSince>
        </case>
        <case>
          <duration>0.003</duration>
          <className>hudson.model.BuildStatusSummaryTest</className>
          <testName>testFailure</testName>
          <skipped>false</skipped>
          <failedSince>0</failedSince>
        </case>
        <case>
          <duration>0.002</duration>
          <className>hudson.model.BuildStatusSummaryTest</className>
          <testName>testFixed</testName>
          <skipped>false</skipped>
          <failedSince>0</failedSince>
        </case>
        <case>
          <duration>0.001</duration>
          <className>hudson.model.BuildStatusSummaryTest</className>
          <testName>testUnstableAfterFailure</testName>
          <skipped>false</skipped>
          <failedSince>0</failedSince>
        </case>
        <case>
          <duration>0.001</duration>
          <className>hudson.model.BuildStatusSummaryTest</className>
          <testName>testStatusUnknownIfRunIsStillBuilding</testName>
          <skipped>false</skipped>
          <failedSince>0</failedSince>
        </case>
        <case>
          <duration>0.002</duration>
          <className>hudson.model.BuildStatusSummaryTest</className>
          <testName>testBecameFailure</testName>
          <skipped>false</skipped>
          <failedSince>0</failedSince>
        </case>
        <case>
          <duration>0.001</duration>
          <className>hudson.model.BuildStatusSummaryTest</className>
          <testName>testBecameUnstable</testName>
          <skipped>false</skipped>
          <failedSince>0</failedSince>
        </case>
        <case>
          <duration>0.003</duration>
          <className>hudson.model.BuildStatusSummaryTest</className>
          <testName>testFailureSince</testName>
          <skipped>false</skipped>
          <failedSince>0</failedSince>
        </case>
        <case>
          <duration>0.002</duration>
          <className>hudson.model.BuildStatusSummaryTest</className>
          <testName>testSuccess</testName>
          <skipped>false</skipped>
          <failedSince>0</failedSince>
        </case>
        <case>
          <duration>0.003</duration>
          <className>hudson.model.BuildStatusSummaryTest</className>
          <testName>testNonTestRelatedUnstable</testName>
          <skipped>false</skipped>
          <failedSince>0</failedSince>
        </case>
      </cases>
    </suite>
    <suite>
      <file>/home/elst228/Desktop/cs498group11/Project13-demo/work/jobs/TestMaven/workspace/core/target/surefire-reports/TEST-hudson.model.ChoiceParameterDefinitionTest.xml</file>
      <name>hudson.model.ChoiceParameterDefinitionTest</name>
      <duration>0.005</duration>
      <time>0.005</time>
      <enclosingBlocks/>
      <enclosingBlockNames/>
      <cases>
        <case>
          <duration>0.002</duration>
          <className>hudson.model.ChoiceParameterDefinitionTest</className>
          <testName>shouldValidateChoices</testName>
          <skipped>false</skipped>
          <failedSince>0</failedSince>
        </case>
        <case>
          <duration>0.003</duration>
          <className>hudson.model.ChoiceParameterDefinitionTest</className>
          <testName>testCheckChoices</testName>
          <skipped>false</skipped>
          <failedSince>0</failedSince>
        </case>
      </cases>
    </suite>
    <suite>
      <file>/home/elst228/Desktop/cs498group11/Project13-demo/work/jobs/TestMaven/workspace/core/target/surefire-reports/TEST-hudson.model.ComputerTest.xml</file>
      <name>hudson.model.ComputerTest</name>
      <duration>0.014</duration>
      <time>0.014</time>
      <enclosingBlocks/>
      <enclosingBlockNames/>
      <cases>
        <case>
          <duration>0.014</duration>
          <className>hudson.model.ComputerTest</className>
          <testName>testRelocate</testName>
          <skipped>false</skipped>
          <failedSince>0</failedSince>
        </case>
      </cases>
    </suite>
    <suite>
      <file>/home/elst228/Desktop/cs498group11/Project13-demo/work/jobs/TestMaven/workspace/core/target/surefire-reports/TEST-hudson.model.DisplayNameListenerTest.xml</file>
      <name>hudson.model.DisplayNameListenerTest</name>
      <duration>0.003</duration>
      <time>0.003</time>
      <enclosingBlocks/>
      <enclosingBlockNames/>
      <cases>
        <case>
          <duration>0.002</duration>
          <className>hudson.model.DisplayNameListenerTest</className>
          <testName>testOnRenamedOldNameNotEqualDisplayName</testName>
          <skipped>false</skipped>
          <failedSince>0</failedSince>
        </case>
        <case>
          <duration>0.001</duration>
          <className>hudson.model.DisplayNameListenerTest</className>
          <testName>testOnRenamedOldNameEqualsDisplayName</testName>
          <skipped>false</skipped>
          <failedSince>0</failedSince>
        </case>
        <case>
          <duration>0.0</duration>
          <className>hudson.model.DisplayNameListenerTest</className>
          <testName>testOnCopied</testName>
          <skipped>false</skipped>
          <failedSince>0</failedSince>
        </case>
      </cases>
    </suite>
    <suite>
      <file>/home/elst228/Desktop/cs498group11/Project13-demo/work/jobs/TestMaven/workspace/core/target/surefire-reports/TEST-hudson.model.FileParameterValueTest.xml</file>
      <name>hudson.model.FileParameterValueTest</name>
      <duration>0.003</duration>
      <time>0.003</time>
      <enclosingBlocks/>
      <enclosingBlockNames/>
      <cases>
        <case>
          <duration>0.003</duration>
          <className>hudson.model.FileParameterValueTest</className>
          <testName>compareNullParams</testName>
          <skipped>false</skipped>
          <failedSince>0</failedSince>
        </case>
        <case>
          <duration>0.0</duration>
          <className>hudson.model.FileParameterValueTest</className>
          <testName>compareParamsWithSameName</testName>
          <skipped>false</skipped>
          <failedSince>0</failedSince>
        </case>
      </cases>
    </suite>
    <suite>
      <file>/home/elst228/Desktop/cs498group11/Project13-demo/work/jobs/TestMaven/workspace/core/target/surefire-reports/TEST-hudson.model.FingerprintTest.xml</file>
      <name>hudson.model.FingerprintTest</name>
      <duration>0.07</duration>
      <time>0.07</time>
      <enclosingBlocks/>
      <enclosingBlockNames/>
      <cases>
        <case>
          <duration>0.002</duration>
          <className>hudson.model.FingerprintTest</className>
          <testName>merge2</testName>
          <skipped>false</skipped>
          <failedSince>0</failedSince>
        </case>
        <case>
          <duration>0.001</duration>
          <className>hudson.model.FingerprintTest</className>
          <testName>merge3</testName>
          <skipped>false</skipped>
          <failedSince>0</failedSince>
        </case>
        <case>
          <duration>0.056</duration>
          <className>hudson.model.FingerprintTest</className>
          <testName>roundTrip</testName>
          <skipped>false</skipped>
          <failedSince>0</failedSince>
        </case>
        <case>
          <duration>0.0</duration>
          <className>hudson.model.FingerprintTest</className>
          <testName>merge</testName>
          <skipped>false</skipped>
          <failedSince>0</failedSince>
        </case>
        <case>
          <duration>0.001</duration>
          <className>hudson.model.FingerprintTest</className>
          <testName>rangeSet</testName>
          <skipped>false</skipped>
          <failedSince>0</failedSince>
        </case>
        <case>
          <duration>0.001</duration>
          <className>hudson.model.FingerprintTest</className>
          <testName>retainAll1</testName>
          <skipped>false</skipped>
          <failedSince>0</failedSince>
        </case>
        <case>
          <duration>0.001</duration>
          <className>hudson.model.FingerprintTest</className>
          <testName>retainAll2</testName>
          <skipped>false</skipped>
          <failedSince>0</failedSince>
        </case>
        <case>
          <duration>0.0</duration>
          <className>hudson.model.FingerprintTest</className>
          <testName>retainAll3</testName>
          <skipped>false</skipped>
          <failedSince>0</failedSince>
        </case>
        <case>
          <duration>0.0</duration>
          <className>hudson.model.FingerprintTest</className>
          <testName>removeAll1</testName>
          <skipped>false</skipped>
          <failedSince>0</failedSince>
        </case>
        <case>
          <duration>0.001</duration>
          <className>hudson.model.FingerprintTest</className>
          <testName>removeAll2</testName>
          <skipped>false</skipped>
          <failedSince>0</failedSince>
        </case>
        <case>
          <duration>0.003</duration>
          <className>hudson.model.FingerprintTest</className>
          <testName>removeAll3</testName>
          <skipped>false</skipped>
          <failedSince>0</failedSince>
        </case>
        <case>
          <duration>0.004</duration>
          <className>hudson.model.FingerprintTest</className>
          <testName>deserialize</testName>
          <skipped>false</skipped>
          <failedSince>0</failedSince>
        </case>
      </cases>
    </suite>
    <suite>
      <file>/home/elst228/Desktop/cs498group11/Project13-demo/work/jobs/TestMaven/workspace/core/target/surefire-reports/TEST-hudson.model.ItemsTest.xml</file>
      <name>hudson.model.ItemsTest</name>
      <duration>0.012</duration>
      <time>0.012</time>
      <enclosingBlocks/>
      <enclosingBlockNames/>
      <cases>
        <case>
          <duration>0.012</duration>
          <className>hudson.model.ItemsTest</className>
          <testName>computeRelativeNamesAfterRenaming</testName>
          <skipped>false</skipped>
          <failedSince>0</failedSince>
        </case>
        <case>
          <duration>0.0</duration>
          <className>hudson.model.ItemsTest</className>
          <testName>getCanonicalName</testName>
          <skipped>false</skipped>
          <failedSince>0</failedSince>
        </case>
        <case>
          <duration>0.0</duration>
          <className>hudson.model.ItemsTest</className>
          <testName>getRelativeNameFrom</testName>
          <skipped>false</skipped>
          <failedSince>0</failedSince>
        </case>
      </cases>
    </suite>
    <suite>
      <file>/home/elst228/Desktop/cs498group11/Project13-demo/work/jobs/TestMaven/workspace/core/target/surefire-reports/TEST-hudson.model.JobTest.xml</file>
      <name>hudson.model.JobTest</name>
      <duration>0.002</duration>
      <time>0.002</time>
      <enclosingBlocks/>
      <enclosingBlockNames/>
      <cases>
        <case>
          <duration>0.001</duration>
          <className>hudson.model.JobTest</className>
          <testName>testSetDisplayName</testName>
          <skipped>false</skipped>
          <failedSince>0</failedSince>
        </case>
        <case>
          <duration>0.001</duration>
          <className>hudson.model.JobTest</className>
          <testName>testSetDisplayNameZeroLength</testName>
          <skipped>false</skipped>
          <failedSince>0</failedSince>
        </case>
      </cases>
    </suite>
    <suite>
      <file>/home/elst228/Desktop/cs498group11/Project13-demo/work/jobs/TestMaven/workspace/core/target/surefire-reports/TEST-hudson.model.ListViewTest.xml</file>
      <name>hudson.model.ListViewTest</name>
      <duration>1.08</duration>
      <time>1.08</time>
      <enclosingBlocks/>
      <enclosingBlockNames/>
      <cases>
        <case>
          <duration>0.601</duration>
          <className>hudson.model.ListViewTest</className>
          <testName>listItemRecurseWorksWithNonTopLevelItems</testName>
          <skipped>false</skipped>
          <failedSince>0</failedSince>
        </case>
        <case>
          <duration>0.479</duration>
          <className>hudson.model.ListViewTest</className>
          <testName>includeRegexProgrammatic</testName>
          <skipped>false</skipped>
          <failedSince>0</failedSince>
        </case>
      </cases>
    </suite>
    <suite>
      <file>/home/elst228/Desktop/cs498group11/Project13-demo/work/jobs/TestMaven/workspace/core/target/surefire-reports/TEST-hudson.model.LoadStatisticsTest.xml</file>
      <name>hudson.model.LoadStatisticsTest</name>
      <duration>1.36</duration>
      <time>1.36</time>
      <enclosingBlocks/>
      <enclosingBlockNames/>
      <cases>
        <case>
          <duration>1.358</duration>
          <className>hudson.model.LoadStatisticsTest</className>
          <testName>graph</testName>
          <skipped>false</skipped>
          <failedSince>0</failedSince>
        </case>
        <case>
          <duration>0.002</duration>
          <className>hudson.model.LoadStatisticsTest</className>
          <testName>isModernWorks</testName>
          <skipped>false</skipped>
          <failedSince>0</failedSince>
        </case>
      </cases>
    </suite>
    <suite>
      <file>/home/elst228/Desktop/cs498group11/Project13-demo/work/jobs/TestMaven/workspace/core/target/surefire-reports/TEST-hudson.model.ParametersActionTest.xml</file>
      <name>hudson.model.ParametersActionTest</name>
      <duration>0.042</duration>
      <time>0.042</time>
      <enclosingBlocks/>
      <enclosingBlockNames/>
      <cases>
        <case>
          <duration>0.011</duration>
          <className>hudson.model.ParametersActionTest</className>
          <testName>mergeShouldOverrideParameters</testName>
          <skipped>false</skipped>
          <failedSince>0</failedSince>
        </case>
        <case>
          <duration>0.001</duration>
          <className>hudson.model.ParametersActionTest</className>
          <testName>createUpdatedShouldReturnNewInstanceWithNullOverride</testName>
          <skipped>false</skipped>
          <failedSince>0</failedSince>
        </case>
        <case>
          <duration>0.001</duration>
          <className>hudson.model.ParametersActionTest</className>
          <testName>mergeShouldCombineDisparateParameters</testName>
          <skipped>false</skipped>
          <failedSince>0</failedSince>
        </case>
        <case>
          <duration>0.001</duration>
          <className>hudson.model.ParametersActionTest</className>
          <testName>mergeShouldHandleEmptyOverrides</testName>
          <skipped>false</skipped>
          <failedSince>0</failedSince>
        </case>
        <case>
          <duration>0.0</duration>
          <className>hudson.model.ParametersActionTest</className>
          <testName>mergeShouldHandleNullOverrides</testName>
          <skipped>false</skipped>
          <failedSince>0</failedSince>
        </case>
        <case>
          <duration>0.001</duration>
          <className>hudson.model.ParametersActionTest</className>
          <testName>mergeShouldReturnNewInstanceWithOverride</testName>
          <skipped>false</skipped>
          <failedSince>0</failedSince>
        </case>
        <case>
          <duration>0.027</duration>
          <className>hudson.model.ParametersActionTest</className>
          <testName>checkNullParamaterValues</testName>
          <skipped>false</skipped>
          <failedSince>0</failedSince>
        </case>
      </cases>
    </suite>
    <suite>
      <file>/home/elst228/Desktop/cs498group11/Project13-demo/work/jobs/TestMaven/workspace/core/target/surefire-reports/TEST-hudson.model.ResourceListTest.xml</file>
      <name>hudson.model.ResourceListTest</name>
      <duration>0.045</duration>
      <time>0.045</time>
      <enclosingBlocks/>
      <enclosingBlockNames/>
      <cases>
        <case>
          <duration>0.001</duration>
          <className>hudson.model.ResourceListTest</className>
          <testName>emptyLists</testName>
          <skipped>false</skipped>
          <failedSince>0</failedSince>
        </case>
        <case>
          <duration>0.024</duration>
          <className>hudson.model.ResourceListTest</className>
          <testName>multiWrite1</testName>
          <skipped>false</skipped>
          <failedSince>0</failedSince>
        </case>
        <case>
          <duration>0.01</duration>
          <className>hudson.model.ResourceListTest</className>
          <testName>multiWriteN</testName>
          <skipped>false</skipped>
          <failedSince>0</failedSince>
        </case>
        <case>
          <duration>0.002</duration>
          <className>hudson.model.ResourceListTest</className>
          <testName>simpleRW</testName>
          <skipped>false</skipped>
          <failedSince>0</failedSince>
        </case>
        <case>
          <duration>0.0</duration>
          <className>hudson.model.ResourceListTest</className>
          <testName>parentChildR</testName>
          <skipped>false</skipped>
          <failedSince>0</failedSince>
        </case>
        <case>
          <duration>0.007</duration>
          <className>hudson.model.ResourceListTest</className>
          <testName>parentChildW</testName>
          <skipped>false</skipped>
          <failedSince>0</failedSince>
        </case>
        <case>
          <duration>0.0</duration>
          <className>hudson.model.ResourceListTest</className>
          <testName>parentChildR3</testName>
          <skipped>false</skipped>
          <failedSince>0</failedSince>
        </case>
        <case>
          <duration>0.0</duration>
          <className>hudson.model.ResourceListTest</className>
          <testName>parentChildW3</testName>
          <skipped>false</skipped>
          <failedSince>0</failedSince>
        </case>
        <case>
          <duration>0.0</duration>
          <className>hudson.model.ResourceListTest</className>
          <testName>multiRead1</testName>
          <skipped>false</skipped>
          <failedSince>0</failedSince>
        </case>
        <case>
          <duration>0.0</duration>
          <className>hudson.model.ResourceListTest</className>
          <testName>multiReadN</testName>
          <skipped>false</skipped>
          <failedSince>0</failedSince>
        </case>
        <case>
          <duration>0.0</duration>
          <className>hudson.model.ResourceListTest</className>
          <testName>simpleR</testName>
          <skipped>false</skipped>
          <failedSince>0</failedSince>
        </case>
        <case>
          <duration>0.001</duration>
          <className>hudson.model.ResourceListTest</className>
          <testName>simpleW</testName>
          <skipped>false</skipped>
          <failedSince>0</failedSince>
        </case>
      </cases>
    </suite>
    <suite>
      <file>/home/elst228/Desktop/cs498group11/Project13-demo/work/jobs/TestMaven/workspace/core/target/surefire-reports/TEST-hudson.model.RunParameterValueTest.xml</file>
      <name>hudson.model.RunParameterValueTest</name>
      <duration>0.004</duration>
      <time>0.004</time>
      <enclosingBlocks/>
      <enclosingBlockNames/>
      <cases>
        <case>
          <duration>0.004</duration>
          <className>hudson.model.RunParameterValueTest</className>
          <testName>robustness</testName>
          <skipped>false</skipped>
          <failedSince>0</failedSince>
        </case>
      </cases>
    </suite>
    <suite>
      <file>/home/elst228/Desktop/cs498group11/Project13-demo/work/jobs/TestMaven/workspace/core/target/surefire-reports/TEST-hudson.model.RunTest.xml</file>
      <name>hudson.model.RunTest</name>
      <duration>0.11</duration>
      <time>0.11</time>
      <enclosingBlocks/>
      <enclosingBlockNames/>
      <cases>
        <case>
          <duration>0.098</duration>
          <className>hudson.model.RunTest</className>
          <testName>getDurationString</testName>
          <skipped>false</skipped>
          <failedSince>0</failedSince>
        </case>
        <case>
          <duration>0.002</duration>
          <className>hudson.model.RunTest</className>
          <testName>artifactListDisambiguation1</testName>
          <skipped>false</skipped>
          <failedSince>0</failedSince>
        </case>
        <case>
          <duration>0.0</duration>
          <className>hudson.model.RunTest</className>
          <testName>artifactListDisambiguation2</testName>
          <skipped>false</skipped>
          <failedSince>0</failedSince>
        </case>
        <case>
          <duration>0.0</duration>
          <className>hudson.model.RunTest</className>
          <testName>artifactListDisambiguation3</testName>
          <skipped>false</skipped>
          <failedSince>0</failedSince>
        </case>
        <case>
          <duration>0.01</duration>
          <className>hudson.model.RunTest</className>
          <testName>timezoneOfID</testName>
          <skipped>false</skipped>
          <failedSince>0</failedSince>
        </case>
      </cases>
    </suite>
    <suite>
      <file>/home/elst228/Desktop/cs498group11/Project13-demo/work/jobs/TestMaven/workspace/core/target/surefire-reports/TEST-hudson.model.TaskActionTest.xml</file>
      <name>hudson.model.TaskActionTest</name>
      <duration>0.068</duration>
      <time>0.068</time>
      <enclosingBlocks/>
      <enclosingBlockNames/>
      <cases>
        <case>
          <duration>0.068</duration>
          <className>hudson.model.TaskActionTest</className>
          <testName>annotatedText</testName>
          <skipped>false</skipped>
          <failedSince>0</failedSince>
        </case>
      </cases>
    </suite>
    <suite>
      <file>/home/elst228/Desktop/cs498group11/Project13-demo/work/jobs/TestMaven/workspace/core/target/surefire-reports/TEST-hudson.model.TimeSeriesTest.xml</file>
      <name>hudson.model.TimeSeriesTest</name>
      <duration>0.001</duration>
      <time>0.001</time>
      <enclosingBlocks/>
      <enclosingBlockNames/>
      <cases>
        <case>
          <duration>0.001</duration>
          <className>hudson.model.TimeSeriesTest</className>
          <testName>test1</testName>
          <skipped>false</skipped>
          <failedSince>0</failedSince>
        </case>
      </cases>
    </suite>
    <suite>
      <file>/home/elst228/Desktop/cs498group11/Project13-demo/work/jobs/TestMaven/workspace/core/target/surefire-reports/TEST-hudson.model.ViewTest.xml</file>
      <name>hudson.model.ViewTest</name>
      <duration>0.061</duration>
      <time>0.061</time>
      <enclosingBlocks/>
      <enclosingBlockNames/>
      <cases>
        <case>
          <duration>0.05</duration>
          <className>hudson.model.ViewTest</className>
          <testName>getAllItems</testName>
          <skipped>false</skipped>
          <failedSince>0</failedSince>
        </case>
        <case>
          <duration>0.011</duration>
          <className>hudson.model.ViewTest</className>
          <testName>testAddDisplayNamesToSearchIndex</testName>
          <skipped>false</skipped>
          <failedSince>0</failedSince>
        </case>
      </cases>
    </suite>
    <suite>
      <file>/home/elst228/Desktop/cs498group11/Project13-demo/work/jobs/TestMaven/workspace/core/target/surefire-reports/TEST-hudson.model.listeners.SCMListenerTest.xml</file>
      <name>hudson.model.listeners.SCMListenerTest</name>
      <duration>0.247</duration>
      <time>0.247</time>
      <enclosingBlocks/>
      <enclosingBlockNames/>
      <cases>
        <case>
          <duration>0.247</duration>
          <className>hudson.model.listeners.SCMListenerTest</className>
          <testName>onChangeLogParsed</testName>
          <skipped>false</skipped>
          <failedSince>0</failedSince>
        </case>
      </cases>
    </suite>
    <suite>
      <file>/home/elst228/Desktop/cs498group11/Project13-demo/work/jobs/TestMaven/workspace/core/target/surefire-reports/TEST-hudson.scheduler.CronTabDayOfWeekLocaleTest.xml</file>
      <name>hudson.scheduler.CronTabDayOfWeekLocaleTest</name>
      <duration>0.875</duration>
      <time>0.875</time>
      <enclosingBlocks/>
      <enclosingBlockNames/>
      <cases>
        <case>
          <duration>0.002</duration>
          <className>hudson.scheduler.CronTabDayOfWeekLocaleTest</className>
          <testName>isSundayAndPreviousRunIsTuesday[0]</testName>
          <skipped>false</skipped>
          <failedSince>0</failedSince>
        </case>
        <case>
          <duration>0.0</duration>
          <className>hudson.scheduler.CronTabDayOfWeekLocaleTest</className>
          <testName>isSundayAndPreviousRunIsThursday[0]</testName>
          <skipped>false</skipped>
          <failedSince>0</failedSince>
        </case>
        <case>
          <duration>0.0</duration>
          <className>hudson.scheduler.CronTabDayOfWeekLocaleTest</className>
          <testName>isSundayAndPreviousRunIsWednesday[0]</testName>
          <skipped>false</skipped>
          <failedSince>0</failedSince>
        </case>
        <case>
          <duration>0.001</duration>
          <className>hudson.scheduler.CronTabDayOfWeekLocaleTest</className>
          <testName>isSundayAndPreviousRunIsSaturday[0]</testName>
          <skipped>false</skipped>
          <failedSince>0</failedSince>
        </case>
        <case>
          <duration>0.0</duration>
          <className>hudson.scheduler.CronTabDayOfWeekLocaleTest</className>
          <testName>isSundayAndPreviousRunIsPreviousSunday[0]</testName>
          <skipped>false</skipped>
          <failedSince>0</failedSince>
        </case>
        <case>
          <duration>0.0</duration>
          <className>hudson.scheduler.CronTabDayOfWeekLocaleTest</className>
          <testName>isSundayAndNextRunIsFriday[0]</testName>
          <skipped>false</skipped>
          <failedSince>0</failedSince>
        </case>
        <case>
          <duration>0.001</duration>
          <className>hudson.scheduler.CronTabDayOfWeekLocaleTest</className>
          <testName>isSundayAndPreviousRunIsSaturdayAsterisk[0]</testName>
          <skipped>false</skipped>
          <failedSince>0</failedSince>
        </case>
        <case>
          <duration>0.0</duration>
          <className>hudson.scheduler.CronTabDayOfWeekLocaleTest</className>
          <testName>isSundayAndNextRunIsMonday[0]</testName>
          <skipped>false</skipped>
          <failedSince>0</failedSince>
        </case>
        <case>
          <duration>0.001</duration>
          <className>hudson.scheduler.CronTabDayOfWeekLocaleTest</className>
          <testName>isSundayAndPreviousRunIsFriday[0]</testName>
          <skipped>false</skipped>
          <failedSince>0</failedSince>
        </case>
        <case>
          <duration>0.001</duration>
          <className>hudson.scheduler.CronTabDayOfWeekLocaleTest</className>
          <testName>isSundayAndNextRunIsTuesday[0]</testName>
          <skipped>false</skipped>
          <failedSince>0</failedSince>
        </case>
        <case>
          <duration>0.0</duration>
          <className>hudson.scheduler.CronTabDayOfWeekLocaleTest</className>
          <testName>isSundayAndNextRunIsNextSunday7[0]</testName>
          <skipped>false</skipped>
          <failedSince>0</failedSince>
        </case>
        <case>
          <duration>0.001</duration>
          <className>hudson.scheduler.CronTabDayOfWeekLocaleTest</className>
          <testName>isSundayAndPreviousRunIsMonday[0]</testName>
          <skipped>false</skipped>
          <failedSince>0</failedSince>
        </case>
        <case>
          <duration>0.001</duration>
          <className>hudson.scheduler.CronTabDayOfWeekLocaleTest</className>
          <testName>isSaturdayAndNextRunIsSundayAsterisk[0]</testName>
          <skipped>false</skipped>
          <failedSince>0</failedSince>
        </case>
        <case>
          <duration>0.0</duration>
          <className>hudson.scheduler.CronTabDayOfWeekLocaleTest</className>
          <testName>hudson8658[0]</testName>
          <skipped>false</skipped>
          <failedSince>0</failedSince>
        </case>
        <case>
          <duration>0.001</duration>
          <className>hudson.scheduler.CronTabDayOfWeekLocaleTest</className>
          <testName>isSundayAndNextRunIsNextSunday[0]</testName>
          <skipped>false</skipped>
          <failedSince>0</failedSince>
        </case>
        <case>
          <duration>0.0</duration>
          <className>hudson.scheduler.CronTabDayOfWeekLocaleTest</className>
          <testName>isSundayAndNextRunIsThursday[0]</testName>
          <skipped>false</skipped>
          <failedSince>0</failedSince>
        </case>
        <case>
          <duration>0.001</duration>
          <className>hudson.scheduler.CronTabDayOfWeekLocaleTest</className>
          <testName>isSundayAndPreviousRunIsPreviousSunday7[0]</testName>
          <skipped>false</skipped>
          <failedSince>0</failedSince>
        </case>
        <case>
          <duration>0.001</duration>
          <className>hudson.scheduler.CronTabDayOfWeekLocaleTest</className>
          <testName>isSundayAndNextRunIsWednesday[0]</testName>
          <skipped>false</skipped>
          <failedSince>0</failedSince>
        </case>
        <case>
          <duration>0.0</duration>
          <className>hudson.scheduler.CronTabDayOfWeekLocaleTest</className>
          <testName>isSundayAndNextRunIsSaturday[0]</testName>
          <skipped>false</skipped>
          <failedSince>0</failedSince>
        </case>
        <case>
          <duration>0.001</duration>
          <className>hudson.scheduler.CronTabDayOfWeekLocaleTest</className>
          <testName>isSundayAndPreviousRunIsTuesday[1]</testName>
          <skipped>false</skipped>
          <failedSince>0</failedSince>
        </case>
        <case>
          <duration>0.001</duration>
          <className>hudson.scheduler.CronTabDayOfWeekLocaleTest</className>
          <testName>isSundayAndPreviousRunIsThursday[1]</testName>
          <skipped>false</skipped>
          <failedSince>0</failedSince>
        </case>
        <case>
          <duration>0.0</duration>
          <className>hudson.scheduler.CronTabDayOfWeekLocaleTest</className>
          <testName>isSundayAndPreviousRunIsWednesday[1]</testName>
          <skipped>false</skipped>
          <failedSince>0</failedSince>
        </case>
        <case>
          <duration>0.001</duration>
          <className>hudson.scheduler.CronTabDayOfWeekLocaleTest</className>
          <testName>isSundayAndPreviousRunIsSaturday[1]</testName>
          <skipped>false</skipped>
          <failedSince>0</failedSince>
        </case>
        <case>
          <duration>0.001</duration>
          <className>hudson.scheduler.CronTabDayOfWeekLocaleTest</className>
          <testName>isSundayAndPreviousRunIsPreviousSunday[1]</testName>
          <skipped>false</skipped>
          <failedSince>0</failedSince>
        </case>
        <case>
          <duration>0.0</duration>
          <className>hudson.scheduler.CronTabDayOfWeekLocaleTest</className>
          <testName>isSundayAndNextRunIsFriday[1]</testName>
          <skipped>false</skipped>
          <failedSince>0</failedSince>
        </case>
        <case>
          <duration>0.001</duration>
          <className>hudson.scheduler.CronTabDayOfWeekLocaleTest</className>
          <testName>isSundayAndPreviousRunIsSaturdayAsterisk[1]</testName>
          <skipped>false</skipped>
          <failedSince>0</failedSince>
        </case>
        <case>
          <duration>0.0</duration>
          <className>hudson.scheduler.CronTabDayOfWeekLocaleTest</className>
          <testName>isSundayAndNextRunIsMonday[1]</testName>
          <skipped>false</skipped>
          <failedSince>0</failedSince>
        </case>
        <case>
          <duration>0.001</duration>
          <className>hudson.scheduler.CronTabDayOfWeekLocaleTest</className>
          <testName>isSundayAndPreviousRunIsFriday[1]</testName>
          <skipped>false</skipped>
          <failedSince>0</failedSince>
        </case>
        <case>
          <duration>0.0</duration>
          <className>hudson.scheduler.CronTabDayOfWeekLocaleTest</className>
          <testName>isSundayAndNextRunIsTuesday[1]</testName>
          <skipped>false</skipped>
          <failedSince>0</failedSince>
        </case>
        <case>
          <duration>0.001</duration>
          <className>hudson.scheduler.CronTabDayOfWeekLocaleTest</className>
          <testName>isSundayAndNextRunIsNextSunday7[1]</testName>
          <skipped>false</skipped>
          <failedSince>0</failedSince>
        </case>
        <case>
          <duration>0.0</duration>
          <className>hudson.scheduler.CronTabDayOfWeekLocaleTest</className>
          <testName>isSundayAndPreviousRunIsMonday[1]</testName>
          <skipped>false</skipped>
          <failedSince>0</failedSince>
        </case>
        <case>
          <duration>0.0</duration>
          <className>hudson.scheduler.CronTabDayOfWeekLocaleTest</className>
          <testName>isSaturdayAndNextRunIsSundayAsterisk[1]</testName>
          <skipped>false</skipped>
          <failedSince>0</failedSince>
        </case>
        <case>
          <duration>0.001</duration>
          <className>hudson.scheduler.CronTabDayOfWeekLocaleTest</className>
          <testName>hudson8658[1]</testName>
          <skipped>false</skipped>
          <failedSince>0</failedSince>
        </case>
        <case>
          <duration>0.0</duration>
          <className>hudson.scheduler.CronTabDayOfWeekLocaleTest</className>
          <testName>isSundayAndNextRunIsNextSunday[1]</testName>
          <skipped>false</skipped>
          <failedSince>0</failedSince>
        </case>
        <case>
          <duration>0.0</duration>
          <className>hudson.scheduler.CronTabDayOfWeekLocaleTest</className>
          <testName>isSundayAndNextRunIsThursday[1]</testName>
          <skipped>false</skipped>
          <failedSince>0</failedSince>
        </case>
        <case>
          <duration>0.0</duration>
          <className>hudson.scheduler.CronTabDayOfWeekLocaleTest</className>
          <testName>isSundayAndPreviousRunIsPreviousSunday7[1]</testName>
          <skipped>false</skipped>
          <failedSince>0</failedSince>
        </case>
        <case>
          <duration>0.001</duration>
          <className>hudson.scheduler.CronTabDayOfWeekLocaleTest</className>
          <testName>isSundayAndNextRunIsWednesday[1]</testName>
          <skipped>false</skipped>
          <failedSince>0</failedSince>
        </case>
        <case>
          <duration>0.0</duration>
          <className>hudson.scheduler.CronTabDayOfWeekLocaleTest</className>
          <testName>isSundayAndNextRunIsSaturday[1]</testName>
          <skipped>false</skipped>
          <failedSince>0</failedSince>
        </case>
        <case>
          <duration>0.001</duration>
          <className>hudson.scheduler.CronTabDayOfWeekLocaleTest</className>
          <testName>isSundayAndPreviousRunIsTuesday[2]</testName>
          <skipped>false</skipped>
          <failedSince>0</failedSince>
        </case>
        <case>
          <duration>0.0</duration>
          <className>hudson.scheduler.CronTabDayOfWeekLocaleTest</className>
          <testName>isSundayAndPreviousRunIsThursday[2]</testName>
          <skipped>false</skipped>
          <failedSince>0</failedSince>
        </case>
        <case>
          <duration>0.0</duration>
          <className>hudson.scheduler.CronTabDayOfWeekLocaleTest</className>
          <testName>isSundayAndPreviousRunIsWednesday[2]</testName>
          <skipped>false</skipped>
          <failedSince>0</failedSince>
        </case>
        <case>
          <duration>0.001</duration>
          <className>hudson.scheduler.CronTabDayOfWeekLocaleTest</className>
          <testName>isSundayAndPreviousRunIsSaturday[2]</testName>
          <skipped>false</skipped>
          <failedSince>0</failedSince>
        </case>
        <case>
          <duration>0.0</duration>
          <className>hudson.scheduler.CronTabDayOfWeekLocaleTest</className>
          <testName>isSundayAndPreviousRunIsPreviousSunday[2]</testName>
          <skipped>false</skipped>
          <failedSince>0</failedSince>
        </case>
        <case>
          <duration>0.001</duration>
          <className>hudson.scheduler.CronTabDayOfWeekLocaleTest</className>
          <testName>isSundayAndNextRunIsFriday[2]</testName>
          <skipped>false</skipped>
          <failedSince>0</failedSince>
        </case>
        <case>
          <duration>0.0</duration>
          <className>hudson.scheduler.CronTabDayOfWeekLocaleTest</className>
          <testName>isSundayAndPreviousRunIsSaturdayAsterisk[2]</testName>
          <skipped>false</skipped>
          <failedSince>0</failedSince>
        </case>
        <case>
          <duration>0.001</duration>
          <className>hudson.scheduler.CronTabDayOfWeekLocaleTest</className>
          <testName>isSundayAndNextRunIsMonday[2]</testName>
          <skipped>false</skipped>
          <failedSince>0</failedSince>
        </case>
        <case>
          <duration>0.0</duration>
          <className>hudson.scheduler.CronTabDayOfWeekLocaleTest</className>
          <testName>isSundayAndPreviousRunIsFriday[2]</testName>
          <skipped>false</skipped>
          <failedSince>0</failedSince>
        </case>
        <case>
          <duration>0.001</duration>
          <className>hudson.scheduler.CronTabDayOfWeekLocaleTest</className>
          <testName>isSundayAndNextRunIsTuesday[2]</testName>
          <skipped>false</skipped>
          <failedSince>0</failedSince>
        </case>
        <case>
          <duration>0.0</duration>
          <className>hudson.scheduler.CronTabDayOfWeekLocaleTest</className>
          <testName>isSundayAndNextRunIsNextSunday7[2]</testName>
          <skipped>false</skipped>
          <failedSince>0</failedSince>
        </case>
        <case>
          <duration>0.001</duration>
          <className>hudson.scheduler.CronTabDayOfWeekLocaleTest</className>
          <testName>isSundayAndPreviousRunIsMonday[2]</testName>
          <skipped>false</skipped>
          <failedSince>0</failedSince>
        </case>
        <case>
          <duration>0.0</duration>
          <className>hudson.scheduler.CronTabDayOfWeekLocaleTest</className>
          <testName>isSaturdayAndNextRunIsSundayAsterisk[2]</testName>
          <skipped>false</skipped>
          <failedSince>0</failedSince>
        </case>
        <case>
          <duration>0.001</duration>
          <className>hudson.scheduler.CronTabDayOfWeekLocaleTest</className>
          <testName>hudson8658[2]</testName>
          <skipped>false</skipped>
          <failedSince>0</failedSince>
        </case>
        <case>
          <duration>0.001</duration>
          <className>hudson.scheduler.CronTabDayOfWeekLocaleTest</className>
          <testName>isSundayAndNextRunIsNextSunday[2]</testName>
          <skipped>false</skipped>
          <failedSince>0</failedSince>
        </case>
        <case>
          <duration>0.0</duration>
          <className>hudson.scheduler.CronTabDayOfWeekLocaleTest</className>
          <testName>isSundayAndNextRunIsThursday[2]</testName>
          <skipped>false</skipped>
          <failedSince>0</failedSince>
        </case>
        <case>
          <duration>0.001</duration>
          <className>hudson.scheduler.CronTabDayOfWeekLocaleTest</className>
          <testName>isSundayAndPreviousRunIsPreviousSunday7[2]</testName>
          <skipped>false</skipped>
          <failedSince>0</failedSince>
        </case>
        <case>
          <duration>0.0</duration>
          <className>hudson.scheduler.CronTabDayOfWeekLocaleTest</className>
          <testName>isSundayAndNextRunIsWednesday[2]</testName>
          <skipped>false</skipped>
          <failedSince>0</failedSince>
        </case>
        <case>
          <duration>0.001</duration>
          <className>hudson.scheduler.CronTabDayOfWeekLocaleTest</className>
          <testName>isSundayAndNextRunIsSaturday[2]</testName>
          <skipped>false</skipped>
          <failedSince>0</failedSince>
        </case>
        <case>
          <duration>0.0</duration>
          <className>hudson.scheduler.CronTabDayOfWeekLocaleTest</className>
          <testName>isSundayAndPreviousRunIsTuesday[3]</testName>
          <skipped>false</skipped>
          <failedSince>0</failedSince>
        </case>
        <case>
          <duration>0.0</duration>
          <className>hudson.scheduler.CronTabDayOfWeekLocaleTest</className>
          <testName>isSundayAndPreviousRunIsThursday[3]</testName>
          <skipped>false</skipped>
          <failedSince>0</failedSince>
        </case>
        <case>
          <duration>0.001</duration>
          <className>hudson.scheduler.CronTabDayOfWeekLocaleTest</className>
          <testName>isSundayAndPreviousRunIsWednesday[3]</testName>
          <skipped>false</skipped>
          <failedSince>0</failedSince>
        </case>
        <case>
          <duration>0.0</duration>
          <className>hudson.scheduler.CronTabDayOfWeekLocaleTest</className>
          <testName>isSundayAndPreviousRunIsSaturday[3]</testName>
          <skipped>false</skipped>
          <failedSince>0</failedSince>
        </case>
        <case>
          <duration>0.001</duration>
          <className>hudson.scheduler.CronTabDayOfWeekLocaleTest</className>
          <testName>isSundayAndPreviousRunIsPreviousSunday[3]</testName>
          <skipped>false</skipped>
          <failedSince>0</failedSince>
        </case>
        <case>
          <duration>0.006</duration>
          <className>hudson.scheduler.CronTabDayOfWeekLocaleTest</className>
          <testName>isSundayAndNextRunIsFriday[3]</testName>
          <skipped>false</skipped>
          <failedSince>0</failedSince>
        </case>
        <case>
          <duration>0.001</duration>
          <className>hudson.scheduler.CronTabDayOfWeekLocaleTest</className>
          <testName>isSundayAndPreviousRunIsSaturdayAsterisk[3]</testName>
          <skipped>false</skipped>
          <failedSince>0</failedSince>
        </case>
        <case>
          <duration>0.001</duration>
          <className>hudson.scheduler.CronTabDayOfWeekLocaleTest</className>
          <testName>isSundayAndNextRunIsMonday[3]</testName>
          <skipped>false</skipped>
          <failedSince>0</failedSince>
        </case>
        <case>
          <duration>0.0</duration>
          <className>hudson.scheduler.CronTabDayOfWeekLocaleTest</className>
          <testName>isSundayAndPreviousRunIsFriday[3]</testName>
          <skipped>false</skipped>
          <failedSince>0</failedSince>
        </case>
        <case>
          <duration>0.0</duration>
          <className>hudson.scheduler.CronTabDayOfWeekLocaleTest</className>
          <testName>isSundayAndNextRunIsTuesday[3]</testName>
          <skipped>false</skipped>
          <failedSince>0</failedSince>
        </case>
        <case>
          <duration>0.001</duration>
          <className>hudson.scheduler.CronTabDayOfWeekLocaleTest</className>
          <testName>isSundayAndNextRunIsNextSunday7[3]</testName>
          <skipped>false</skipped>
          <failedSince>0</failedSince>
        </case>
        <case>
          <duration>0.0</duration>
          <className>hudson.scheduler.CronTabDayOfWeekLocaleTest</className>
          <testName>isSundayAndPreviousRunIsMonday[3]</testName>
          <skipped>false</skipped>
          <failedSince>0</failedSince>
        </case>
        <case>
          <duration>0.0</duration>
          <className>hudson.scheduler.CronTabDayOfWeekLocaleTest</className>
          <testName>isSaturdayAndNextRunIsSundayAsterisk[3]</testName>
          <skipped>false</skipped>
          <failedSince>0</failedSince>
        </case>
        <case>
          <duration>0.001</duration>
          <className>hudson.scheduler.CronTabDayOfWeekLocaleTest</className>
          <testName>hudson8658[3]</testName>
          <skipped>false</skipped>
          <failedSince>0</failedSince>
        </case>
        <case>
          <duration>0.0</duration>
          <className>hudson.scheduler.CronTabDayOfWeekLocaleTest</className>
          <testName>isSundayAndNextRunIsNextSunday[3]</testName>
          <skipped>false</skipped>
          <failedSince>0</failedSince>
        </case>
        <case>
          <duration>0.001</duration>
          <className>hudson.scheduler.CronTabDayOfWeekLocaleTest</className>
          <testName>isSundayAndNextRunIsThursday[3]</testName>
          <skipped>false</skipped>
          <failedSince>0</failedSince>
        </case>
        <case>
          <duration>0.0</duration>
          <className>hudson.scheduler.CronTabDayOfWeekLocaleTest</className>
          <testName>isSundayAndPreviousRunIsPreviousSunday7[3]</testName>
          <skipped>false</skipped>
          <failedSince>0</failedSince>
        </case>
        <case>
          <duration>0.0</duration>
          <className>hudson.scheduler.CronTabDayOfWeekLocaleTest</className>
          <testName>isSundayAndNextRunIsWednesday[3]</testName>
          <skipped>false</skipped>
          <failedSince>0</failedSince>
        </case>
        <case>
          <duration>0.001</duration>
          <className>hudson.scheduler.CronTabDayOfWeekLocaleTest</className>
          <testName>isSundayAndNextRunIsSaturday[3]</testName>
          <skipped>false</skipped>
          <failedSince>0</failedSince>
        </case>
        <case>
          <duration>0.003</duration>
          <className>hudson.scheduler.CronTabDayOfWeekLocaleTest</className>
          <testName>isSundayAndPreviousRunIsTuesday[4]</testName>
          <skipped>false</skipped>
          <failedSince>0</failedSince>
        </case>
        <case>
          <duration>0.001</duration>
          <className>hudson.scheduler.CronTabDayOfWeekLocaleTest</className>
          <testName>isSundayAndPreviousRunIsThursday[4]</testName>
          <skipped>false</skipped>
          <failedSince>0</failedSince>
        </case>
        <case>
          <duration>0.001</duration>
          <className>hudson.scheduler.CronTabDayOfWeekLocaleTest</className>
          <testName>isSundayAndPreviousRunIsWednesday[4]</testName>
          <skipped>false</skipped>
          <failedSince>0</failedSince>
        </case>
        <case>
          <duration>0.0</duration>
          <className>hudson.scheduler.CronTabDayOfWeekLocaleTest</className>
          <testName>isSundayAndPreviousRunIsSaturday[4]</testName>
          <skipped>false</skipped>
          <failedSince>0</failedSince>
        </case>
        <case>
          <duration>0.004</duration>
          <className>hudson.scheduler.CronTabDayOfWeekLocaleTest</className>
          <testName>isSundayAndPreviousRunIsPreviousSunday[4]</testName>
          <skipped>false</skipped>
          <failedSince>0</failedSince>
        </case>
        <case>
          <duration>0.0</duration>
          <className>hudson.scheduler.CronTabDayOfWeekLocaleTest</className>
          <testName>isSundayAndNextRunIsFriday[4]</testName>
          <skipped>false</skipped>
          <failedSince>0</failedSince>
        </case>
        <case>
          <duration>0.0</duration>
          <className>hudson.scheduler.CronTabDayOfWeekLocaleTest</className>
          <testName>isSundayAndPreviousRunIsSaturdayAsterisk[4]</testName>
          <skipped>false</skipped>
          <failedSince>0</failedSince>
        </case>
        <case>
          <duration>0.001</duration>
          <className>hudson.scheduler.CronTabDayOfWeekLocaleTest</className>
          <testName>isSundayAndNextRunIsMonday[4]</testName>
          <skipped>false</skipped>
          <failedSince>0</failedSince>
        </case>
        <case>
          <duration>0.005</duration>
          <className>hudson.scheduler.CronTabDayOfWeekLocaleTest</className>
          <testName>isSundayAndPreviousRunIsFriday[4]</testName>
          <skipped>false</skipped>
          <failedSince>0</failedSince>
        </case>
        <case>
          <duration>0.0</duration>
          <className>hudson.scheduler.CronTabDayOfWeekLocaleTest</className>
          <testName>isSundayAndNextRunIsTuesday[4]</testName>
          <skipped>false</skipped>
          <failedSince>0</failedSince>
        </case>
        <case>
          <duration>0.001</duration>
          <className>hudson.scheduler.CronTabDayOfWeekLocaleTest</className>
          <testName>isSundayAndNextRunIsNextSunday7[4]</testName>
          <skipped>false</skipped>
          <failedSince>0</failedSince>
        </case>
        <case>
          <duration>0.0</duration>
          <className>hudson.scheduler.CronTabDayOfWeekLocaleTest</className>
          <testName>isSundayAndPreviousRunIsMonday[4]</testName>
          <skipped>false</skipped>
          <failedSince>0</failedSince>
        </case>
        <case>
          <duration>0.0</duration>
          <className>hudson.scheduler.CronTabDayOfWeekLocaleTest</className>
          <testName>isSaturdayAndNextRunIsSundayAsterisk[4]</testName>
          <skipped>false</skipped>
          <failedSince>0</failedSince>
        </case>
        <case>
          <duration>0.0</duration>
          <className>hudson.scheduler.CronTabDayOfWeekLocaleTest</className>
          <testName>hudson8658[4]</testName>
          <skipped>false</skipped>
          <failedSince>0</failedSince>
        </case>
        <case>
          <duration>0.0</duration>
          <className>hudson.scheduler.CronTabDayOfWeekLocaleTest</className>
          <testName>isSundayAndNextRunIsNextSunday[4]</testName>
          <skipped>false</skipped>
          <failedSince>0</failedSince>
        </case>
        <case>
          <duration>0.0</duration>
          <className>hudson.scheduler.CronTabDayOfWeekLocaleTest</className>
          <testName>isSundayAndNextRunIsThursday[4]</testName>
          <skipped>false</skipped>
          <failedSince>0</failedSince>
        </case>
        <case>
          <duration>0.0</duration>
          <className>hudson.scheduler.CronTabDayOfWeekLocaleTest</className>
          <testName>isSundayAndPreviousRunIsPreviousSunday7[4]</testName>
          <skipped>false</skipped>
          <failedSince>0</failedSince>
        </case>
        <case>
          <duration>0.001</duration>
          <className>hudson.scheduler.CronTabDayOfWeekLocaleTest</className>
          <testName>isSundayAndNextRunIsWednesday[4]</testName>
          <skipped>false</skipped>
          <failedSince>0</failedSince>
        </case>
        <case>
          <duration>0.0</duration>
          <className>hudson.scheduler.CronTabDayOfWeekLocaleTest</className>
          <testName>isSundayAndNextRunIsSaturday[4]</testName>
          <skipped>false</skipped>
          <failedSince>0</failedSince>
        </case>
        <case>
          <duration>0.0</duration>
          <className>hudson.scheduler.CronTabDayOfWeekLocaleTest</className>
          <testName>isSundayAndPreviousRunIsTuesday[5]</testName>
          <skipped>false</skipped>
          <failedSince>0</failedSince>
        </case>
        <case>
          <duration>0.0</duration>
          <className>hudson.scheduler.CronTabDayOfWeekLocaleTest</className>
          <testName>isSundayAndPreviousRunIsThursday[5]</testName>
          <skipped>false</skipped>
          <failedSince>0</failedSince>
        </case>
        <case>
          <duration>0.001</duration>
          <className>hudson.scheduler.CronTabDayOfWeekLocaleTest</className>
          <testName>isSundayAndPreviousRunIsWednesday[5]</testName>
          <skipped>false</skipped>
          <failedSince>0</failedSince>
        </case>
        <case>
          <duration>0.0</duration>
          <className>hudson.scheduler.CronTabDayOfWeekLocaleTest</className>
          <testName>isSundayAndPreviousRunIsSaturday[5]</testName>
          <skipped>false</skipped>
          <failedSince>0</failedSince>
        </case>
        <case>
          <duration>0.0</duration>
          <className>hudson.scheduler.CronTabDayOfWeekLocaleTest</className>
          <testName>isSundayAndPreviousRunIsPreviousSunday[5]</testName>
          <skipped>false</skipped>
          <failedSince>0</failedSince>
        </case>
        <case>
          <duration>0.001</duration>
          <className>hudson.scheduler.CronTabDayOfWeekLocaleTest</className>
          <testName>isSundayAndNextRunIsFriday[5]</testName>
          <skipped>false</skipped>
          <failedSince>0</failedSince>
        </case>
        <case>
          <duration>0.0</duration>
          <className>hudson.scheduler.CronTabDayOfWeekLocaleTest</className>
          <testName>isSundayAndPreviousRunIsSaturdayAsterisk[5]</testName>
          <skipped>false</skipped>
          <failedSince>0</failedSince>
        </case>
        <case>
          <duration>0.01</duration>
          <className>hudson.scheduler.CronTabDayOfWeekLocaleTest</className>
          <testName>isSundayAndNextRunIsMonday[5]</testName>
          <skipped>false</skipped>
          <failedSince>0</failedSince>
        </case>
        <case>
          <duration>0.001</duration>
          <className>hudson.scheduler.CronTabDayOfWeekLocaleTest</className>
          <testName>isSundayAndPreviousRunIsFriday[5]</testName>
          <skipped>false</skipped>
          <failedSince>0</failedSince>
        </case>
        <case>
          <duration>0.001</duration>
          <className>hudson.scheduler.CronTabDayOfWeekLocaleTest</className>
          <testName>isSundayAndNextRunIsTuesday[5]</testName>
          <skipped>false</skipped>
          <failedSince>0</failedSince>
        </case>
        <case>
          <duration>0.0</duration>
          <className>hudson.scheduler.CronTabDayOfWeekLocaleTest</className>
          <testName>isSundayAndNextRunIsNextSunday7[5]</testName>
          <skipped>false</skipped>
          <failedSince>0</failedSince>
        </case>
        <case>
          <duration>0.0</duration>
          <className>hudson.scheduler.CronTabDayOfWeekLocaleTest</className>
          <testName>isSundayAndPreviousRunIsMonday[5]</testName>
          <skipped>false</skipped>
          <failedSince>0</failedSince>
        </case>
        <case>
          <duration>0.0</duration>
          <className>hudson.scheduler.CronTabDayOfWeekLocaleTest</className>
          <testName>isSaturdayAndNextRunIsSundayAsterisk[5]</testName>
          <skipped>false</skipped>
          <failedSince>0</failedSince>
        </case>
        <case>
          <duration>0.001</duration>
          <className>hudson.scheduler.CronTabDayOfWeekLocaleTest</className>
          <testName>hudson8658[5]</testName>
          <skipped>false</skipped>
          <failedSince>0</failedSince>
        </case>
        <case>
          <duration>0.0</duration>
          <className>hudson.scheduler.CronTabDayOfWeekLocaleTest</className>
          <testName>isSundayAndNextRunIsNextSunday[5]</testName>
          <skipped>false</skipped>
          <failedSince>0</failedSince>
        </case>
        <case>
          <duration>0.001</duration>
          <className>hudson.scheduler.CronTabDayOfWeekLocaleTest</className>
          <testName>isSundayAndNextRunIsThursday[5]</testName>
          <skipped>false</skipped>
          <failedSince>0</failedSince>
        </case>
        <case>
          <duration>0.0</duration>
          <className>hudson.scheduler.CronTabDayOfWeekLocaleTest</className>
          <testName>isSundayAndPreviousRunIsPreviousSunday7[5]</testName>
          <skipped>false</skipped>
          <failedSince>0</failedSince>
        </case>
        <case>
          <duration>0.001</duration>
          <className>hudson.scheduler.CronTabDayOfWeekLocaleTest</className>
          <testName>isSundayAndNextRunIsWednesday[5]</testName>
          <skipped>false</skipped>
          <failedSince>0</failedSince>
        </case>
        <case>
          <duration>0.0</duration>
          <className>hudson.scheduler.CronTabDayOfWeekLocaleTest</className>
          <testName>isSundayAndNextRunIsSaturday[5]</testName>
          <skipped>false</skipped>
          <failedSince>0</failedSince>
        </case>
        <case>
          <duration>0.001</duration>
          <className>hudson.scheduler.CronTabDayOfWeekLocaleTest</className>
          <testName>isSundayAndPreviousRunIsTuesday[6]</testName>
          <skipped>false</skipped>
          <failedSince>0</failedSince>
        </case>
        <case>
          <duration>0.0</duration>
          <className>hudson.scheduler.CronTabDayOfWeekLocaleTest</className>
          <testName>isSundayAndPreviousRunIsThursday[6]</testName>
          <skipped>false</skipped>
          <failedSince>0</failedSince>
        </case>
        <case>
          <duration>0.001</duration>
          <className>hudson.scheduler.CronTabDayOfWeekLocaleTest</className>
          <testName>isSundayAndPreviousRunIsWednesday[6]</testName>
          <skipped>false</skipped>
          <failedSince>0</failedSince>
        </case>
        <case>
          <duration>0.0</duration>
          <className>hudson.scheduler.CronTabDayOfWeekLocaleTest</className>
          <testName>isSundayAndPreviousRunIsSaturday[6]</testName>
          <skipped>false</skipped>
          <failedSince>0</failedSince>
        </case>
        <case>
          <duration>0.0</duration>
          <className>hudson.scheduler.CronTabDayOfWeekLocaleTest</className>
          <testName>isSundayAndPreviousRunIsPreviousSunday[6]</testName>
          <skipped>false</skipped>
          <failedSince>0</failedSince>
        </case>
        <case>
          <duration>0.0</duration>
          <className>hudson.scheduler.CronTabDayOfWeekLocaleTest</className>
          <testName>isSundayAndNextRunIsFriday[6]</testName>
          <skipped>false</skipped>
          <failedSince>0</failedSince>
        </case>
        <case>
          <duration>0.0</duration>
          <className>hudson.scheduler.CronTabDayOfWeekLocaleTest</className>
          <testName>isSundayAndPreviousRunIsSaturdayAsterisk[6]</testName>
          <skipped>false</skipped>
          <failedSince>0</failedSince>
        </case>
        <case>
          <duration>0.001</duration>
          <className>hudson.scheduler.CronTabDayOfWeekLocaleTest</className>
          <testName>isSundayAndNextRunIsMonday[6]</testName>
          <skipped>false</skipped>
          <failedSince>0</failedSince>
        </case>
        <case>
          <duration>0.0</duration>
          <className>hudson.scheduler.CronTabDayOfWeekLocaleTest</className>
          <testName>isSundayAndPreviousRunIsFriday[6]</testName>
          <skipped>false</skipped>
          <failedSince>0</failedSince>
        </case>
        <case>
          <duration>0.001</duration>
          <className>hudson.scheduler.CronTabDayOfWeekLocaleTest</className>
          <testName>isSundayAndNextRunIsTuesday[6]</testName>
          <skipped>false</skipped>
          <failedSince>0</failedSince>
        </case>
        <case>
          <duration>0.0</duration>
          <className>hudson.scheduler.CronTabDayOfWeekLocaleTest</className>
          <testName>isSundayAndNextRunIsNextSunday7[6]</testName>
          <skipped>false</skipped>
          <failedSince>0</failedSince>
        </case>
        <case>
          <duration>0.0</duration>
          <className>hudson.scheduler.CronTabDayOfWeekLocaleTest</className>
          <testName>isSundayAndPreviousRunIsMonday[6]</testName>
          <skipped>false</skipped>
          <failedSince>0</failedSince>
        </case>
        <case>
          <duration>0.002</duration>
          <className>hudson.scheduler.CronTabDayOfWeekLocaleTest</className>
          <testName>isSaturdayAndNextRunIsSundayAsterisk[6]</testName>
          <skipped>false</skipped>
          <failedSince>0</failedSince>
        </case>
        <case>
          <duration>0.0</duration>
          <className>hudson.scheduler.CronTabDayOfWeekLocaleTest</className>
          <testName>hudson8658[6]</testName>
          <skipped>false</skipped>
          <failedSince>0</failedSince>
        </case>
        <case>
          <duration>0.001</duration>
          <className>hudson.scheduler.CronTabDayOfWeekLocaleTest</className>
          <testName>isSundayAndNextRunIsNextSunday[6]</testName>
          <skipped>false</skipped>
          <failedSince>0</failedSince>
        </case>
        <case>
          <duration>0.0</duration>
          <className>hudson.scheduler.CronTabDayOfWeekLocaleTest</className>
          <testName>isSundayAndNextRunIsThursday[6]</testName>
          <skipped>false</skipped>
          <failedSince>0</failedSince>
        </case>
        <case>
          <duration>0.001</duration>
          <className>hudson.scheduler.CronTabDayOfWeekLocaleTest</className>
          <testName>isSundayAndPreviousRunIsPreviousSunday7[6]</testName>
          <skipped>false</skipped>
          <failedSince>0</failedSince>
        </case>
        <case>
          <duration>0.0</duration>
          <className>hudson.scheduler.CronTabDayOfWeekLocaleTest</className>
          <testName>isSundayAndNextRunIsWednesday[6]</testName>
          <skipped>false</skipped>
          <failedSince>0</failedSince>
        </case>
        <case>
          <duration>0.0</duration>
          <className>hudson.scheduler.CronTabDayOfWeekLocaleTest</className>
          <testName>isSundayAndNextRunIsSaturday[6]</testName>
          <skipped>false</skipped>
          <failedSince>0</failedSince>
        </case>
        <case>
          <duration>0.0</duration>
          <className>hudson.scheduler.CronTabDayOfWeekLocaleTest</className>
          <testName>isSundayAndPreviousRunIsTuesday[7]</testName>
          <skipped>false</skipped>
          <failedSince>0</failedSince>
        </case>
        <case>
          <duration>0.0</duration>
          <className>hudson.scheduler.CronTabDayOfWeekLocaleTest</className>
          <testName>isSundayAndPreviousRunIsThursday[7]</testName>
          <skipped>false</skipped>
          <failedSince>0</failedSince>
        </case>
        <case>
          <duration>0.0</duration>
          <className>hudson.scheduler.CronTabDayOfWeekLocaleTest</className>
          <testName>isSundayAndPreviousRunIsWednesday[7]</testName>
          <skipped>false</skipped>
          <failedSince>0</failedSince>
        </case>
        <case>
          <duration>0.0</duration>
          <className>hudson.scheduler.CronTabDayOfWeekLocaleTest</className>
          <testName>isSundayAndPreviousRunIsSaturday[7]</testName>
          <skipped>false</skipped>
          <failedSince>0</failedSince>
        </case>
        <case>
          <duration>0.001</duration>
          <className>hudson.scheduler.CronTabDayOfWeekLocaleTest</className>
          <testName>isSundayAndPreviousRunIsPreviousSunday[7]</testName>
          <skipped>false</skipped>
          <failedSince>0</failedSince>
        </case>
        <case>
          <duration>0.0</duration>
          <className>hudson.scheduler.CronTabDayOfWeekLocaleTest</className>
          <testName>isSundayAndNextRunIsFriday[7]</testName>
          <skipped>false</skipped>
          <failedSince>0</failedSince>
        </case>
        <case>
          <duration>0.001</duration>
          <className>hudson.scheduler.CronTabDayOfWeekLocaleTest</className>
          <testName>isSundayAndPreviousRunIsSaturdayAsterisk[7]</testName>
          <skipped>false</skipped>
          <failedSince>0</failedSince>
        </case>
        <case>
          <duration>0.001</duration>
          <className>hudson.scheduler.CronTabDayOfWeekLocaleTest</className>
          <testName>isSundayAndNextRunIsMonday[7]</testName>
          <skipped>false</skipped>
          <failedSince>0</failedSince>
        </case>
        <case>
          <duration>0.0</duration>
          <className>hudson.scheduler.CronTabDayOfWeekLocaleTest</className>
          <testName>isSundayAndPreviousRunIsFriday[7]</testName>
          <skipped>false</skipped>
          <failedSince>0</failedSince>
        </case>
        <case>
          <duration>0.0</duration>
          <className>hudson.scheduler.CronTabDayOfWeekLocaleTest</className>
          <testName>isSundayAndNextRunIsTuesday[7]</testName>
          <skipped>false</skipped>
          <failedSince>0</failedSince>
        </case>
        <case>
          <duration>0.0</duration>
          <className>hudson.scheduler.CronTabDayOfWeekLocaleTest</className>
          <testName>isSundayAndNextRunIsNextSunday7[7]</testName>
          <skipped>false</skipped>
          <failedSince>0</failedSince>
        </case>
        <case>
          <duration>0.001</duration>
          <className>hudson.scheduler.CronTabDayOfWeekLocaleTest</className>
          <testName>isSundayAndPreviousRunIsMonday[7]</testName>
          <skipped>false</skipped>
          <failedSince>0</failedSince>
        </case>
        <case>
          <duration>0.0</duration>
          <className>hudson.scheduler.CronTabDayOfWeekLocaleTest</className>
          <testName>isSaturdayAndNextRunIsSundayAsterisk[7]</testName>
          <skipped>false</skipped>
          <failedSince>0</failedSince>
        </case>
        <case>
          <duration>0.0</duration>
          <className>hudson.scheduler.CronTabDayOfWeekLocaleTest</className>
          <testName>hudson8658[7]</testName>
          <skipped>false</skipped>
          <failedSince>0</failedSince>
        </case>
        <case>
          <duration>0.0</duration>
          <className>hudson.scheduler.CronTabDayOfWeekLocaleTest</className>
          <testName>isSundayAndNextRunIsNextSunday[7]</testName>
          <skipped>false</skipped>
          <failedSince>0</failedSince>
        </case>
        <case>
          <duration>0.0</duration>
          <className>hudson.scheduler.CronTabDayOfWeekLocaleTest</className>
          <testName>isSundayAndNextRunIsThursday[7]</testName>
          <skipped>false</skipped>
          <failedSince>0</failedSince>
        </case>
        <case>
          <duration>0.001</duration>
          <className>hudson.scheduler.CronTabDayOfWeekLocaleTest</className>
          <testName>isSundayAndPreviousRunIsPreviousSunday7[7]</testName>
          <skipped>false</skipped>
          <failedSince>0</failedSince>
        </case>
        <case>
          <duration>0.0</duration>
          <className>hudson.scheduler.CronTabDayOfWeekLocaleTest</className>
          <testName>isSundayAndNextRunIsWednesday[7]</testName>
          <skipped>false</skipped>
          <failedSince>0</failedSince>
        </case>
        <case>
          <duration>0.0</duration>
          <className>hudson.scheduler.CronTabDayOfWeekLocaleTest</className>
          <testName>isSundayAndNextRunIsSaturday[7]</testName>
          <skipped>false</skipped>
          <failedSince>0</failedSince>
        </case>
        <case>
          <duration>0.0</duration>
          <className>hudson.scheduler.CronTabDayOfWeekLocaleTest</className>
          <testName>isSundayAndPreviousRunIsTuesday[8]</testName>
          <skipped>false</skipped>
          <failedSince>0</failedSince>
        </case>
        <case>
          <duration>0.001</duration>
          <className>hudson.scheduler.CronTabDayOfWeekLocaleTest</className>
          <testName>isSundayAndPreviousRunIsThursday[8]</testName>
          <skipped>false</skipped>
          <failedSince>0</failedSince>
        </case>
        <case>
          <duration>0.0</duration>
          <className>hudson.scheduler.CronTabDayOfWeekLocaleTest</className>
          <testName>isSundayAndPreviousRunIsWednesday[8]</testName>
          <skipped>false</skipped>
          <failedSince>0</failedSince>
        </case>
        <case>
          <duration>0.0</duration>
          <className>hudson.scheduler.CronTabDayOfWeekLocaleTest</className>
          <testName>isSundayAndPreviousRunIsSaturday[8]</testName>
          <skipped>false</skipped>
          <failedSince>0</failedSince>
        </case>
        <case>
          <duration>0.001</duration>
          <className>hudson.scheduler.CronTabDayOfWeekLocaleTest</className>
          <testName>isSundayAndPreviousRunIsPreviousSunday[8]</testName>
          <skipped>false</skipped>
          <failedSince>0</failedSince>
        </case>
        <case>
          <duration>0.0</duration>
          <className>hudson.scheduler.CronTabDayOfWeekLocaleTest</className>
          <testName>isSundayAndNextRunIsFriday[8]</testName>
          <skipped>false</skipped>
          <failedSince>0</failedSince>
        </case>
        <case>
          <duration>0.001</duration>
          <className>hudson.scheduler.CronTabDayOfWeekLocaleTest</className>
          <testName>isSundayAndPreviousRunIsSaturdayAsterisk[8]</testName>
          <skipped>false</skipped>
          <failedSince>0</failedSince>
        </case>
        <case>
          <duration>0.001</duration>
          <className>hudson.scheduler.CronTabDayOfWeekLocaleTest</className>
          <testName>isSundayAndNextRunIsMonday[8]</testName>
          <skipped>false</skipped>
          <failedSince>0</failedSince>
        </case>
        <case>
          <duration>0.0</duration>
          <className>hudson.scheduler.CronTabDayOfWeekLocaleTest</className>
          <testName>isSundayAndPreviousRunIsFriday[8]</testName>
          <skipped>false</skipped>
          <failedSince>0</failedSince>
        </case>
        <case>
          <duration>0.001</duration>
          <className>hudson.scheduler.CronTabDayOfWeekLocaleTest</className>
          <testName>isSundayAndNextRunIsTuesday[8]</testName>
          <skipped>false</skipped>
          <failedSince>0</failedSince>
        </case>
        <case>
          <duration>0.0</duration>
          <className>hudson.scheduler.CronTabDayOfWeekLocaleTest</className>
          <testName>isSundayAndNextRunIsNextSunday7[8]</testName>
          <skipped>false</skipped>
          <failedSince>0</failedSince>
        </case>
        <case>
          <duration>0.0</duration>
          <className>hudson.scheduler.CronTabDayOfWeekLocaleTest</className>
          <testName>isSundayAndPreviousRunIsMonday[8]</testName>
          <skipped>false</skipped>
          <failedSince>0</failedSince>
        </case>
        <case>
          <duration>0.005</duration>
          <className>hudson.scheduler.CronTabDayOfWeekLocaleTest</className>
          <testName>isSaturdayAndNextRunIsSundayAsterisk[8]</testName>
          <skipped>false</skipped>
          <failedSince>0</failedSince>
        </case>
        <case>
          <duration>0.0</duration>
          <className>hudson.scheduler.CronTabDayOfWeekLocaleTest</className>
          <testName>hudson8658[8]</testName>
          <skipped>false</skipped>
          <failedSince>0</failedSince>
        </case>
        <case>
          <duration>0.008</duration>
          <className>hudson.scheduler.CronTabDayOfWeekLocaleTest</className>
          <testName>isSundayAndNextRunIsNextSunday[8]</testName>
          <skipped>false</skipped>
          <failedSince>0</failedSince>
        </case>
        <case>
          <duration>0.0</duration>
          <className>hudson.scheduler.CronTabDayOfWeekLocaleTest</className>
          <testName>isSundayAndNextRunIsThursday[8]</testName>
          <skipped>false</skipped>
          <failedSince>0</failedSince>
        </case>
        <case>
          <duration>0.0</duration>
          <className>hudson.scheduler.CronTabDayOfWeekLocaleTest</className>
          <testName>isSundayAndPreviousRunIsPreviousSunday7[8]</testName>
          <skipped>false</skipped>
          <failedSince>0</failedSince>
        </case>
        <case>
          <duration>0.0</duration>
          <className>hudson.scheduler.CronTabDayOfWeekLocaleTest</className>
          <testName>isSundayAndNextRunIsWednesday[8]</testName>
          <skipped>false</skipped>
          <failedSince>0</failedSince>
        </case>
        <case>
          <duration>0.001</duration>
          <className>hudson.scheduler.CronTabDayOfWeekLocaleTest</className>
          <testName>isSundayAndNextRunIsSaturday[8]</testName>
          <skipped>false</skipped>
          <failedSince>0</failedSince>
        </case>
        <case>
          <duration>0.0</duration>
          <className>hudson.scheduler.CronTabDayOfWeekLocaleTest</className>
          <testName>isSundayAndPreviousRunIsTuesday[9]</testName>
          <skipped>false</skipped>
          <failedSince>0</failedSince>
        </case>
        <case>
          <duration>0.001</duration>
          <className>hudson.scheduler.CronTabDayOfWeekLocaleTest</className>
          <testName>isSundayAndPreviousRunIsThursday[9]</testName>
          <skipped>false</skipped>
          <failedSince>0</failedSince>
        </case>
        <case>
          <duration>0.0</duration>
          <className>hudson.scheduler.CronTabDayOfWeekLocaleTest</className>
          <testName>isSundayAndPreviousRunIsWednesday[9]</testName>
          <skipped>false</skipped>
          <failedSince>0</failedSince>
        </case>
        <case>
          <duration>0.001</duration>
          <className>hudson.scheduler.CronTabDayOfWeekLocaleTest</className>
          <testName>isSundayAndPreviousRunIsSaturday[9]</testName>
          <skipped>false</skipped>
          <failedSince>0</failedSince>
        </case>
        <case>
          <duration>0.0</duration>
          <className>hudson.scheduler.CronTabDayOfWeekLocaleTest</className>
          <testName>isSundayAndPreviousRunIsPreviousSunday[9]</testName>
          <skipped>false</skipped>
          <failedSince>0</failedSince>
        </case>
        <case>
          <duration>0.0</duration>
          <className>hudson.scheduler.CronTabDayOfWeekLocaleTest</className>
          <testName>isSundayAndNextRunIsFriday[9]</testName>
          <skipped>false</skipped>
          <failedSince>0</failedSince>
        </case>
        <case>
          <duration>0.004</duration>
          <className>hudson.scheduler.CronTabDayOfWeekLocaleTest</className>
          <testName>isSundayAndPreviousRunIsSaturdayAsterisk[9]</testName>
          <skipped>false</skipped>
          <failedSince>0</failedSince>
        </case>
        <case>
          <duration>0.0</duration>
          <className>hudson.scheduler.CronTabDayOfWeekLocaleTest</className>
          <testName>isSundayAndNextRunIsMonday[9]</testName>
          <skipped>false</skipped>
          <failedSince>0</failedSince>
        </case>
        <case>
          <duration>0.0</duration>
          <className>hudson.scheduler.CronTabDayOfWeekLocaleTest</className>
          <testName>isSundayAndPreviousRunIsFriday[9]</testName>
          <skipped>false</skipped>
          <failedSince>0</failedSince>
        </case>
        <case>
          <duration>0.0</duration>
          <className>hudson.scheduler.CronTabDayOfWeekLocaleTest</className>
          <testName>isSundayAndNextRunIsTuesday[9]</testName>
          <skipped>false</skipped>
          <failedSince>0</failedSince>
        </case>
        <case>
          <duration>0.001</duration>
          <className>hudson.scheduler.CronTabDayOfWeekLocaleTest</className>
          <testName>isSundayAndNextRunIsNextSunday7[9]</testName>
          <skipped>false</skipped>
          <failedSince>0</failedSince>
        </case>
        <case>
          <duration>0.0</duration>
          <className>hudson.scheduler.CronTabDayOfWeekLocaleTest</className>
          <testName>isSundayAndPreviousRunIsMonday[9]</testName>
          <skipped>false</skipped>
          <failedSince>0</failedSince>
        </case>
        <case>
          <duration>0.0</duration>
          <className>hudson.scheduler.CronTabDayOfWeekLocaleTest</className>
          <testName>isSaturdayAndNextRunIsSundayAsterisk[9]</testName>
          <skipped>false</skipped>
          <failedSince>0</failedSince>
        </case>
        <case>
          <duration>0.0</duration>
          <className>hudson.scheduler.CronTabDayOfWeekLocaleTest</className>
          <testName>hudson8658[9]</testName>
          <skipped>false</skipped>
          <failedSince>0</failedSince>
        </case>
        <case>
          <duration>0.0</duration>
          <className>hudson.scheduler.CronTabDayOfWeekLocaleTest</className>
          <testName>isSundayAndNextRunIsNextSunday[9]</testName>
          <skipped>false</skipped>
          <failedSince>0</failedSince>
        </case>
        <case>
          <duration>0.001</duration>
          <className>hudson.scheduler.CronTabDayOfWeekLocaleTest</className>
          <testName>isSundayAndNextRunIsThursday[9]</testName>
          <skipped>false</skipped>
          <failedSince>0</failedSince>
        </case>
        <case>
          <duration>0.0</duration>
          <className>hudson.scheduler.CronTabDayOfWeekLocaleTest</className>
          <testName>isSundayAndPreviousRunIsPreviousSunday7[9]</testName>
          <skipped>false</skipped>
          <failedSince>0</failedSince>
        </case>
        <case>
          <duration>0.0</duration>
          <className>hudson.scheduler.CronTabDayOfWeekLocaleTest</className>
          <testName>isSundayAndNextRunIsWednesday[9]</testName>
          <skipped>false</skipped>
          <failedSince>0</failedSince>
        </case>
        <case>
          <duration>0.001</duration>
          <className>hudson.scheduler.CronTabDayOfWeekLocaleTest</className>
          <testName>isSundayAndNextRunIsSaturday[9]</testName>
          <skipped>false</skipped>
          <failedSince>0</failedSince>
        </case>
        <case>
          <duration>0.0</duration>
          <className>hudson.scheduler.CronTabDayOfWeekLocaleTest</className>
          <testName>isSundayAndPreviousRunIsTuesday[10]</testName>
          <skipped>false</skipped>
          <failedSince>0</failedSince>
        </case>
        <case>
          <duration>0.001</duration>
          <className>hudson.scheduler.CronTabDayOfWeekLocaleTest</className>
          <testName>isSundayAndPreviousRunIsThursday[10]</testName>
          <skipped>false</skipped>
          <failedSince>0</failedSince>
        </case>
        <case>
          <duration>0.0</duration>
          <className>hudson.scheduler.CronTabDayOfWeekLocaleTest</className>
          <testName>isSundayAndPreviousRunIsWednesday[10]</testName>
          <skipped>false</skipped>
          <failedSince>0</failedSince>
        </case>
        <case>
          <duration>0.001</duration>
          <className>hudson.scheduler.CronTabDayOfWeekLocaleTest</className>
          <testName>isSundayAndPreviousRunIsSaturday[10]</testName>
          <skipped>false</skipped>
          <failedSince>0</failedSince>
        </case>
        <case>
          <duration>0.0</duration>
          <className>hudson.scheduler.CronTabDayOfWeekLocaleTest</className>
          <testName>isSundayAndPreviousRunIsPreviousSunday[10]</testName>
          <skipped>false</skipped>
          <failedSince>0</failedSince>
        </case>
        <case>
          <duration>0.001</duration>
          <className>hudson.scheduler.CronTabDayOfWeekLocaleTest</className>
          <testName>isSundayAndNextRunIsFriday[10]</testName>
          <skipped>false</skipped>
          <failedSince>0</failedSince>
        </case>
        <case>
          <duration>0.001</duration>
          <className>hudson.scheduler.CronTabDayOfWeekLocaleTest</className>
          <testName>isSundayAndPreviousRunIsSaturdayAsterisk[10]</testName>
          <skipped>false</skipped>
          <failedSince>0</failedSince>
        </case>
        <case>
          <duration>0.0</duration>
          <className>hudson.scheduler.CronTabDayOfWeekLocaleTest</className>
          <testName>isSundayAndNextRunIsMonday[10]</testName>
          <skipped>false</skipped>
          <failedSince>0</failedSince>
        </case>
        <case>
          <duration>0.0</duration>
          <className>hudson.scheduler.CronTabDayOfWeekLocaleTest</className>
          <testName>isSundayAndPreviousRunIsFriday[10]</testName>
          <skipped>false</skipped>
          <failedSince>0</failedSince>
        </case>
        <case>
          <duration>0.0</duration>
          <className>hudson.scheduler.CronTabDayOfWeekLocaleTest</className>
          <testName>isSundayAndNextRunIsTuesday[10]</testName>
          <skipped>false</skipped>
          <failedSince>0</failedSince>
        </case>
        <case>
          <duration>0.0</duration>
          <className>hudson.scheduler.CronTabDayOfWeekLocaleTest</className>
          <testName>isSundayAndNextRunIsNextSunday7[10]</testName>
          <skipped>false</skipped>
          <failedSince>0</failedSince>
        </case>
        <case>
          <duration>0.001</duration>
          <className>hudson.scheduler.CronTabDayOfWeekLocaleTest</className>
          <testName>isSundayAndPreviousRunIsMonday[10]</testName>
          <skipped>false</skipped>
          <failedSince>0</failedSince>
        </case>
        <case>
          <duration>0.0</duration>
          <className>hudson.scheduler.CronTabDayOfWeekLocaleTest</className>
          <testName>isSaturdayAndNextRunIsSundayAsterisk[10]</testName>
          <skipped>false</skipped>
          <failedSince>0</failedSince>
        </case>
        <case>
          <duration>0.0</duration>
          <className>hudson.scheduler.CronTabDayOfWeekLocaleTest</className>
          <testName>hudson8658[10]</testName>
          <skipped>false</skipped>
          <failedSince>0</failedSince>
        </case>
        <case>
          <duration>0.001</duration>
          <className>hudson.scheduler.CronTabDayOfWeekLocaleTest</className>
          <testName>isSundayAndNextRunIsNextSunday[10]</testName>
          <skipped>false</skipped>
          <failedSince>0</failedSince>
        </case>
        <case>
          <duration>0.0</duration>
          <className>hudson.scheduler.CronTabDayOfWeekLocaleTest</className>
          <testName>isSundayAndNextRunIsThursday[10]</testName>
          <skipped>false</skipped>
          <failedSince>0</failedSince>
        </case>
        <case>
          <duration>0.0</duration>
          <className>hudson.scheduler.CronTabDayOfWeekLocaleTest</className>
          <testName>isSundayAndPreviousRunIsPreviousSunday7[10]</testName>
          <skipped>false</skipped>
          <failedSince>0</failedSince>
        </case>
        <case>
          <duration>0.0</duration>
          <className>hudson.scheduler.CronTabDayOfWeekLocaleTest</className>
          <testName>isSundayAndNextRunIsWednesday[10]</testName>
          <skipped>false</skipped>
          <failedSince>0</failedSince>
        </case>
        <case>
          <duration>0.0</duration>
          <className>hudson.scheduler.CronTabDayOfWeekLocaleTest</className>
          <testName>isSundayAndNextRunIsSaturday[10]</testName>
          <skipped>false</skipped>
          <failedSince>0</failedSince>
        </case>
        <case>
          <duration>0.0</duration>
          <className>hudson.scheduler.CronTabDayOfWeekLocaleTest</className>
          <testName>isSundayAndPreviousRunIsTuesday[11]</testName>
          <skipped>false</skipped>
          <failedSince>0</failedSince>
        </case>
        <case>
          <duration>0.001</duration>
          <className>hudson.scheduler.CronTabDayOfWeekLocaleTest</className>
          <testName>isSundayAndPreviousRunIsThursday[11]</testName>
          <skipped>false</skipped>
          <failedSince>0</failedSince>
        </case>
        <case>
          <duration>0.001</duration>
          <className>hudson.scheduler.CronTabDayOfWeekLocaleTest</className>
          <testName>isSundayAndPreviousRunIsWednesday[11]</testName>
          <skipped>false</skipped>
          <failedSince>0</failedSince>
        </case>
        <case>
          <duration>0.001</duration>
          <className>hudson.scheduler.CronTabDayOfWeekLocaleTest</className>
          <testName>isSundayAndPreviousRunIsSaturday[11]</testName>
          <skipped>false</skipped>
          <failedSince>0</failedSince>
        </case>
        <case>
          <duration>0.0</duration>
          <className>hudson.scheduler.CronTabDayOfWeekLocaleTest</className>
          <testName>isSundayAndPreviousRunIsPreviousSunday[11]</testName>
          <skipped>false</skipped>
          <failedSince>0</failedSince>
        </case>
        <case>
          <duration>0.0</duration>
          <className>hudson.scheduler.CronTabDayOfWeekLocaleTest</className>
          <testName>isSundayAndNextRunIsFriday[11]</testName>
          <skipped>false</skipped>
          <failedSince>0</failedSince>
        </case>
        <case>
          <duration>0.0</duration>
          <className>hudson.scheduler.CronTabDayOfWeekLocaleTest</className>
          <testName>isSundayAndPreviousRunIsSaturdayAsterisk[11]</testName>
          <skipped>false</skipped>
          <failedSince>0</failedSince>
        </case>
        <case>
          <duration>0.0</duration>
          <className>hudson.scheduler.CronTabDayOfWeekLocaleTest</className>
          <testName>isSundayAndNextRunIsMonday[11]</testName>
          <skipped>false</skipped>
          <failedSince>0</failedSince>
        </case>
        <case>
          <duration>0.001</duration>
          <className>hudson.scheduler.CronTabDayOfWeekLocaleTest</className>
          <testName>isSundayAndPreviousRunIsFriday[11]</testName>
          <skipped>false</skipped>
          <failedSince>0</failedSince>
        </case>
        <case>
          <duration>0.0</duration>
          <className>hudson.scheduler.CronTabDayOfWeekLocaleTest</className>
          <testName>isSundayAndNextRunIsTuesday[11]</testName>
          <skipped>false</skipped>
          <failedSince>0</failedSince>
        </case>
        <case>
          <duration>0.001</duration>
          <className>hudson.scheduler.CronTabDayOfWeekLocaleTest</className>
          <testName>isSundayAndNextRunIsNextSunday7[11]</testName>
          <skipped>false</skipped>
          <failedSince>0</failedSince>
        </case>
        <case>
          <duration>0.0</duration>
          <className>hudson.scheduler.CronTabDayOfWeekLocaleTest</className>
          <testName>isSundayAndPreviousRunIsMonday[11]</testName>
          <skipped>false</skipped>
          <failedSince>0</failedSince>
        </case>
        <case>
          <duration>0.0</duration>
          <className>hudson.scheduler.CronTabDayOfWeekLocaleTest</className>
          <testName>isSaturdayAndNextRunIsSundayAsterisk[11]</testName>
          <skipped>false</skipped>
          <failedSince>0</failedSince>
        </case>
        <case>
          <duration>0.001</duration>
          <className>hudson.scheduler.CronTabDayOfWeekLocaleTest</className>
          <testName>hudson8658[11]</testName>
          <skipped>false</skipped>
          <failedSince>0</failedSince>
        </case>
        <case>
          <duration>0.0</duration>
          <className>hudson.scheduler.CronTabDayOfWeekLocaleTest</className>
          <testName>isSundayAndNextRunIsNextSunday[11]</testName>
          <skipped>false</skipped>
          <failedSince>0</failedSince>
        </case>
        <case>
          <duration>0.001</duration>
          <className>hudson.scheduler.CronTabDayOfWeekLocaleTest</className>
          <testName>isSundayAndNextRunIsThursday[11]</testName>
          <skipped>false</skipped>
          <failedSince>0</failedSince>
        </case>
        <case>
          <duration>0.0</duration>
          <className>hudson.scheduler.CronTabDayOfWeekLocaleTest</className>
          <testName>isSundayAndPreviousRunIsPreviousSunday7[11]</testName>
          <skipped>false</skipped>
          <failedSince>0</failedSince>
        </case>
        <case>
          <duration>0.0</duration>
          <className>hudson.scheduler.CronTabDayOfWeekLocaleTest</className>
          <testName>isSundayAndNextRunIsWednesday[11]</testName>
          <skipped>false</skipped>
          <failedSince>0</failedSince>
        </case>
        <case>
          <duration>0.0</duration>
          <className>hudson.scheduler.CronTabDayOfWeekLocaleTest</className>
          <testName>isSundayAndNextRunIsSaturday[11]</testName>
          <skipped>false</skipped>
          <failedSince>0</failedSince>
        </case>
        <case>
          <duration>0.001</duration>
          <className>hudson.scheduler.CronTabDayOfWeekLocaleTest</className>
          <testName>isSundayAndPreviousRunIsTuesday[12]</testName>
          <skipped>false</skipped>
          <failedSince>0</failedSince>
        </case>
        <case>
          <duration>0.001</duration>
          <className>hudson.scheduler.CronTabDayOfWeekLocaleTest</className>
          <testName>isSundayAndPreviousRunIsThursday[12]</testName>
          <skipped>false</skipped>
          <failedSince>0</failedSince>
        </case>
        <case>
          <duration>0.001</duration>
          <className>hudson.scheduler.CronTabDayOfWeekLocaleTest</className>
          <testName>isSundayAndPreviousRunIsWednesday[12]</testName>
          <skipped>false</skipped>
          <failedSince>0</failedSince>
        </case>
        <case>
          <duration>0.0</duration>
          <className>hudson.scheduler.CronTabDayOfWeekLocaleTest</className>
          <testName>isSundayAndPreviousRunIsSaturday[12]</testName>
          <skipped>false</skipped>
          <failedSince>0</failedSince>
        </case>
        <case>
          <duration>0.0</duration>
          <className>hudson.scheduler.CronTabDayOfWeekLocaleTest</className>
          <testName>isSundayAndPreviousRunIsPreviousSunday[12]</testName>
          <skipped>false</skipped>
          <failedSince>0</failedSince>
        </case>
        <case>
          <duration>0.0</duration>
          <className>hudson.scheduler.CronTabDayOfWeekLocaleTest</className>
          <testName>isSundayAndNextRunIsFriday[12]</testName>
          <skipped>false</skipped>
          <failedSince>0</failedSince>
        </case>
        <case>
          <duration>0.001</duration>
          <className>hudson.scheduler.CronTabDayOfWeekLocaleTest</className>
          <testName>isSundayAndPreviousRunIsSaturdayAsterisk[12]</testName>
          <skipped>false</skipped>
          <failedSince>0</failedSince>
        </case>
        <case>
          <duration>0.0</duration>
          <className>hudson.scheduler.CronTabDayOfWeekLocaleTest</className>
          <testName>isSundayAndNextRunIsMonday[12]</testName>
          <skipped>false</skipped>
          <failedSince>0</failedSince>
        </case>
        <case>
          <duration>0.0</duration>
          <className>hudson.scheduler.CronTabDayOfWeekLocaleTest</className>
          <testName>isSundayAndPreviousRunIsFriday[12]</testName>
          <skipped>false</skipped>
          <failedSince>0</failedSince>
        </case>
        <case>
          <duration>0.001</duration>
          <className>hudson.scheduler.CronTabDayOfWeekLocaleTest</className>
          <testName>isSundayAndNextRunIsTuesday[12]</testName>
          <skipped>false</skipped>
          <failedSince>0</failedSince>
        </case>
        <case>
          <duration>0.002</duration>
          <className>hudson.scheduler.CronTabDayOfWeekLocaleTest</className>
          <testName>isSundayAndNextRunIsNextSunday7[12]</testName>
          <skipped>false</skipped>
          <failedSince>0</failedSince>
        </case>
        <case>
          <duration>0.0</duration>
          <className>hudson.scheduler.CronTabDayOfWeekLocaleTest</className>
          <testName>isSundayAndPreviousRunIsMonday[12]</testName>
          <skipped>false</skipped>
          <failedSince>0</failedSince>
        </case>
        <case>
          <duration>0.0</duration>
          <className>hudson.scheduler.CronTabDayOfWeekLocaleTest</className>
          <testName>isSaturdayAndNextRunIsSundayAsterisk[12]</testName>
          <skipped>false</skipped>
          <failedSince>0</failedSince>
        </case>
        <case>
          <duration>0.0</duration>
          <className>hudson.scheduler.CronTabDayOfWeekLocaleTest</className>
          <testName>hudson8658[12]</testName>
          <skipped>false</skipped>
          <failedSince>0</failedSince>
        </case>
        <case>
          <duration>0.0</duration>
          <className>hudson.scheduler.CronTabDayOfWeekLocaleTest</className>
          <testName>isSundayAndNextRunIsNextSunday[12]</testName>
          <skipped>false</skipped>
          <failedSince>0</failedSince>
        </case>
        <case>
          <duration>0.0</duration>
          <className>hudson.scheduler.CronTabDayOfWeekLocaleTest</className>
          <testName>isSundayAndNextRunIsThursday[12]</testName>
          <skipped>false</skipped>
          <failedSince>0</failedSince>
        </case>
        <case>
          <duration>0.001</duration>
          <className>hudson.scheduler.CronTabDayOfWeekLocaleTest</className>
          <testName>isSundayAndPreviousRunIsPreviousSunday7[12]</testName>
          <skipped>false</skipped>
          <failedSince>0</failedSince>
        </case>
        <case>
          <duration>0.0</duration>
          <className>hudson.scheduler.CronTabDayOfWeekLocaleTest</className>
          <testName>isSundayAndNextRunIsWednesday[12]</testName>
          <skipped>false</skipped>
          <failedSince>0</failedSince>
        </case>
        <case>
          <duration>0.001</duration>
          <className>hudson.scheduler.CronTabDayOfWeekLocaleTest</className>
          <testName>isSundayAndNextRunIsSaturday[12]</testName>
          <skipped>false</skipped>
          <failedSince>0</failedSince>
        </case>
        <case>
          <duration>0.0</duration>
          <className>hudson.scheduler.CronTabDayOfWeekLocaleTest</className>
          <testName>isSundayAndPreviousRunIsTuesday[13]</testName>
          <skipped>false</skipped>
          <failedSince>0</failedSince>
        </case>
        <case>
          <duration>0.001</duration>
          <className>hudson.scheduler.CronTabDayOfWeekLocaleTest</className>
          <testName>isSundayAndPreviousRunIsThursday[13]</testName>
          <skipped>false</skipped>
          <failedSince>0</failedSince>
        </case>
        <case>
          <duration>0.0</duration>
          <className>hudson.scheduler.CronTabDayOfWeekLocaleTest</className>
          <testName>isSundayAndPreviousRunIsWednesday[13]</testName>
          <skipped>false</skipped>
          <failedSince>0</failedSince>
        </case>
        <case>
          <duration>0.0</duration>
          <className>hudson.scheduler.CronTabDayOfWeekLocaleTest</className>
          <testName>isSundayAndPreviousRunIsSaturday[13]</testName>
          <skipped>false</skipped>
          <failedSince>0</failedSince>
        </case>
        <case>
          <duration>0.001</duration>
          <className>hudson.scheduler.CronTabDayOfWeekLocaleTest</className>
          <testName>isSundayAndPreviousRunIsPreviousSunday[13]</testName>
          <skipped>false</skipped>
          <failedSince>0</failedSince>
        </case>
        <case>
          <duration>0.0</duration>
          <className>hudson.scheduler.CronTabDayOfWeekLocaleTest</className>
          <testName>isSundayAndNextRunIsFriday[13]</testName>
          <skipped>false</skipped>
          <failedSince>0</failedSince>
        </case>
        <case>
          <duration>0.0</duration>
          <className>hudson.scheduler.CronTabDayOfWeekLocaleTest</className>
          <testName>isSundayAndPreviousRunIsSaturdayAsterisk[13]</testName>
          <skipped>false</skipped>
          <failedSince>0</failedSince>
        </case>
        <case>
          <duration>0.0</duration>
          <className>hudson.scheduler.CronTabDayOfWeekLocaleTest</className>
          <testName>isSundayAndNextRunIsMonday[13]</testName>
          <skipped>false</skipped>
          <failedSince>0</failedSince>
        </case>
        <case>
          <duration>0.001</duration>
          <className>hudson.scheduler.CronTabDayOfWeekLocaleTest</className>
          <testName>isSundayAndPreviousRunIsFriday[13]</testName>
          <skipped>false</skipped>
          <failedSince>0</failedSince>
        </case>
        <case>
          <duration>0.0</duration>
          <className>hudson.scheduler.CronTabDayOfWeekLocaleTest</className>
          <testName>isSundayAndNextRunIsTuesday[13]</testName>
          <skipped>false</skipped>
          <failedSince>0</failedSince>
        </case>
        <case>
          <duration>0.0</duration>
          <className>hudson.scheduler.CronTabDayOfWeekLocaleTest</className>
          <testName>isSundayAndNextRunIsNextSunday7[13]</testName>
          <skipped>false</skipped>
          <failedSince>0</failedSince>
        </case>
        <case>
          <duration>0.001</duration>
          <className>hudson.scheduler.CronTabDayOfWeekLocaleTest</className>
          <testName>isSundayAndPreviousRunIsMonday[13]</testName>
          <skipped>false</skipped>
          <failedSince>0</failedSince>
        </case>
        <case>
          <duration>0.0</duration>
          <className>hudson.scheduler.CronTabDayOfWeekLocaleTest</className>
          <testName>isSaturdayAndNextRunIsSundayAsterisk[13]</testName>
          <skipped>false</skipped>
          <failedSince>0</failedSince>
        </case>
        <case>
          <duration>0.0</duration>
          <className>hudson.scheduler.CronTabDayOfWeekLocaleTest</className>
          <testName>hudson8658[13]</testName>
          <skipped>false</skipped>
          <failedSince>0</failedSince>
        </case>
        <case>
          <duration>0.001</duration>
          <className>hudson.scheduler.CronTabDayOfWeekLocaleTest</className>
          <testName>isSundayAndNextRunIsNextSunday[13]</testName>
          <skipped>false</skipped>
          <failedSince>0</failedSince>
        </case>
        <case>
          <duration>0.0</duration>
          <className>hudson.scheduler.CronTabDayOfWeekLocaleTest</className>
          <testName>isSundayAndNextRunIsThursday[13]</testName>
          <skipped>false</skipped>
          <failedSince>0</failedSince>
        </case>
        <case>
          <duration>0.001</duration>
          <className>hudson.scheduler.CronTabDayOfWeekLocaleTest</className>
          <testName>isSundayAndPreviousRunIsPreviousSunday7[13]</testName>
          <skipped>false</skipped>
          <failedSince>0</failedSince>
        </case>
        <case>
          <duration>0.0</duration>
          <className>hudson.scheduler.CronTabDayOfWeekLocaleTest</className>
          <testName>isSundayAndNextRunIsWednesday[13]</testName>
          <skipped>false</skipped>
          <failedSince>0</failedSince>
        </case>
        <case>
          <duration>0.0</duration>
          <className>hudson.scheduler.CronTabDayOfWeekLocaleTest</className>
          <testName>isSundayAndNextRunIsSaturday[13]</testName>
          <skipped>false</skipped>
          <failedSince>0</failedSince>
        </case>
        <case>
          <duration>0.0</duration>
          <className>hudson.scheduler.CronTabDayOfWeekLocaleTest</className>
          <testName>isSundayAndPreviousRunIsTuesday[14]</testName>
          <skipped>false</skipped>
          <failedSince>0</failedSince>
        </case>
        <case>
          <duration>0.0</duration>
          <className>hudson.scheduler.CronTabDayOfWeekLocaleTest</className>
          <testName>isSundayAndPreviousRunIsThursday[14]</testName>
          <skipped>false</skipped>
          <failedSince>0</failedSince>
        </case>
        <case>
          <duration>0.001</duration>
          <className>hudson.scheduler.CronTabDayOfWeekLocaleTest</className>
          <testName>isSundayAndPreviousRunIsWednesday[14]</testName>
          <skipped>false</skipped>
          <failedSince>0</failedSince>
        </case>
        <case>
          <duration>0.0</duration>
          <className>hudson.scheduler.CronTabDayOfWeekLocaleTest</className>
          <testName>isSundayAndPreviousRunIsSaturday[14]</testName>
          <skipped>false</skipped>
          <failedSince>0</failedSince>
        </case>
        <case>
          <duration>0.001</duration>
          <className>hudson.scheduler.CronTabDayOfWeekLocaleTest</className>
          <testName>isSundayAndPreviousRunIsPreviousSunday[14]</testName>
          <skipped>false</skipped>
          <failedSince>0</failedSince>
        </case>
        <case>
          <duration>0.0</duration>
          <className>hudson.scheduler.CronTabDayOfWeekLocaleTest</className>
          <testName>isSundayAndNextRunIsFriday[14]</testName>
          <skipped>false</skipped>
          <failedSince>0</failedSince>
        </case>
        <case>
          <duration>0.0</duration>
          <className>hudson.scheduler.CronTabDayOfWeekLocaleTest</className>
          <testName>isSundayAndPreviousRunIsSaturdayAsterisk[14]</testName>
          <skipped>false</skipped>
          <failedSince>0</failedSince>
        </case>
        <case>
          <duration>0.0</duration>
          <className>hudson.scheduler.CronTabDayOfWeekLocaleTest</className>
          <testName>isSundayAndNextRunIsMonday[14]</testName>
          <skipped>false</skipped>
          <failedSince>0</failedSince>
        </case>
        <case>
          <duration>0.0</duration>
          <className>hudson.scheduler.CronTabDayOfWeekLocaleTest</className>
          <testName>isSundayAndPreviousRunIsFriday[14]</testName>
          <skipped>false</skipped>
          <failedSince>0</failedSince>
        </case>
        <case>
          <duration>0.0</duration>
          <className>hudson.scheduler.CronTabDayOfWeekLocaleTest</className>
          <testName>isSundayAndNextRunIsTuesday[14]</testName>
          <skipped>false</skipped>
          <failedSince>0</failedSince>
        </case>
        <case>
          <duration>0.0</duration>
          <className>hudson.scheduler.CronTabDayOfWeekLocaleTest</className>
          <testName>isSundayAndNextRunIsNextSunday7[14]</testName>
          <skipped>false</skipped>
          <failedSince>0</failedSince>
        </case>
        <case>
          <duration>0.001</duration>
          <className>hudson.scheduler.CronTabDayOfWeekLocaleTest</className>
          <testName>isSundayAndPreviousRunIsMonday[14]</testName>
          <skipped>false</skipped>
          <failedSince>0</failedSince>
        </case>
        <case>
          <duration>0.0</duration>
          <className>hudson.scheduler.CronTabDayOfWeekLocaleTest</className>
          <testName>isSaturdayAndNextRunIsSundayAsterisk[14]</testName>
          <skipped>false</skipped>
          <failedSince>0</failedSince>
        </case>
        <case>
          <duration>0.0</duration>
          <className>hudson.scheduler.CronTabDayOfWeekLocaleTest</className>
          <testName>hudson8658[14]</testName>
          <skipped>false</skipped>
          <failedSince>0</failedSince>
        </case>
        <case>
          <duration>0.001</duration>
          <className>hudson.scheduler.CronTabDayOfWeekLocaleTest</className>
          <testName>isSundayAndNextRunIsNextSunday[14]</testName>
          <skipped>false</skipped>
          <failedSince>0</failedSince>
        </case>
        <case>
          <duration>0.0</duration>
          <className>hudson.scheduler.CronTabDayOfWeekLocaleTest</className>
          <testName>isSundayAndNextRunIsThursday[14]</testName>
          <skipped>false</skipped>
          <failedSince>0</failedSince>
        </case>
        <case>
          <duration>0.0</duration>
          <className>hudson.scheduler.CronTabDayOfWeekLocaleTest</className>
          <testName>isSundayAndPreviousRunIsPreviousSunday7[14]</testName>
          <skipped>false</skipped>
          <failedSince>0</failedSince>
        </case>
        <case>
          <duration>0.0</duration>
          <className>hudson.scheduler.CronTabDayOfWeekLocaleTest</className>
          <testName>isSundayAndNextRunIsWednesday[14]</testName>
          <skipped>false</skipped>
          <failedSince>0</failedSince>
        </case>
        <case>
          <duration>0.0</duration>
          <className>hudson.scheduler.CronTabDayOfWeekLocaleTest</className>
          <testName>isSundayAndNextRunIsSaturday[14]</testName>
          <skipped>false</skipped>
          <failedSince>0</failedSince>
        </case>
        <case>
          <duration>0.001</duration>
          <className>hudson.scheduler.CronTabDayOfWeekLocaleTest</className>
          <testName>isSundayAndPreviousRunIsTuesday[15]</testName>
          <skipped>false</skipped>
          <failedSince>0</failedSince>
        </case>
        <case>
          <duration>0.001</duration>
          <className>hudson.scheduler.CronTabDayOfWeekLocaleTest</className>
          <testName>isSundayAndPreviousRunIsThursday[15]</testName>
          <skipped>false</skipped>
          <failedSince>0</failedSince>
        </case>
        <case>
          <duration>0.0</duration>
          <className>hudson.scheduler.CronTabDayOfWeekLocaleTest</className>
          <testName>isSundayAndPreviousRunIsWednesday[15]</testName>
          <skipped>false</skipped>
          <failedSince>0</failedSince>
        </case>
        <case>
          <duration>0.001</duration>
          <className>hudson.scheduler.CronTabDayOfWeekLocaleTest</className>
          <testName>isSundayAndPreviousRunIsSaturday[15]</testName>
          <skipped>false</skipped>
          <failedSince>0</failedSince>
        </case>
        <case>
          <duration>0.0</duration>
          <className>hudson.scheduler.CronTabDayOfWeekLocaleTest</className>
          <testName>isSundayAndPreviousRunIsPreviousSunday[15]</testName>
          <skipped>false</skipped>
          <failedSince>0</failedSince>
        </case>
        <case>
          <duration>0.001</duration>
          <className>hudson.scheduler.CronTabDayOfWeekLocaleTest</className>
          <testName>isSundayAndNextRunIsFriday[15]</testName>
          <skipped>false</skipped>
          <failedSince>0</failedSince>
        </case>
        <case>
          <duration>0.0</duration>
          <className>hudson.scheduler.CronTabDayOfWeekLocaleTest</className>
          <testName>isSundayAndPreviousRunIsSaturdayAsterisk[15]</testName>
          <skipped>false</skipped>
          <failedSince>0</failedSince>
        </case>
        <case>
          <duration>0.001</duration>
          <className>hudson.scheduler.CronTabDayOfWeekLocaleTest</className>
          <testName>isSundayAndNextRunIsMonday[15]</testName>
          <skipped>false</skipped>
          <failedSince>0</failedSince>
        </case>
        <case>
          <duration>0.001</duration>
          <className>hudson.scheduler.CronTabDayOfWeekLocaleTest</className>
          <testName>isSundayAndPreviousRunIsFriday[15]</testName>
          <skipped>false</skipped>
          <failedSince>0</failedSince>
        </case>
        <case>
          <duration>0.0</duration>
          <className>hudson.scheduler.CronTabDayOfWeekLocaleTest</className>
          <testName>isSundayAndNextRunIsTuesday[15]</testName>
          <skipped>false</skipped>
          <failedSince>0</failedSince>
        </case>
        <case>
          <duration>0.0</duration>
          <className>hudson.scheduler.CronTabDayOfWeekLocaleTest</className>
          <testName>isSundayAndNextRunIsNextSunday7[15]</testName>
          <skipped>false</skipped>
          <failedSince>0</failedSince>
        </case>
        <case>
          <duration>0.0</duration>
          <className>hudson.scheduler.CronTabDayOfWeekLocaleTest</className>
          <testName>isSundayAndPreviousRunIsMonday[15]</testName>
          <skipped>false</skipped>
          <failedSince>0</failedSince>
        </case>
        <case>
          <duration>0.001</duration>
          <className>hudson.scheduler.CronTabDayOfWeekLocaleTest</className>
          <testName>isSaturdayAndNextRunIsSundayAsterisk[15]</testName>
          <skipped>false</skipped>
          <failedSince>0</failedSince>
        </case>
        <case>
          <duration>0.0</duration>
          <className>hudson.scheduler.CronTabDayOfWeekLocaleTest</className>
          <testName>hudson8658[15]</testName>
          <skipped>false</skipped>
          <failedSince>0</failedSince>
        </case>
        <case>
          <duration>0.001</duration>
          <className>hudson.scheduler.CronTabDayOfWeekLocaleTest</className>
          <testName>isSundayAndNextRunIsNextSunday[15]</testName>
          <skipped>false</skipped>
          <failedSince>0</failedSince>
        </case>
        <case>
          <duration>0.0</duration>
          <className>hudson.scheduler.CronTabDayOfWeekLocaleTest</className>
          <testName>isSundayAndNextRunIsThursday[15]</testName>
          <skipped>false</skipped>
          <failedSince>0</failedSince>
        </case>
        <case>
          <duration>0.001</duration>
          <className>hudson.scheduler.CronTabDayOfWeekLocaleTest</className>
          <testName>isSundayAndPreviousRunIsPreviousSunday7[15]</testName>
          <skipped>false</skipped>
          <failedSince>0</failedSince>
        </case>
        <case>
          <duration>0.0</duration>
          <className>hudson.scheduler.CronTabDayOfWeekLocaleTest</className>
          <testName>isSundayAndNextRunIsWednesday[15]</testName>
          <skipped>false</skipped>
          <failedSince>0</failedSince>
        </case>
        <case>
          <duration>0.0</duration>
          <className>hudson.scheduler.CronTabDayOfWeekLocaleTest</className>
          <testName>isSundayAndNextRunIsSaturday[15]</testName>
          <skipped>false</skipped>
          <failedSince>0</failedSince>
        </case>
        <case>
          <duration>0.0</duration>
          <className>hudson.scheduler.CronTabDayOfWeekLocaleTest</className>
          <testName>isSundayAndPreviousRunIsTuesday[16]</testName>
          <skipped>false</skipped>
          <failedSince>0</failedSince>
        </case>
        <case>
          <duration>0.0</duration>
          <className>hudson.scheduler.CronTabDayOfWeekLocaleTest</className>
          <testName>isSundayAndPreviousRunIsThursday[16]</testName>
          <skipped>false</skipped>
          <failedSince>0</failedSince>
        </case>
        <case>
          <duration>0.0</duration>
          <className>hudson.scheduler.CronTabDayOfWeekLocaleTest</className>
          <testName>isSundayAndPreviousRunIsWednesday[16]</testName>
          <skipped>false</skipped>
          <failedSince>0</failedSince>
        </case>
        <case>
          <duration>0.001</duration>
          <className>hudson.scheduler.CronTabDayOfWeekLocaleTest</className>
          <testName>isSundayAndPreviousRunIsSaturday[16]</testName>
          <skipped>false</skipped>
          <failedSince>0</failedSince>
        </case>
        <case>
          <duration>0.0</duration>
          <className>hudson.scheduler.CronTabDayOfWeekLocaleTest</className>
          <testName>isSundayAndPreviousRunIsPreviousSunday[16]</testName>
          <skipped>false</skipped>
          <failedSince>0</failedSince>
        </case>
        <case>
          <duration>0.0</duration>
          <className>hudson.scheduler.CronTabDayOfWeekLocaleTest</className>
          <testName>isSundayAndNextRunIsFriday[16]</testName>
          <skipped>false</skipped>
          <failedSince>0</failedSince>
        </case>
        <case>
          <duration>0.001</duration>
          <className>hudson.scheduler.CronTabDayOfWeekLocaleTest</className>
          <testName>isSundayAndPreviousRunIsSaturdayAsterisk[16]</testName>
          <skipped>false</skipped>
          <failedSince>0</failedSince>
        </case>
        <case>
          <duration>0.0</duration>
          <className>hudson.scheduler.CronTabDayOfWeekLocaleTest</className>
          <testName>isSundayAndNextRunIsMonday[16]</testName>
          <skipped>false</skipped>
          <failedSince>0</failedSince>
        </case>
        <case>
          <duration>0.0</duration>
          <className>hudson.scheduler.CronTabDayOfWeekLocaleTest</className>
          <testName>isSundayAndPreviousRunIsFriday[16]</testName>
          <skipped>false</skipped>
          <failedSince>0</failedSince>
        </case>
        <case>
          <duration>0.0</duration>
          <className>hudson.scheduler.CronTabDayOfWeekLocaleTest</className>
          <testName>isSundayAndNextRunIsTuesday[16]</testName>
          <skipped>false</skipped>
          <failedSince>0</failedSince>
        </case>
        <case>
          <duration>0.0</duration>
          <className>hudson.scheduler.CronTabDayOfWeekLocaleTest</className>
          <testName>isSundayAndNextRunIsNextSunday7[16]</testName>
          <skipped>false</skipped>
          <failedSince>0</failedSince>
        </case>
        <case>
          <duration>0.001</duration>
          <className>hudson.scheduler.CronTabDayOfWeekLocaleTest</className>
          <testName>isSundayAndPreviousRunIsMonday[16]</testName>
          <skipped>false</skipped>
          <failedSince>0</failedSince>
        </case>
        <case>
          <duration>0.0</duration>
          <className>hudson.scheduler.CronTabDayOfWeekLocaleTest</className>
          <testName>isSaturdayAndNextRunIsSundayAsterisk[16]</testName>
          <skipped>false</skipped>
          <failedSince>0</failedSince>
        </case>
        <case>
          <duration>0.0</duration>
          <className>hudson.scheduler.CronTabDayOfWeekLocaleTest</className>
          <testName>hudson8658[16]</testName>
          <skipped>false</skipped>
          <failedSince>0</failedSince>
        </case>
        <case>
          <duration>0.001</duration>
          <className>hudson.scheduler.CronTabDayOfWeekLocaleTest</className>
          <testName>isSundayAndNextRunIsNextSunday[16]</testName>
          <skipped>false</skipped>
          <failedSince>0</failedSince>
        </case>
        <case>
          <duration>0.0</duration>
          <className>hudson.scheduler.CronTabDayOfWeekLocaleTest</className>
          <testName>isSundayAndNextRunIsThursday[16]</testName>
          <skipped>false</skipped>
          <failedSince>0</failedSince>
        </case>
        <case>
          <duration>0.0</duration>
          <className>hudson.scheduler.CronTabDayOfWeekLocaleTest</className>
          <testName>isSundayAndPreviousRunIsPreviousSunday7[16]</testName>
          <skipped>false</skipped>
          <failedSince>0</failedSince>
        </case>
        <case>
          <duration>0.0</duration>
          <className>hudson.scheduler.CronTabDayOfWeekLocaleTest</className>
          <testName>isSundayAndNextRunIsWednesday[16]</testName>
          <skipped>false</skipped>
          <failedSince>0</failedSince>
        </case>
        <case>
          <duration>0.0</duration>
          <className>hudson.scheduler.CronTabDayOfWeekLocaleTest</className>
          <testName>isSundayAndNextRunIsSaturday[16]</testName>
          <skipped>false</skipped>
          <failedSince>0</failedSince>
        </case>
        <case>
          <duration>0.0</duration>
          <className>hudson.scheduler.CronTabDayOfWeekLocaleTest</className>
          <testName>isSundayAndPreviousRunIsTuesday[17]</testName>
          <skipped>false</skipped>
          <failedSince>0</failedSince>
        </case>
        <case>
          <duration>0.0</duration>
          <className>hudson.scheduler.CronTabDayOfWeekLocaleTest</className>
          <testName>isSundayAndPreviousRunIsThursday[17]</testName>
          <skipped>false</skipped>
          <failedSince>0</failedSince>
        </case>
        <case>
          <duration>0.001</duration>
          <className>hudson.scheduler.CronTabDayOfWeekLocaleTest</className>
          <testName>isSundayAndPreviousRunIsWednesday[17]</testName>
          <skipped>false</skipped>
          <failedSince>0</failedSince>
        </case>
        <case>
          <duration>0.0</duration>
          <className>hudson.scheduler.CronTabDayOfWeekLocaleTest</className>
          <testName>isSundayAndPreviousRunIsSaturday[17]</testName>
          <skipped>false</skipped>
          <failedSince>0</failedSince>
        </case>
        <case>
          <duration>0.0</duration>
          <className>hudson.scheduler.CronTabDayOfWeekLocaleTest</className>
          <testName>isSundayAndPreviousRunIsPreviousSunday[17]</testName>
          <skipped>false</skipped>
          <failedSince>0</failedSince>
        </case>
        <case>
          <duration>0.001</duration>
          <className>hudson.scheduler.CronTabDayOfWeekLocaleTest</className>
          <testName>isSundayAndNextRunIsFriday[17]</testName>
          <skipped>false</skipped>
          <failedSince>0</failedSince>
        </case>
        <case>
          <duration>0.0</duration>
          <className>hudson.scheduler.CronTabDayOfWeekLocaleTest</className>
          <testName>isSundayAndPreviousRunIsSaturdayAsterisk[17]</testName>
          <skipped>false</skipped>
          <failedSince>0</failedSince>
        </case>
        <case>
          <duration>0.0</duration>
          <className>hudson.scheduler.CronTabDayOfWeekLocaleTest</className>
          <testName>isSundayAndNextRunIsMonday[17]</testName>
          <skipped>false</skipped>
          <failedSince>0</failedSince>
        </case>
        <case>
          <duration>0.001</duration>
          <className>hudson.scheduler.CronTabDayOfWeekLocaleTest</className>
          <testName>isSundayAndPreviousRunIsFriday[17]</testName>
          <skipped>false</skipped>
          <failedSince>0</failedSince>
        </case>
        <case>
          <duration>0.0</duration>
          <className>hudson.scheduler.CronTabDayOfWeekLocaleTest</className>
          <testName>isSundayAndNextRunIsTuesday[17]</testName>
          <skipped>false</skipped>
          <failedSince>0</failedSince>
        </case>
        <case>
          <duration>0.0</duration>
          <className>hudson.scheduler.CronTabDayOfWeekLocaleTest</className>
          <testName>isSundayAndNextRunIsNextSunday7[17]</testName>
          <skipped>false</skipped>
          <failedSince>0</failedSince>
        </case>
        <case>
          <duration>0.001</duration>
          <className>hudson.scheduler.CronTabDayOfWeekLocaleTest</className>
          <testName>isSundayAndPreviousRunIsMonday[17]</testName>
          <skipped>false</skipped>
          <failedSince>0</failedSince>
        </case>
        <case>
          <duration>0.0</duration>
          <className>hudson.scheduler.CronTabDayOfWeekLocaleTest</className>
          <testName>isSaturdayAndNextRunIsSundayAsterisk[17]</testName>
          <skipped>false</skipped>
          <failedSince>0</failedSince>
        </case>
        <case>
          <duration>0.0</duration>
          <className>hudson.scheduler.CronTabDayOfWeekLocaleTest</className>
          <testName>hudson8658[17]</testName>
          <skipped>false</skipped>
          <failedSince>0</failedSince>
        </case>
        <case>
          <duration>0.001</duration>
          <className>hudson.scheduler.CronTabDayOfWeekLocaleTest</className>
          <testName>isSundayAndNextRunIsNextSunday[17]</testName>
          <skipped>false</skipped>
          <failedSince>0</failedSince>
        </case>
        <case>
          <duration>0.0</duration>
          <className>hudson.scheduler.CronTabDayOfWeekLocaleTest</className>
          <testName>isSundayAndNextRunIsThursday[17]</testName>
          <skipped>false</skipped>
          <failedSince>0</failedSince>
        </case>
        <case>
          <duration>0.0</duration>
          <className>hudson.scheduler.CronTabDayOfWeekLocaleTest</className>
          <testName>isSundayAndPreviousRunIsPreviousSunday7[17]</testName>
          <skipped>false</skipped>
          <failedSince>0</failedSince>
        </case>
        <case>
          <duration>0.0</duration>
          <className>hudson.scheduler.CronTabDayOfWeekLocaleTest</className>
          <testName>isSundayAndNextRunIsWednesday[17]</testName>
          <skipped>false</skipped>
          <failedSince>0</failedSince>
        </case>
        <case>
          <duration>0.0</duration>
          <className>hudson.scheduler.CronTabDayOfWeekLocaleTest</className>
          <testName>isSundayAndNextRunIsSaturday[17]</testName>
          <skipped>false</skipped>
          <failedSince>0</failedSince>
        </case>
        <case>
          <duration>0.0</duration>
          <className>hudson.scheduler.CronTabDayOfWeekLocaleTest</className>
          <testName>isSundayAndPreviousRunIsTuesday[18]</testName>
          <skipped>false</skipped>
          <failedSince>0</failedSince>
        </case>
        <case>
          <duration>0.0</duration>
          <className>hudson.scheduler.CronTabDayOfWeekLocaleTest</className>
          <testName>isSundayAndPreviousRunIsThursday[18]</testName>
          <skipped>false</skipped>
          <failedSince>0</failedSince>
        </case>
        <case>
          <duration>0.0</duration>
          <className>hudson.scheduler.CronTabDayOfWeekLocaleTest</className>
          <testName>isSundayAndPreviousRunIsWednesday[18]</testName>
          <skipped>false</skipped>
          <failedSince>0</failedSince>
        </case>
        <case>
          <duration>0.0</duration>
          <className>hudson.scheduler.CronTabDayOfWeekLocaleTest</className>
          <testName>isSundayAndPreviousRunIsSaturday[18]</testName>
          <skipped>false</skipped>
          <failedSince>0</failedSince>
        </case>
        <case>
          <duration>0.0</duration>
          <className>hudson.scheduler.CronTabDayOfWeekLocaleTest</className>
          <testName>isSundayAndPreviousRunIsPreviousSunday[18]</testName>
          <skipped>false</skipped>
          <failedSince>0</failedSince>
        </case>
        <case>
          <duration>0.0</duration>
          <className>hudson.scheduler.CronTabDayOfWeekLocaleTest</className>
          <testName>isSundayAndNextRunIsFriday[18]</testName>
          <skipped>false</skipped>
          <failedSince>0</failedSince>
        </case>
        <case>
          <duration>0.0</duration>
          <className>hudson.scheduler.CronTabDayOfWeekLocaleTest</className>
          <testName>isSundayAndPreviousRunIsSaturdayAsterisk[18]</testName>
          <skipped>false</skipped>
          <failedSince>0</failedSince>
        </case>
        <case>
          <duration>0.0</duration>
          <className>hudson.scheduler.CronTabDayOfWeekLocaleTest</className>
          <testName>isSundayAndNextRunIsMonday[18]</testName>
          <skipped>false</skipped>
          <failedSince>0</failedSince>
        </case>
        <case>
          <duration>0.0</duration>
          <className>hudson.scheduler.CronTabDayOfWeekLocaleTest</className>
          <testName>isSundayAndPreviousRunIsFriday[18]</testName>
          <skipped>false</skipped>
          <failedSince>0</failedSince>
        </case>
        <case>
          <duration>0.0</duration>
          <className>hudson.scheduler.CronTabDayOfWeekLocaleTest</className>
          <testName>isSundayAndNextRunIsTuesday[18]</testName>
          <skipped>false</skipped>
          <failedSince>0</failedSince>
        </case>
        <case>
          <duration>0.0</duration>
          <className>hudson.scheduler.CronTabDayOfWeekLocaleTest</className>
          <testName>isSundayAndNextRunIsNextSunday7[18]</testName>
          <skipped>false</skipped>
          <failedSince>0</failedSince>
        </case>
        <case>
          <duration>0.0</duration>
          <className>hudson.scheduler.CronTabDayOfWeekLocaleTest</className>
          <testName>isSundayAndPreviousRunIsMonday[18]</testName>
          <skipped>false</skipped>
          <failedSince>0</failedSince>
        </case>
        <case>
          <duration>0.0</duration>
          <className>hudson.scheduler.CronTabDayOfWeekLocaleTest</className>
          <testName>isSaturdayAndNextRunIsSundayAsterisk[18]</testName>
          <skipped>false</skipped>
          <failedSince>0</failedSince>
        </case>
        <case>
          <duration>0.0</duration>
          <className>hudson.scheduler.CronTabDayOfWeekLocaleTest</className>
          <testName>hudson8658[18]</testName>
          <skipped>false</skipped>
          <failedSince>0</failedSince>
        </case>
        <case>
          <duration>0.0</duration>
          <className>hudson.scheduler.CronTabDayOfWeekLocaleTest</className>
          <testName>isSundayAndNextRunIsNextSunday[18]</testName>
          <skipped>false</skipped>
          <failedSince>0</failedSince>
        </case>
        <case>
          <duration>0.0</duration>
          <className>hudson.scheduler.CronTabDayOfWeekLocaleTest</className>
          <testName>isSundayAndNextRunIsThursday[18]</testName>
          <skipped>false</skipped>
          <failedSince>0</failedSince>
        </case>
        <case>
          <duration>0.0</duration>
          <className>hudson.scheduler.CronTabDayOfWeekLocaleTest</className>
          <testName>isSundayAndPreviousRunIsPreviousSunday7[18]</testName>
          <skipped>false</skipped>
          <failedSince>0</failedSince>
        </case>
        <case>
          <duration>0.0</duration>
          <className>hudson.scheduler.CronTabDayOfWeekLocaleTest</className>
          <testName>isSundayAndNextRunIsWednesday[18]</testName>
          <skipped>false</skipped>
          <failedSince>0</failedSince>
        </case>
        <case>
          <duration>0.0</duration>
          <className>hudson.scheduler.CronTabDayOfWeekLocaleTest</className>
          <testName>isSundayAndNextRunIsSaturday[18]</testName>
          <skipped>false</skipped>
          <failedSince>0</failedSince>
        </case>
        <case>
          <duration>0.0</duration>
          <className>hudson.scheduler.CronTabDayOfWeekLocaleTest</className>
          <testName>isSundayAndPreviousRunIsTuesday[19]</testName>
          <skipped>false</skipped>
          <failedSince>0</failedSince>
        </case>
        <case>
          <duration>0.001</duration>
          <className>hudson.scheduler.CronTabDayOfWeekLocaleTest</className>
          <testName>isSundayAndPreviousRunIsThursday[19]</testName>
          <skipped>false</skipped>
          <failedSince>0</failedSince>
        </case>
        <case>
          <duration>0.0</duration>
          <className>hudson.scheduler.CronTabDayOfWeekLocaleTest</className>
          <testName>isSundayAndPreviousRunIsWednesday[19]</testName>
          <skipped>false</skipped>
          <failedSince>0</failedSince>
        </case>
        <case>
          <duration>0.0</duration>
          <className>hudson.scheduler.CronTabDayOfWeekLocaleTest</className>
          <testName>isSundayAndPreviousRunIsSaturday[19]</testName>
          <skipped>false</skipped>
          <failedSince>0</failedSince>
        </case>
        <case>
          <duration>0.001</duration>
          <className>hudson.scheduler.CronTabDayOfWeekLocaleTest</className>
          <testName>isSundayAndPreviousRunIsPreviousSunday[19]</testName>
          <skipped>false</skipped>
          <failedSince>0</failedSince>
        </case>
        <case>
          <duration>0.0</duration>
          <className>hudson.scheduler.CronTabDayOfWeekLocaleTest</className>
          <testName>isSundayAndNextRunIsFriday[19]</testName>
          <skipped>false</skipped>
          <failedSince>0</failedSince>
        </case>
        <case>
          <duration>0.0</duration>
          <className>hudson.scheduler.CronTabDayOfWeekLocaleTest</className>
          <testName>isSundayAndPreviousRunIsSaturdayAsterisk[19]</testName>
          <skipped>false</skipped>
          <failedSince>0</failedSince>
        </case>
        <case>
          <duration>0.001</duration>
          <className>hudson.scheduler.CronTabDayOfWeekLocaleTest</className>
          <testName>isSundayAndNextRunIsMonday[19]</testName>
          <skipped>false</skipped>
          <failedSince>0</failedSince>
        </case>
        <case>
          <duration>0.0</duration>
          <className>hudson.scheduler.CronTabDayOfWeekLocaleTest</className>
          <testName>isSundayAndPreviousRunIsFriday[19]</testName>
          <skipped>false</skipped>
          <failedSince>0</failedSince>
        </case>
        <case>
          <duration>0.0</duration>
          <className>hudson.scheduler.CronTabDayOfWeekLocaleTest</className>
          <testName>isSundayAndNextRunIsTuesday[19]</testName>
          <skipped>false</skipped>
          <failedSince>0</failedSince>
        </case>
        <case>
          <duration>0.001</duration>
          <className>hudson.scheduler.CronTabDayOfWeekLocaleTest</className>
          <testName>isSundayAndNextRunIsNextSunday7[19]</testName>
          <skipped>false</skipped>
          <failedSince>0</failedSince>
        </case>
        <case>
          <duration>0.0</duration>
          <className>hudson.scheduler.CronTabDayOfWeekLocaleTest</className>
          <testName>isSundayAndPreviousRunIsMonday[19]</testName>
          <skipped>false</skipped>
          <failedSince>0</failedSince>
        </case>
        <case>
          <duration>0.001</duration>
          <className>hudson.scheduler.CronTabDayOfWeekLocaleTest</className>
          <testName>isSaturdayAndNextRunIsSundayAsterisk[19]</testName>
          <skipped>false</skipped>
          <failedSince>0</failedSince>
        </case>
        <case>
          <duration>0.0</duration>
          <className>hudson.scheduler.CronTabDayOfWeekLocaleTest</className>
          <testName>hudson8658[19]</testName>
          <skipped>false</skipped>
          <failedSince>0</failedSince>
        </case>
        <case>
          <duration>0.0</duration>
          <className>hudson.scheduler.CronTabDayOfWeekLocaleTest</className>
          <testName>isSundayAndNextRunIsNextSunday[19]</testName>
          <skipped>false</skipped>
          <failedSince>0</failedSince>
        </case>
        <case>
          <duration>0.0</duration>
          <className>hudson.scheduler.CronTabDayOfWeekLocaleTest</className>
          <testName>isSundayAndNextRunIsThursday[19]</testName>
          <skipped>false</skipped>
          <failedSince>0</failedSince>
        </case>
        <case>
          <duration>0.0</duration>
          <className>hudson.scheduler.CronTabDayOfWeekLocaleTest</className>
          <testName>isSundayAndPreviousRunIsPreviousSunday7[19]</testName>
          <skipped>false</skipped>
          <failedSince>0</failedSince>
        </case>
        <case>
          <duration>0.0</duration>
          <className>hudson.scheduler.CronTabDayOfWeekLocaleTest</className>
          <testName>isSundayAndNextRunIsWednesday[19]</testName>
          <skipped>false</skipped>
          <failedSince>0</failedSince>
        </case>
        <case>
          <duration>0.0</duration>
          <className>hudson.scheduler.CronTabDayOfWeekLocaleTest</className>
          <testName>isSundayAndNextRunIsSaturday[19]</testName>
          <skipped>false</skipped>
          <failedSince>0</failedSince>
        </case>
        <case>
          <duration>0.0</duration>
          <className>hudson.scheduler.CronTabDayOfWeekLocaleTest</className>
          <testName>isSundayAndPreviousRunIsTuesday[20]</testName>
          <skipped>false</skipped>
          <failedSince>0</failedSince>
        </case>
        <case>
          <duration>0.001</duration>
          <className>hudson.scheduler.CronTabDayOfWeekLocaleTest</className>
          <testName>isSundayAndPreviousRunIsThursday[20]</testName>
          <skipped>false</skipped>
          <failedSince>0</failedSince>
        </case>
        <case>
          <duration>0.0</duration>
          <className>hudson.scheduler.CronTabDayOfWeekLocaleTest</className>
          <testName>isSundayAndPreviousRunIsWednesday[20]</testName>
          <skipped>false</skipped>
          <failedSince>0</failedSince>
        </case>
        <case>
          <duration>0.0</duration>
          <className>hudson.scheduler.CronTabDayOfWeekLocaleTest</className>
          <testName>isSundayAndPreviousRunIsSaturday[20]</testName>
          <skipped>false</skipped>
          <failedSince>0</failedSince>
        </case>
        <case>
          <duration>0.001</duration>
          <className>hudson.scheduler.CronTabDayOfWeekLocaleTest</className>
          <testName>isSundayAndPreviousRunIsPreviousSunday[20]</testName>
          <skipped>false</skipped>
          <failedSince>0</failedSince>
        </case>
        <case>
          <duration>0.0</duration>
          <className>hudson.scheduler.CronTabDayOfWeekLocaleTest</className>
          <testName>isSundayAndNextRunIsFriday[20]</testName>
          <skipped>false</skipped>
          <failedSince>0</failedSince>
        </case>
        <case>
          <duration>0.0</duration>
          <className>hudson.scheduler.CronTabDayOfWeekLocaleTest</className>
          <testName>isSundayAndPreviousRunIsSaturdayAsterisk[20]</testName>
          <skipped>false</skipped>
          <failedSince>0</failedSince>
        </case>
        <case>
          <duration>0.001</duration>
          <className>hudson.scheduler.CronTabDayOfWeekLocaleTest</className>
          <testName>isSundayAndNextRunIsMonday[20]</testName>
          <skipped>false</skipped>
          <failedSince>0</failedSince>
        </case>
        <case>
          <duration>0.0</duration>
          <className>hudson.scheduler.CronTabDayOfWeekLocaleTest</className>
          <testName>isSundayAndPreviousRunIsFriday[20]</testName>
          <skipped>false</skipped>
          <failedSince>0</failedSince>
        </case>
        <case>
          <duration>0.0</duration>
          <className>hudson.scheduler.CronTabDayOfWeekLocaleTest</className>
          <testName>isSundayAndNextRunIsTuesday[20]</testName>
          <skipped>false</skipped>
          <failedSince>0</failedSince>
        </case>
        <case>
          <duration>0.0</duration>
          <className>hudson.scheduler.CronTabDayOfWeekLocaleTest</className>
          <testName>isSundayAndNextRunIsNextSunday7[20]</testName>
          <skipped>false</skipped>
          <failedSince>0</failedSince>
        </case>
        <case>
          <duration>0.0</duration>
          <className>hudson.scheduler.CronTabDayOfWeekLocaleTest</className>
          <testName>isSundayAndPreviousRunIsMonday[20]</testName>
          <skipped>false</skipped>
          <failedSince>0</failedSince>
        </case>
        <case>
          <duration>0.0</duration>
          <className>hudson.scheduler.CronTabDayOfWeekLocaleTest</className>
          <testName>isSaturdayAndNextRunIsSundayAsterisk[20]</testName>
          <skipped>false</skipped>
          <failedSince>0</failedSince>
        </case>
        <case>
          <duration>0.001</duration>
          <className>hudson.scheduler.CronTabDayOfWeekLocaleTest</className>
          <testName>hudson8658[20]</testName>
          <skipped>false</skipped>
          <failedSince>0</failedSince>
        </case>
        <case>
          <duration>0.0</duration>
          <className>hudson.scheduler.CronTabDayOfWeekLocaleTest</className>
          <testName>isSundayAndNextRunIsNextSunday[20]</testName>
          <skipped>false</skipped>
          <failedSince>0</failedSince>
        </case>
        <case>
          <duration>0.0</duration>
          <className>hudson.scheduler.CronTabDayOfWeekLocaleTest</className>
          <testName>isSundayAndNextRunIsThursday[20]</testName>
          <skipped>false</skipped>
          <failedSince>0</failedSince>
        </case>
        <case>
          <duration>0.0</duration>
          <className>hudson.scheduler.CronTabDayOfWeekLocaleTest</className>
          <testName>isSundayAndPreviousRunIsPreviousSunday7[20]</testName>
          <skipped>false</skipped>
          <failedSince>0</failedSince>
        </case>
        <case>
          <duration>0.0</duration>
          <className>hudson.scheduler.CronTabDayOfWeekLocaleTest</className>
          <testName>isSundayAndNextRunIsWednesday[20]</testName>
          <skipped>false</skipped>
          <failedSince>0</failedSince>
        </case>
        <case>
          <duration>0.002</duration>
          <className>hudson.scheduler.CronTabDayOfWeekLocaleTest</className>
          <testName>isSundayAndNextRunIsSaturday[20]</testName>
          <skipped>false</skipped>
          <failedSince>0</failedSince>
        </case>
        <case>
          <duration>0.0</duration>
          <className>hudson.scheduler.CronTabDayOfWeekLocaleTest</className>
          <testName>isSundayAndPreviousRunIsTuesday[21]</testName>
          <skipped>false</skipped>
          <failedSince>0</failedSince>
        </case>
        <case>
          <duration>0.0</duration>
          <className>hudson.scheduler.CronTabDayOfWeekLocaleTest</className>
          <testName>isSundayAndPreviousRunIsThursday[21]</testName>
          <skipped>false</skipped>
          <failedSince>0</failedSince>
        </case>
        <case>
          <duration>0.001</duration>
          <className>hudson.scheduler.CronTabDayOfWeekLocaleTest</className>
          <testName>isSundayAndPreviousRunIsWednesday[21]</testName>
          <skipped>false</skipped>
          <failedSince>0</failedSince>
        </case>
        <case>
          <duration>0.0</duration>
          <className>hudson.scheduler.CronTabDayOfWeekLocaleTest</className>
          <testName>isSundayAndPreviousRunIsSaturday[21]</testName>
          <skipped>false</skipped>
          <failedSince>0</failedSince>
        </case>
        <case>
          <duration>0.008</duration>
          <className>hudson.scheduler.CronTabDayOfWeekLocaleTest</className>
          <testName>isSundayAndPreviousRunIsPreviousSunday[21]</testName>
          <skipped>false</skipped>
          <failedSince>0</failedSince>
        </case>
        <case>
          <duration>0.0</duration>
          <className>hudson.scheduler.CronTabDayOfWeekLocaleTest</className>
          <testName>isSundayAndNextRunIsFriday[21]</testName>
          <skipped>false</skipped>
          <failedSince>0</failedSince>
        </case>
        <case>
          <duration>0.001</duration>
          <className>hudson.scheduler.CronTabDayOfWeekLocaleTest</className>
          <testName>isSundayAndPreviousRunIsSaturdayAsterisk[21]</testName>
          <skipped>false</skipped>
          <failedSince>0</failedSince>
        </case>
        <case>
          <duration>0.003</duration>
          <className>hudson.scheduler.CronTabDayOfWeekLocaleTest</className>
          <testName>isSundayAndNextRunIsMonday[21]</testName>
          <skipped>false</skipped>
          <failedSince>0</failedSince>
        </case>
        <case>
          <duration>0.001</duration>
          <className>hudson.scheduler.CronTabDayOfWeekLocaleTest</className>
          <testName>isSundayAndPreviousRunIsFriday[21]</testName>
          <skipped>false</skipped>
          <failedSince>0</failedSince>
        </case>
        <case>
          <duration>0.0</duration>
          <className>hudson.scheduler.CronTabDayOfWeekLocaleTest</className>
          <testName>isSundayAndNextRunIsTuesday[21]</testName>
          <skipped>false</skipped>
          <failedSince>0</failedSince>
        </case>
        <case>
          <duration>0.0</duration>
          <className>hudson.scheduler.CronTabDayOfWeekLocaleTest</className>
          <testName>isSundayAndNextRunIsNextSunday7[21]</testName>
          <skipped>false</skipped>
          <failedSince>0</failedSince>
        </case>
        <case>
          <duration>0.0</duration>
          <className>hudson.scheduler.CronTabDayOfWeekLocaleTest</className>
          <testName>isSundayAndPreviousRunIsMonday[21]</testName>
          <skipped>false</skipped>
          <failedSince>0</failedSince>
        </case>
        <case>
          <duration>0.001</duration>
          <className>hudson.scheduler.CronTabDayOfWeekLocaleTest</className>
          <testName>isSaturdayAndNextRunIsSundayAsterisk[21]</testName>
          <skipped>false</skipped>
          <failedSince>0</failedSince>
        </case>
        <case>
          <duration>0.0</duration>
          <className>hudson.scheduler.CronTabDayOfWeekLocaleTest</className>
          <testName>hudson8658[21]</testName>
          <skipped>false</skipped>
          <failedSince>0</failedSince>
        </case>
        <case>
          <duration>0.0</duration>
          <className>hudson.scheduler.CronTabDayOfWeekLocaleTest</className>
          <testName>isSundayAndNextRunIsNextSunday[21]</testName>
          <skipped>false</skipped>
          <failedSince>0</failedSince>
        </case>
        <case>
          <duration>0.001</duration>
          <className>hudson.scheduler.CronTabDayOfWeekLocaleTest</className>
          <testName>isSundayAndNextRunIsThursday[21]</testName>
          <skipped>false</skipped>
          <failedSince>0</failedSince>
        </case>
        <case>
          <duration>0.0</duration>
          <className>hudson.scheduler.CronTabDayOfWeekLocaleTest</className>
          <testName>isSundayAndPreviousRunIsPreviousSunday7[21]</testName>
          <skipped>false</skipped>
          <failedSince>0</failedSince>
        </case>
        <case>
          <duration>0.0</duration>
          <className>hudson.scheduler.CronTabDayOfWeekLocaleTest</className>
          <testName>isSundayAndNextRunIsWednesday[21]</testName>
          <skipped>false</skipped>
          <failedSince>0</failedSince>
        </case>
        <case>
          <duration>0.0</duration>
          <className>hudson.scheduler.CronTabDayOfWeekLocaleTest</className>
          <testName>isSundayAndNextRunIsSaturday[21]</testName>
          <skipped>false</skipped>
          <failedSince>0</failedSince>
        </case>
        <case>
          <duration>0.0</duration>
          <className>hudson.scheduler.CronTabDayOfWeekLocaleTest</className>
          <testName>isSundayAndPreviousRunIsTuesday[22]</testName>
          <skipped>false</skipped>
          <failedSince>0</failedSince>
        </case>
        <case>
          <duration>0.001</duration>
          <className>hudson.scheduler.CronTabDayOfWeekLocaleTest</className>
          <testName>isSundayAndPreviousRunIsThursday[22]</testName>
          <skipped>false</skipped>
          <failedSince>0</failedSince>
        </case>
        <case>
          <duration>0.0</duration>
          <className>hudson.scheduler.CronTabDayOfWeekLocaleTest</className>
          <testName>isSundayAndPreviousRunIsWednesday[22]</testName>
          <skipped>false</skipped>
          <failedSince>0</failedSince>
        </case>
        <case>
          <duration>0.0</duration>
          <className>hudson.scheduler.CronTabDayOfWeekLocaleTest</className>
          <testName>isSundayAndPreviousRunIsSaturday[22]</testName>
          <skipped>false</skipped>
          <failedSince>0</failedSince>
        </case>
        <case>
          <duration>0.001</duration>
          <className>hudson.scheduler.CronTabDayOfWeekLocaleTest</className>
          <testName>isSundayAndPreviousRunIsPreviousSunday[22]</testName>
          <skipped>false</skipped>
          <failedSince>0</failedSince>
        </case>
        <case>
          <duration>0.0</duration>
          <className>hudson.scheduler.CronTabDayOfWeekLocaleTest</className>
          <testName>isSundayAndNextRunIsFriday[22]</testName>
          <skipped>false</skipped>
          <failedSince>0</failedSince>
        </case>
        <case>
          <duration>0.0</duration>
          <className>hudson.scheduler.CronTabDayOfWeekLocaleTest</className>
          <testName>isSundayAndPreviousRunIsSaturdayAsterisk[22]</testName>
          <skipped>false</skipped>
          <failedSince>0</failedSince>
        </case>
        <case>
          <duration>0.0</duration>
          <className>hudson.scheduler.CronTabDayOfWeekLocaleTest</className>
          <testName>isSundayAndNextRunIsMonday[22]</testName>
          <skipped>false</skipped>
          <failedSince>0</failedSince>
        </case>
        <case>
          <duration>0.0</duration>
          <className>hudson.scheduler.CronTabDayOfWeekLocaleTest</className>
          <testName>isSundayAndPreviousRunIsFriday[22]</testName>
          <skipped>false</skipped>
          <failedSince>0</failedSince>
        </case>
        <case>
          <duration>0.0</duration>
          <className>hudson.scheduler.CronTabDayOfWeekLocaleTest</className>
          <testName>isSundayAndNextRunIsTuesday[22]</testName>
          <skipped>false</skipped>
          <failedSince>0</failedSince>
        </case>
        <case>
          <duration>0.0</duration>
          <className>hudson.scheduler.CronTabDayOfWeekLocaleTest</className>
          <testName>isSundayAndNextRunIsNextSunday7[22]</testName>
          <skipped>false</skipped>
          <failedSince>0</failedSince>
        </case>
        <case>
          <duration>0.0</duration>
          <className>hudson.scheduler.CronTabDayOfWeekLocaleTest</className>
          <testName>isSundayAndPreviousRunIsMonday[22]</testName>
          <skipped>false</skipped>
          <failedSince>0</failedSince>
        </case>
        <case>
          <duration>0.0</duration>
          <className>hudson.scheduler.CronTabDayOfWeekLocaleTest</className>
          <testName>isSaturdayAndNextRunIsSundayAsterisk[22]</testName>
          <skipped>false</skipped>
          <failedSince>0</failedSince>
        </case>
        <case>
          <duration>0.0</duration>
          <className>hudson.scheduler.CronTabDayOfWeekLocaleTest</className>
          <testName>hudson8658[22]</testName>
          <skipped>false</skipped>
          <failedSince>0</failedSince>
        </case>
        <case>
          <duration>0.001</duration>
          <className>hudson.scheduler.CronTabDayOfWeekLocaleTest</className>
          <testName>isSundayAndNextRunIsNextSunday[22]</testName>
          <skipped>false</skipped>
          <failedSince>0</failedSince>
        </case>
        <case>
          <duration>0.0</duration>
          <className>hudson.scheduler.CronTabDayOfWeekLocaleTest</className>
          <testName>isSundayAndNextRunIsThursday[22]</testName>
          <skipped>false</skipped>
          <failedSince>0</failedSince>
        </case>
        <case>
          <duration>0.001</duration>
          <className>hudson.scheduler.CronTabDayOfWeekLocaleTest</className>
          <testName>isSundayAndPreviousRunIsPreviousSunday7[22]</testName>
          <skipped>false</skipped>
          <failedSince>0</failedSince>
        </case>
        <case>
          <duration>0.0</duration>
          <className>hudson.scheduler.CronTabDayOfWeekLocaleTest</className>
          <testName>isSundayAndNextRunIsWednesday[22]</testName>
          <skipped>false</skipped>
          <failedSince>0</failedSince>
        </case>
        <case>
          <duration>0.0</duration>
          <className>hudson.scheduler.CronTabDayOfWeekLocaleTest</className>
          <testName>isSundayAndNextRunIsSaturday[22]</testName>
          <skipped>false</skipped>
          <failedSince>0</failedSince>
        </case>
        <case>
          <duration>0.001</duration>
          <className>hudson.scheduler.CronTabDayOfWeekLocaleTest</className>
          <testName>isSundayAndPreviousRunIsTuesday[23]</testName>
          <skipped>false</skipped>
          <failedSince>0</failedSince>
        </case>
        <case>
          <duration>0.0</duration>
          <className>hudson.scheduler.CronTabDayOfWeekLocaleTest</className>
          <testName>isSundayAndPreviousRunIsThursday[23]</testName>
          <skipped>false</skipped>
          <failedSince>0</failedSince>
        </case>
        <case>
          <duration>0.0</duration>
          <className>hudson.scheduler.CronTabDayOfWeekLocaleTest</className>
          <testName>isSundayAndPreviousRunIsWednesday[23]</testName>
          <skipped>false</skipped>
          <failedSince>0</failedSince>
        </case>
        <case>
          <duration>0.001</duration>
          <className>hudson.scheduler.CronTabDayOfWeekLocaleTest</className>
          <testName>isSundayAndPreviousRunIsSaturday[23]</testName>
          <skipped>false</skipped>
          <failedSince>0</failedSince>
        </case>
        <case>
          <duration>0.0</duration>
          <className>hudson.scheduler.CronTabDayOfWeekLocaleTest</className>
          <testName>isSundayAndPreviousRunIsPreviousSunday[23]</testName>
          <skipped>false</skipped>
          <failedSince>0</failedSince>
        </case>
        <case>
          <duration>0.0</duration>
          <className>hudson.scheduler.CronTabDayOfWeekLocaleTest</className>
          <testName>isSundayAndNextRunIsFriday[23]</testName>
          <skipped>false</skipped>
          <failedSince>0</failedSince>
        </case>
        <case>
          <duration>0.0</duration>
          <className>hudson.scheduler.CronTabDayOfWeekLocaleTest</className>
          <testName>isSundayAndPreviousRunIsSaturdayAsterisk[23]</testName>
          <skipped>false</skipped>
          <failedSince>0</failedSince>
        </case>
        <case>
          <duration>0.0</duration>
          <className>hudson.scheduler.CronTabDayOfWeekLocaleTest</className>
          <testName>isSundayAndNextRunIsMonday[23]</testName>
          <skipped>false</skipped>
          <failedSince>0</failedSince>
        </case>
        <case>
          <duration>0.0</duration>
          <className>hudson.scheduler.CronTabDayOfWeekLocaleTest</className>
          <testName>isSundayAndPreviousRunIsFriday[23]</testName>
          <skipped>false</skipped>
          <failedSince>0</failedSince>
        </case>
        <case>
          <duration>0.0</duration>
          <className>hudson.scheduler.CronTabDayOfWeekLocaleTest</className>
          <testName>isSundayAndNextRunIsTuesday[23]</testName>
          <skipped>false</skipped>
          <failedSince>0</failedSince>
        </case>
        <case>
          <duration>0.0</duration>
          <className>hudson.scheduler.CronTabDayOfWeekLocaleTest</className>
          <testName>isSundayAndNextRunIsNextSunday7[23]</testName>
          <skipped>false</skipped>
          <failedSince>0</failedSince>
        </case>
        <case>
          <duration>0.0</duration>
          <className>hudson.scheduler.CronTabDayOfWeekLocaleTest</className>
          <testName>isSundayAndPreviousRunIsMonday[23]</testName>
          <skipped>false</skipped>
          <failedSince>0</failedSince>
        </case>
        <case>
          <duration>0.0</duration>
          <className>hudson.scheduler.CronTabDayOfWeekLocaleTest</className>
          <testName>isSaturdayAndNextRunIsSundayAsterisk[23]</testName>
          <skipped>false</skipped>
          <failedSince>0</failedSince>
        </case>
        <case>
          <duration>0.0</duration>
          <className>hudson.scheduler.CronTabDayOfWeekLocaleTest</className>
          <testName>hudson8658[23]</testName>
          <skipped>false</skipped>
          <failedSince>0</failedSince>
        </case>
        <case>
          <duration>0.0</duration>
          <className>hudson.scheduler.CronTabDayOfWeekLocaleTest</className>
          <testName>isSundayAndNextRunIsNextSunday[23]</testName>
          <skipped>false</skipped>
          <failedSince>0</failedSince>
        </case>
        <case>
          <duration>0.0</duration>
          <className>hudson.scheduler.CronTabDayOfWeekLocaleTest</className>
          <testName>isSundayAndNextRunIsThursday[23]</testName>
          <skipped>false</skipped>
          <failedSince>0</failedSince>
        </case>
        <case>
          <duration>0.0</duration>
          <className>hudson.scheduler.CronTabDayOfWeekLocaleTest</className>
          <testName>isSundayAndPreviousRunIsPreviousSunday7[23]</testName>
          <skipped>false</skipped>
          <failedSince>0</failedSince>
        </case>
        <case>
          <duration>0.0</duration>
          <className>hudson.scheduler.CronTabDayOfWeekLocaleTest</className>
          <testName>isSundayAndNextRunIsWednesday[23]</testName>
          <skipped>false</skipped>
          <failedSince>0</failedSince>
        </case>
        <case>
          <duration>0.0</duration>
          <className>hudson.scheduler.CronTabDayOfWeekLocaleTest</className>
          <testName>isSundayAndNextRunIsSaturday[23]</testName>
          <skipped>false</skipped>
          <failedSince>0</failedSince>
        </case>
        <case>
          <duration>0.0</duration>
          <className>hudson.scheduler.CronTabDayOfWeekLocaleTest</className>
          <testName>isSundayAndPreviousRunIsTuesday[24]</testName>
          <skipped>false</skipped>
          <failedSince>0</failedSince>
        </case>
        <case>
          <duration>0.001</duration>
          <className>hudson.scheduler.CronTabDayOfWeekLocaleTest</className>
          <testName>isSundayAndPreviousRunIsThursday[24]</testName>
          <skipped>false</skipped>
          <failedSince>0</failedSince>
        </case>
        <case>
          <duration>0.0</duration>
          <className>hudson.scheduler.CronTabDayOfWeekLocaleTest</className>
          <testName>isSundayAndPreviousRunIsWednesday[24]</testName>
          <skipped>false</skipped>
          <failedSince>0</failedSince>
        </case>
        <case>
          <duration>0.0</duration>
          <className>hudson.scheduler.CronTabDayOfWeekLocaleTest</className>
          <testName>isSundayAndPreviousRunIsSaturday[24]</testName>
          <skipped>false</skipped>
          <failedSince>0</failedSince>
        </case>
        <case>
          <duration>0.001</duration>
          <className>hudson.scheduler.CronTabDayOfWeekLocaleTest</className>
          <testName>isSundayAndPreviousRunIsPreviousSunday[24]</testName>
          <skipped>false</skipped>
          <failedSince>0</failedSince>
        </case>
        <case>
          <duration>0.0</duration>
          <className>hudson.scheduler.CronTabDayOfWeekLocaleTest</className>
          <testName>isSundayAndNextRunIsFriday[24]</testName>
          <skipped>false</skipped>
          <failedSince>0</failedSince>
        </case>
        <case>
          <duration>0.0</duration>
          <className>hudson.scheduler.CronTabDayOfWeekLocaleTest</className>
          <testName>isSundayAndPreviousRunIsSaturdayAsterisk[24]</testName>
          <skipped>false</skipped>
          <failedSince>0</failedSince>
        </case>
        <case>
          <duration>0.001</duration>
          <className>hudson.scheduler.CronTabDayOfWeekLocaleTest</className>
          <testName>isSundayAndNextRunIsMonday[24]</testName>
          <skipped>false</skipped>
          <failedSince>0</failedSince>
        </case>
        <case>
          <duration>0.0</duration>
          <className>hudson.scheduler.CronTabDayOfWeekLocaleTest</className>
          <testName>isSundayAndPreviousRunIsFriday[24]</testName>
          <skipped>false</skipped>
          <failedSince>0</failedSince>
        </case>
        <case>
          <duration>0.0</duration>
          <className>hudson.scheduler.CronTabDayOfWeekLocaleTest</className>
          <testName>isSundayAndNextRunIsTuesday[24]</testName>
          <skipped>false</skipped>
          <failedSince>0</failedSince>
        </case>
        <case>
          <duration>0.0</duration>
          <className>hudson.scheduler.CronTabDayOfWeekLocaleTest</className>
          <testName>isSundayAndNextRunIsNextSunday7[24]</testName>
          <skipped>false</skipped>
          <failedSince>0</failedSince>
        </case>
        <case>
          <duration>0.001</duration>
          <className>hudson.scheduler.CronTabDayOfWeekLocaleTest</className>
          <testName>isSundayAndPreviousRunIsMonday[24]</testName>
          <skipped>false</skipped>
          <failedSince>0</failedSince>
        </case>
        <case>
          <duration>0.0</duration>
          <className>hudson.scheduler.CronTabDayOfWeekLocaleTest</className>
          <testName>isSaturdayAndNextRunIsSundayAsterisk[24]</testName>
          <skipped>false</skipped>
          <failedSince>0</failedSince>
        </case>
        <case>
          <duration>0.0</duration>
          <className>hudson.scheduler.CronTabDayOfWeekLocaleTest</className>
          <testName>hudson8658[24]</testName>
          <skipped>false</skipped>
          <failedSince>0</failedSince>
        </case>
        <case>
          <duration>0.0</duration>
          <className>hudson.scheduler.CronTabDayOfWeekLocaleTest</className>
          <testName>isSundayAndNextRunIsNextSunday[24]</testName>
          <skipped>false</skipped>
          <failedSince>0</failedSince>
        </case>
        <case>
          <duration>0.0</duration>
          <className>hudson.scheduler.CronTabDayOfWeekLocaleTest</className>
          <testName>isSundayAndNextRunIsThursday[24]</testName>
          <skipped>false</skipped>
          <failedSince>0</failedSince>
        </case>
        <case>
          <duration>0.0</duration>
          <className>hudson.scheduler.CronTabDayOfWeekLocaleTest</className>
          <testName>isSundayAndPreviousRunIsPreviousSunday7[24]</testName>
          <skipped>false</skipped>
          <failedSince>0</failedSince>
        </case>
        <case>
          <duration>0.001</duration>
          <className>hudson.scheduler.CronTabDayOfWeekLocaleTest</className>
          <testName>isSundayAndNextRunIsWednesday[24]</testName>
          <skipped>false</skipped>
          <failedSince>0</failedSince>
        </case>
        <case>
          <duration>0.0</duration>
          <className>hudson.scheduler.CronTabDayOfWeekLocaleTest</className>
          <testName>isSundayAndNextRunIsSaturday[24]</testName>
          <skipped>false</skipped>
          <failedSince>0</failedSince>
        </case>
        <case>
          <duration>0.0</duration>
          <className>hudson.scheduler.CronTabDayOfWeekLocaleTest</className>
          <testName>isSundayAndPreviousRunIsTuesday[25]</testName>
          <skipped>false</skipped>
          <failedSince>0</failedSince>
        </case>
        <case>
          <duration>0.0</duration>
          <className>hudson.scheduler.CronTabDayOfWeekLocaleTest</className>
          <testName>isSundayAndPreviousRunIsThursday[25]</testName>
          <skipped>false</skipped>
          <failedSince>0</failedSince>
        </case>
        <case>
          <duration>0.0</duration>
          <className>hudson.scheduler.CronTabDayOfWeekLocaleTest</className>
          <testName>isSundayAndPreviousRunIsWednesday[25]</testName>
          <skipped>false</skipped>
          <failedSince>0</failedSince>
        </case>
        <case>
          <duration>0.0</duration>
          <className>hudson.scheduler.CronTabDayOfWeekLocaleTest</className>
          <testName>isSundayAndPreviousRunIsSaturday[25]</testName>
          <skipped>false</skipped>
          <failedSince>0</failedSince>
        </case>
        <case>
          <duration>0.0</duration>
          <className>hudson.scheduler.CronTabDayOfWeekLocaleTest</className>
          <testName>isSundayAndPreviousRunIsPreviousSunday[25]</testName>
          <skipped>false</skipped>
          <failedSince>0</failedSince>
        </case>
        <case>
          <duration>0.0</duration>
          <className>hudson.scheduler.CronTabDayOfWeekLocaleTest</className>
          <testName>isSundayAndNextRunIsFriday[25]</testName>
          <skipped>false</skipped>
          <failedSince>0</failedSince>
        </case>
        <case>
          <duration>0.0</duration>
          <className>hudson.scheduler.CronTabDayOfWeekLocaleTest</className>
          <testName>isSundayAndPreviousRunIsSaturdayAsterisk[25]</testName>
          <skipped>false</skipped>
          <failedSince>0</failedSince>
        </case>
        <case>
          <duration>0.0</duration>
          <className>hudson.scheduler.CronTabDayOfWeekLocaleTest</className>
          <testName>isSundayAndNextRunIsMonday[25]</testName>
          <skipped>false</skipped>
          <failedSince>0</failedSince>
        </case>
        <case>
          <duration>0.0</duration>
          <className>hudson.scheduler.CronTabDayOfWeekLocaleTest</className>
          <testName>isSundayAndPreviousRunIsFriday[25]</testName>
          <skipped>false</skipped>
          <failedSince>0</failedSince>
        </case>
        <case>
          <duration>0.001</duration>
          <className>hudson.scheduler.CronTabDayOfWeekLocaleTest</className>
          <testName>isSundayAndNextRunIsTuesday[25]</testName>
          <skipped>false</skipped>
          <failedSince>0</failedSince>
        </case>
        <case>
          <duration>0.0</duration>
          <className>hudson.scheduler.CronTabDayOfWeekLocaleTest</className>
          <testName>isSundayAndNextRunIsNextSunday7[25]</testName>
          <skipped>false</skipped>
          <failedSince>0</failedSince>
        </case>
        <case>
          <duration>0.0</duration>
          <className>hudson.scheduler.CronTabDayOfWeekLocaleTest</className>
          <testName>isSundayAndPreviousRunIsMonday[25]</testName>
          <skipped>false</skipped>
          <failedSince>0</failedSince>
        </case>
        <case>
          <duration>0.001</duration>
          <className>hudson.scheduler.CronTabDayOfWeekLocaleTest</className>
          <testName>isSaturdayAndNextRunIsSundayAsterisk[25]</testName>
          <skipped>false</skipped>
          <failedSince>0</failedSince>
        </case>
        <case>
          <duration>0.0</duration>
          <className>hudson.scheduler.CronTabDayOfWeekLocaleTest</className>
          <testName>hudson8658[25]</testName>
          <skipped>false</skipped>
          <failedSince>0</failedSince>
        </case>
        <case>
          <duration>0.0</duration>
          <className>hudson.scheduler.CronTabDayOfWeekLocaleTest</className>
          <testName>isSundayAndNextRunIsNextSunday[25]</testName>
          <skipped>false</skipped>
          <failedSince>0</failedSince>
        </case>
        <case>
          <duration>0.001</duration>
          <className>hudson.scheduler.CronTabDayOfWeekLocaleTest</className>
          <testName>isSundayAndNextRunIsThursday[25]</testName>
          <skipped>false</skipped>
          <failedSince>0</failedSince>
        </case>
        <case>
          <duration>0.0</duration>
          <className>hudson.scheduler.CronTabDayOfWeekLocaleTest</className>
          <testName>isSundayAndPreviousRunIsPreviousSunday7[25]</testName>
          <skipped>false</skipped>
          <failedSince>0</failedSince>
        </case>
        <case>
          <duration>0.0</duration>
          <className>hudson.scheduler.CronTabDayOfWeekLocaleTest</className>
          <testName>isSundayAndNextRunIsWednesday[25]</testName>
          <skipped>false</skipped>
          <failedSince>0</failedSince>
        </case>
        <case>
          <duration>0.0</duration>
          <className>hudson.scheduler.CronTabDayOfWeekLocaleTest</className>
          <testName>isSundayAndNextRunIsSaturday[25]</testName>
          <skipped>false</skipped>
          <failedSince>0</failedSince>
        </case>
        <case>
          <duration>0.0</duration>
          <className>hudson.scheduler.CronTabDayOfWeekLocaleTest</className>
          <testName>isSundayAndPreviousRunIsTuesday[26]</testName>
          <skipped>false</skipped>
          <failedSince>0</failedSince>
        </case>
        <case>
          <duration>0.0</duration>
          <className>hudson.scheduler.CronTabDayOfWeekLocaleTest</className>
          <testName>isSundayAndPreviousRunIsThursday[26]</testName>
          <skipped>false</skipped>
          <failedSince>0</failedSince>
        </case>
        <case>
          <duration>0.001</duration>
          <className>hudson.scheduler.CronTabDayOfWeekLocaleTest</className>
          <testName>isSundayAndPreviousRunIsWednesday[26]</testName>
          <skipped>false</skipped>
          <failedSince>0</failedSince>
        </case>
        <case>
          <duration>0.0</duration>
          <className>hudson.scheduler.CronTabDayOfWeekLocaleTest</className>
          <testName>isSundayAndPreviousRunIsSaturday[26]</testName>
          <skipped>false</skipped>
          <failedSince>0</failedSince>
        </case>
        <case>
          <duration>0.001</duration>
          <className>hudson.scheduler.CronTabDayOfWeekLocaleTest</className>
          <testName>isSundayAndPreviousRunIsPreviousSunday[26]</testName>
          <skipped>false</skipped>
          <failedSince>0</failedSince>
        </case>
        <case>
          <duration>0.0</duration>
          <className>hudson.scheduler.CronTabDayOfWeekLocaleTest</className>
          <testName>isSundayAndNextRunIsFriday[26]</testName>
          <skipped>false</skipped>
          <failedSince>0</failedSince>
        </case>
        <case>
          <duration>0.0</duration>
          <className>hudson.scheduler.CronTabDayOfWeekLocaleTest</className>
          <testName>isSundayAndPreviousRunIsSaturdayAsterisk[26]</testName>
          <skipped>false</skipped>
          <failedSince>0</failedSince>
        </case>
        <case>
          <duration>0.0</duration>
          <className>hudson.scheduler.CronTabDayOfWeekLocaleTest</className>
          <testName>isSundayAndNextRunIsMonday[26]</testName>
          <skipped>false</skipped>
          <failedSince>0</failedSince>
        </case>
        <case>
          <duration>0.0</duration>
          <className>hudson.scheduler.CronTabDayOfWeekLocaleTest</className>
          <testName>isSundayAndPreviousRunIsFriday[26]</testName>
          <skipped>false</skipped>
          <failedSince>0</failedSince>
        </case>
        <case>
          <duration>0.0</duration>
          <className>hudson.scheduler.CronTabDayOfWeekLocaleTest</className>
          <testName>isSundayAndNextRunIsTuesday[26]</testName>
          <skipped>false</skipped>
          <failedSince>0</failedSince>
        </case>
        <case>
          <duration>0.0</duration>
          <className>hudson.scheduler.CronTabDayOfWeekLocaleTest</className>
          <testName>isSundayAndNextRunIsNextSunday7[26]</testName>
          <skipped>false</skipped>
          <failedSince>0</failedSince>
        </case>
        <case>
          <duration>0.0</duration>
          <className>hudson.scheduler.CronTabDayOfWeekLocaleTest</className>
          <testName>isSundayAndPreviousRunIsMonday[26]</testName>
          <skipped>false</skipped>
          <failedSince>0</failedSince>
        </case>
        <case>
          <duration>0.0</duration>
          <className>hudson.scheduler.CronTabDayOfWeekLocaleTest</className>
          <testName>isSaturdayAndNextRunIsSundayAsterisk[26]</testName>
          <skipped>false</skipped>
          <failedSince>0</failedSince>
        </case>
        <case>
          <duration>0.0</duration>
          <className>hudson.scheduler.CronTabDayOfWeekLocaleTest</className>
          <testName>hudson8658[26]</testName>
          <skipped>false</skipped>
          <failedSince>0</failedSince>
        </case>
        <case>
          <duration>0.001</duration>
          <className>hudson.scheduler.CronTabDayOfWeekLocaleTest</className>
          <testName>isSundayAndNextRunIsNextSunday[26]</testName>
          <skipped>false</skipped>
          <failedSince>0</failedSince>
        </case>
        <case>
          <duration>0.0</duration>
          <className>hudson.scheduler.CronTabDayOfWeekLocaleTest</className>
          <testName>isSundayAndNextRunIsThursday[26]</testName>
          <skipped>false</skipped>
          <failedSince>0</failedSince>
        </case>
        <case>
          <duration>0.0</duration>
          <className>hudson.scheduler.CronTabDayOfWeekLocaleTest</className>
          <testName>isSundayAndPreviousRunIsPreviousSunday7[26]</testName>
          <skipped>false</skipped>
          <failedSince>0</failedSince>
        </case>
        <case>
          <duration>0.0</duration>
          <className>hudson.scheduler.CronTabDayOfWeekLocaleTest</className>
          <testName>isSundayAndNextRunIsWednesday[26]</testName>
          <skipped>false</skipped>
          <failedSince>0</failedSince>
        </case>
        <case>
          <duration>0.0</duration>
          <className>hudson.scheduler.CronTabDayOfWeekLocaleTest</className>
          <testName>isSundayAndNextRunIsSaturday[26]</testName>
          <skipped>false</skipped>
          <failedSince>0</failedSince>
        </case>
        <case>
          <duration>0.001</duration>
          <className>hudson.scheduler.CronTabDayOfWeekLocaleTest</className>
          <testName>isSundayAndPreviousRunIsTuesday[27]</testName>
          <skipped>false</skipped>
          <failedSince>0</failedSince>
        </case>
        <case>
          <duration>0.0</duration>
          <className>hudson.scheduler.CronTabDayOfWeekLocaleTest</className>
          <testName>isSundayAndPreviousRunIsThursday[27]</testName>
          <skipped>false</skipped>
          <failedSince>0</failedSince>
        </case>
        <case>
          <duration>0.0</duration>
          <className>hudson.scheduler.CronTabDayOfWeekLocaleTest</className>
          <testName>isSundayAndPreviousRunIsWednesday[27]</testName>
          <skipped>false</skipped>
          <failedSince>0</failedSince>
        </case>
        <case>
          <duration>0.001</duration>
          <className>hudson.scheduler.CronTabDayOfWeekLocaleTest</className>
          <testName>isSundayAndPreviousRunIsSaturday[27]</testName>
          <skipped>false</skipped>
          <failedSince>0</failedSince>
        </case>
        <case>
          <duration>0.0</duration>
          <className>hudson.scheduler.CronTabDayOfWeekLocaleTest</className>
          <testName>isSundayAndPreviousRunIsPreviousSunday[27]</testName>
          <skipped>false</skipped>
          <failedSince>0</failedSince>
        </case>
        <case>
          <duration>0.0</duration>
          <className>hudson.scheduler.CronTabDayOfWeekLocaleTest</className>
          <testName>isSundayAndNextRunIsFriday[27]</testName>
          <skipped>false</skipped>
          <failedSince>0</failedSince>
        </case>
        <case>
          <duration>0.001</duration>
          <className>hudson.scheduler.CronTabDayOfWeekLocaleTest</className>
          <testName>isSundayAndPreviousRunIsSaturdayAsterisk[27]</testName>
          <skipped>false</skipped>
          <failedSince>0</failedSince>
        </case>
        <case>
          <duration>0.0</duration>
          <className>hudson.scheduler.CronTabDayOfWeekLocaleTest</className>
          <testName>isSundayAndNextRunIsMonday[27]</testName>
          <skipped>false</skipped>
          <failedSince>0</failedSince>
        </case>
        <case>
          <duration>0.0</duration>
          <className>hudson.scheduler.CronTabDayOfWeekLocaleTest</className>
          <testName>isSundayAndPreviousRunIsFriday[27]</testName>
          <skipped>false</skipped>
          <failedSince>0</failedSince>
        </case>
        <case>
          <duration>0.0</duration>
          <className>hudson.scheduler.CronTabDayOfWeekLocaleTest</className>
          <testName>isSundayAndNextRunIsTuesday[27]</testName>
          <skipped>false</skipped>
          <failedSince>0</failedSince>
        </case>
        <case>
          <duration>0.0</duration>
          <className>hudson.scheduler.CronTabDayOfWeekLocaleTest</className>
          <testName>isSundayAndNextRunIsNextSunday7[27]</testName>
          <skipped>false</skipped>
          <failedSince>0</failedSince>
        </case>
        <case>
          <duration>0.0</duration>
          <className>hudson.scheduler.CronTabDayOfWeekLocaleTest</className>
          <testName>isSundayAndPreviousRunIsMonday[27]</testName>
          <skipped>false</skipped>
          <failedSince>0</failedSince>
        </case>
        <case>
          <duration>0.001</duration>
          <className>hudson.scheduler.CronTabDayOfWeekLocaleTest</className>
          <testName>isSaturdayAndNextRunIsSundayAsterisk[27]</testName>
          <skipped>false</skipped>
          <failedSince>0</failedSince>
        </case>
        <case>
          <duration>0.0</duration>
          <className>hudson.scheduler.CronTabDayOfWeekLocaleTest</className>
          <testName>hudson8658[27]</testName>
          <skipped>false</skipped>
          <failedSince>0</failedSince>
        </case>
        <case>
          <duration>0.0</duration>
          <className>hudson.scheduler.CronTabDayOfWeekLocaleTest</className>
          <testName>isSundayAndNextRunIsNextSunday[27]</testName>
          <skipped>false</skipped>
          <failedSince>0</failedSince>
        </case>
        <case>
          <duration>0.001</duration>
          <className>hudson.scheduler.CronTabDayOfWeekLocaleTest</className>
          <testName>isSundayAndNextRunIsThursday[27]</testName>
          <skipped>false</skipped>
          <failedSince>0</failedSince>
        </case>
        <case>
          <duration>0.0</duration>
          <className>hudson.scheduler.CronTabDayOfWeekLocaleTest</className>
          <testName>isSundayAndPreviousRunIsPreviousSunday7[27]</testName>
          <skipped>false</skipped>
          <failedSince>0</failedSince>
        </case>
        <case>
          <duration>0.0</duration>
          <className>hudson.scheduler.CronTabDayOfWeekLocaleTest</className>
          <testName>isSundayAndNextRunIsWednesday[27]</testName>
          <skipped>false</skipped>
          <failedSince>0</failedSince>
        </case>
        <case>
          <duration>0.0</duration>
          <className>hudson.scheduler.CronTabDayOfWeekLocaleTest</className>
          <testName>isSundayAndNextRunIsSaturday[27]</testName>
          <skipped>false</skipped>
          <failedSince>0</failedSince>
        </case>
        <case>
          <duration>0.001</duration>
          <className>hudson.scheduler.CronTabDayOfWeekLocaleTest</className>
          <testName>isSundayAndPreviousRunIsTuesday[28]</testName>
          <skipped>false</skipped>
          <failedSince>0</failedSince>
        </case>
        <case>
          <duration>0.0</duration>
          <className>hudson.scheduler.CronTabDayOfWeekLocaleTest</className>
          <testName>isSundayAndPreviousRunIsThursday[28]</testName>
          <skipped>false</skipped>
          <failedSince>0</failedSince>
        </case>
        <case>
          <duration>0.0</duration>
          <className>hudson.scheduler.CronTabDayOfWeekLocaleTest</className>
          <testName>isSundayAndPreviousRunIsWednesday[28]</testName>
          <skipped>false</skipped>
          <failedSince>0</failedSince>
        </case>
        <case>
          <duration>0.001</duration>
          <className>hudson.scheduler.CronTabDayOfWeekLocaleTest</className>
          <testName>isSundayAndPreviousRunIsSaturday[28]</testName>
          <skipped>false</skipped>
          <failedSince>0</failedSince>
        </case>
        <case>
          <duration>0.0</duration>
          <className>hudson.scheduler.CronTabDayOfWeekLocaleTest</className>
          <testName>isSundayAndPreviousRunIsPreviousSunday[28]</testName>
          <skipped>false</skipped>
          <failedSince>0</failedSince>
        </case>
        <case>
          <duration>0.0</duration>
          <className>hudson.scheduler.CronTabDayOfWeekLocaleTest</className>
          <testName>isSundayAndNextRunIsFriday[28]</testName>
          <skipped>false</skipped>
          <failedSince>0</failedSince>
        </case>
        <case>
          <duration>0.001</duration>
          <className>hudson.scheduler.CronTabDayOfWeekLocaleTest</className>
          <testName>isSundayAndPreviousRunIsSaturdayAsterisk[28]</testName>
          <skipped>false</skipped>
          <failedSince>0</failedSince>
        </case>
        <case>
          <duration>0.0</duration>
          <className>hudson.scheduler.CronTabDayOfWeekLocaleTest</className>
          <testName>isSundayAndNextRunIsMonday[28]</testName>
          <skipped>false</skipped>
          <failedSince>0</failedSince>
        </case>
        <case>
          <duration>0.0</duration>
          <className>hudson.scheduler.CronTabDayOfWeekLocaleTest</className>
          <testName>isSundayAndPreviousRunIsFriday[28]</testName>
          <skipped>false</skipped>
          <failedSince>0</failedSince>
        </case>
        <case>
          <duration>0.001</duration>
          <className>hudson.scheduler.CronTabDayOfWeekLocaleTest</className>
          <testName>isSundayAndNextRunIsTuesday[28]</testName>
          <skipped>false</skipped>
          <failedSince>0</failedSince>
        </case>
        <case>
          <duration>0.0</duration>
          <className>hudson.scheduler.CronTabDayOfWeekLocaleTest</className>
          <testName>isSundayAndNextRunIsNextSunday7[28]</testName>
          <skipped>false</skipped>
          <failedSince>0</failedSince>
        </case>
        <case>
          <duration>0.0</duration>
          <className>hudson.scheduler.CronTabDayOfWeekLocaleTest</className>
          <testName>isSundayAndPreviousRunIsMonday[28]</testName>
          <skipped>false</skipped>
          <failedSince>0</failedSince>
        </case>
        <case>
          <duration>0.0</duration>
          <className>hudson.scheduler.CronTabDayOfWeekLocaleTest</className>
          <testName>isSaturdayAndNextRunIsSundayAsterisk[28]</testName>
          <skipped>false</skipped>
          <failedSince>0</failedSince>
        </case>
        <case>
          <duration>0.0</duration>
          <className>hudson.scheduler.CronTabDayOfWeekLocaleTest</className>
          <testName>hudson8658[28]</testName>
          <skipped>false</skipped>
          <failedSince>0</failedSince>
        </case>
        <case>
          <duration>0.0</duration>
          <className>hudson.scheduler.CronTabDayOfWeekLocaleTest</className>
          <testName>isSundayAndNextRunIsNextSunday[28]</testName>
          <skipped>false</skipped>
          <failedSince>0</failedSince>
        </case>
        <case>
          <duration>0.0</duration>
          <className>hudson.scheduler.CronTabDayOfWeekLocaleTest</className>
          <testName>isSundayAndNextRunIsThursday[28]</testName>
          <skipped>false</skipped>
          <failedSince>0</failedSince>
        </case>
        <case>
          <duration>0.0</duration>
          <className>hudson.scheduler.CronTabDayOfWeekLocaleTest</className>
          <testName>isSundayAndPreviousRunIsPreviousSunday7[28]</testName>
          <skipped>false</skipped>
          <failedSince>0</failedSince>
        </case>
        <case>
          <duration>0.0</duration>
          <className>hudson.scheduler.CronTabDayOfWeekLocaleTest</className>
          <testName>isSundayAndNextRunIsWednesday[28]</testName>
          <skipped>false</skipped>
          <failedSince>0</failedSince>
        </case>
        <case>
          <duration>0.001</duration>
          <className>hudson.scheduler.CronTabDayOfWeekLocaleTest</className>
          <testName>isSundayAndNextRunIsSaturday[28]</testName>
          <skipped>false</skipped>
          <failedSince>0</failedSince>
        </case>
        <case>
          <duration>0.0</duration>
          <className>hudson.scheduler.CronTabDayOfWeekLocaleTest</className>
          <testName>isSundayAndPreviousRunIsTuesday[29]</testName>
          <skipped>false</skipped>
          <failedSince>0</failedSince>
        </case>
        <case>
          <duration>0.0</duration>
          <className>hudson.scheduler.CronTabDayOfWeekLocaleTest</className>
          <testName>isSundayAndPreviousRunIsThursday[29]</testName>
          <skipped>false</skipped>
          <failedSince>0</failedSince>
        </case>
        <case>
          <duration>0.001</duration>
          <className>hudson.scheduler.CronTabDayOfWeekLocaleTest</className>
          <testName>isSundayAndPreviousRunIsWednesday[29]</testName>
          <skipped>false</skipped>
          <failedSince>0</failedSince>
        </case>
        <case>
          <duration>0.0</duration>
          <className>hudson.scheduler.CronTabDayOfWeekLocaleTest</className>
          <testName>isSundayAndPreviousRunIsSaturday[29]</testName>
          <skipped>false</skipped>
          <failedSince>0</failedSince>
        </case>
        <case>
          <duration>0.0</duration>
          <className>hudson.scheduler.CronTabDayOfWeekLocaleTest</className>
          <testName>isSundayAndPreviousRunIsPreviousSunday[29]</testName>
          <skipped>false</skipped>
          <failedSince>0</failedSince>
        </case>
        <case>
          <duration>0.001</duration>
          <className>hudson.scheduler.CronTabDayOfWeekLocaleTest</className>
          <testName>isSundayAndNextRunIsFriday[29]</testName>
          <skipped>false</skipped>
          <failedSince>0</failedSince>
        </case>
        <case>
          <duration>0.0</duration>
          <className>hudson.scheduler.CronTabDayOfWeekLocaleTest</className>
          <testName>isSundayAndPreviousRunIsSaturdayAsterisk[29]</testName>
          <skipped>false</skipped>
          <failedSince>0</failedSince>
        </case>
        <case>
          <duration>0.0</duration>
          <className>hudson.scheduler.CronTabDayOfWeekLocaleTest</className>
          <testName>isSundayAndNextRunIsMonday[29]</testName>
          <skipped>false</skipped>
          <failedSince>0</failedSince>
        </case>
        <case>
          <duration>0.0</duration>
          <className>hudson.scheduler.CronTabDayOfWeekLocaleTest</className>
          <testName>isSundayAndPreviousRunIsFriday[29]</testName>
          <skipped>false</skipped>
          <failedSince>0</failedSince>
        </case>
        <case>
          <duration>0.0</duration>
          <className>hudson.scheduler.CronTabDayOfWeekLocaleTest</className>
          <testName>isSundayAndNextRunIsTuesday[29]</testName>
          <skipped>false</skipped>
          <failedSince>0</failedSince>
        </case>
        <case>
          <duration>0.0</duration>
          <className>hudson.scheduler.CronTabDayOfWeekLocaleTest</className>
          <testName>isSundayAndNextRunIsNextSunday7[29]</testName>
          <skipped>false</skipped>
          <failedSince>0</failedSince>
        </case>
        <case>
          <duration>0.0</duration>
          <className>hudson.scheduler.CronTabDayOfWeekLocaleTest</className>
          <testName>isSundayAndPreviousRunIsMonday[29]</testName>
          <skipped>false</skipped>
          <failedSince>0</failedSince>
        </case>
        <case>
          <duration>0.001</duration>
          <className>hudson.scheduler.CronTabDayOfWeekLocaleTest</className>
          <testName>isSaturdayAndNextRunIsSundayAsterisk[29]</testName>
          <skipped>false</skipped>
          <failedSince>0</failedSince>
        </case>
        <case>
          <duration>0.0</duration>
          <className>hudson.scheduler.CronTabDayOfWeekLocaleTest</className>
          <testName>hudson8658[29]</testName>
          <skipped>false</skipped>
          <failedSince>0</failedSince>
        </case>
        <case>
          <duration>0.0</duration>
          <className>hudson.scheduler.CronTabDayOfWeekLocaleTest</className>
          <testName>isSundayAndNextRunIsNextSunday[29]</testName>
          <skipped>false</skipped>
          <failedSince>0</failedSince>
        </case>
        <case>
          <duration>0.001</duration>
          <className>hudson.scheduler.CronTabDayOfWeekLocaleTest</className>
          <testName>isSundayAndNextRunIsThursday[29]</testName>
          <skipped>false</skipped>
          <failedSince>0</failedSince>
        </case>
        <case>
          <duration>0.0</duration>
          <className>hudson.scheduler.CronTabDayOfWeekLocaleTest</className>
          <testName>isSundayAndPreviousRunIsPreviousSunday7[29]</testName>
          <skipped>false</skipped>
          <failedSince>0</failedSince>
        </case>
        <case>
          <duration>0.001</duration>
          <className>hudson.scheduler.CronTabDayOfWeekLocaleTest</className>
          <testName>isSundayAndNextRunIsWednesday[29]</testName>
          <skipped>false</skipped>
          <failedSince>0</failedSince>
        </case>
        <case>
          <duration>0.0</duration>
          <className>hudson.scheduler.CronTabDayOfWeekLocaleTest</className>
          <testName>isSundayAndNextRunIsSaturday[29]</testName>
          <skipped>false</skipped>
          <failedSince>0</failedSince>
        </case>
        <case>
          <duration>0.0</duration>
          <className>hudson.scheduler.CronTabDayOfWeekLocaleTest</className>
          <testName>isSundayAndPreviousRunIsTuesday[30]</testName>
          <skipped>false</skipped>
          <failedSince>0</failedSince>
        </case>
        <case>
          <duration>0.0</duration>
          <className>hudson.scheduler.CronTabDayOfWeekLocaleTest</className>
          <testName>isSundayAndPreviousRunIsThursday[30]</testName>
          <skipped>false</skipped>
          <failedSince>0</failedSince>
        </case>
        <case>
          <duration>0.0</duration>
          <className>hudson.scheduler.CronTabDayOfWeekLocaleTest</className>
          <testName>isSundayAndPreviousRunIsWednesday[30]</testName>
          <skipped>false</skipped>
          <failedSince>0</failedSince>
        </case>
        <case>
          <duration>0.0</duration>
          <className>hudson.scheduler.CronTabDayOfWeekLocaleTest</className>
          <testName>isSundayAndPreviousRunIsSaturday[30]</testName>
          <skipped>false</skipped>
          <failedSince>0</failedSince>
        </case>
        <case>
          <duration>0.0</duration>
          <className>hudson.scheduler.CronTabDayOfWeekLocaleTest</className>
          <testName>isSundayAndPreviousRunIsPreviousSunday[30]</testName>
          <skipped>false</skipped>
          <failedSince>0</failedSince>
        </case>
        <case>
          <duration>0.0</duration>
          <className>hudson.scheduler.CronTabDayOfWeekLocaleTest</className>
          <testName>isSundayAndNextRunIsFriday[30]</testName>
          <skipped>false</skipped>
          <failedSince>0</failedSince>
        </case>
        <case>
          <duration>0.0</duration>
          <className>hudson.scheduler.CronTabDayOfWeekLocaleTest</className>
          <testName>isSundayAndPreviousRunIsSaturdayAsterisk[30]</testName>
          <skipped>false</skipped>
          <failedSince>0</failedSince>
        </case>
        <case>
          <duration>0.0</duration>
          <className>hudson.scheduler.CronTabDayOfWeekLocaleTest</className>
          <testName>isSundayAndNextRunIsMonday[30]</testName>
          <skipped>false</skipped>
          <failedSince>0</failedSince>
        </case>
        <case>
          <duration>0.0</duration>
          <className>hudson.scheduler.CronTabDayOfWeekLocaleTest</className>
          <testName>isSundayAndPreviousRunIsFriday[30]</testName>
          <skipped>false</skipped>
          <failedSince>0</failedSince>
        </case>
        <case>
          <duration>0.001</duration>
          <className>hudson.scheduler.CronTabDayOfWeekLocaleTest</className>
          <testName>isSundayAndNextRunIsTuesday[30]</testName>
          <skipped>false</skipped>
          <failedSince>0</failedSince>
        </case>
        <case>
          <duration>0.0</duration>
          <className>hudson.scheduler.CronTabDayOfWeekLocaleTest</className>
          <testName>isSundayAndNextRunIsNextSunday7[30]</testName>
          <skipped>false</skipped>
          <failedSince>0</failedSince>
        </case>
        <case>
          <duration>0.0</duration>
          <className>hudson.scheduler.CronTabDayOfWeekLocaleTest</className>
          <testName>isSundayAndPreviousRunIsMonday[30]</testName>
          <skipped>false</skipped>
          <failedSince>0</failedSince>
        </case>
        <case>
          <duration>0.001</duration>
          <className>hudson.scheduler.CronTabDayOfWeekLocaleTest</className>
          <testName>isSaturdayAndNextRunIsSundayAsterisk[30]</testName>
          <skipped>false</skipped>
          <failedSince>0</failedSince>
        </case>
        <case>
          <duration>0.0</duration>
          <className>hudson.scheduler.CronTabDayOfWeekLocaleTest</className>
          <testName>hudson8658[30]</testName>
          <skipped>false</skipped>
          <failedSince>0</failedSince>
        </case>
        <case>
          <duration>0.0</duration>
          <className>hudson.scheduler.CronTabDayOfWeekLocaleTest</className>
          <testName>isSundayAndNextRunIsNextSunday[30]</testName>
          <skipped>false</skipped>
          <failedSince>0</failedSince>
        </case>
        <case>
          <duration>0.0</duration>
          <className>hudson.scheduler.CronTabDayOfWeekLocaleTest</className>
          <testName>isSundayAndNextRunIsThursday[30]</testName>
          <skipped>false</skipped>
          <failedSince>0</failedSince>
        </case>
        <case>
          <duration>0.0</duration>
          <className>hudson.scheduler.CronTabDayOfWeekLocaleTest</className>
          <testName>isSundayAndPreviousRunIsPreviousSunday7[30]</testName>
          <skipped>false</skipped>
          <failedSince>0</failedSince>
        </case>
        <case>
          <duration>0.0</duration>
          <className>hudson.scheduler.CronTabDayOfWeekLocaleTest</className>
          <testName>isSundayAndNextRunIsWednesday[30]</testName>
          <skipped>false</skipped>
          <failedSince>0</failedSince>
        </case>
        <case>
          <duration>0.0</duration>
          <className>hudson.scheduler.CronTabDayOfWeekLocaleTest</className>
          <testName>isSundayAndNextRunIsSaturday[30]</testName>
          <skipped>false</skipped>
          <failedSince>0</failedSince>
        </case>
        <case>
          <duration>0.0</duration>
          <className>hudson.scheduler.CronTabDayOfWeekLocaleTest</className>
          <testName>isSundayAndPreviousRunIsTuesday[31]</testName>
          <skipped>false</skipped>
          <failedSince>0</failedSince>
        </case>
        <case>
          <duration>0.0</duration>
          <className>hudson.scheduler.CronTabDayOfWeekLocaleTest</className>
          <testName>isSundayAndPreviousRunIsThursday[31]</testName>
          <skipped>false</skipped>
          <failedSince>0</failedSince>
        </case>
        <case>
          <duration>0.0</duration>
          <className>hudson.scheduler.CronTabDayOfWeekLocaleTest</className>
          <testName>isSundayAndPreviousRunIsWednesday[31]</testName>
          <skipped>false</skipped>
          <failedSince>0</failedSince>
        </case>
        <case>
          <duration>0.0</duration>
          <className>hudson.scheduler.CronTabDayOfWeekLocaleTest</className>
          <testName>isSundayAndPreviousRunIsSaturday[31]</testName>
          <skipped>false</skipped>
          <failedSince>0</failedSince>
        </case>
        <case>
          <duration>0.0</duration>
          <className>hudson.scheduler.CronTabDayOfWeekLocaleTest</className>
          <testName>isSundayAndPreviousRunIsPreviousSunday[31]</testName>
          <skipped>false</skipped>
          <failedSince>0</failedSince>
        </case>
        <case>
          <duration>0.0</duration>
          <className>hudson.scheduler.CronTabDayOfWeekLocaleTest</className>
          <testName>isSundayAndNextRunIsFriday[31]</testName>
          <skipped>false</skipped>
          <failedSince>0</failedSince>
        </case>
        <case>
          <duration>0.001</duration>
          <className>hudson.scheduler.CronTabDayOfWeekLocaleTest</className>
          <testName>isSundayAndPreviousRunIsSaturdayAsterisk[31]</testName>
          <skipped>false</skipped>
          <failedSince>0</failedSince>
        </case>
        <case>
          <duration>0.0</duration>
          <className>hudson.scheduler.CronTabDayOfWeekLocaleTest</className>
          <testName>isSundayAndNextRunIsMonday[31]</testName>
          <skipped>false</skipped>
          <failedSince>0</failedSince>
        </case>
        <case>
          <duration>0.0</duration>
          <className>hudson.scheduler.CronTabDayOfWeekLocaleTest</className>
          <testName>isSundayAndPreviousRunIsFriday[31]</testName>
          <skipped>false</skipped>
          <failedSince>0</failedSince>
        </case>
        <case>
          <duration>0.001</duration>
          <className>hudson.scheduler.CronTabDayOfWeekLocaleTest</className>
          <testName>isSundayAndNextRunIsTuesday[31]</testName>
          <skipped>false</skipped>
          <failedSince>0</failedSince>
        </case>
        <case>
          <duration>0.0</duration>
          <className>hudson.scheduler.CronTabDayOfWeekLocaleTest</className>
          <testName>isSundayAndNextRunIsNextSunday7[31]</testName>
          <skipped>false</skipped>
          <failedSince>0</failedSince>
        </case>
        <case>
          <duration>0.0</duration>
          <className>hudson.scheduler.CronTabDayOfWeekLocaleTest</className>
          <testName>isSundayAndPreviousRunIsMonday[31]</testName>
          <skipped>false</skipped>
          <failedSince>0</failedSince>
        </case>
        <case>
          <duration>0.0</duration>
          <className>hudson.scheduler.CronTabDayOfWeekLocaleTest</className>
          <testName>isSaturdayAndNextRunIsSundayAsterisk[31]</testName>
          <skipped>false</skipped>
          <failedSince>0</failedSince>
        </case>
        <case>
          <duration>0.0</duration>
          <className>hudson.scheduler.CronTabDayOfWeekLocaleTest</className>
          <testName>hudson8658[31]</testName>
          <skipped>false</skipped>
          <failedSince>0</failedSince>
        </case>
        <case>
          <duration>0.0</duration>
          <className>hudson.scheduler.CronTabDayOfWeekLocaleTest</className>
          <testName>isSundayAndNextRunIsNextSunday[31]</testName>
          <skipped>false</skipped>
          <failedSince>0</failedSince>
        </case>
        <case>
          <duration>0.0</duration>
          <className>hudson.scheduler.CronTabDayOfWeekLocaleTest</className>
          <testName>isSundayAndNextRunIsThursday[31]</testName>
          <skipped>false</skipped>
          <failedSince>0</failedSince>
        </case>
        <case>
          <duration>0.0</duration>
          <className>hudson.scheduler.CronTabDayOfWeekLocaleTest</className>
          <testName>isSundayAndPreviousRunIsPreviousSunday7[31]</testName>
          <skipped>false</skipped>
          <failedSince>0</failedSince>
        </case>
        <case>
          <duration>0.0</duration>
          <className>hudson.scheduler.CronTabDayOfWeekLocaleTest</className>
          <testName>isSundayAndNextRunIsWednesday[31]</testName>
          <skipped>false</skipped>
          <failedSince>0</failedSince>
        </case>
        <case>
          <duration>0.0</duration>
          <className>hudson.scheduler.CronTabDayOfWeekLocaleTest</className>
          <testName>isSundayAndNextRunIsSaturday[31]</testName>
          <skipped>false</skipped>
          <failedSince>0</failedSince>
        </case>
        <case>
          <duration>0.0</duration>
          <className>hudson.scheduler.CronTabDayOfWeekLocaleTest</className>
          <testName>isSundayAndPreviousRunIsTuesday[32]</testName>
          <skipped>false</skipped>
          <failedSince>0</failedSince>
        </case>
        <case>
          <duration>0.0</duration>
          <className>hudson.scheduler.CronTabDayOfWeekLocaleTest</className>
          <testName>isSundayAndPreviousRunIsThursday[32]</testName>
          <skipped>false</skipped>
          <failedSince>0</failedSince>
        </case>
        <case>
          <duration>0.0</duration>
          <className>hudson.scheduler.CronTabDayOfWeekLocaleTest</className>
          <testName>isSundayAndPreviousRunIsWednesday[32]</testName>
          <skipped>false</skipped>
          <failedSince>0</failedSince>
        </case>
        <case>
          <duration>0.0</duration>
          <className>hudson.scheduler.CronTabDayOfWeekLocaleTest</className>
          <testName>isSundayAndPreviousRunIsSaturday[32]</testName>
          <skipped>false</skipped>
          <failedSince>0</failedSince>
        </case>
        <case>
          <duration>0.0</duration>
          <className>hudson.scheduler.CronTabDayOfWeekLocaleTest</className>
          <testName>isSundayAndPreviousRunIsPreviousSunday[32]</testName>
          <skipped>false</skipped>
          <failedSince>0</failedSince>
        </case>
        <case>
          <duration>0.0</duration>
          <className>hudson.scheduler.CronTabDayOfWeekLocaleTest</className>
          <testName>isSundayAndNextRunIsFriday[32]</testName>
          <skipped>false</skipped>
          <failedSince>0</failedSince>
        </case>
        <case>
          <duration>0.0</duration>
          <className>hudson.scheduler.CronTabDayOfWeekLocaleTest</className>
          <testName>isSundayAndPreviousRunIsSaturdayAsterisk[32]</testName>
          <skipped>false</skipped>
          <failedSince>0</failedSince>
        </case>
        <case>
          <duration>0.001</duration>
          <className>hudson.scheduler.CronTabDayOfWeekLocaleTest</className>
          <testName>isSundayAndNextRunIsMonday[32]</testName>
          <skipped>false</skipped>
          <failedSince>0</failedSince>
        </case>
        <case>
          <duration>0.0</duration>
          <className>hudson.scheduler.CronTabDayOfWeekLocaleTest</className>
          <testName>isSundayAndPreviousRunIsFriday[32]</testName>
          <skipped>false</skipped>
          <failedSince>0</failedSince>
        </case>
        <case>
          <duration>0.001</duration>
          <className>hudson.scheduler.CronTabDayOfWeekLocaleTest</className>
          <testName>isSundayAndNextRunIsTuesday[32]</testName>
          <skipped>false</skipped>
          <failedSince>0</failedSince>
        </case>
        <case>
          <duration>0.0</duration>
          <className>hudson.scheduler.CronTabDayOfWeekLocaleTest</className>
          <testName>isSundayAndNextRunIsNextSunday7[32]</testName>
          <skipped>false</skipped>
          <failedSince>0</failedSince>
        </case>
        <case>
          <duration>0.0</duration>
          <className>hudson.scheduler.CronTabDayOfWeekLocaleTest</className>
          <testName>isSundayAndPreviousRunIsMonday[32]</testName>
          <skipped>false</skipped>
          <failedSince>0</failedSince>
        </case>
        <case>
          <duration>0.001</duration>
          <className>hudson.scheduler.CronTabDayOfWeekLocaleTest</className>
          <testName>isSaturdayAndNextRunIsSundayAsterisk[32]</testName>
          <skipped>false</skipped>
          <failedSince>0</failedSince>
        </case>
        <case>
          <duration>0.0</duration>
          <className>hudson.scheduler.CronTabDayOfWeekLocaleTest</className>
          <testName>hudson8658[32]</testName>
          <skipped>false</skipped>
          <failedSince>0</failedSince>
        </case>
        <case>
          <duration>0.0</duration>
          <className>hudson.scheduler.CronTabDayOfWeekLocaleTest</className>
          <testName>isSundayAndNextRunIsNextSunday[32]</testName>
          <skipped>false</skipped>
          <failedSince>0</failedSince>
        </case>
        <case>
          <duration>0.0</duration>
          <className>hudson.scheduler.CronTabDayOfWeekLocaleTest</className>
          <testName>isSundayAndNextRunIsThursday[32]</testName>
          <skipped>false</skipped>
          <failedSince>0</failedSince>
        </case>
        <case>
          <duration>0.0</duration>
          <className>hudson.scheduler.CronTabDayOfWeekLocaleTest</className>
          <testName>isSundayAndPreviousRunIsPreviousSunday7[32]</testName>
          <skipped>false</skipped>
          <failedSince>0</failedSince>
        </case>
        <case>
          <duration>0.0</duration>
          <className>hudson.scheduler.CronTabDayOfWeekLocaleTest</className>
          <testName>isSundayAndNextRunIsWednesday[32]</testName>
          <skipped>false</skipped>
          <failedSince>0</failedSince>
        </case>
        <case>
          <duration>0.0</duration>
          <className>hudson.scheduler.CronTabDayOfWeekLocaleTest</className>
          <testName>isSundayAndNextRunIsSaturday[32]</testName>
          <skipped>false</skipped>
          <failedSince>0</failedSince>
        </case>
        <case>
          <duration>0.0</duration>
          <className>hudson.scheduler.CronTabDayOfWeekLocaleTest</className>
          <testName>isSundayAndPreviousRunIsTuesday[33]</testName>
          <skipped>false</skipped>
          <failedSince>0</failedSince>
        </case>
        <case>
          <duration>0.0</duration>
          <className>hudson.scheduler.CronTabDayOfWeekLocaleTest</className>
          <testName>isSundayAndPreviousRunIsThursday[33]</testName>
          <skipped>false</skipped>
          <failedSince>0</failedSince>
        </case>
        <case>
          <duration>0.0</duration>
          <className>hudson.scheduler.CronTabDayOfWeekLocaleTest</className>
          <testName>isSundayAndPreviousRunIsWednesday[33]</testName>
          <skipped>false</skipped>
          <failedSince>0</failedSince>
        </case>
        <case>
          <duration>0.0</duration>
          <className>hudson.scheduler.CronTabDayOfWeekLocaleTest</className>
          <testName>isSundayAndPreviousRunIsSaturday[33]</testName>
          <skipped>false</skipped>
          <failedSince>0</failedSince>
        </case>
        <case>
          <duration>0.001</duration>
          <className>hudson.scheduler.CronTabDayOfWeekLocaleTest</className>
          <testName>isSundayAndPreviousRunIsPreviousSunday[33]</testName>
          <skipped>false</skipped>
          <failedSince>0</failedSince>
        </case>
        <case>
          <duration>0.001</duration>
          <className>hudson.scheduler.CronTabDayOfWeekLocaleTest</className>
          <testName>isSundayAndNextRunIsFriday[33]</testName>
          <skipped>false</skipped>
          <failedSince>0</failedSince>
        </case>
        <case>
          <duration>0.0</duration>
          <className>hudson.scheduler.CronTabDayOfWeekLocaleTest</className>
          <testName>isSundayAndPreviousRunIsSaturdayAsterisk[33]</testName>
          <skipped>false</skipped>
          <failedSince>0</failedSince>
        </case>
        <case>
          <duration>0.0</duration>
          <className>hudson.scheduler.CronTabDayOfWeekLocaleTest</className>
          <testName>isSundayAndNextRunIsMonday[33]</testName>
          <skipped>false</skipped>
          <failedSince>0</failedSince>
        </case>
        <case>
          <duration>0.001</duration>
          <className>hudson.scheduler.CronTabDayOfWeekLocaleTest</className>
          <testName>isSundayAndPreviousRunIsFriday[33]</testName>
          <skipped>false</skipped>
          <failedSince>0</failedSince>
        </case>
        <case>
          <duration>0.0</duration>
          <className>hudson.scheduler.CronTabDayOfWeekLocaleTest</className>
          <testName>isSundayAndNextRunIsTuesday[33]</testName>
          <skipped>false</skipped>
          <failedSince>0</failedSince>
        </case>
        <case>
          <duration>0.0</duration>
          <className>hudson.scheduler.CronTabDayOfWeekLocaleTest</className>
          <testName>isSundayAndNextRunIsNextSunday7[33]</testName>
          <skipped>false</skipped>
          <failedSince>0</failedSince>
        </case>
        <case>
          <duration>0.0</duration>
          <className>hudson.scheduler.CronTabDayOfWeekLocaleTest</className>
          <testName>isSundayAndPreviousRunIsMonday[33]</testName>
          <skipped>false</skipped>
          <failedSince>0</failedSince>
        </case>
        <case>
          <duration>0.0</duration>
          <className>hudson.scheduler.CronTabDayOfWeekLocaleTest</className>
          <testName>isSaturdayAndNextRunIsSundayAsterisk[33]</testName>
          <skipped>false</skipped>
          <failedSince>0</failedSince>
        </case>
        <case>
          <duration>0.0</duration>
          <className>hudson.scheduler.CronTabDayOfWeekLocaleTest</className>
          <testName>hudson8658[33]</testName>
          <skipped>false</skipped>
          <failedSince>0</failedSince>
        </case>
        <case>
          <duration>0.0</duration>
          <className>hudson.scheduler.CronTabDayOfWeekLocaleTest</className>
          <testName>isSundayAndNextRunIsNextSunday[33]</testName>
          <skipped>false</skipped>
          <failedSince>0</failedSince>
        </case>
        <case>
          <duration>0.0</duration>
          <className>hudson.scheduler.CronTabDayOfWeekLocaleTest</className>
          <testName>isSundayAndNextRunIsThursday[33]</testName>
          <skipped>false</skipped>
          <failedSince>0</failedSince>
        </case>
        <case>
          <duration>0.0</duration>
          <className>hudson.scheduler.CronTabDayOfWeekLocaleTest</className>
          <testName>isSundayAndPreviousRunIsPreviousSunday7[33]</testName>
          <skipped>false</skipped>
          <failedSince>0</failedSince>
        </case>
        <case>
          <duration>0.0</duration>
          <className>hudson.scheduler.CronTabDayOfWeekLocaleTest</className>
          <testName>isSundayAndNextRunIsWednesday[33]</testName>
          <skipped>false</skipped>
          <failedSince>0</failedSince>
        </case>
        <case>
          <duration>0.001</duration>
          <className>hudson.scheduler.CronTabDayOfWeekLocaleTest</className>
          <testName>isSundayAndNextRunIsSaturday[33]</testName>
          <skipped>false</skipped>
          <failedSince>0</failedSince>
        </case>
        <case>
          <duration>0.0</duration>
          <className>hudson.scheduler.CronTabDayOfWeekLocaleTest</className>
          <testName>isSundayAndPreviousRunIsTuesday[34]</testName>
          <skipped>false</skipped>
          <failedSince>0</failedSince>
        </case>
        <case>
          <duration>0.0</duration>
          <className>hudson.scheduler.CronTabDayOfWeekLocaleTest</className>
          <testName>isSundayAndPreviousRunIsThursday[34]</testName>
          <skipped>false</skipped>
          <failedSince>0</failedSince>
        </case>
        <case>
          <duration>0.001</duration>
          <className>hudson.scheduler.CronTabDayOfWeekLocaleTest</className>
          <testName>isSundayAndPreviousRunIsWednesday[34]</testName>
          <skipped>false</skipped>
          <failedSince>0</failedSince>
        </case>
        <case>
          <duration>0.0</duration>
          <className>hudson.scheduler.CronTabDayOfWeekLocaleTest</className>
          <testName>isSundayAndPreviousRunIsSaturday[34]</testName>
          <skipped>false</skipped>
          <failedSince>0</failedSince>
        </case>
        <case>
          <duration>0.0</duration>
          <className>hudson.scheduler.CronTabDayOfWeekLocaleTest</className>
          <testName>isSundayAndPreviousRunIsPreviousSunday[34]</testName>
          <skipped>false</skipped>
          <failedSince>0</failedSince>
        </case>
        <case>
          <duration>0.001</duration>
          <className>hudson.scheduler.CronTabDayOfWeekLocaleTest</className>
          <testName>isSundayAndNextRunIsFriday[34]</testName>
          <skipped>false</skipped>
          <failedSince>0</failedSince>
        </case>
        <case>
          <duration>0.0</duration>
          <className>hudson.scheduler.CronTabDayOfWeekLocaleTest</className>
          <testName>isSundayAndPreviousRunIsSaturdayAsterisk[34]</testName>
          <skipped>false</skipped>
          <failedSince>0</failedSince>
        </case>
        <case>
          <duration>0.0</duration>
          <className>hudson.scheduler.CronTabDayOfWeekLocaleTest</className>
          <testName>isSundayAndNextRunIsMonday[34]</testName>
          <skipped>false</skipped>
          <failedSince>0</failedSince>
        </case>
        <case>
          <duration>0.001</duration>
          <className>hudson.scheduler.CronTabDayOfWeekLocaleTest</className>
          <testName>isSundayAndPreviousRunIsFriday[34]</testName>
          <skipped>false</skipped>
          <failedSince>0</failedSince>
        </case>
        <case>
          <duration>0.0</duration>
          <className>hudson.scheduler.CronTabDayOfWeekLocaleTest</className>
          <testName>isSundayAndNextRunIsTuesday[34]</testName>
          <skipped>false</skipped>
          <failedSince>0</failedSince>
        </case>
        <case>
          <duration>0.0</duration>
          <className>hudson.scheduler.CronTabDayOfWeekLocaleTest</className>
          <testName>isSundayAndNextRunIsNextSunday7[34]</testName>
          <skipped>false</skipped>
          <failedSince>0</failedSince>
        </case>
        <case>
          <duration>0.0</duration>
          <className>hudson.scheduler.CronTabDayOfWeekLocaleTest</className>
          <testName>isSundayAndPreviousRunIsMonday[34]</testName>
          <skipped>false</skipped>
          <failedSince>0</failedSince>
        </case>
        <case>
          <duration>0.0</duration>
          <className>hudson.scheduler.CronTabDayOfWeekLocaleTest</className>
          <testName>isSaturdayAndNextRunIsSundayAsterisk[34]</testName>
          <skipped>false</skipped>
          <failedSince>0</failedSince>
        </case>
        <case>
          <duration>0.0</duration>
          <className>hudson.scheduler.CronTabDayOfWeekLocaleTest</className>
          <testName>hudson8658[34]</testName>
          <skipped>false</skipped>
          <failedSince>0</failedSince>
        </case>
        <case>
          <duration>0.0</duration>
          <className>hudson.scheduler.CronTabDayOfWeekLocaleTest</className>
          <testName>isSundayAndNextRunIsNextSunday[34]</testName>
          <skipped>false</skipped>
          <failedSince>0</failedSince>
        </case>
        <case>
          <duration>0.001</duration>
          <className>hudson.scheduler.CronTabDayOfWeekLocaleTest</className>
          <testName>isSundayAndNextRunIsThursday[34]</testName>
          <skipped>false</skipped>
          <failedSince>0</failedSince>
        </case>
        <case>
          <duration>0.0</duration>
          <className>hudson.scheduler.CronTabDayOfWeekLocaleTest</className>
          <testName>isSundayAndPreviousRunIsPreviousSunday7[34]</testName>
          <skipped>false</skipped>
          <failedSince>0</failedSince>
        </case>
        <case>
          <duration>0.0</duration>
          <className>hudson.scheduler.CronTabDayOfWeekLocaleTest</className>
          <testName>isSundayAndNextRunIsWednesday[34]</testName>
          <skipped>false</skipped>
          <failedSince>0</failedSince>
        </case>
        <case>
          <duration>0.001</duration>
          <className>hudson.scheduler.CronTabDayOfWeekLocaleTest</className>
          <testName>isSundayAndNextRunIsSaturday[34]</testName>
          <skipped>false</skipped>
          <failedSince>0</failedSince>
        </case>
        <case>
          <duration>0.0</duration>
          <className>hudson.scheduler.CronTabDayOfWeekLocaleTest</className>
          <testName>isSundayAndPreviousRunIsTuesday[35]</testName>
          <skipped>false</skipped>
          <failedSince>0</failedSince>
        </case>
        <case>
          <duration>0.0</duration>
          <className>hudson.scheduler.CronTabDayOfWeekLocaleTest</className>
          <testName>isSundayAndPreviousRunIsThursday[35]</testName>
          <skipped>false</skipped>
          <failedSince>0</failedSince>
        </case>
        <case>
          <duration>0.001</duration>
          <className>hudson.scheduler.CronTabDayOfWeekLocaleTest</className>
          <testName>isSundayAndPreviousRunIsWednesday[35]</testName>
          <skipped>false</skipped>
          <failedSince>0</failedSince>
        </case>
        <case>
          <duration>0.0</duration>
          <className>hudson.scheduler.CronTabDayOfWeekLocaleTest</className>
          <testName>isSundayAndPreviousRunIsSaturday[35]</testName>
          <skipped>false</skipped>
          <failedSince>0</failedSince>
        </case>
        <case>
          <duration>0.0</duration>
          <className>hudson.scheduler.CronTabDayOfWeekLocaleTest</className>
          <testName>isSundayAndPreviousRunIsPreviousSunday[35]</testName>
          <skipped>false</skipped>
          <failedSince>0</failedSince>
        </case>
        <case>
          <duration>0.001</duration>
          <className>hudson.scheduler.CronTabDayOfWeekLocaleTest</className>
          <testName>isSundayAndNextRunIsFriday[35]</testName>
          <skipped>false</skipped>
          <failedSince>0</failedSince>
        </case>
        <case>
          <duration>0.0</duration>
          <className>hudson.scheduler.CronTabDayOfWeekLocaleTest</className>
          <testName>isSundayAndPreviousRunIsSaturdayAsterisk[35]</testName>
          <skipped>false</skipped>
          <failedSince>0</failedSince>
        </case>
        <case>
          <duration>0.0</duration>
          <className>hudson.scheduler.CronTabDayOfWeekLocaleTest</className>
          <testName>isSundayAndNextRunIsMonday[35]</testName>
          <skipped>false</skipped>
          <failedSince>0</failedSince>
        </case>
        <case>
          <duration>0.001</duration>
          <className>hudson.scheduler.CronTabDayOfWeekLocaleTest</className>
          <testName>isSundayAndPreviousRunIsFriday[35]</testName>
          <skipped>false</skipped>
          <failedSince>0</failedSince>
        </case>
        <case>
          <duration>0.0</duration>
          <className>hudson.scheduler.CronTabDayOfWeekLocaleTest</className>
          <testName>isSundayAndNextRunIsTuesday[35]</testName>
          <skipped>false</skipped>
          <failedSince>0</failedSince>
        </case>
        <case>
          <duration>0.0</duration>
          <className>hudson.scheduler.CronTabDayOfWeekLocaleTest</className>
          <testName>isSundayAndNextRunIsNextSunday7[35]</testName>
          <skipped>false</skipped>
          <failedSince>0</failedSince>
        </case>
        <case>
          <duration>0.001</duration>
          <className>hudson.scheduler.CronTabDayOfWeekLocaleTest</className>
          <testName>isSundayAndPreviousRunIsMonday[35]</testName>
          <skipped>false</skipped>
          <failedSince>0</failedSince>
        </case>
        <case>
          <duration>0.0</duration>
          <className>hudson.scheduler.CronTabDayOfWeekLocaleTest</className>
          <testName>isSaturdayAndNextRunIsSundayAsterisk[35]</testName>
          <skipped>false</skipped>
          <failedSince>0</failedSince>
        </case>
        <case>
          <duration>0.0</duration>
          <className>hudson.scheduler.CronTabDayOfWeekLocaleTest</className>
          <testName>hudson8658[35]</testName>
          <skipped>false</skipped>
          <failedSince>0</failedSince>
        </case>
        <case>
          <duration>0.001</duration>
          <className>hudson.scheduler.CronTabDayOfWeekLocaleTest</className>
          <testName>isSundayAndNextRunIsNextSunday[35]</testName>
          <skipped>false</skipped>
          <failedSince>0</failedSince>
        </case>
        <case>
          <duration>0.0</duration>
          <className>hudson.scheduler.CronTabDayOfWeekLocaleTest</className>
          <testName>isSundayAndNextRunIsThursday[35]</testName>
          <skipped>false</skipped>
          <failedSince>0</failedSince>
        </case>
        <case>
          <duration>0.0</duration>
          <className>hudson.scheduler.CronTabDayOfWeekLocaleTest</className>
          <testName>isSundayAndPreviousRunIsPreviousSunday7[35]</testName>
          <skipped>false</skipped>
          <failedSince>0</failedSince>
        </case>
        <case>
          <duration>0.0</duration>
          <className>hudson.scheduler.CronTabDayOfWeekLocaleTest</className>
          <testName>isSundayAndNextRunIsWednesday[35]</testName>
          <skipped>false</skipped>
          <failedSince>0</failedSince>
        </case>
        <case>
          <duration>0.0</duration>
          <className>hudson.scheduler.CronTabDayOfWeekLocaleTest</className>
          <testName>isSundayAndNextRunIsSaturday[35]</testName>
          <skipped>false</skipped>
          <failedSince>0</failedSince>
        </case>
        <case>
          <duration>0.0</duration>
          <className>hudson.scheduler.CronTabDayOfWeekLocaleTest</className>
          <testName>isSundayAndPreviousRunIsTuesday[36]</testName>
          <skipped>false</skipped>
          <failedSince>0</failedSince>
        </case>
        <case>
          <duration>0.001</duration>
          <className>hudson.scheduler.CronTabDayOfWeekLocaleTest</className>
          <testName>isSundayAndPreviousRunIsThursday[36]</testName>
          <skipped>false</skipped>
          <failedSince>0</failedSince>
        </case>
        <case>
          <duration>0.0</duration>
          <className>hudson.scheduler.CronTabDayOfWeekLocaleTest</className>
          <testName>isSundayAndPreviousRunIsWednesday[36]</testName>
          <skipped>false</skipped>
          <failedSince>0</failedSince>
        </case>
        <case>
          <duration>0.0</duration>
          <className>hudson.scheduler.CronTabDayOfWeekLocaleTest</className>
          <testName>isSundayAndPreviousRunIsSaturday[36]</testName>
          <skipped>false</skipped>
          <failedSince>0</failedSince>
        </case>
        <case>
          <duration>0.001</duration>
          <className>hudson.scheduler.CronTabDayOfWeekLocaleTest</className>
          <testName>isSundayAndPreviousRunIsPreviousSunday[36]</testName>
          <skipped>false</skipped>
          <failedSince>0</failedSince>
        </case>
        <case>
          <duration>0.0</duration>
          <className>hudson.scheduler.CronTabDayOfWeekLocaleTest</className>
          <testName>isSundayAndNextRunIsFriday[36]</testName>
          <skipped>false</skipped>
          <failedSince>0</failedSince>
        </case>
        <case>
          <duration>0.0</duration>
          <className>hudson.scheduler.CronTabDayOfWeekLocaleTest</className>
          <testName>isSundayAndPreviousRunIsSaturdayAsterisk[36]</testName>
          <skipped>false</skipped>
          <failedSince>0</failedSince>
        </case>
        <case>
          <duration>0.0</duration>
          <className>hudson.scheduler.CronTabDayOfWeekLocaleTest</className>
          <testName>isSundayAndNextRunIsMonday[36]</testName>
          <skipped>false</skipped>
          <failedSince>0</failedSince>
        </case>
        <case>
          <duration>0.0</duration>
          <className>hudson.scheduler.CronTabDayOfWeekLocaleTest</className>
          <testName>isSundayAndPreviousRunIsFriday[36]</testName>
          <skipped>false</skipped>
          <failedSince>0</failedSince>
        </case>
        <case>
          <duration>0.0</duration>
          <className>hudson.scheduler.CronTabDayOfWeekLocaleTest</className>
          <testName>isSundayAndNextRunIsTuesday[36]</testName>
          <skipped>false</skipped>
          <failedSince>0</failedSince>
        </case>
        <case>
          <duration>0.0</duration>
          <className>hudson.scheduler.CronTabDayOfWeekLocaleTest</className>
          <testName>isSundayAndNextRunIsNextSunday7[36]</testName>
          <skipped>false</skipped>
          <failedSince>0</failedSince>
        </case>
        <case>
          <duration>0.001</duration>
          <className>hudson.scheduler.CronTabDayOfWeekLocaleTest</className>
          <testName>isSundayAndPreviousRunIsMonday[36]</testName>
          <skipped>false</skipped>
          <failedSince>0</failedSince>
        </case>
        <case>
          <duration>0.0</duration>
          <className>hudson.scheduler.CronTabDayOfWeekLocaleTest</className>
          <testName>isSaturdayAndNextRunIsSundayAsterisk[36]</testName>
          <skipped>false</skipped>
          <failedSince>0</failedSince>
        </case>
        <case>
          <duration>0.0</duration>
          <className>hudson.scheduler.CronTabDayOfWeekLocaleTest</className>
          <testName>hudson8658[36]</testName>
          <skipped>false</skipped>
          <failedSince>0</failedSince>
        </case>
        <case>
          <duration>0.001</duration>
          <className>hudson.scheduler.CronTabDayOfWeekLocaleTest</className>
          <testName>isSundayAndNextRunIsNextSunday[36]</testName>
          <skipped>false</skipped>
          <failedSince>0</failedSince>
        </case>
        <case>
          <duration>0.0</duration>
          <className>hudson.scheduler.CronTabDayOfWeekLocaleTest</className>
          <testName>isSundayAndNextRunIsThursday[36]</testName>
          <skipped>false</skipped>
          <failedSince>0</failedSince>
        </case>
        <case>
          <duration>0.001</duration>
          <className>hudson.scheduler.CronTabDayOfWeekLocaleTest</className>
          <testName>isSundayAndPreviousRunIsPreviousSunday7[36]</testName>
          <skipped>false</skipped>
          <failedSince>0</failedSince>
        </case>
        <case>
          <duration>0.0</duration>
          <className>hudson.scheduler.CronTabDayOfWeekLocaleTest</className>
          <testName>isSundayAndNextRunIsWednesday[36]</testName>
          <skipped>false</skipped>
          <failedSince>0</failedSince>
        </case>
        <case>
          <duration>0.0</duration>
          <className>hudson.scheduler.CronTabDayOfWeekLocaleTest</className>
          <testName>isSundayAndNextRunIsSaturday[36]</testName>
          <skipped>false</skipped>
          <failedSince>0</failedSince>
        </case>
        <case>
          <duration>0.0</duration>
          <className>hudson.scheduler.CronTabDayOfWeekLocaleTest</className>
          <testName>isSundayAndPreviousRunIsTuesday[37]</testName>
          <skipped>false</skipped>
          <failedSince>0</failedSince>
        </case>
        <case>
          <duration>0.0</duration>
          <className>hudson.scheduler.CronTabDayOfWeekLocaleTest</className>
          <testName>isSundayAndPreviousRunIsThursday[37]</testName>
          <skipped>false</skipped>
          <failedSince>0</failedSince>
        </case>
        <case>
          <duration>0.0</duration>
          <className>hudson.scheduler.CronTabDayOfWeekLocaleTest</className>
          <testName>isSundayAndPreviousRunIsWednesday[37]</testName>
          <skipped>false</skipped>
          <failedSince>0</failedSince>
        </case>
        <case>
          <duration>0.0</duration>
          <className>hudson.scheduler.CronTabDayOfWeekLocaleTest</className>
          <testName>isSundayAndPreviousRunIsSaturday[37]</testName>
          <skipped>false</skipped>
          <failedSince>0</failedSince>
        </case>
        <case>
          <duration>0.0</duration>
          <className>hudson.scheduler.CronTabDayOfWeekLocaleTest</className>
          <testName>isSundayAndPreviousRunIsPreviousSunday[37]</testName>
          <skipped>false</skipped>
          <failedSince>0</failedSince>
        </case>
        <case>
          <duration>0.0</duration>
          <className>hudson.scheduler.CronTabDayOfWeekLocaleTest</className>
          <testName>isSundayAndNextRunIsFriday[37]</testName>
          <skipped>false</skipped>
          <failedSince>0</failedSince>
        </case>
        <case>
          <duration>0.0</duration>
          <className>hudson.scheduler.CronTabDayOfWeekLocaleTest</className>
          <testName>isSundayAndPreviousRunIsSaturdayAsterisk[37]</testName>
          <skipped>false</skipped>
          <failedSince>0</failedSince>
        </case>
        <case>
          <duration>0.001</duration>
          <className>hudson.scheduler.CronTabDayOfWeekLocaleTest</className>
          <testName>isSundayAndNextRunIsMonday[37]</testName>
          <skipped>false</skipped>
          <failedSince>0</failedSince>
        </case>
        <case>
          <duration>0.0</duration>
          <className>hudson.scheduler.CronTabDayOfWeekLocaleTest</className>
          <testName>isSundayAndPreviousRunIsFriday[37]</testName>
          <skipped>false</skipped>
          <failedSince>0</failedSince>
        </case>
        <case>
          <duration>0.0</duration>
          <className>hudson.scheduler.CronTabDayOfWeekLocaleTest</className>
          <testName>isSundayAndNextRunIsTuesday[37]</testName>
          <skipped>false</skipped>
          <failedSince>0</failedSince>
        </case>
        <case>
          <duration>0.001</duration>
          <className>hudson.scheduler.CronTabDayOfWeekLocaleTest</className>
          <testName>isSundayAndNextRunIsNextSunday7[37]</testName>
          <skipped>false</skipped>
          <failedSince>0</failedSince>
        </case>
        <case>
          <duration>0.0</duration>
          <className>hudson.scheduler.CronTabDayOfWeekLocaleTest</className>
          <testName>isSundayAndPreviousRunIsMonday[37]</testName>
          <skipped>false</skipped>
          <failedSince>0</failedSince>
        </case>
        <case>
          <duration>0.0</duration>
          <className>hudson.scheduler.CronTabDayOfWeekLocaleTest</className>
          <testName>isSaturdayAndNextRunIsSundayAsterisk[37]</testName>
          <skipped>false</skipped>
          <failedSince>0</failedSince>
        </case>
        <case>
          <duration>0.0</duration>
          <className>hudson.scheduler.CronTabDayOfWeekLocaleTest</className>
          <testName>hudson8658[37]</testName>
          <skipped>false</skipped>
          <failedSince>0</failedSince>
        </case>
        <case>
          <duration>0.0</duration>
          <className>hudson.scheduler.CronTabDayOfWeekLocaleTest</className>
          <testName>isSundayAndNextRunIsNextSunday[37]</testName>
          <skipped>false</skipped>
          <failedSince>0</failedSince>
        </case>
        <case>
          <duration>0.0</duration>
          <className>hudson.scheduler.CronTabDayOfWeekLocaleTest</className>
          <testName>isSundayAndNextRunIsThursday[37]</testName>
          <skipped>false</skipped>
          <failedSince>0</failedSince>
        </case>
        <case>
          <duration>0.0</duration>
          <className>hudson.scheduler.CronTabDayOfWeekLocaleTest</className>
          <testName>isSundayAndPreviousRunIsPreviousSunday7[37]</testName>
          <skipped>false</skipped>
          <failedSince>0</failedSince>
        </case>
        <case>
          <duration>0.001</duration>
          <className>hudson.scheduler.CronTabDayOfWeekLocaleTest</className>
          <testName>isSundayAndNextRunIsWednesday[37]</testName>
          <skipped>false</skipped>
          <failedSince>0</failedSince>
        </case>
        <case>
          <duration>0.0</duration>
          <className>hudson.scheduler.CronTabDayOfWeekLocaleTest</className>
          <testName>isSundayAndNextRunIsSaturday[37]</testName>
          <skipped>false</skipped>
          <failedSince>0</failedSince>
        </case>
        <case>
          <duration>0.0</duration>
          <className>hudson.scheduler.CronTabDayOfWeekLocaleTest</className>
          <testName>isSundayAndPreviousRunIsTuesday[38]</testName>
          <skipped>false</skipped>
          <failedSince>0</failedSince>
        </case>
        <case>
          <duration>0.001</duration>
          <className>hudson.scheduler.CronTabDayOfWeekLocaleTest</className>
          <testName>isSundayAndPreviousRunIsThursday[38]</testName>
          <skipped>false</skipped>
          <failedSince>0</failedSince>
        </case>
        <case>
          <duration>0.0</duration>
          <className>hudson.scheduler.CronTabDayOfWeekLocaleTest</className>
          <testName>isSundayAndPreviousRunIsWednesday[38]</testName>
          <skipped>false</skipped>
          <failedSince>0</failedSince>
        </case>
        <case>
          <duration>0.0</duration>
          <className>hudson.scheduler.CronTabDayOfWeekLocaleTest</className>
          <testName>isSundayAndPreviousRunIsSaturday[38]</testName>
          <skipped>false</skipped>
          <failedSince>0</failedSince>
        </case>
        <case>
          <duration>0.001</duration>
          <className>hudson.scheduler.CronTabDayOfWeekLocaleTest</className>
          <testName>isSundayAndPreviousRunIsPreviousSunday[38]</testName>
          <skipped>false</skipped>
          <failedSince>0</failedSince>
        </case>
        <case>
          <duration>0.0</duration>
          <className>hudson.scheduler.CronTabDayOfWeekLocaleTest</className>
          <testName>isSundayAndNextRunIsFriday[38]</testName>
          <skipped>false</skipped>
          <failedSince>0</failedSince>
        </case>
        <case>
          <duration>0.0</duration>
          <className>hudson.scheduler.CronTabDayOfWeekLocaleTest</className>
          <testName>isSundayAndPreviousRunIsSaturdayAsterisk[38]</testName>
          <skipped>false</skipped>
          <failedSince>0</failedSince>
        </case>
        <case>
          <duration>0.0</duration>
          <className>hudson.scheduler.CronTabDayOfWeekLocaleTest</className>
          <testName>isSundayAndNextRunIsMonday[38]</testName>
          <skipped>false</skipped>
          <failedSince>0</failedSince>
        </case>
        <case>
          <duration>0.0</duration>
          <className>hudson.scheduler.CronTabDayOfWeekLocaleTest</className>
          <testName>isSundayAndPreviousRunIsFriday[38]</testName>
          <skipped>false</skipped>
          <failedSince>0</failedSince>
        </case>
        <case>
          <duration>0.0</duration>
          <className>hudson.scheduler.CronTabDayOfWeekLocaleTest</className>
          <testName>isSundayAndNextRunIsTuesday[38]</testName>
          <skipped>false</skipped>
          <failedSince>0</failedSince>
        </case>
        <case>
          <duration>0.0</duration>
          <className>hudson.scheduler.CronTabDayOfWeekLocaleTest</className>
          <testName>isSundayAndNextRunIsNextSunday7[38]</testName>
          <skipped>false</skipped>
          <failedSince>0</failedSince>
        </case>
        <case>
          <duration>0.0</duration>
          <className>hudson.scheduler.CronTabDayOfWeekLocaleTest</className>
          <testName>isSundayAndPreviousRunIsMonday[38]</testName>
          <skipped>false</skipped>
          <failedSince>0</failedSince>
        </case>
        <case>
          <duration>0.0</duration>
          <className>hudson.scheduler.CronTabDayOfWeekLocaleTest</className>
          <testName>isSaturdayAndNextRunIsSundayAsterisk[38]</testName>
          <skipped>false</skipped>
          <failedSince>0</failedSince>
        </case>
        <case>
          <duration>0.001</duration>
          <className>hudson.scheduler.CronTabDayOfWeekLocaleTest</className>
          <testName>hudson8658[38]</testName>
          <skipped>false</skipped>
          <failedSince>0</failedSince>
        </case>
        <case>
          <duration>0.0</duration>
          <className>hudson.scheduler.CronTabDayOfWeekLocaleTest</className>
          <testName>isSundayAndNextRunIsNextSunday[38]</testName>
          <skipped>false</skipped>
          <failedSince>0</failedSince>
        </case>
        <case>
          <duration>0.001</duration>
          <className>hudson.scheduler.CronTabDayOfWeekLocaleTest</className>
          <testName>isSundayAndNextRunIsThursday[38]</testName>
          <skipped>false</skipped>
          <failedSince>0</failedSince>
        </case>
        <case>
          <duration>0.0</duration>
          <className>hudson.scheduler.CronTabDayOfWeekLocaleTest</className>
          <testName>isSundayAndPreviousRunIsPreviousSunday7[38]</testName>
          <skipped>false</skipped>
          <failedSince>0</failedSince>
        </case>
        <case>
          <duration>0.0</duration>
          <className>hudson.scheduler.CronTabDayOfWeekLocaleTest</className>
          <testName>isSundayAndNextRunIsWednesday[38]</testName>
          <skipped>false</skipped>
          <failedSince>0</failedSince>
        </case>
        <case>
          <duration>0.001</duration>
          <className>hudson.scheduler.CronTabDayOfWeekLocaleTest</className>
          <testName>isSundayAndNextRunIsSaturday[38]</testName>
          <skipped>false</skipped>
          <failedSince>0</failedSince>
        </case>
        <case>
          <duration>0.0</duration>
          <className>hudson.scheduler.CronTabDayOfWeekLocaleTest</className>
          <testName>isSundayAndPreviousRunIsTuesday[39]</testName>
          <skipped>false</skipped>
          <failedSince>0</failedSince>
        </case>
        <case>
          <duration>0.0</duration>
          <className>hudson.scheduler.CronTabDayOfWeekLocaleTest</className>
          <testName>isSundayAndPreviousRunIsThursday[39]</testName>
          <skipped>false</skipped>
          <failedSince>0</failedSince>
        </case>
        <case>
          <duration>0.001</duration>
          <className>hudson.scheduler.CronTabDayOfWeekLocaleTest</className>
          <testName>isSundayAndPreviousRunIsWednesday[39]</testName>
          <skipped>false</skipped>
          <failedSince>0</failedSince>
        </case>
        <case>
          <duration>0.0</duration>
          <className>hudson.scheduler.CronTabDayOfWeekLocaleTest</className>
          <testName>isSundayAndPreviousRunIsSaturday[39]</testName>
          <skipped>false</skipped>
          <failedSince>0</failedSince>
        </case>
        <case>
          <duration>0.0</duration>
          <className>hudson.scheduler.CronTabDayOfWeekLocaleTest</className>
          <testName>isSundayAndPreviousRunIsPreviousSunday[39]</testName>
          <skipped>false</skipped>
          <failedSince>0</failedSince>
        </case>
        <case>
          <duration>0.001</duration>
          <className>hudson.scheduler.CronTabDayOfWeekLocaleTest</className>
          <testName>isSundayAndNextRunIsFriday[39]</testName>
          <skipped>false</skipped>
          <failedSince>0</failedSince>
        </case>
        <case>
          <duration>0.0</duration>
          <className>hudson.scheduler.CronTabDayOfWeekLocaleTest</className>
          <testName>isSundayAndPreviousRunIsSaturdayAsterisk[39]</testName>
          <skipped>false</skipped>
          <failedSince>0</failedSince>
        </case>
        <case>
          <duration>0.0</duration>
          <className>hudson.scheduler.CronTabDayOfWeekLocaleTest</className>
          <testName>isSundayAndNextRunIsMonday[39]</testName>
          <skipped>false</skipped>
          <failedSince>0</failedSince>
        </case>
        <case>
          <duration>0.0</duration>
          <className>hudson.scheduler.CronTabDayOfWeekLocaleTest</className>
          <testName>isSundayAndPreviousRunIsFriday[39]</testName>
          <skipped>false</skipped>
          <failedSince>0</failedSince>
        </case>
        <case>
          <duration>0.0</duration>
          <className>hudson.scheduler.CronTabDayOfWeekLocaleTest</className>
          <testName>isSundayAndNextRunIsTuesday[39]</testName>
          <skipped>false</skipped>
          <failedSince>0</failedSince>
        </case>
        <case>
          <duration>0.0</duration>
          <className>hudson.scheduler.CronTabDayOfWeekLocaleTest</className>
          <testName>isSundayAndNextRunIsNextSunday7[39]</testName>
          <skipped>false</skipped>
          <failedSince>0</failedSince>
        </case>
        <case>
          <duration>0.0</duration>
          <className>hudson.scheduler.CronTabDayOfWeekLocaleTest</className>
          <testName>isSundayAndPreviousRunIsMonday[39]</testName>
          <skipped>false</skipped>
          <failedSince>0</failedSince>
        </case>
        <case>
          <duration>0.001</duration>
          <className>hudson.scheduler.CronTabDayOfWeekLocaleTest</className>
          <testName>isSaturdayAndNextRunIsSundayAsterisk[39]</testName>
          <skipped>false</skipped>
          <failedSince>0</failedSince>
        </case>
        <case>
          <duration>0.0</duration>
          <className>hudson.scheduler.CronTabDayOfWeekLocaleTest</className>
          <testName>hudson8658[39]</testName>
          <skipped>false</skipped>
          <failedSince>0</failedSince>
        </case>
        <case>
          <duration>0.0</duration>
          <className>hudson.scheduler.CronTabDayOfWeekLocaleTest</className>
          <testName>isSundayAndNextRunIsNextSunday[39]</testName>
          <skipped>false</skipped>
          <failedSince>0</failedSince>
        </case>
        <case>
          <duration>0.001</duration>
          <className>hudson.scheduler.CronTabDayOfWeekLocaleTest</className>
          <testName>isSundayAndNextRunIsThursday[39]</testName>
          <skipped>false</skipped>
          <failedSince>0</failedSince>
        </case>
        <case>
          <duration>0.0</duration>
          <className>hudson.scheduler.CronTabDayOfWeekLocaleTest</className>
          <testName>isSundayAndPreviousRunIsPreviousSunday7[39]</testName>
          <skipped>false</skipped>
          <failedSince>0</failedSince>
        </case>
        <case>
          <duration>0.0</duration>
          <className>hudson.scheduler.CronTabDayOfWeekLocaleTest</className>
          <testName>isSundayAndNextRunIsWednesday[39]</testName>
          <skipped>false</skipped>
          <failedSince>0</failedSince>
        </case>
        <case>
          <duration>0.001</duration>
          <className>hudson.scheduler.CronTabDayOfWeekLocaleTest</className>
          <testName>isSundayAndNextRunIsSaturday[39]</testName>
          <skipped>false</skipped>
          <failedSince>0</failedSince>
        </case>
        <case>
          <duration>0.0</duration>
          <className>hudson.scheduler.CronTabDayOfWeekLocaleTest</className>
          <testName>isSundayAndPreviousRunIsTuesday[40]</testName>
          <skipped>false</skipped>
          <failedSince>0</failedSince>
        </case>
        <case>
          <duration>0.0</duration>
          <className>hudson.scheduler.CronTabDayOfWeekLocaleTest</className>
          <testName>isSundayAndPreviousRunIsThursday[40]</testName>
          <skipped>false</skipped>
          <failedSince>0</failedSince>
        </case>
        <case>
          <duration>0.001</duration>
          <className>hudson.scheduler.CronTabDayOfWeekLocaleTest</className>
          <testName>isSundayAndPreviousRunIsWednesday[40]</testName>
          <skipped>false</skipped>
          <failedSince>0</failedSince>
        </case>
        <case>
          <duration>0.0</duration>
          <className>hudson.scheduler.CronTabDayOfWeekLocaleTest</className>
          <testName>isSundayAndPreviousRunIsSaturday[40]</testName>
          <skipped>false</skipped>
          <failedSince>0</failedSince>
        </case>
        <case>
          <duration>0.0</duration>
          <className>hudson.scheduler.CronTabDayOfWeekLocaleTest</className>
          <testName>isSundayAndPreviousRunIsPreviousSunday[40]</testName>
          <skipped>false</skipped>
          <failedSince>0</failedSince>
        </case>
        <case>
          <duration>0.0</duration>
          <className>hudson.scheduler.CronTabDayOfWeekLocaleTest</className>
          <testName>isSundayAndNextRunIsFriday[40]</testName>
          <skipped>false</skipped>
          <failedSince>0</failedSince>
        </case>
        <case>
          <duration>0.0</duration>
          <className>hudson.scheduler.CronTabDayOfWeekLocaleTest</className>
          <testName>isSundayAndPreviousRunIsSaturdayAsterisk[40]</testName>
          <skipped>false</skipped>
          <failedSince>0</failedSince>
        </case>
        <case>
          <duration>0.0</duration>
          <className>hudson.scheduler.CronTabDayOfWeekLocaleTest</className>
          <testName>isSundayAndNextRunIsMonday[40]</testName>
          <skipped>false</skipped>
          <failedSince>0</failedSince>
        </case>
        <case>
          <duration>0.0</duration>
          <className>hudson.scheduler.CronTabDayOfWeekLocaleTest</className>
          <testName>isSundayAndPreviousRunIsFriday[40]</testName>
          <skipped>false</skipped>
          <failedSince>0</failedSince>
        </case>
        <case>
          <duration>0.0</duration>
          <className>hudson.scheduler.CronTabDayOfWeekLocaleTest</className>
          <testName>isSundayAndNextRunIsTuesday[40]</testName>
          <skipped>false</skipped>
          <failedSince>0</failedSince>
        </case>
        <case>
          <duration>0.0</duration>
          <className>hudson.scheduler.CronTabDayOfWeekLocaleTest</className>
          <testName>isSundayAndNextRunIsNextSunday7[40]</testName>
          <skipped>false</skipped>
          <failedSince>0</failedSince>
        </case>
        <case>
          <duration>0.001</duration>
          <className>hudson.scheduler.CronTabDayOfWeekLocaleTest</className>
          <testName>isSundayAndPreviousRunIsMonday[40]</testName>
          <skipped>false</skipped>
          <failedSince>0</failedSince>
        </case>
        <case>
          <duration>0.001</duration>
          <className>hudson.scheduler.CronTabDayOfWeekLocaleTest</className>
          <testName>isSaturdayAndNextRunIsSundayAsterisk[40]</testName>
          <skipped>false</skipped>
          <failedSince>0</failedSince>
        </case>
        <case>
          <duration>0.0</duration>
          <className>hudson.scheduler.CronTabDayOfWeekLocaleTest</className>
          <testName>hudson8658[40]</testName>
          <skipped>false</skipped>
          <failedSince>0</failedSince>
        </case>
        <case>
          <duration>0.0</duration>
          <className>hudson.scheduler.CronTabDayOfWeekLocaleTest</className>
          <testName>isSundayAndNextRunIsNextSunday[40]</testName>
          <skipped>false</skipped>
          <failedSince>0</failedSince>
        </case>
        <case>
          <duration>0.0</duration>
          <className>hudson.scheduler.CronTabDayOfWeekLocaleTest</className>
          <testName>isSundayAndNextRunIsThursday[40]</testName>
          <skipped>false</skipped>
          <failedSince>0</failedSince>
        </case>
        <case>
          <duration>0.0</duration>
          <className>hudson.scheduler.CronTabDayOfWeekLocaleTest</className>
          <testName>isSundayAndPreviousRunIsPreviousSunday7[40]</testName>
          <skipped>false</skipped>
          <failedSince>0</failedSince>
        </case>
        <case>
          <duration>0.0</duration>
          <className>hudson.scheduler.CronTabDayOfWeekLocaleTest</className>
          <testName>isSundayAndNextRunIsWednesday[40]</testName>
          <skipped>false</skipped>
          <failedSince>0</failedSince>
        </case>
        <case>
          <duration>0.0</duration>
          <className>hudson.scheduler.CronTabDayOfWeekLocaleTest</className>
          <testName>isSundayAndNextRunIsSaturday[40]</testName>
          <skipped>false</skipped>
          <failedSince>0</failedSince>
        </case>
        <case>
          <duration>0.0</duration>
          <className>hudson.scheduler.CronTabDayOfWeekLocaleTest</className>
          <testName>isSundayAndPreviousRunIsTuesday[41]</testName>
          <skipped>false</skipped>
          <failedSince>0</failedSince>
        </case>
        <case>
          <duration>0.0</duration>
          <className>hudson.scheduler.CronTabDayOfWeekLocaleTest</className>
          <testName>isSundayAndPreviousRunIsThursday[41]</testName>
          <skipped>false</skipped>
          <failedSince>0</failedSince>
        </case>
        <case>
          <duration>0.0</duration>
          <className>hudson.scheduler.CronTabDayOfWeekLocaleTest</className>
          <testName>isSundayAndPreviousRunIsWednesday[41]</testName>
          <skipped>false</skipped>
          <failedSince>0</failedSince>
        </case>
        <case>
          <duration>0.0</duration>
          <className>hudson.scheduler.CronTabDayOfWeekLocaleTest</className>
          <testName>isSundayAndPreviousRunIsSaturday[41]</testName>
          <skipped>false</skipped>
          <failedSince>0</failedSince>
        </case>
        <case>
          <duration>0.0</duration>
          <className>hudson.scheduler.CronTabDayOfWeekLocaleTest</className>
          <testName>isSundayAndPreviousRunIsPreviousSunday[41]</testName>
          <skipped>false</skipped>
          <failedSince>0</failedSince>
        </case>
        <case>
          <duration>0.0</duration>
          <className>hudson.scheduler.CronTabDayOfWeekLocaleTest</className>
          <testName>isSundayAndNextRunIsFriday[41]</testName>
          <skipped>false</skipped>
          <failedSince>0</failedSince>
        </case>
        <case>
          <duration>0.0</duration>
          <className>hudson.scheduler.CronTabDayOfWeekLocaleTest</className>
          <testName>isSundayAndPreviousRunIsSaturdayAsterisk[41]</testName>
          <skipped>false</skipped>
          <failedSince>0</failedSince>
        </case>
        <case>
          <duration>0.0</duration>
          <className>hudson.scheduler.CronTabDayOfWeekLocaleTest</className>
          <testName>isSundayAndNextRunIsMonday[41]</testName>
          <skipped>false</skipped>
          <failedSince>0</failedSince>
        </case>
        <case>
          <duration>0.0</duration>
          <className>hudson.scheduler.CronTabDayOfWeekLocaleTest</className>
          <testName>isSundayAndPreviousRunIsFriday[41]</testName>
          <skipped>false</skipped>
          <failedSince>0</failedSince>
        </case>
        <case>
          <duration>0.001</duration>
          <className>hudson.scheduler.CronTabDayOfWeekLocaleTest</className>
          <testName>isSundayAndNextRunIsTuesday[41]</testName>
          <skipped>false</skipped>
          <failedSince>0</failedSince>
        </case>
        <case>
          <duration>0.0</duration>
          <className>hudson.scheduler.CronTabDayOfWeekLocaleTest</className>
          <testName>isSundayAndNextRunIsNextSunday7[41]</testName>
          <skipped>false</skipped>
          <failedSince>0</failedSince>
        </case>
        <case>
          <duration>0.0</duration>
          <className>hudson.scheduler.CronTabDayOfWeekLocaleTest</className>
          <testName>isSundayAndPreviousRunIsMonday[41]</testName>
          <skipped>false</skipped>
          <failedSince>0</failedSince>
        </case>
        <case>
          <duration>0.001</duration>
          <className>hudson.scheduler.CronTabDayOfWeekLocaleTest</className>
          <testName>isSaturdayAndNextRunIsSundayAsterisk[41]</testName>
          <skipped>false</skipped>
          <failedSince>0</failedSince>
        </case>
        <case>
          <duration>0.0</duration>
          <className>hudson.scheduler.CronTabDayOfWeekLocaleTest</className>
          <testName>hudson8658[41]</testName>
          <skipped>false</skipped>
          <failedSince>0</failedSince>
        </case>
        <case>
          <duration>0.0</duration>
          <className>hudson.scheduler.CronTabDayOfWeekLocaleTest</className>
          <testName>isSundayAndNextRunIsNextSunday[41]</testName>
          <skipped>false</skipped>
          <failedSince>0</failedSince>
        </case>
        <case>
          <duration>0.001</duration>
          <className>hudson.scheduler.CronTabDayOfWeekLocaleTest</className>
          <testName>isSundayAndNextRunIsThursday[41]</testName>
          <skipped>false</skipped>
          <failedSince>0</failedSince>
        </case>
        <case>
          <duration>0.0</duration>
          <className>hudson.scheduler.CronTabDayOfWeekLocaleTest</className>
          <testName>isSundayAndPreviousRunIsPreviousSunday7[41]</testName>
          <skipped>false</skipped>
          <failedSince>0</failedSince>
        </case>
        <case>
          <duration>0.0</duration>
          <className>hudson.scheduler.CronTabDayOfWeekLocaleTest</className>
          <testName>isSundayAndNextRunIsWednesday[41]</testName>
          <skipped>false</skipped>
          <failedSince>0</failedSince>
        </case>
        <case>
          <duration>0.001</duration>
          <className>hudson.scheduler.CronTabDayOfWeekLocaleTest</className>
          <testName>isSundayAndNextRunIsSaturday[41]</testName>
          <skipped>false</skipped>
          <failedSince>0</failedSince>
        </case>
        <case>
          <duration>0.0</duration>
          <className>hudson.scheduler.CronTabDayOfWeekLocaleTest</className>
          <testName>isSundayAndPreviousRunIsTuesday[42]</testName>
          <skipped>false</skipped>
          <failedSince>0</failedSince>
        </case>
        <case>
          <duration>0.0</duration>
          <className>hudson.scheduler.CronTabDayOfWeekLocaleTest</className>
          <testName>isSundayAndPreviousRunIsThursday[42]</testName>
          <skipped>false</skipped>
          <failedSince>0</failedSince>
        </case>
        <case>
          <duration>0.001</duration>
          <className>hudson.scheduler.CronTabDayOfWeekLocaleTest</className>
          <testName>isSundayAndPreviousRunIsWednesday[42]</testName>
          <skipped>false</skipped>
          <failedSince>0</failedSince>
        </case>
        <case>
          <duration>0.0</duration>
          <className>hudson.scheduler.CronTabDayOfWeekLocaleTest</className>
          <testName>isSundayAndPreviousRunIsSaturday[42]</testName>
          <skipped>false</skipped>
          <failedSince>0</failedSince>
        </case>
        <case>
          <duration>0.0</duration>
          <className>hudson.scheduler.CronTabDayOfWeekLocaleTest</className>
          <testName>isSundayAndPreviousRunIsPreviousSunday[42]</testName>
          <skipped>false</skipped>
          <failedSince>0</failedSince>
        </case>
        <case>
          <duration>0.0</duration>
          <className>hudson.scheduler.CronTabDayOfWeekLocaleTest</className>
          <testName>isSundayAndNextRunIsFriday[42]</testName>
          <skipped>false</skipped>
          <failedSince>0</failedSince>
        </case>
        <case>
          <duration>0.0</duration>
          <className>hudson.scheduler.CronTabDayOfWeekLocaleTest</className>
          <testName>isSundayAndPreviousRunIsSaturdayAsterisk[42]</testName>
          <skipped>false</skipped>
          <failedSince>0</failedSince>
        </case>
        <case>
          <duration>0.0</duration>
          <className>hudson.scheduler.CronTabDayOfWeekLocaleTest</className>
          <testName>isSundayAndNextRunIsMonday[42]</testName>
          <skipped>false</skipped>
          <failedSince>0</failedSince>
        </case>
        <case>
          <duration>0.0</duration>
          <className>hudson.scheduler.CronTabDayOfWeekLocaleTest</className>
          <testName>isSundayAndPreviousRunIsFriday[42]</testName>
          <skipped>false</skipped>
          <failedSince>0</failedSince>
        </case>
        <case>
          <duration>0.0</duration>
          <className>hudson.scheduler.CronTabDayOfWeekLocaleTest</className>
          <testName>isSundayAndNextRunIsTuesday[42]</testName>
          <skipped>false</skipped>
          <failedSince>0</failedSince>
        </case>
        <case>
          <duration>0.001</duration>
          <className>hudson.scheduler.CronTabDayOfWeekLocaleTest</className>
          <testName>isSundayAndNextRunIsNextSunday7[42]</testName>
          <skipped>false</skipped>
          <failedSince>0</failedSince>
        </case>
        <case>
          <duration>0.0</duration>
          <className>hudson.scheduler.CronTabDayOfWeekLocaleTest</className>
          <testName>isSundayAndPreviousRunIsMonday[42]</testName>
          <skipped>false</skipped>
          <failedSince>0</failedSince>
        </case>
        <case>
          <duration>0.0</duration>
          <className>hudson.scheduler.CronTabDayOfWeekLocaleTest</className>
          <testName>isSaturdayAndNextRunIsSundayAsterisk[42]</testName>
          <skipped>false</skipped>
          <failedSince>0</failedSince>
        </case>
        <case>
          <duration>0.001</duration>
          <className>hudson.scheduler.CronTabDayOfWeekLocaleTest</className>
          <testName>hudson8658[42]</testName>
          <skipped>false</skipped>
          <failedSince>0</failedSince>
        </case>
        <case>
          <duration>0.0</duration>
          <className>hudson.scheduler.CronTabDayOfWeekLocaleTest</className>
          <testName>isSundayAndNextRunIsNextSunday[42]</testName>
          <skipped>false</skipped>
          <failedSince>0</failedSince>
        </case>
        <case>
          <duration>0.0</duration>
          <className>hudson.scheduler.CronTabDayOfWeekLocaleTest</className>
          <testName>isSundayAndNextRunIsThursday[42]</testName>
          <skipped>false</skipped>
          <failedSince>0</failedSince>
        </case>
        <case>
          <duration>0.001</duration>
          <className>hudson.scheduler.CronTabDayOfWeekLocaleTest</className>
          <testName>isSundayAndPreviousRunIsPreviousSunday7[42]</testName>
          <skipped>false</skipped>
          <failedSince>0</failedSince>
        </case>
        <case>
          <duration>0.0</duration>
          <className>hudson.scheduler.CronTabDayOfWeekLocaleTest</className>
          <testName>isSundayAndNextRunIsWednesday[42]</testName>
          <skipped>false</skipped>
          <failedSince>0</failedSince>
        </case>
        <case>
          <duration>0.0</duration>
          <className>hudson.scheduler.CronTabDayOfWeekLocaleTest</className>
          <testName>isSundayAndNextRunIsSaturday[42]</testName>
          <skipped>false</skipped>
          <failedSince>0</failedSince>
        </case>
        <case>
          <duration>0.001</duration>
          <className>hudson.scheduler.CronTabDayOfWeekLocaleTest</className>
          <testName>isSundayAndPreviousRunIsTuesday[43]</testName>
          <skipped>false</skipped>
          <failedSince>0</failedSince>
        </case>
        <case>
          <duration>0.0</duration>
          <className>hudson.scheduler.CronTabDayOfWeekLocaleTest</className>
          <testName>isSundayAndPreviousRunIsThursday[43]</testName>
          <skipped>false</skipped>
          <failedSince>0</failedSince>
        </case>
        <case>
          <duration>0.0</duration>
          <className>hudson.scheduler.CronTabDayOfWeekLocaleTest</className>
          <testName>isSundayAndPreviousRunIsWednesday[43]</testName>
          <skipped>false</skipped>
          <failedSince>0</failedSince>
        </case>
        <case>
          <duration>0.001</duration>
          <className>hudson.scheduler.CronTabDayOfWeekLocaleTest</className>
          <testName>isSundayAndPreviousRunIsSaturday[43]</testName>
          <skipped>false</skipped>
          <failedSince>0</failedSince>
        </case>
        <case>
          <duration>0.0</duration>
          <className>hudson.scheduler.CronTabDayOfWeekLocaleTest</className>
          <testName>isSundayAndPreviousRunIsPreviousSunday[43]</testName>
          <skipped>false</skipped>
          <failedSince>0</failedSince>
        </case>
        <case>
          <duration>0.0</duration>
          <className>hudson.scheduler.CronTabDayOfWeekLocaleTest</className>
          <testName>isSundayAndNextRunIsFriday[43]</testName>
          <skipped>false</skipped>
          <failedSince>0</failedSince>
        </case>
        <case>
          <duration>0.0</duration>
          <className>hudson.scheduler.CronTabDayOfWeekLocaleTest</className>
          <testName>isSundayAndPreviousRunIsSaturdayAsterisk[43]</testName>
          <skipped>false</skipped>
          <failedSince>0</failedSince>
        </case>
        <case>
          <duration>0.0</duration>
          <className>hudson.scheduler.CronTabDayOfWeekLocaleTest</className>
          <testName>isSundayAndNextRunIsMonday[43]</testName>
          <skipped>false</skipped>
          <failedSince>0</failedSince>
        </case>
        <case>
          <duration>0.0</duration>
          <className>hudson.scheduler.CronTabDayOfWeekLocaleTest</className>
          <testName>isSundayAndPreviousRunIsFriday[43]</testName>
          <skipped>false</skipped>
          <failedSince>0</failedSince>
        </case>
        <case>
          <duration>0.0</duration>
          <className>hudson.scheduler.CronTabDayOfWeekLocaleTest</className>
          <testName>isSundayAndNextRunIsTuesday[43]</testName>
          <skipped>false</skipped>
          <failedSince>0</failedSince>
        </case>
        <case>
          <duration>0.001</duration>
          <className>hudson.scheduler.CronTabDayOfWeekLocaleTest</className>
          <testName>isSundayAndNextRunIsNextSunday7[43]</testName>
          <skipped>false</skipped>
          <failedSince>0</failedSince>
        </case>
        <case>
          <duration>0.0</duration>
          <className>hudson.scheduler.CronTabDayOfWeekLocaleTest</className>
          <testName>isSundayAndPreviousRunIsMonday[43]</testName>
          <skipped>false</skipped>
          <failedSince>0</failedSince>
        </case>
        <case>
          <duration>0.0</duration>
          <className>hudson.scheduler.CronTabDayOfWeekLocaleTest</className>
          <testName>isSaturdayAndNextRunIsSundayAsterisk[43]</testName>
          <skipped>false</skipped>
          <failedSince>0</failedSince>
        </case>
        <case>
          <duration>0.001</duration>
          <className>hudson.scheduler.CronTabDayOfWeekLocaleTest</className>
          <testName>hudson8658[43]</testName>
          <skipped>false</skipped>
          <failedSince>0</failedSince>
        </case>
        <case>
          <duration>0.0</duration>
          <className>hudson.scheduler.CronTabDayOfWeekLocaleTest</className>
          <testName>isSundayAndNextRunIsNextSunday[43]</testName>
          <skipped>false</skipped>
          <failedSince>0</failedSince>
        </case>
        <case>
          <duration>0.0</duration>
          <className>hudson.scheduler.CronTabDayOfWeekLocaleTest</className>
          <testName>isSundayAndNextRunIsThursday[43]</testName>
          <skipped>false</skipped>
          <failedSince>0</failedSince>
        </case>
        <case>
          <duration>0.0</duration>
          <className>hudson.scheduler.CronTabDayOfWeekLocaleTest</className>
          <testName>isSundayAndPreviousRunIsPreviousSunday7[43]</testName>
          <skipped>false</skipped>
          <failedSince>0</failedSince>
        </case>
        <case>
          <duration>0.0</duration>
          <className>hudson.scheduler.CronTabDayOfWeekLocaleTest</className>
          <testName>isSundayAndNextRunIsWednesday[43]</testName>
          <skipped>false</skipped>
          <failedSince>0</failedSince>
        </case>
        <case>
          <duration>0.0</duration>
          <className>hudson.scheduler.CronTabDayOfWeekLocaleTest</className>
          <testName>isSundayAndNextRunIsSaturday[43]</testName>
          <skipped>false</skipped>
          <failedSince>0</failedSince>
        </case>
        <case>
          <duration>0.0</duration>
          <className>hudson.scheduler.CronTabDayOfWeekLocaleTest</className>
          <testName>isSundayAndPreviousRunIsTuesday[44]</testName>
          <skipped>false</skipped>
          <failedSince>0</failedSince>
        </case>
        <case>
          <duration>0.0</duration>
          <className>hudson.scheduler.CronTabDayOfWeekLocaleTest</className>
          <testName>isSundayAndPreviousRunIsThursday[44]</testName>
          <skipped>false</skipped>
          <failedSince>0</failedSince>
        </case>
        <case>
          <duration>0.0</duration>
          <className>hudson.scheduler.CronTabDayOfWeekLocaleTest</className>
          <testName>isSundayAndPreviousRunIsWednesday[44]</testName>
          <skipped>false</skipped>
          <failedSince>0</failedSince>
        </case>
        <case>
          <duration>0.0</duration>
          <className>hudson.scheduler.CronTabDayOfWeekLocaleTest</className>
          <testName>isSundayAndPreviousRunIsSaturday[44]</testName>
          <skipped>false</skipped>
          <failedSince>0</failedSince>
        </case>
        <case>
          <duration>0.0</duration>
          <className>hudson.scheduler.CronTabDayOfWeekLocaleTest</className>
          <testName>isSundayAndPreviousRunIsPreviousSunday[44]</testName>
          <skipped>false</skipped>
          <failedSince>0</failedSince>
        </case>
        <case>
          <duration>0.0</duration>
          <className>hudson.scheduler.CronTabDayOfWeekLocaleTest</className>
          <testName>isSundayAndNextRunIsFriday[44]</testName>
          <skipped>false</skipped>
          <failedSince>0</failedSince>
        </case>
        <case>
          <duration>0.0</duration>
          <className>hudson.scheduler.CronTabDayOfWeekLocaleTest</className>
          <testName>isSundayAndPreviousRunIsSaturdayAsterisk[44]</testName>
          <skipped>false</skipped>
          <failedSince>0</failedSince>
        </case>
        <case>
          <duration>0.0</duration>
          <className>hudson.scheduler.CronTabDayOfWeekLocaleTest</className>
          <testName>isSundayAndNextRunIsMonday[44]</testName>
          <skipped>false</skipped>
          <failedSince>0</failedSince>
        </case>
        <case>
          <duration>0.001</duration>
          <className>hudson.scheduler.CronTabDayOfWeekLocaleTest</className>
          <testName>isSundayAndPreviousRunIsFriday[44]</testName>
          <skipped>false</skipped>
          <failedSince>0</failedSince>
        </case>
        <case>
          <duration>0.0</duration>
          <className>hudson.scheduler.CronTabDayOfWeekLocaleTest</className>
          <testName>isSundayAndNextRunIsTuesday[44]</testName>
          <skipped>false</skipped>
          <failedSince>0</failedSince>
        </case>
        <case>
          <duration>0.0</duration>
          <className>hudson.scheduler.CronTabDayOfWeekLocaleTest</className>
          <testName>isSundayAndNextRunIsNextSunday7[44]</testName>
          <skipped>false</skipped>
          <failedSince>0</failedSince>
        </case>
        <case>
          <duration>0.001</duration>
          <className>hudson.scheduler.CronTabDayOfWeekLocaleTest</className>
          <testName>isSundayAndPreviousRunIsMonday[44]</testName>
          <skipped>false</skipped>
          <failedSince>0</failedSince>
        </case>
        <case>
          <duration>0.0</duration>
          <className>hudson.scheduler.CronTabDayOfWeekLocaleTest</className>
          <testName>isSaturdayAndNextRunIsSundayAsterisk[44]</testName>
          <skipped>false</skipped>
          <failedSince>0</failedSince>
        </case>
        <case>
          <duration>0.0</duration>
          <className>hudson.scheduler.CronTabDayOfWeekLocaleTest</className>
          <testName>hudson8658[44]</testName>
          <skipped>false</skipped>
          <failedSince>0</failedSince>
        </case>
        <case>
          <duration>0.001</duration>
          <className>hudson.scheduler.CronTabDayOfWeekLocaleTest</className>
          <testName>isSundayAndNextRunIsNextSunday[44]</testName>
          <skipped>false</skipped>
          <failedSince>0</failedSince>
        </case>
        <case>
          <duration>0.0</duration>
          <className>hudson.scheduler.CronTabDayOfWeekLocaleTest</className>
          <testName>isSundayAndNextRunIsThursday[44]</testName>
          <skipped>false</skipped>
          <failedSince>0</failedSince>
        </case>
        <case>
          <duration>0.0</duration>
          <className>hudson.scheduler.CronTabDayOfWeekLocaleTest</className>
          <testName>isSundayAndPreviousRunIsPreviousSunday7[44]</testName>
          <skipped>false</skipped>
          <failedSince>0</failedSince>
        </case>
        <case>
          <duration>0.0</duration>
          <className>hudson.scheduler.CronTabDayOfWeekLocaleTest</className>
          <testName>isSundayAndNextRunIsWednesday[44]</testName>
          <skipped>false</skipped>
          <failedSince>0</failedSince>
        </case>
        <case>
          <duration>0.0</duration>
          <className>hudson.scheduler.CronTabDayOfWeekLocaleTest</className>
          <testName>isSundayAndNextRunIsSaturday[44]</testName>
          <skipped>false</skipped>
          <failedSince>0</failedSince>
        </case>
        <case>
          <duration>0.0</duration>
          <className>hudson.scheduler.CronTabDayOfWeekLocaleTest</className>
          <testName>isSundayAndPreviousRunIsTuesday[45]</testName>
          <skipped>false</skipped>
          <failedSince>0</failedSince>
        </case>
        <case>
          <duration>0.0</duration>
          <className>hudson.scheduler.CronTabDayOfWeekLocaleTest</className>
          <testName>isSundayAndPreviousRunIsThursday[45]</testName>
          <skipped>false</skipped>
          <failedSince>0</failedSince>
        </case>
        <case>
          <duration>0.0</duration>
          <className>hudson.scheduler.CronTabDayOfWeekLocaleTest</className>
          <testName>isSundayAndPreviousRunIsWednesday[45]</testName>
          <skipped>false</skipped>
          <failedSince>0</failedSince>
        </case>
        <case>
          <duration>0.0</duration>
          <className>hudson.scheduler.CronTabDayOfWeekLocaleTest</className>
          <testName>isSundayAndPreviousRunIsSaturday[45]</testName>
          <skipped>false</skipped>
          <failedSince>0</failedSince>
        </case>
        <case>
          <duration>0.0</duration>
          <className>hudson.scheduler.CronTabDayOfWeekLocaleTest</className>
          <testName>isSundayAndPreviousRunIsPreviousSunday[45]</testName>
          <skipped>false</skipped>
          <failedSince>0</failedSince>
        </case>
        <case>
          <duration>0.001</duration>
          <className>hudson.scheduler.CronTabDayOfWeekLocaleTest</className>
          <testName>isSundayAndNextRunIsFriday[45]</testName>
          <skipped>false</skipped>
          <failedSince>0</failedSince>
        </case>
        <case>
          <duration>0.0</duration>
          <className>hudson.scheduler.CronTabDayOfWeekLocaleTest</className>
          <testName>isSundayAndPreviousRunIsSaturdayAsterisk[45]</testName>
          <skipped>false</skipped>
          <failedSince>0</failedSince>
        </case>
        <case>
          <duration>0.0</duration>
          <className>hudson.scheduler.CronTabDayOfWeekLocaleTest</className>
          <testName>isSundayAndNextRunIsMonday[45]</testName>
          <skipped>false</skipped>
          <failedSince>0</failedSince>
        </case>
        <case>
          <duration>0.001</duration>
          <className>hudson.scheduler.CronTabDayOfWeekLocaleTest</className>
          <testName>isSundayAndPreviousRunIsFriday[45]</testName>
          <skipped>false</skipped>
          <failedSince>0</failedSince>
        </case>
        <case>
          <duration>0.0</duration>
          <className>hudson.scheduler.CronTabDayOfWeekLocaleTest</className>
          <testName>isSundayAndNextRunIsTuesday[45]</testName>
          <skipped>false</skipped>
          <failedSince>0</failedSince>
        </case>
        <case>
          <duration>0.0</duration>
          <className>hudson.scheduler.CronTabDayOfWeekLocaleTest</className>
          <testName>isSundayAndNextRunIsNextSunday7[45]</testName>
          <skipped>false</skipped>
          <failedSince>0</failedSince>
        </case>
        <case>
          <duration>0.001</duration>
          <className>hudson.scheduler.CronTabDayOfWeekLocaleTest</className>
          <testName>isSundayAndPreviousRunIsMonday[45]</testName>
          <skipped>false</skipped>
          <failedSince>0</failedSince>
        </case>
        <case>
          <duration>0.0</duration>
          <className>hudson.scheduler.CronTabDayOfWeekLocaleTest</className>
          <testName>isSaturdayAndNextRunIsSundayAsterisk[45]</testName>
          <skipped>false</skipped>
          <failedSince>0</failedSince>
        </case>
        <case>
          <duration>0.0</duration>
          <className>hudson.scheduler.CronTabDayOfWeekLocaleTest</className>
          <testName>hudson8658[45]</testName>
          <skipped>false</skipped>
          <failedSince>0</failedSince>
        </case>
        <case>
          <duration>0.0</duration>
          <className>hudson.scheduler.CronTabDayOfWeekLocaleTest</className>
          <testName>isSundayAndNextRunIsNextSunday[45]</testName>
          <skipped>false</skipped>
          <failedSince>0</failedSince>
        </case>
        <case>
          <duration>0.0</duration>
          <className>hudson.scheduler.CronTabDayOfWeekLocaleTest</className>
          <testName>isSundayAndNextRunIsThursday[45]</testName>
          <skipped>false</skipped>
          <failedSince>0</failedSince>
        </case>
        <case>
          <duration>0.0</duration>
          <className>hudson.scheduler.CronTabDayOfWeekLocaleTest</className>
          <testName>isSundayAndPreviousRunIsPreviousSunday7[45]</testName>
          <skipped>false</skipped>
          <failedSince>0</failedSince>
        </case>
        <case>
          <duration>0.0</duration>
          <className>hudson.scheduler.CronTabDayOfWeekLocaleTest</className>
          <testName>isSundayAndNextRunIsWednesday[45]</testName>
          <skipped>false</skipped>
          <failedSince>0</failedSince>
        </case>
        <case>
          <duration>0.001</duration>
          <className>hudson.scheduler.CronTabDayOfWeekLocaleTest</className>
          <testName>isSundayAndNextRunIsSaturday[45]</testName>
          <skipped>false</skipped>
          <failedSince>0</failedSince>
        </case>
        <case>
          <duration>0.0</duration>
          <className>hudson.scheduler.CronTabDayOfWeekLocaleTest</className>
          <testName>isSundayAndPreviousRunIsTuesday[46]</testName>
          <skipped>false</skipped>
          <failedSince>0</failedSince>
        </case>
        <case>
          <duration>0.0</duration>
          <className>hudson.scheduler.CronTabDayOfWeekLocaleTest</className>
          <testName>isSundayAndPreviousRunIsThursday[46]</testName>
          <skipped>false</skipped>
          <failedSince>0</failedSince>
        </case>
        <case>
          <duration>0.0</duration>
          <className>hudson.scheduler.CronTabDayOfWeekLocaleTest</className>
          <testName>isSundayAndPreviousRunIsWednesday[46]</testName>
          <skipped>false</skipped>
          <failedSince>0</failedSince>
        </case>
        <case>
          <duration>0.0</duration>
          <className>hudson.scheduler.CronTabDayOfWeekLocaleTest</className>
          <testName>isSundayAndPreviousRunIsSaturday[46]</testName>
          <skipped>false</skipped>
          <failedSince>0</failedSince>
        </case>
        <case>
          <duration>0.0</duration>
          <className>hudson.scheduler.CronTabDayOfWeekLocaleTest</className>
          <testName>isSundayAndPreviousRunIsPreviousSunday[46]</testName>
          <skipped>false</skipped>
          <failedSince>0</failedSince>
        </case>
        <case>
          <duration>0.0</duration>
          <className>hudson.scheduler.CronTabDayOfWeekLocaleTest</className>
          <testName>isSundayAndNextRunIsFriday[46]</testName>
          <skipped>false</skipped>
          <failedSince>0</failedSince>
        </case>
        <case>
          <duration>0.0</duration>
          <className>hudson.scheduler.CronTabDayOfWeekLocaleTest</className>
          <testName>isSundayAndPreviousRunIsSaturdayAsterisk[46]</testName>
          <skipped>false</skipped>
          <failedSince>0</failedSince>
        </case>
        <case>
          <duration>0.001</duration>
          <className>hudson.scheduler.CronTabDayOfWeekLocaleTest</className>
          <testName>isSundayAndNextRunIsMonday[46]</testName>
          <skipped>false</skipped>
          <failedSince>0</failedSince>
        </case>
        <case>
          <duration>0.0</duration>
          <className>hudson.scheduler.CronTabDayOfWeekLocaleTest</className>
          <testName>isSundayAndPreviousRunIsFriday[46]</testName>
          <skipped>false</skipped>
          <failedSince>0</failedSince>
        </case>
        <case>
          <duration>0.0</duration>
          <className>hudson.scheduler.CronTabDayOfWeekLocaleTest</className>
          <testName>isSundayAndNextRunIsTuesday[46]</testName>
          <skipped>false</skipped>
          <failedSince>0</failedSince>
        </case>
        <case>
          <duration>0.001</duration>
          <className>hudson.scheduler.CronTabDayOfWeekLocaleTest</className>
          <testName>isSundayAndNextRunIsNextSunday7[46]</testName>
          <skipped>false</skipped>
          <failedSince>0</failedSince>
        </case>
        <case>
          <duration>0.0</duration>
          <className>hudson.scheduler.CronTabDayOfWeekLocaleTest</className>
          <testName>isSundayAndPreviousRunIsMonday[46]</testName>
          <skipped>false</skipped>
          <failedSince>0</failedSince>
        </case>
        <case>
          <duration>0.0</duration>
          <className>hudson.scheduler.CronTabDayOfWeekLocaleTest</className>
          <testName>isSaturdayAndNextRunIsSundayAsterisk[46]</testName>
          <skipped>false</skipped>
          <failedSince>0</failedSince>
        </case>
        <case>
          <duration>0.0</duration>
          <className>hudson.scheduler.CronTabDayOfWeekLocaleTest</className>
          <testName>hudson8658[46]</testName>
          <skipped>false</skipped>
          <failedSince>0</failedSince>
        </case>
        <case>
          <duration>0.0</duration>
          <className>hudson.scheduler.CronTabDayOfWeekLocaleTest</className>
          <testName>isSundayAndNextRunIsNextSunday[46]</testName>
          <skipped>false</skipped>
          <failedSince>0</failedSince>
        </case>
        <case>
          <duration>0.001</duration>
          <className>hudson.scheduler.CronTabDayOfWeekLocaleTest</className>
          <testName>isSundayAndNextRunIsThursday[46]</testName>
          <skipped>false</skipped>
          <failedSince>0</failedSince>
        </case>
        <case>
          <duration>0.0</duration>
          <className>hudson.scheduler.CronTabDayOfWeekLocaleTest</className>
          <testName>isSundayAndPreviousRunIsPreviousSunday7[46]</testName>
          <skipped>false</skipped>
          <failedSince>0</failedSince>
        </case>
        <case>
          <duration>0.0</duration>
          <className>hudson.scheduler.CronTabDayOfWeekLocaleTest</className>
          <testName>isSundayAndNextRunIsWednesday[46]</testName>
          <skipped>false</skipped>
          <failedSince>0</failedSince>
        </case>
        <case>
          <duration>0.001</duration>
          <className>hudson.scheduler.CronTabDayOfWeekLocaleTest</className>
          <testName>isSundayAndNextRunIsSaturday[46]</testName>
          <skipped>false</skipped>
          <failedSince>0</failedSince>
        </case>
        <case>
          <duration>0.0</duration>
          <className>hudson.scheduler.CronTabDayOfWeekLocaleTest</className>
          <testName>isSundayAndPreviousRunIsTuesday[47]</testName>
          <skipped>false</skipped>
          <failedSince>0</failedSince>
        </case>
        <case>
          <duration>0.0</duration>
          <className>hudson.scheduler.CronTabDayOfWeekLocaleTest</className>
          <testName>isSundayAndPreviousRunIsThursday[47]</testName>
          <skipped>false</skipped>
          <failedSince>0</failedSince>
        </case>
        <case>
          <duration>0.001</duration>
          <className>hudson.scheduler.CronTabDayOfWeekLocaleTest</className>
          <testName>isSundayAndPreviousRunIsWednesday[47]</testName>
          <skipped>false</skipped>
          <failedSince>0</failedSince>
        </case>
        <case>
          <duration>0.0</duration>
          <className>hudson.scheduler.CronTabDayOfWeekLocaleTest</className>
          <testName>isSundayAndPreviousRunIsSaturday[47]</testName>
          <skipped>false</skipped>
          <failedSince>0</failedSince>
        </case>
        <case>
          <duration>0.0</duration>
          <className>hudson.scheduler.CronTabDayOfWeekLocaleTest</className>
          <testName>isSundayAndPreviousRunIsPreviousSunday[47]</testName>
          <skipped>false</skipped>
          <failedSince>0</failedSince>
        </case>
        <case>
          <duration>0.001</duration>
          <className>hudson.scheduler.CronTabDayOfWeekLocaleTest</className>
          <testName>isSundayAndNextRunIsFriday[47]</testName>
          <skipped>false</skipped>
          <failedSince>0</failedSince>
        </case>
        <case>
          <duration>0.0</duration>
          <className>hudson.scheduler.CronTabDayOfWeekLocaleTest</className>
          <testName>isSundayAndPreviousRunIsSaturdayAsterisk[47]</testName>
          <skipped>false</skipped>
          <failedSince>0</failedSince>
        </case>
        <case>
          <duration>0.0</duration>
          <className>hudson.scheduler.CronTabDayOfWeekLocaleTest</className>
          <testName>isSundayAndNextRunIsMonday[47]</testName>
          <skipped>false</skipped>
          <failedSince>0</failedSince>
        </case>
        <case>
          <duration>0.002</duration>
          <className>hudson.scheduler.CronTabDayOfWeekLocaleTest</className>
          <testName>isSundayAndPreviousRunIsFriday[47]</testName>
          <skipped>false</skipped>
          <failedSince>0</failedSince>
        </case>
        <case>
          <duration>0.002</duration>
          <className>hudson.scheduler.CronTabDayOfWeekLocaleTest</className>
          <testName>isSundayAndNextRunIsTuesday[47]</testName>
          <skipped>false</skipped>
          <failedSince>0</failedSince>
        </case>
        <case>
          <duration>0.001</duration>
          <className>hudson.scheduler.CronTabDayOfWeekLocaleTest</className>
          <testName>isSundayAndNextRunIsNextSunday7[47]</testName>
          <skipped>false</skipped>
          <failedSince>0</failedSince>
        </case>
        <case>
          <duration>0.0</duration>
          <className>hudson.scheduler.CronTabDayOfWeekLocaleTest</className>
          <testName>isSundayAndPreviousRunIsMonday[47]</testName>
          <skipped>false</skipped>
          <failedSince>0</failedSince>
        </case>
        <case>
          <duration>0.0</duration>
          <className>hudson.scheduler.CronTabDayOfWeekLocaleTest</className>
          <testName>isSaturdayAndNextRunIsSundayAsterisk[47]</testName>
          <skipped>false</skipped>
          <failedSince>0</failedSince>
        </case>
        <case>
          <duration>0.0</duration>
          <className>hudson.scheduler.CronTabDayOfWeekLocaleTest</className>
          <testName>hudson8658[47]</testName>
          <skipped>false</skipped>
          <failedSince>0</failedSince>
        </case>
        <case>
          <duration>0.0</duration>
          <className>hudson.scheduler.CronTabDayOfWeekLocaleTest</className>
          <testName>isSundayAndNextRunIsNextSunday[47]</testName>
          <skipped>false</skipped>
          <failedSince>0</failedSince>
        </case>
        <case>
          <duration>0.0</duration>
          <className>hudson.scheduler.CronTabDayOfWeekLocaleTest</className>
          <testName>isSundayAndNextRunIsThursday[47]</testName>
          <skipped>false</skipped>
          <failedSince>0</failedSince>
        </case>
        <case>
          <duration>0.001</duration>
          <className>hudson.scheduler.CronTabDayOfWeekLocaleTest</className>
          <testName>isSundayAndPreviousRunIsPreviousSunday7[47]</testName>
          <skipped>false</skipped>
          <failedSince>0</failedSince>
        </case>
        <case>
          <duration>0.0</duration>
          <className>hudson.scheduler.CronTabDayOfWeekLocaleTest</className>
          <testName>isSundayAndNextRunIsWednesday[47]</testName>
          <skipped>false</skipped>
          <failedSince>0</failedSince>
        </case>
        <case>
          <duration>0.0</duration>
          <className>hudson.scheduler.CronTabDayOfWeekLocaleTest</className>
          <testName>isSundayAndNextRunIsSaturday[47]</testName>
          <skipped>false</skipped>
          <failedSince>0</failedSince>
        </case>
        <case>
          <duration>0.0</duration>
          <className>hudson.scheduler.CronTabDayOfWeekLocaleTest</className>
          <testName>isSundayAndPreviousRunIsTuesday[48]</testName>
          <skipped>false</skipped>
          <failedSince>0</failedSince>
        </case>
        <case>
          <duration>0.0</duration>
          <className>hudson.scheduler.CronTabDayOfWeekLocaleTest</className>
          <testName>isSundayAndPreviousRunIsThursday[48]</testName>
          <skipped>false</skipped>
          <failedSince>0</failedSince>
        </case>
        <case>
          <duration>0.0</duration>
          <className>hudson.scheduler.CronTabDayOfWeekLocaleTest</className>
          <testName>isSundayAndPreviousRunIsWednesday[48]</testName>
          <skipped>false</skipped>
          <failedSince>0</failedSince>
        </case>
        <case>
          <duration>0.001</duration>
          <className>hudson.scheduler.CronTabDayOfWeekLocaleTest</className>
          <testName>isSundayAndPreviousRunIsSaturday[48]</testName>
          <skipped>false</skipped>
          <failedSince>0</failedSince>
        </case>
        <case>
          <duration>0.0</duration>
          <className>hudson.scheduler.CronTabDayOfWeekLocaleTest</className>
          <testName>isSundayAndPreviousRunIsPreviousSunday[48]</testName>
          <skipped>false</skipped>
          <failedSince>0</failedSince>
        </case>
        <case>
          <duration>0.0</duration>
          <className>hudson.scheduler.CronTabDayOfWeekLocaleTest</className>
          <testName>isSundayAndNextRunIsFriday[48]</testName>
          <skipped>false</skipped>
          <failedSince>0</failedSince>
        </case>
        <case>
          <duration>0.001</duration>
          <className>hudson.scheduler.CronTabDayOfWeekLocaleTest</className>
          <testName>isSundayAndPreviousRunIsSaturdayAsterisk[48]</testName>
          <skipped>false</skipped>
          <failedSince>0</failedSince>
        </case>
        <case>
          <duration>0.0</duration>
          <className>hudson.scheduler.CronTabDayOfWeekLocaleTest</className>
          <testName>isSundayAndNextRunIsMonday[48]</testName>
          <skipped>false</skipped>
          <failedSince>0</failedSince>
        </case>
        <case>
          <duration>0.0</duration>
          <className>hudson.scheduler.CronTabDayOfWeekLocaleTest</className>
          <testName>isSundayAndPreviousRunIsFriday[48]</testName>
          <skipped>false</skipped>
          <failedSince>0</failedSince>
        </case>
        <case>
          <duration>0.001</duration>
          <className>hudson.scheduler.CronTabDayOfWeekLocaleTest</className>
          <testName>isSundayAndNextRunIsTuesday[48]</testName>
          <skipped>false</skipped>
          <failedSince>0</failedSince>
        </case>
        <case>
          <duration>0.0</duration>
          <className>hudson.scheduler.CronTabDayOfWeekLocaleTest</className>
          <testName>isSundayAndNextRunIsNextSunday7[48]</testName>
          <skipped>false</skipped>
          <failedSince>0</failedSince>
        </case>
        <case>
          <duration>0.0</duration>
          <className>hudson.scheduler.CronTabDayOfWeekLocaleTest</className>
          <testName>isSundayAndPreviousRunIsMonday[48]</testName>
          <skipped>false</skipped>
          <failedSince>0</failedSince>
        </case>
        <case>
          <duration>0.0</duration>
          <className>hudson.scheduler.CronTabDayOfWeekLocaleTest</className>
          <testName>isSaturdayAndNextRunIsSundayAsterisk[48]</testName>
          <skipped>false</skipped>
          <failedSince>0</failedSince>
        </case>
        <case>
          <duration>0.0</duration>
          <className>hudson.scheduler.CronTabDayOfWeekLocaleTest</className>
          <testName>hudson8658[48]</testName>
          <skipped>false</skipped>
          <failedSince>0</failedSince>
        </case>
        <case>
          <duration>0.0</duration>
          <className>hudson.scheduler.CronTabDayOfWeekLocaleTest</className>
          <testName>isSundayAndNextRunIsNextSunday[48]</testName>
          <skipped>false</skipped>
          <failedSince>0</failedSince>
        </case>
        <case>
          <duration>0.0</duration>
          <className>hudson.scheduler.CronTabDayOfWeekLocaleTest</className>
          <testName>isSundayAndNextRunIsThursday[48]</testName>
          <skipped>false</skipped>
          <failedSince>0</failedSince>
        </case>
        <case>
          <duration>0.001</duration>
          <className>hudson.scheduler.CronTabDayOfWeekLocaleTest</className>
          <testName>isSundayAndPreviousRunIsPreviousSunday7[48]</testName>
          <skipped>false</skipped>
          <failedSince>0</failedSince>
        </case>
        <case>
          <duration>0.0</duration>
          <className>hudson.scheduler.CronTabDayOfWeekLocaleTest</className>
          <testName>isSundayAndNextRunIsWednesday[48]</testName>
          <skipped>false</skipped>
          <failedSince>0</failedSince>
        </case>
        <case>
          <duration>0.0</duration>
          <className>hudson.scheduler.CronTabDayOfWeekLocaleTest</className>
          <testName>isSundayAndNextRunIsSaturday[48]</testName>
          <skipped>false</skipped>
          <failedSince>0</failedSince>
        </case>
        <case>
          <duration>0.001</duration>
          <className>hudson.scheduler.CronTabDayOfWeekLocaleTest</className>
          <testName>isSundayAndPreviousRunIsTuesday[49]</testName>
          <skipped>false</skipped>
          <failedSince>0</failedSince>
        </case>
        <case>
          <duration>0.0</duration>
          <className>hudson.scheduler.CronTabDayOfWeekLocaleTest</className>
          <testName>isSundayAndPreviousRunIsThursday[49]</testName>
          <skipped>false</skipped>
          <failedSince>0</failedSince>
        </case>
        <case>
          <duration>0.0</duration>
          <className>hudson.scheduler.CronTabDayOfWeekLocaleTest</className>
          <testName>isSundayAndPreviousRunIsWednesday[49]</testName>
          <skipped>false</skipped>
          <failedSince>0</failedSince>
        </case>
        <case>
          <duration>0.001</duration>
          <className>hudson.scheduler.CronTabDayOfWeekLocaleTest</className>
          <testName>isSundayAndPreviousRunIsSaturday[49]</testName>
          <skipped>false</skipped>
          <failedSince>0</failedSince>
        </case>
        <case>
          <duration>0.0</duration>
          <className>hudson.scheduler.CronTabDayOfWeekLocaleTest</className>
          <testName>isSundayAndPreviousRunIsPreviousSunday[49]</testName>
          <skipped>false</skipped>
          <failedSince>0</failedSince>
        </case>
        <case>
          <duration>0.0</duration>
          <className>hudson.scheduler.CronTabDayOfWeekLocaleTest</className>
          <testName>isSundayAndNextRunIsFriday[49]</testName>
          <skipped>false</skipped>
          <failedSince>0</failedSince>
        </case>
        <case>
          <duration>0.001</duration>
          <className>hudson.scheduler.CronTabDayOfWeekLocaleTest</className>
          <testName>isSundayAndPreviousRunIsSaturdayAsterisk[49]</testName>
          <skipped>false</skipped>
          <failedSince>0</failedSince>
        </case>
        <case>
          <duration>0.0</duration>
          <className>hudson.scheduler.CronTabDayOfWeekLocaleTest</className>
          <testName>isSundayAndNextRunIsMonday[49]</testName>
          <skipped>false</skipped>
          <failedSince>0</failedSince>
        </case>
        <case>
          <duration>0.0</duration>
          <className>hudson.scheduler.CronTabDayOfWeekLocaleTest</className>
          <testName>isSundayAndPreviousRunIsFriday[49]</testName>
          <skipped>false</skipped>
          <failedSince>0</failedSince>
        </case>
        <case>
          <duration>0.001</duration>
          <className>hudson.scheduler.CronTabDayOfWeekLocaleTest</className>
          <testName>isSundayAndNextRunIsTuesday[49]</testName>
          <skipped>false</skipped>
          <failedSince>0</failedSince>
        </case>
        <case>
          <duration>0.0</duration>
          <className>hudson.scheduler.CronTabDayOfWeekLocaleTest</className>
          <testName>isSundayAndNextRunIsNextSunday7[49]</testName>
          <skipped>false</skipped>
          <failedSince>0</failedSince>
        </case>
        <case>
          <duration>0.0</duration>
          <className>hudson.scheduler.CronTabDayOfWeekLocaleTest</className>
          <testName>isSundayAndPreviousRunIsMonday[49]</testName>
          <skipped>false</skipped>
          <failedSince>0</failedSince>
        </case>
        <case>
          <duration>0.0</duration>
          <className>hudson.scheduler.CronTabDayOfWeekLocaleTest</className>
          <testName>isSaturdayAndNextRunIsSundayAsterisk[49]</testName>
          <skipped>false</skipped>
          <failedSince>0</failedSince>
        </case>
        <case>
          <duration>0.0</duration>
          <className>hudson.scheduler.CronTabDayOfWeekLocaleTest</className>
          <testName>hudson8658[49]</testName>
          <skipped>false</skipped>
          <failedSince>0</failedSince>
        </case>
        <case>
          <duration>0.0</duration>
          <className>hudson.scheduler.CronTabDayOfWeekLocaleTest</className>
          <testName>isSundayAndNextRunIsNextSunday[49]</testName>
          <skipped>false</skipped>
          <failedSince>0</failedSince>
        </case>
        <case>
          <duration>0.0</duration>
          <className>hudson.scheduler.CronTabDayOfWeekLocaleTest</className>
          <testName>isSundayAndNextRunIsThursday[49]</testName>
          <skipped>false</skipped>
          <failedSince>0</failedSince>
        </case>
        <case>
          <duration>0.0</duration>
          <className>hudson.scheduler.CronTabDayOfWeekLocaleTest</className>
          <testName>isSundayAndPreviousRunIsPreviousSunday7[49]</testName>
          <skipped>false</skipped>
          <failedSince>0</failedSince>
        </case>
        <case>
          <duration>0.0</duration>
          <className>hudson.scheduler.CronTabDayOfWeekLocaleTest</className>
          <testName>isSundayAndNextRunIsWednesday[49]</testName>
          <skipped>false</skipped>
          <failedSince>0</failedSince>
        </case>
        <case>
          <duration>0.0</duration>
          <className>hudson.scheduler.CronTabDayOfWeekLocaleTest</className>
          <testName>isSundayAndNextRunIsSaturday[49]</testName>
          <skipped>false</skipped>
          <failedSince>0</failedSince>
        </case>
        <case>
          <duration>0.0</duration>
          <className>hudson.scheduler.CronTabDayOfWeekLocaleTest</className>
          <testName>isSundayAndPreviousRunIsTuesday[50]</testName>
          <skipped>false</skipped>
          <failedSince>0</failedSince>
        </case>
        <case>
          <duration>0.0</duration>
          <className>hudson.scheduler.CronTabDayOfWeekLocaleTest</className>
          <testName>isSundayAndPreviousRunIsThursday[50]</testName>
          <skipped>false</skipped>
          <failedSince>0</failedSince>
        </case>
        <case>
          <duration>0.0</duration>
          <className>hudson.scheduler.CronTabDayOfWeekLocaleTest</className>
          <testName>isSundayAndPreviousRunIsWednesday[50]</testName>
          <skipped>false</skipped>
          <failedSince>0</failedSince>
        </case>
        <case>
          <duration>0.001</duration>
          <className>hudson.scheduler.CronTabDayOfWeekLocaleTest</className>
          <testName>isSundayAndPreviousRunIsSaturday[50]</testName>
          <skipped>false</skipped>
          <failedSince>0</failedSince>
        </case>
        <case>
          <duration>0.0</duration>
          <className>hudson.scheduler.CronTabDayOfWeekLocaleTest</className>
          <testName>isSundayAndPreviousRunIsPreviousSunday[50]</testName>
          <skipped>false</skipped>
          <failedSince>0</failedSince>
        </case>
        <case>
          <duration>0.0</duration>
          <className>hudson.scheduler.CronTabDayOfWeekLocaleTest</className>
          <testName>isSundayAndNextRunIsFriday[50]</testName>
          <skipped>false</skipped>
          <failedSince>0</failedSince>
        </case>
        <case>
          <duration>0.001</duration>
          <className>hudson.scheduler.CronTabDayOfWeekLocaleTest</className>
          <testName>isSundayAndPreviousRunIsSaturdayAsterisk[50]</testName>
          <skipped>false</skipped>
          <failedSince>0</failedSince>
        </case>
        <case>
          <duration>0.0</duration>
          <className>hudson.scheduler.CronTabDayOfWeekLocaleTest</className>
          <testName>isSundayAndNextRunIsMonday[50]</testName>
          <skipped>false</skipped>
          <failedSince>0</failedSince>
        </case>
        <case>
          <duration>0.0</duration>
          <className>hudson.scheduler.CronTabDayOfWeekLocaleTest</className>
          <testName>isSundayAndPreviousRunIsFriday[50]</testName>
          <skipped>false</skipped>
          <failedSince>0</failedSince>
        </case>
        <case>
          <duration>0.0</duration>
          <className>hudson.scheduler.CronTabDayOfWeekLocaleTest</className>
          <testName>isSundayAndNextRunIsTuesday[50]</testName>
          <skipped>false</skipped>
          <failedSince>0</failedSince>
        </case>
        <case>
          <duration>0.0</duration>
          <className>hudson.scheduler.CronTabDayOfWeekLocaleTest</className>
          <testName>isSundayAndNextRunIsNextSunday7[50]</testName>
          <skipped>false</skipped>
          <failedSince>0</failedSince>
        </case>
        <case>
          <duration>0.0</duration>
          <className>hudson.scheduler.CronTabDayOfWeekLocaleTest</className>
          <testName>isSundayAndPreviousRunIsMonday[50]</testName>
          <skipped>false</skipped>
          <failedSince>0</failedSince>
        </case>
        <case>
          <duration>0.0</duration>
          <className>hudson.scheduler.CronTabDayOfWeekLocaleTest</className>
          <testName>isSaturdayAndNextRunIsSundayAsterisk[50]</testName>
          <skipped>false</skipped>
          <failedSince>0</failedSince>
        </case>
        <case>
          <duration>0.001</duration>
          <className>hudson.scheduler.CronTabDayOfWeekLocaleTest</className>
          <testName>hudson8658[50]</testName>
          <skipped>false</skipped>
          <failedSince>0</failedSince>
        </case>
        <case>
          <duration>0.0</duration>
          <className>hudson.scheduler.CronTabDayOfWeekLocaleTest</className>
          <testName>isSundayAndNextRunIsNextSunday[50]</testName>
          <skipped>false</skipped>
          <failedSince>0</failedSince>
        </case>
        <case>
          <duration>0.0</duration>
          <className>hudson.scheduler.CronTabDayOfWeekLocaleTest</className>
          <testName>isSundayAndNextRunIsThursday[50]</testName>
          <skipped>false</skipped>
          <failedSince>0</failedSince>
        </case>
        <case>
          <duration>0.001</duration>
          <className>hudson.scheduler.CronTabDayOfWeekLocaleTest</className>
          <testName>isSundayAndPreviousRunIsPreviousSunday7[50]</testName>
          <skipped>false</skipped>
          <failedSince>0</failedSince>
        </case>
        <case>
          <duration>0.0</duration>
          <className>hudson.scheduler.CronTabDayOfWeekLocaleTest</className>
          <testName>isSundayAndNextRunIsWednesday[50]</testName>
          <skipped>false</skipped>
          <failedSince>0</failedSince>
        </case>
        <case>
          <duration>0.0</duration>
          <className>hudson.scheduler.CronTabDayOfWeekLocaleTest</className>
          <testName>isSundayAndNextRunIsSaturday[50]</testName>
          <skipped>false</skipped>
          <failedSince>0</failedSince>
        </case>
        <case>
          <duration>0.001</duration>
          <className>hudson.scheduler.CronTabDayOfWeekLocaleTest</className>
          <testName>isSundayAndPreviousRunIsTuesday[51]</testName>
          <skipped>false</skipped>
          <failedSince>0</failedSince>
        </case>
        <case>
          <duration>0.0</duration>
          <className>hudson.scheduler.CronTabDayOfWeekLocaleTest</className>
          <testName>isSundayAndPreviousRunIsThursday[51]</testName>
          <skipped>false</skipped>
          <failedSince>0</failedSince>
        </case>
        <case>
          <duration>0.0</duration>
          <className>hudson.scheduler.CronTabDayOfWeekLocaleTest</className>
          <testName>isSundayAndPreviousRunIsWednesday[51]</testName>
          <skipped>false</skipped>
          <failedSince>0</failedSince>
        </case>
        <case>
          <duration>0.0</duration>
          <className>hudson.scheduler.CronTabDayOfWeekLocaleTest</className>
          <testName>isSundayAndPreviousRunIsSaturday[51]</testName>
          <skipped>false</skipped>
          <failedSince>0</failedSince>
        </case>
        <case>
          <duration>0.0</duration>
          <className>hudson.scheduler.CronTabDayOfWeekLocaleTest</className>
          <testName>isSundayAndPreviousRunIsPreviousSunday[51]</testName>
          <skipped>false</skipped>
          <failedSince>0</failedSince>
        </case>
        <case>
          <duration>0.004</duration>
          <className>hudson.scheduler.CronTabDayOfWeekLocaleTest</className>
          <testName>isSundayAndNextRunIsFriday[51]</testName>
          <skipped>false</skipped>
          <failedSince>0</failedSince>
        </case>
        <case>
          <duration>0.0</duration>
          <className>hudson.scheduler.CronTabDayOfWeekLocaleTest</className>
          <testName>isSundayAndPreviousRunIsSaturdayAsterisk[51]</testName>
          <skipped>false</skipped>
          <failedSince>0</failedSince>
        </case>
        <case>
          <duration>0.0</duration>
          <className>hudson.scheduler.CronTabDayOfWeekLocaleTest</className>
          <testName>isSundayAndNextRunIsMonday[51]</testName>
          <skipped>false</skipped>
          <failedSince>0</failedSince>
        </case>
        <case>
          <duration>0.0</duration>
          <className>hudson.scheduler.CronTabDayOfWeekLocaleTest</className>
          <testName>isSundayAndPreviousRunIsFriday[51]</testName>
          <skipped>false</skipped>
          <failedSince>0</failedSince>
        </case>
        <case>
          <duration>0.0</duration>
          <className>hudson.scheduler.CronTabDayOfWeekLocaleTest</className>
          <testName>isSundayAndNextRunIsTuesday[51]</testName>
          <skipped>false</skipped>
          <failedSince>0</failedSince>
        </case>
        <case>
          <duration>0.0</duration>
          <className>hudson.scheduler.CronTabDayOfWeekLocaleTest</className>
          <testName>isSundayAndNextRunIsNextSunday7[51]</testName>
          <skipped>false</skipped>
          <failedSince>0</failedSince>
        </case>
        <case>
          <duration>0.001</duration>
          <className>hudson.scheduler.CronTabDayOfWeekLocaleTest</className>
          <testName>isSundayAndPreviousRunIsMonday[51]</testName>
          <skipped>false</skipped>
          <failedSince>0</failedSince>
        </case>
        <case>
          <duration>0.0</duration>
          <className>hudson.scheduler.CronTabDayOfWeekLocaleTest</className>
          <testName>isSaturdayAndNextRunIsSundayAsterisk[51]</testName>
          <skipped>false</skipped>
          <failedSince>0</failedSince>
        </case>
        <case>
          <duration>0.0</duration>
          <className>hudson.scheduler.CronTabDayOfWeekLocaleTest</className>
          <testName>hudson8658[51]</testName>
          <skipped>false</skipped>
          <failedSince>0</failedSince>
        </case>
        <case>
          <duration>0.001</duration>
          <className>hudson.scheduler.CronTabDayOfWeekLocaleTest</className>
          <testName>isSundayAndNextRunIsNextSunday[51]</testName>
          <skipped>false</skipped>
          <failedSince>0</failedSince>
        </case>
        <case>
          <duration>0.0</duration>
          <className>hudson.scheduler.CronTabDayOfWeekLocaleTest</className>
          <testName>isSundayAndNextRunIsThursday[51]</testName>
          <skipped>false</skipped>
          <failedSince>0</failedSince>
        </case>
        <case>
          <duration>0.0</duration>
          <className>hudson.scheduler.CronTabDayOfWeekLocaleTest</className>
          <testName>isSundayAndPreviousRunIsPreviousSunday7[51]</testName>
          <skipped>false</skipped>
          <failedSince>0</failedSince>
        </case>
        <case>
          <duration>0.0</duration>
          <className>hudson.scheduler.CronTabDayOfWeekLocaleTest</className>
          <testName>isSundayAndNextRunIsWednesday[51]</testName>
          <skipped>false</skipped>
          <failedSince>0</failedSince>
        </case>
        <case>
          <duration>0.0</duration>
          <className>hudson.scheduler.CronTabDayOfWeekLocaleTest</className>
          <testName>isSundayAndNextRunIsSaturday[51]</testName>
          <skipped>false</skipped>
          <failedSince>0</failedSince>
        </case>
        <case>
          <duration>0.0</duration>
          <className>hudson.scheduler.CronTabDayOfWeekLocaleTest</className>
          <testName>isSundayAndPreviousRunIsTuesday[52]</testName>
          <skipped>false</skipped>
          <failedSince>0</failedSince>
        </case>
        <case>
          <duration>0.0</duration>
          <className>hudson.scheduler.CronTabDayOfWeekLocaleTest</className>
          <testName>isSundayAndPreviousRunIsThursday[52]</testName>
          <skipped>false</skipped>
          <failedSince>0</failedSince>
        </case>
        <case>
          <duration>0.0</duration>
          <className>hudson.scheduler.CronTabDayOfWeekLocaleTest</className>
          <testName>isSundayAndPreviousRunIsWednesday[52]</testName>
          <skipped>false</skipped>
          <failedSince>0</failedSince>
        </case>
        <case>
          <duration>0.0</duration>
          <className>hudson.scheduler.CronTabDayOfWeekLocaleTest</className>
          <testName>isSundayAndPreviousRunIsSaturday[52]</testName>
          <skipped>false</skipped>
          <failedSince>0</failedSince>
        </case>
        <case>
          <duration>0.0</duration>
          <className>hudson.scheduler.CronTabDayOfWeekLocaleTest</className>
          <testName>isSundayAndPreviousRunIsPreviousSunday[52]</testName>
          <skipped>false</skipped>
          <failedSince>0</failedSince>
        </case>
        <case>
          <duration>0.0</duration>
          <className>hudson.scheduler.CronTabDayOfWeekLocaleTest</className>
          <testName>isSundayAndNextRunIsFriday[52]</testName>
          <skipped>false</skipped>
          <failedSince>0</failedSince>
        </case>
        <case>
          <duration>0.0</duration>
          <className>hudson.scheduler.CronTabDayOfWeekLocaleTest</className>
          <testName>isSundayAndPreviousRunIsSaturdayAsterisk[52]</testName>
          <skipped>false</skipped>
          <failedSince>0</failedSince>
        </case>
        <case>
          <duration>0.0</duration>
          <className>hudson.scheduler.CronTabDayOfWeekLocaleTest</className>
          <testName>isSundayAndNextRunIsMonday[52]</testName>
          <skipped>false</skipped>
          <failedSince>0</failedSince>
        </case>
        <case>
          <duration>0.001</duration>
          <className>hudson.scheduler.CronTabDayOfWeekLocaleTest</className>
          <testName>isSundayAndPreviousRunIsFriday[52]</testName>
          <skipped>false</skipped>
          <failedSince>0</failedSince>
        </case>
        <case>
          <duration>0.0</duration>
          <className>hudson.scheduler.CronTabDayOfWeekLocaleTest</className>
          <testName>isSundayAndNextRunIsTuesday[52]</testName>
          <skipped>false</skipped>
          <failedSince>0</failedSince>
        </case>
        <case>
          <duration>0.0</duration>
          <className>hudson.scheduler.CronTabDayOfWeekLocaleTest</className>
          <testName>isSundayAndNextRunIsNextSunday7[52]</testName>
          <skipped>false</skipped>
          <failedSince>0</failedSince>
        </case>
        <case>
          <duration>0.001</duration>
          <className>hudson.scheduler.CronTabDayOfWeekLocaleTest</className>
          <testName>isSundayAndPreviousRunIsMonday[52]</testName>
          <skipped>false</skipped>
          <failedSince>0</failedSince>
        </case>
        <case>
          <duration>0.0</duration>
          <className>hudson.scheduler.CronTabDayOfWeekLocaleTest</className>
          <testName>isSaturdayAndNextRunIsSundayAsterisk[52]</testName>
          <skipped>false</skipped>
          <failedSince>0</failedSince>
        </case>
        <case>
          <duration>0.0</duration>
          <className>hudson.scheduler.CronTabDayOfWeekLocaleTest</className>
          <testName>hudson8658[52]</testName>
          <skipped>false</skipped>
          <failedSince>0</failedSince>
        </case>
        <case>
          <duration>0.0</duration>
          <className>hudson.scheduler.CronTabDayOfWeekLocaleTest</className>
          <testName>isSundayAndNextRunIsNextSunday[52]</testName>
          <skipped>false</skipped>
          <failedSince>0</failedSince>
        </case>
        <case>
          <duration>0.0</duration>
          <className>hudson.scheduler.CronTabDayOfWeekLocaleTest</className>
          <testName>isSundayAndNextRunIsThursday[52]</testName>
          <skipped>false</skipped>
          <failedSince>0</failedSince>
        </case>
        <case>
          <duration>0.0</duration>
          <className>hudson.scheduler.CronTabDayOfWeekLocaleTest</className>
          <testName>isSundayAndPreviousRunIsPreviousSunday7[52]</testName>
          <skipped>false</skipped>
          <failedSince>0</failedSince>
        </case>
        <case>
          <duration>0.0</duration>
          <className>hudson.scheduler.CronTabDayOfWeekLocaleTest</className>
          <testName>isSundayAndNextRunIsWednesday[52]</testName>
          <skipped>false</skipped>
          <failedSince>0</failedSince>
        </case>
        <case>
          <duration>0.001</duration>
          <className>hudson.scheduler.CronTabDayOfWeekLocaleTest</className>
          <testName>isSundayAndNextRunIsSaturday[52]</testName>
          <skipped>false</skipped>
          <failedSince>0</failedSince>
        </case>
        <case>
          <duration>0.0</duration>
          <className>hudson.scheduler.CronTabDayOfWeekLocaleTest</className>
          <testName>isSundayAndPreviousRunIsTuesday[53]</testName>
          <skipped>false</skipped>
          <failedSince>0</failedSince>
        </case>
        <case>
          <duration>0.0</duration>
          <className>hudson.scheduler.CronTabDayOfWeekLocaleTest</className>
          <testName>isSundayAndPreviousRunIsThursday[53]</testName>
          <skipped>false</skipped>
          <failedSince>0</failedSince>
        </case>
        <case>
          <duration>0.001</duration>
          <className>hudson.scheduler.CronTabDayOfWeekLocaleTest</className>
          <testName>isSundayAndPreviousRunIsWednesday[53]</testName>
          <skipped>false</skipped>
          <failedSince>0</failedSince>
        </case>
        <case>
          <duration>0.0</duration>
          <className>hudson.scheduler.CronTabDayOfWeekLocaleTest</className>
          <testName>isSundayAndPreviousRunIsSaturday[53]</testName>
          <skipped>false</skipped>
          <failedSince>0</failedSince>
        </case>
        <case>
          <duration>0.001</duration>
          <className>hudson.scheduler.CronTabDayOfWeekLocaleTest</className>
          <testName>isSundayAndPreviousRunIsPreviousSunday[53]</testName>
          <skipped>false</skipped>
          <failedSince>0</failedSince>
        </case>
        <case>
          <duration>0.0</duration>
          <className>hudson.scheduler.CronTabDayOfWeekLocaleTest</className>
          <testName>isSundayAndNextRunIsFriday[53]</testName>
          <skipped>false</skipped>
          <failedSince>0</failedSince>
        </case>
        <case>
          <duration>0.0</duration>
          <className>hudson.scheduler.CronTabDayOfWeekLocaleTest</className>
          <testName>isSundayAndPreviousRunIsSaturdayAsterisk[53]</testName>
          <skipped>false</skipped>
          <failedSince>0</failedSince>
        </case>
        <case>
          <duration>0.001</duration>
          <className>hudson.scheduler.CronTabDayOfWeekLocaleTest</className>
          <testName>isSundayAndNextRunIsMonday[53]</testName>
          <skipped>false</skipped>
          <failedSince>0</failedSince>
        </case>
        <case>
          <duration>0.0</duration>
          <className>hudson.scheduler.CronTabDayOfWeekLocaleTest</className>
          <testName>isSundayAndPreviousRunIsFriday[53]</testName>
          <skipped>false</skipped>
          <failedSince>0</failedSince>
        </case>
        <case>
          <duration>0.0</duration>
          <className>hudson.scheduler.CronTabDayOfWeekLocaleTest</className>
          <testName>isSundayAndNextRunIsTuesday[53]</testName>
          <skipped>false</skipped>
          <failedSince>0</failedSince>
        </case>
        <case>
          <duration>0.0</duration>
          <className>hudson.scheduler.CronTabDayOfWeekLocaleTest</className>
          <testName>isSundayAndNextRunIsNextSunday7[53]</testName>
          <skipped>false</skipped>
          <failedSince>0</failedSince>
        </case>
        <case>
          <duration>0.0</duration>
          <className>hudson.scheduler.CronTabDayOfWeekLocaleTest</className>
          <testName>isSundayAndPreviousRunIsMonday[53]</testName>
          <skipped>false</skipped>
          <failedSince>0</failedSince>
        </case>
        <case>
          <duration>0.0</duration>
          <className>hudson.scheduler.CronTabDayOfWeekLocaleTest</className>
          <testName>isSaturdayAndNextRunIsSundayAsterisk[53]</testName>
          <skipped>false</skipped>
          <failedSince>0</failedSince>
        </case>
        <case>
          <duration>0.0</duration>
          <className>hudson.scheduler.CronTabDayOfWeekLocaleTest</className>
          <testName>hudson8658[53]</testName>
          <skipped>false</skipped>
          <failedSince>0</failedSince>
        </case>
        <case>
          <duration>0.0</duration>
          <className>hudson.scheduler.CronTabDayOfWeekLocaleTest</className>
          <testName>isSundayAndNextRunIsNextSunday[53]</testName>
          <skipped>false</skipped>
          <failedSince>0</failedSince>
        </case>
        <case>
          <duration>0.0</duration>
          <className>hudson.scheduler.CronTabDayOfWeekLocaleTest</className>
          <testName>isSundayAndNextRunIsThursday[53]</testName>
          <skipped>false</skipped>
          <failedSince>0</failedSince>
        </case>
        <case>
          <duration>0.0</duration>
          <className>hudson.scheduler.CronTabDayOfWeekLocaleTest</className>
          <testName>isSundayAndPreviousRunIsPreviousSunday7[53]</testName>
          <skipped>false</skipped>
          <failedSince>0</failedSince>
        </case>
        <case>
          <duration>0.001</duration>
          <className>hudson.scheduler.CronTabDayOfWeekLocaleTest</className>
          <testName>isSundayAndNextRunIsWednesday[53]</testName>
          <skipped>false</skipped>
          <failedSince>0</failedSince>
        </case>
        <case>
          <duration>0.0</duration>
          <className>hudson.scheduler.CronTabDayOfWeekLocaleTest</className>
          <testName>isSundayAndNextRunIsSaturday[53]</testName>
          <skipped>false</skipped>
          <failedSince>0</failedSince>
        </case>
        <case>
          <duration>0.0</duration>
          <className>hudson.scheduler.CronTabDayOfWeekLocaleTest</className>
          <testName>isSundayAndPreviousRunIsTuesday[54]</testName>
          <skipped>false</skipped>
          <failedSince>0</failedSince>
        </case>
        <case>
          <duration>0.001</duration>
          <className>hudson.scheduler.CronTabDayOfWeekLocaleTest</className>
          <testName>isSundayAndPreviousRunIsThursday[54]</testName>
          <skipped>false</skipped>
          <failedSince>0</failedSince>
        </case>
        <case>
          <duration>0.0</duration>
          <className>hudson.scheduler.CronTabDayOfWeekLocaleTest</className>
          <testName>isSundayAndPreviousRunIsWednesday[54]</testName>
          <skipped>false</skipped>
          <failedSince>0</failedSince>
        </case>
        <case>
          <duration>0.0</duration>
          <className>hudson.scheduler.CronTabDayOfWeekLocaleTest</className>
          <testName>isSundayAndPreviousRunIsSaturday[54]</testName>
          <skipped>false</skipped>
          <failedSince>0</failedSince>
        </case>
        <case>
          <duration>0.001</duration>
          <className>hudson.scheduler.CronTabDayOfWeekLocaleTest</className>
          <testName>isSundayAndPreviousRunIsPreviousSunday[54]</testName>
          <skipped>false</skipped>
          <failedSince>0</failedSince>
        </case>
        <case>
          <duration>0.0</duration>
          <className>hudson.scheduler.CronTabDayOfWeekLocaleTest</className>
          <testName>isSundayAndNextRunIsFriday[54]</testName>
          <skipped>false</skipped>
          <failedSince>0</failedSince>
        </case>
        <case>
          <duration>0.0</duration>
          <className>hudson.scheduler.CronTabDayOfWeekLocaleTest</className>
          <testName>isSundayAndPreviousRunIsSaturdayAsterisk[54]</testName>
          <skipped>false</skipped>
          <failedSince>0</failedSince>
        </case>
        <case>
          <duration>0.001</duration>
          <className>hudson.scheduler.CronTabDayOfWeekLocaleTest</className>
          <testName>isSundayAndNextRunIsMonday[54]</testName>
          <skipped>false</skipped>
          <failedSince>0</failedSince>
        </case>
        <case>
          <duration>0.0</duration>
          <className>hudson.scheduler.CronTabDayOfWeekLocaleTest</className>
          <testName>isSundayAndPreviousRunIsFriday[54]</testName>
          <skipped>false</skipped>
          <failedSince>0</failedSince>
        </case>
        <case>
          <duration>0.001</duration>
          <className>hudson.scheduler.CronTabDayOfWeekLocaleTest</className>
          <testName>isSundayAndNextRunIsTuesday[54]</testName>
          <skipped>false</skipped>
          <failedSince>0</failedSince>
        </case>
        <case>
          <duration>0.0</duration>
          <className>hudson.scheduler.CronTabDayOfWeekLocaleTest</className>
          <testName>isSundayAndNextRunIsNextSunday7[54]</testName>
          <skipped>false</skipped>
          <failedSince>0</failedSince>
        </case>
        <case>
          <duration>0.001</duration>
          <className>hudson.scheduler.CronTabDayOfWeekLocaleTest</className>
          <testName>isSundayAndPreviousRunIsMonday[54]</testName>
          <skipped>false</skipped>
          <failedSince>0</failedSince>
        </case>
        <case>
          <duration>0.0</duration>
          <className>hudson.scheduler.CronTabDayOfWeekLocaleTest</className>
          <testName>isSaturdayAndNextRunIsSundayAsterisk[54]</testName>
          <skipped>false</skipped>
          <failedSince>0</failedSince>
        </case>
        <case>
          <duration>0.0</duration>
          <className>hudson.scheduler.CronTabDayOfWeekLocaleTest</className>
          <testName>hudson8658[54]</testName>
          <skipped>false</skipped>
          <failedSince>0</failedSince>
        </case>
        <case>
          <duration>0.001</duration>
          <className>hudson.scheduler.CronTabDayOfWeekLocaleTest</className>
          <testName>isSundayAndNextRunIsNextSunday[54]</testName>
          <skipped>false</skipped>
          <failedSince>0</failedSince>
        </case>
        <case>
          <duration>0.0</duration>
          <className>hudson.scheduler.CronTabDayOfWeekLocaleTest</className>
          <testName>isSundayAndNextRunIsThursday[54]</testName>
          <skipped>false</skipped>
          <failedSince>0</failedSince>
        </case>
        <case>
          <duration>0.0</duration>
          <className>hudson.scheduler.CronTabDayOfWeekLocaleTest</className>
          <testName>isSundayAndPreviousRunIsPreviousSunday7[54]</testName>
          <skipped>false</skipped>
          <failedSince>0</failedSince>
        </case>
        <case>
          <duration>0.0</duration>
          <className>hudson.scheduler.CronTabDayOfWeekLocaleTest</className>
          <testName>isSundayAndNextRunIsWednesday[54]</testName>
          <skipped>false</skipped>
          <failedSince>0</failedSince>
        </case>
        <case>
          <duration>0.0</duration>
          <className>hudson.scheduler.CronTabDayOfWeekLocaleTest</className>
          <testName>isSundayAndNextRunIsSaturday[54]</testName>
          <skipped>false</skipped>
          <failedSince>0</failedSince>
        </case>
        <case>
          <duration>0.0</duration>
          <className>hudson.scheduler.CronTabDayOfWeekLocaleTest</className>
          <testName>isSundayAndPreviousRunIsTuesday[55]</testName>
          <skipped>false</skipped>
          <failedSince>0</failedSince>
        </case>
        <case>
          <duration>0.0</duration>
          <className>hudson.scheduler.CronTabDayOfWeekLocaleTest</className>
          <testName>isSundayAndPreviousRunIsThursday[55]</testName>
          <skipped>false</skipped>
          <failedSince>0</failedSince>
        </case>
        <case>
          <duration>0.0</duration>
          <className>hudson.scheduler.CronTabDayOfWeekLocaleTest</className>
          <testName>isSundayAndPreviousRunIsWednesday[55]</testName>
          <skipped>false</skipped>
          <failedSince>0</failedSince>
        </case>
        <case>
          <duration>0.0</duration>
          <className>hudson.scheduler.CronTabDayOfWeekLocaleTest</className>
          <testName>isSundayAndPreviousRunIsSaturday[55]</testName>
          <skipped>false</skipped>
          <failedSince>0</failedSince>
        </case>
        <case>
          <duration>0.001</duration>
          <className>hudson.scheduler.CronTabDayOfWeekLocaleTest</className>
          <testName>isSundayAndPreviousRunIsPreviousSunday[55]</testName>
          <skipped>false</skipped>
          <failedSince>0</failedSince>
        </case>
        <case>
          <duration>0.0</duration>
          <className>hudson.scheduler.CronTabDayOfWeekLocaleTest</className>
          <testName>isSundayAndNextRunIsFriday[55]</testName>
          <skipped>false</skipped>
          <failedSince>0</failedSince>
        </case>
        <case>
          <duration>0.0</duration>
          <className>hudson.scheduler.CronTabDayOfWeekLocaleTest</className>
          <testName>isSundayAndPreviousRunIsSaturdayAsterisk[55]</testName>
          <skipped>false</skipped>
          <failedSince>0</failedSince>
        </case>
        <case>
          <duration>0.0</duration>
          <className>hudson.scheduler.CronTabDayOfWeekLocaleTest</className>
          <testName>isSundayAndNextRunIsMonday[55]</testName>
          <skipped>false</skipped>
          <failedSince>0</failedSince>
        </case>
        <case>
          <duration>0.0</duration>
          <className>hudson.scheduler.CronTabDayOfWeekLocaleTest</className>
          <testName>isSundayAndPreviousRunIsFriday[55]</testName>
          <skipped>false</skipped>
          <failedSince>0</failedSince>
        </case>
        <case>
          <duration>0.0</duration>
          <className>hudson.scheduler.CronTabDayOfWeekLocaleTest</className>
          <testName>isSundayAndNextRunIsTuesday[55]</testName>
          <skipped>false</skipped>
          <failedSince>0</failedSince>
        </case>
        <case>
          <duration>0.0</duration>
          <className>hudson.scheduler.CronTabDayOfWeekLocaleTest</className>
          <testName>isSundayAndNextRunIsNextSunday7[55]</testName>
          <skipped>false</skipped>
          <failedSince>0</failedSince>
        </case>
        <case>
          <duration>0.001</duration>
          <className>hudson.scheduler.CronTabDayOfWeekLocaleTest</className>
          <testName>isSundayAndPreviousRunIsMonday[55]</testName>
          <skipped>false</skipped>
          <failedSince>0</failedSince>
        </case>
        <case>
          <duration>0.0</duration>
          <className>hudson.scheduler.CronTabDayOfWeekLocaleTest</className>
          <testName>isSaturdayAndNextRunIsSundayAsterisk[55]</testName>
          <skipped>false</skipped>
          <failedSince>0</failedSince>
        </case>
        <case>
          <duration>0.0</duration>
          <className>hudson.scheduler.CronTabDayOfWeekLocaleTest</className>
          <testName>hudson8658[55]</testName>
          <skipped>false</skipped>
          <failedSince>0</failedSince>
        </case>
        <case>
          <duration>0.001</duration>
          <className>hudson.scheduler.CronTabDayOfWeekLocaleTest</className>
          <testName>isSundayAndNextRunIsNextSunday[55]</testName>
          <skipped>false</skipped>
          <failedSince>0</failedSince>
        </case>
        <case>
          <duration>0.0</duration>
          <className>hudson.scheduler.CronTabDayOfWeekLocaleTest</className>
          <testName>isSundayAndNextRunIsThursday[55]</testName>
          <skipped>false</skipped>
          <failedSince>0</failedSince>
        </case>
        <case>
          <duration>0.0</duration>
          <className>hudson.scheduler.CronTabDayOfWeekLocaleTest</className>
          <testName>isSundayAndPreviousRunIsPreviousSunday7[55]</testName>
          <skipped>false</skipped>
          <failedSince>0</failedSince>
        </case>
        <case>
          <duration>0.0</duration>
          <className>hudson.scheduler.CronTabDayOfWeekLocaleTest</className>
          <testName>isSundayAndNextRunIsWednesday[55]</testName>
          <skipped>false</skipped>
          <failedSince>0</failedSince>
        </case>
        <case>
          <duration>0.0</duration>
          <className>hudson.scheduler.CronTabDayOfWeekLocaleTest</className>
          <testName>isSundayAndNextRunIsSaturday[55]</testName>
          <skipped>false</skipped>
          <failedSince>0</failedSince>
        </case>
        <case>
          <duration>0.0</duration>
          <className>hudson.scheduler.CronTabDayOfWeekLocaleTest</className>
          <testName>isSundayAndPreviousRunIsTuesday[56]</testName>
          <skipped>false</skipped>
          <failedSince>0</failedSince>
        </case>
        <case>
          <duration>0.0</duration>
          <className>hudson.scheduler.CronTabDayOfWeekLocaleTest</className>
          <testName>isSundayAndPreviousRunIsThursday[56]</testName>
          <skipped>false</skipped>
          <failedSince>0</failedSince>
        </case>
        <case>
          <duration>0.0</duration>
          <className>hudson.scheduler.CronTabDayOfWeekLocaleTest</className>
          <testName>isSundayAndPreviousRunIsWednesday[56]</testName>
          <skipped>false</skipped>
          <failedSince>0</failedSince>
        </case>
        <case>
          <duration>0.0</duration>
          <className>hudson.scheduler.CronTabDayOfWeekLocaleTest</className>
          <testName>isSundayAndPreviousRunIsSaturday[56]</testName>
          <skipped>false</skipped>
          <failedSince>0</failedSince>
        </case>
        <case>
          <duration>0.0</duration>
          <className>hudson.scheduler.CronTabDayOfWeekLocaleTest</className>
          <testName>isSundayAndPreviousRunIsPreviousSunday[56]</testName>
          <skipped>false</skipped>
          <failedSince>0</failedSince>
        </case>
        <case>
          <duration>0.001</duration>
          <className>hudson.scheduler.CronTabDayOfWeekLocaleTest</className>
          <testName>isSundayAndNextRunIsFriday[56]</testName>
          <skipped>false</skipped>
          <failedSince>0</failedSince>
        </case>
        <case>
          <duration>0.0</duration>
          <className>hudson.scheduler.CronTabDayOfWeekLocaleTest</className>
          <testName>isSundayAndPreviousRunIsSaturdayAsterisk[56]</testName>
          <skipped>false</skipped>
          <failedSince>0</failedSince>
        </case>
        <case>
          <duration>0.001</duration>
          <className>hudson.scheduler.CronTabDayOfWeekLocaleTest</className>
          <testName>isSundayAndNextRunIsMonday[56]</testName>
          <skipped>false</skipped>
          <failedSince>0</failedSince>
        </case>
        <case>
          <duration>0.0</duration>
          <className>hudson.scheduler.CronTabDayOfWeekLocaleTest</className>
          <testName>isSundayAndPreviousRunIsFriday[56]</testName>
          <skipped>false</skipped>
          <failedSince>0</failedSince>
        </case>
        <case>
          <duration>0.0</duration>
          <className>hudson.scheduler.CronTabDayOfWeekLocaleTest</className>
          <testName>isSundayAndNextRunIsTuesday[56]</testName>
          <skipped>false</skipped>
          <failedSince>0</failedSince>
        </case>
        <case>
          <duration>0.0</duration>
          <className>hudson.scheduler.CronTabDayOfWeekLocaleTest</className>
          <testName>isSundayAndNextRunIsNextSunday7[56]</testName>
          <skipped>false</skipped>
          <failedSince>0</failedSince>
        </case>
        <case>
          <duration>0.0</duration>
          <className>hudson.scheduler.CronTabDayOfWeekLocaleTest</className>
          <testName>isSundayAndPreviousRunIsMonday[56]</testName>
          <skipped>false</skipped>
          <failedSince>0</failedSince>
        </case>
        <case>
          <duration>0.0</duration>
          <className>hudson.scheduler.CronTabDayOfWeekLocaleTest</className>
          <testName>isSaturdayAndNextRunIsSundayAsterisk[56]</testName>
          <skipped>false</skipped>
          <failedSince>0</failedSince>
        </case>
        <case>
          <duration>0.001</duration>
          <className>hudson.scheduler.CronTabDayOfWeekLocaleTest</className>
          <testName>hudson8658[56]</testName>
          <skipped>false</skipped>
          <failedSince>0</failedSince>
        </case>
        <case>
          <duration>0.0</duration>
          <className>hudson.scheduler.CronTabDayOfWeekLocaleTest</className>
          <testName>isSundayAndNextRunIsNextSunday[56]</testName>
          <skipped>false</skipped>
          <failedSince>0</failedSince>
        </case>
        <case>
          <duration>0.0</duration>
          <className>hudson.scheduler.CronTabDayOfWeekLocaleTest</className>
          <testName>isSundayAndNextRunIsThursday[56]</testName>
          <skipped>false</skipped>
          <failedSince>0</failedSince>
        </case>
        <case>
          <duration>0.0</duration>
          <className>hudson.scheduler.CronTabDayOfWeekLocaleTest</className>
          <testName>isSundayAndPreviousRunIsPreviousSunday7[56]</testName>
          <skipped>false</skipped>
          <failedSince>0</failedSince>
        </case>
        <case>
          <duration>0.0</duration>
          <className>hudson.scheduler.CronTabDayOfWeekLocaleTest</className>
          <testName>isSundayAndNextRunIsWednesday[56]</testName>
          <skipped>false</skipped>
          <failedSince>0</failedSince>
        </case>
        <case>
          <duration>0.0</duration>
          <className>hudson.scheduler.CronTabDayOfWeekLocaleTest</className>
          <testName>isSundayAndNextRunIsSaturday[56]</testName>
          <skipped>false</skipped>
          <failedSince>0</failedSince>
        </case>
        <case>
          <duration>0.0</duration>
          <className>hudson.scheduler.CronTabDayOfWeekLocaleTest</className>
          <testName>isSundayAndPreviousRunIsTuesday[57]</testName>
          <skipped>false</skipped>
          <failedSince>0</failedSince>
        </case>
        <case>
          <duration>0.0</duration>
          <className>hudson.scheduler.CronTabDayOfWeekLocaleTest</className>
          <testName>isSundayAndPreviousRunIsThursday[57]</testName>
          <skipped>false</skipped>
          <failedSince>0</failedSince>
        </case>
        <case>
          <duration>0.0</duration>
          <className>hudson.scheduler.CronTabDayOfWeekLocaleTest</className>
          <testName>isSundayAndPreviousRunIsWednesday[57]</testName>
          <skipped>false</skipped>
          <failedSince>0</failedSince>
        </case>
        <case>
          <duration>0.001</duration>
          <className>hudson.scheduler.CronTabDayOfWeekLocaleTest</className>
          <testName>isSundayAndPreviousRunIsSaturday[57]</testName>
          <skipped>false</skipped>
          <failedSince>0</failedSince>
        </case>
        <case>
          <duration>0.0</duration>
          <className>hudson.scheduler.CronTabDayOfWeekLocaleTest</className>
          <testName>isSundayAndPreviousRunIsPreviousSunday[57]</testName>
          <skipped>false</skipped>
          <failedSince>0</failedSince>
        </case>
        <case>
          <duration>0.0</duration>
          <className>hudson.scheduler.CronTabDayOfWeekLocaleTest</className>
          <testName>isSundayAndNextRunIsFriday[57]</testName>
          <skipped>false</skipped>
          <failedSince>0</failedSince>
        </case>
        <case>
          <duration>0.001</duration>
          <className>hudson.scheduler.CronTabDayOfWeekLocaleTest</className>
          <testName>isSundayAndPreviousRunIsSaturdayAsterisk[57]</testName>
          <skipped>false</skipped>
          <failedSince>0</failedSince>
        </case>
        <case>
          <duration>0.0</duration>
          <className>hudson.scheduler.CronTabDayOfWeekLocaleTest</className>
          <testName>isSundayAndNextRunIsMonday[57]</testName>
          <skipped>false</skipped>
          <failedSince>0</failedSince>
        </case>
        <case>
          <duration>0.0</duration>
          <className>hudson.scheduler.CronTabDayOfWeekLocaleTest</className>
          <testName>isSundayAndPreviousRunIsFriday[57]</testName>
          <skipped>false</skipped>
          <failedSince>0</failedSince>
        </case>
        <case>
          <duration>0.0</duration>
          <className>hudson.scheduler.CronTabDayOfWeekLocaleTest</className>
          <testName>isSundayAndNextRunIsTuesday[57]</testName>
          <skipped>false</skipped>
          <failedSince>0</failedSince>
        </case>
        <case>
          <duration>0.001</duration>
          <className>hudson.scheduler.CronTabDayOfWeekLocaleTest</className>
          <testName>isSundayAndNextRunIsNextSunday7[57]</testName>
          <skipped>false</skipped>
          <failedSince>0</failedSince>
        </case>
        <case>
          <duration>0.0</duration>
          <className>hudson.scheduler.CronTabDayOfWeekLocaleTest</className>
          <testName>isSundayAndPreviousRunIsMonday[57]</testName>
          <skipped>false</skipped>
          <failedSince>0</failedSince>
        </case>
        <case>
          <duration>0.0</duration>
          <className>hudson.scheduler.CronTabDayOfWeekLocaleTest</className>
          <testName>isSaturdayAndNextRunIsSundayAsterisk[57]</testName>
          <skipped>false</skipped>
          <failedSince>0</failedSince>
        </case>
        <case>
          <duration>0.001</duration>
          <className>hudson.scheduler.CronTabDayOfWeekLocaleTest</className>
          <testName>hudson8658[57]</testName>
          <skipped>false</skipped>
          <failedSince>0</failedSince>
        </case>
        <case>
          <duration>0.0</duration>
          <className>hudson.scheduler.CronTabDayOfWeekLocaleTest</className>
          <testName>isSundayAndNextRunIsNextSunday[57]</testName>
          <skipped>false</skipped>
          <failedSince>0</failedSince>
        </case>
        <case>
          <duration>0.0</duration>
          <className>hudson.scheduler.CronTabDayOfWeekLocaleTest</className>
          <testName>isSundayAndNextRunIsThursday[57]</testName>
          <skipped>false</skipped>
          <failedSince>0</failedSince>
        </case>
        <case>
          <duration>0.002</duration>
          <className>hudson.scheduler.CronTabDayOfWeekLocaleTest</className>
          <testName>isSundayAndPreviousRunIsPreviousSunday7[57]</testName>
          <skipped>false</skipped>
          <failedSince>0</failedSince>
        </case>
        <case>
          <duration>0.0</duration>
          <className>hudson.scheduler.CronTabDayOfWeekLocaleTest</className>
          <testName>isSundayAndNextRunIsWednesday[57]</testName>
          <skipped>false</skipped>
          <failedSince>0</failedSince>
        </case>
        <case>
          <duration>0.0</duration>
          <className>hudson.scheduler.CronTabDayOfWeekLocaleTest</className>
          <testName>isSundayAndNextRunIsSaturday[57]</testName>
          <skipped>false</skipped>
          <failedSince>0</failedSince>
        </case>
        <case>
          <duration>0.0</duration>
          <className>hudson.scheduler.CronTabDayOfWeekLocaleTest</className>
          <testName>isSundayAndPreviousRunIsTuesday[58]</testName>
          <skipped>false</skipped>
          <failedSince>0</failedSince>
        </case>
        <case>
          <duration>0.001</duration>
          <className>hudson.scheduler.CronTabDayOfWeekLocaleTest</className>
          <testName>isSundayAndPreviousRunIsThursday[58]</testName>
          <skipped>false</skipped>
          <failedSince>0</failedSince>
        </case>
        <case>
          <duration>0.0</duration>
          <className>hudson.scheduler.CronTabDayOfWeekLocaleTest</className>
          <testName>isSundayAndPreviousRunIsWednesday[58]</testName>
          <skipped>false</skipped>
          <failedSince>0</failedSince>
        </case>
        <case>
          <duration>0.0</duration>
          <className>hudson.scheduler.CronTabDayOfWeekLocaleTest</className>
          <testName>isSundayAndPreviousRunIsSaturday[58]</testName>
          <skipped>false</skipped>
          <failedSince>0</failedSince>
        </case>
        <case>
          <duration>0.001</duration>
          <className>hudson.scheduler.CronTabDayOfWeekLocaleTest</className>
          <testName>isSundayAndPreviousRunIsPreviousSunday[58]</testName>
          <skipped>false</skipped>
          <failedSince>0</failedSince>
        </case>
        <case>
          <duration>0.0</duration>
          <className>hudson.scheduler.CronTabDayOfWeekLocaleTest</className>
          <testName>isSundayAndNextRunIsFriday[58]</testName>
          <skipped>false</skipped>
          <failedSince>0</failedSince>
        </case>
        <case>
          <duration>0.0</duration>
          <className>hudson.scheduler.CronTabDayOfWeekLocaleTest</className>
          <testName>isSundayAndPreviousRunIsSaturdayAsterisk[58]</testName>
          <skipped>false</skipped>
          <failedSince>0</failedSince>
        </case>
        <case>
          <duration>0.0</duration>
          <className>hudson.scheduler.CronTabDayOfWeekLocaleTest</className>
          <testName>isSundayAndNextRunIsMonday[58]</testName>
          <skipped>false</skipped>
          <failedSince>0</failedSince>
        </case>
        <case>
          <duration>0.0</duration>
          <className>hudson.scheduler.CronTabDayOfWeekLocaleTest</className>
          <testName>isSundayAndPreviousRunIsFriday[58]</testName>
          <skipped>false</skipped>
          <failedSince>0</failedSince>
        </case>
        <case>
          <duration>0.0</duration>
          <className>hudson.scheduler.CronTabDayOfWeekLocaleTest</className>
          <testName>isSundayAndNextRunIsTuesday[58]</testName>
          <skipped>false</skipped>
          <failedSince>0</failedSince>
        </case>
        <case>
          <duration>0.0</duration>
          <className>hudson.scheduler.CronTabDayOfWeekLocaleTest</className>
          <testName>isSundayAndNextRunIsNextSunday7[58]</testName>
          <skipped>false</skipped>
          <failedSince>0</failedSince>
        </case>
        <case>
          <duration>0.0</duration>
          <className>hudson.scheduler.CronTabDayOfWeekLocaleTest</className>
          <testName>isSundayAndPreviousRunIsMonday[58]</testName>
          <skipped>false</skipped>
          <failedSince>0</failedSince>
        </case>
        <case>
          <duration>0.0</duration>
          <className>hudson.scheduler.CronTabDayOfWeekLocaleTest</className>
          <testName>isSaturdayAndNextRunIsSundayAsterisk[58]</testName>
          <skipped>false</skipped>
          <failedSince>0</failedSince>
        </case>
        <case>
          <duration>0.0</duration>
          <className>hudson.scheduler.CronTabDayOfWeekLocaleTest</className>
          <testName>hudson8658[58]</testName>
          <skipped>false</skipped>
          <failedSince>0</failedSince>
        </case>
        <case>
          <duration>0.001</duration>
          <className>hudson.scheduler.CronTabDayOfWeekLocaleTest</className>
          <testName>isSundayAndNextRunIsNextSunday[58]</testName>
          <skipped>false</skipped>
          <failedSince>0</failedSince>
        </case>
        <case>
          <duration>0.0</duration>
          <className>hudson.scheduler.CronTabDayOfWeekLocaleTest</className>
          <testName>isSundayAndNextRunIsThursday[58]</testName>
          <skipped>false</skipped>
          <failedSince>0</failedSince>
        </case>
        <case>
          <duration>0.0</duration>
          <className>hudson.scheduler.CronTabDayOfWeekLocaleTest</className>
          <testName>isSundayAndPreviousRunIsPreviousSunday7[58]</testName>
          <skipped>false</skipped>
          <failedSince>0</failedSince>
        </case>
        <case>
          <duration>0.0</duration>
          <className>hudson.scheduler.CronTabDayOfWeekLocaleTest</className>
          <testName>isSundayAndNextRunIsWednesday[58]</testName>
          <skipped>false</skipped>
          <failedSince>0</failedSince>
        </case>
        <case>
          <duration>0.0</duration>
          <className>hudson.scheduler.CronTabDayOfWeekLocaleTest</className>
          <testName>isSundayAndNextRunIsSaturday[58]</testName>
          <skipped>false</skipped>
          <failedSince>0</failedSince>
        </case>
        <case>
          <duration>0.0</duration>
          <className>hudson.scheduler.CronTabDayOfWeekLocaleTest</className>
          <testName>isSundayAndPreviousRunIsTuesday[59]</testName>
          <skipped>false</skipped>
          <failedSince>0</failedSince>
        </case>
        <case>
          <duration>0.0</duration>
          <className>hudson.scheduler.CronTabDayOfWeekLocaleTest</className>
          <testName>isSundayAndPreviousRunIsThursday[59]</testName>
          <skipped>false</skipped>
          <failedSince>0</failedSince>
        </case>
        <case>
          <duration>0.0</duration>
          <className>hudson.scheduler.CronTabDayOfWeekLocaleTest</className>
          <testName>isSundayAndPreviousRunIsWednesday[59]</testName>
          <skipped>false</skipped>
          <failedSince>0</failedSince>
        </case>
        <case>
          <duration>0.0</duration>
          <className>hudson.scheduler.CronTabDayOfWeekLocaleTest</className>
          <testName>isSundayAndPreviousRunIsSaturday[59]</testName>
          <skipped>false</skipped>
          <failedSince>0</failedSince>
        </case>
        <case>
          <duration>0.0</duration>
          <className>hudson.scheduler.CronTabDayOfWeekLocaleTest</className>
          <testName>isSundayAndPreviousRunIsPreviousSunday[59]</testName>
          <skipped>false</skipped>
          <failedSince>0</failedSince>
        </case>
        <case>
          <duration>0.001</duration>
          <className>hudson.scheduler.CronTabDayOfWeekLocaleTest</className>
          <testName>isSundayAndNextRunIsFriday[59]</testName>
          <skipped>false</skipped>
          <failedSince>0</failedSince>
        </case>
        <case>
          <duration>0.0</duration>
          <className>hudson.scheduler.CronTabDayOfWeekLocaleTest</className>
          <testName>isSundayAndPreviousRunIsSaturdayAsterisk[59]</testName>
          <skipped>false</skipped>
          <failedSince>0</failedSince>
        </case>
        <case>
          <duration>0.0</duration>
          <className>hudson.scheduler.CronTabDayOfWeekLocaleTest</className>
          <testName>isSundayAndNextRunIsMonday[59]</testName>
          <skipped>false</skipped>
          <failedSince>0</failedSince>
        </case>
        <case>
          <duration>0.001</duration>
          <className>hudson.scheduler.CronTabDayOfWeekLocaleTest</className>
          <testName>isSundayAndPreviousRunIsFriday[59]</testName>
          <skipped>false</skipped>
          <failedSince>0</failedSince>
        </case>
        <case>
          <duration>0.0</duration>
          <className>hudson.scheduler.CronTabDayOfWeekLocaleTest</className>
          <testName>isSundayAndNextRunIsTuesday[59]</testName>
          <skipped>false</skipped>
          <failedSince>0</failedSince>
        </case>
        <case>
          <duration>0.0</duration>
          <className>hudson.scheduler.CronTabDayOfWeekLocaleTest</className>
          <testName>isSundayAndNextRunIsNextSunday7[59]</testName>
          <skipped>false</skipped>
          <failedSince>0</failedSince>
        </case>
        <case>
          <duration>0.0</duration>
          <className>hudson.scheduler.CronTabDayOfWeekLocaleTest</className>
          <testName>isSundayAndPreviousRunIsMonday[59]</testName>
          <skipped>false</skipped>
          <failedSince>0</failedSince>
        </case>
        <case>
          <duration>0.001</duration>
          <className>hudson.scheduler.CronTabDayOfWeekLocaleTest</className>
          <testName>isSaturdayAndNextRunIsSundayAsterisk[59]</testName>
          <skipped>false</skipped>
          <failedSince>0</failedSince>
        </case>
        <case>
          <duration>0.0</duration>
          <className>hudson.scheduler.CronTabDayOfWeekLocaleTest</className>
          <testName>hudson8658[59]</testName>
          <skipped>false</skipped>
          <failedSince>0</failedSince>
        </case>
        <case>
          <duration>0.0</duration>
          <className>hudson.scheduler.CronTabDayOfWeekLocaleTest</className>
          <testName>isSundayAndNextRunIsNextSunday[59]</testName>
          <skipped>false</skipped>
          <failedSince>0</failedSince>
        </case>
        <case>
          <duration>0.001</duration>
          <className>hudson.scheduler.CronTabDayOfWeekLocaleTest</className>
          <testName>isSundayAndNextRunIsThursday[59]</testName>
          <skipped>false</skipped>
          <failedSince>0</failedSince>
        </case>
        <case>
          <duration>0.0</duration>
          <className>hudson.scheduler.CronTabDayOfWeekLocaleTest</className>
          <testName>isSundayAndPreviousRunIsPreviousSunday7[59]</testName>
          <skipped>false</skipped>
          <failedSince>0</failedSince>
        </case>
        <case>
          <duration>0.001</duration>
          <className>hudson.scheduler.CronTabDayOfWeekLocaleTest</className>
          <testName>isSundayAndNextRunIsWednesday[59]</testName>
          <skipped>false</skipped>
          <failedSince>0</failedSince>
        </case>
        <case>
          <duration>0.0</duration>
          <className>hudson.scheduler.CronTabDayOfWeekLocaleTest</className>
          <testName>isSundayAndNextRunIsSaturday[59]</testName>
          <skipped>false</skipped>
          <failedSince>0</failedSince>
        </case>
        <case>
          <duration>0.001</duration>
          <className>hudson.scheduler.CronTabDayOfWeekLocaleTest</className>
          <testName>isSundayAndPreviousRunIsTuesday[60]</testName>
          <skipped>false</skipped>
          <failedSince>0</failedSince>
        </case>
        <case>
          <duration>0.0</duration>
          <className>hudson.scheduler.CronTabDayOfWeekLocaleTest</className>
          <testName>isSundayAndPreviousRunIsThursday[60]</testName>
          <skipped>false</skipped>
          <failedSince>0</failedSince>
        </case>
        <case>
          <duration>0.0</duration>
          <className>hudson.scheduler.CronTabDayOfWeekLocaleTest</className>
          <testName>isSundayAndPreviousRunIsWednesday[60]</testName>
          <skipped>false</skipped>
          <failedSince>0</failedSince>
        </case>
        <case>
          <duration>0.0</duration>
          <className>hudson.scheduler.CronTabDayOfWeekLocaleTest</className>
          <testName>isSundayAndPreviousRunIsSaturday[60]</testName>
          <skipped>false</skipped>
          <failedSince>0</failedSince>
        </case>
        <case>
          <duration>0.0</duration>
          <className>hudson.scheduler.CronTabDayOfWeekLocaleTest</className>
          <testName>isSundayAndPreviousRunIsPreviousSunday[60]</testName>
          <skipped>false</skipped>
          <failedSince>0</failedSince>
        </case>
        <case>
          <duration>0.0</duration>
          <className>hudson.scheduler.CronTabDayOfWeekLocaleTest</className>
          <testName>isSundayAndNextRunIsFriday[60]</testName>
          <skipped>false</skipped>
          <failedSince>0</failedSince>
        </case>
        <case>
          <duration>0.0</duration>
          <className>hudson.scheduler.CronTabDayOfWeekLocaleTest</className>
          <testName>isSundayAndPreviousRunIsSaturdayAsterisk[60]</testName>
          <skipped>false</skipped>
          <failedSince>0</failedSince>
        </case>
        <case>
          <duration>0.001</duration>
          <className>hudson.scheduler.CronTabDayOfWeekLocaleTest</className>
          <testName>isSundayAndNextRunIsMonday[60]</testName>
          <skipped>false</skipped>
          <failedSince>0</failedSince>
        </case>
        <case>
          <duration>0.0</duration>
          <className>hudson.scheduler.CronTabDayOfWeekLocaleTest</className>
          <testName>isSundayAndPreviousRunIsFriday[60]</testName>
          <skipped>false</skipped>
          <failedSince>0</failedSince>
        </case>
        <case>
          <duration>0.0</duration>
          <className>hudson.scheduler.CronTabDayOfWeekLocaleTest</className>
          <testName>isSundayAndNextRunIsTuesday[60]</testName>
          <skipped>false</skipped>
          <failedSince>0</failedSince>
        </case>
        <case>
          <duration>0.001</duration>
          <className>hudson.scheduler.CronTabDayOfWeekLocaleTest</className>
          <testName>isSundayAndNextRunIsNextSunday7[60]</testName>
          <skipped>false</skipped>
          <failedSince>0</failedSince>
        </case>
        <case>
          <duration>0.0</duration>
          <className>hudson.scheduler.CronTabDayOfWeekLocaleTest</className>
          <testName>isSundayAndPreviousRunIsMonday[60]</testName>
          <skipped>false</skipped>
          <failedSince>0</failedSince>
        </case>
        <case>
          <duration>0.0</duration>
          <className>hudson.scheduler.CronTabDayOfWeekLocaleTest</className>
          <testName>isSaturdayAndNextRunIsSundayAsterisk[60]</testName>
          <skipped>false</skipped>
          <failedSince>0</failedSince>
        </case>
        <case>
          <duration>0.0</duration>
          <className>hudson.scheduler.CronTabDayOfWeekLocaleTest</className>
          <testName>hudson8658[60]</testName>
          <skipped>false</skipped>
          <failedSince>0</failedSince>
        </case>
        <case>
          <duration>0.0</duration>
          <className>hudson.scheduler.CronTabDayOfWeekLocaleTest</className>
          <testName>isSundayAndNextRunIsNextSunday[60]</testName>
          <skipped>false</skipped>
          <failedSince>0</failedSince>
        </case>
        <case>
          <duration>0.0</duration>
          <className>hudson.scheduler.CronTabDayOfWeekLocaleTest</className>
          <testName>isSundayAndNextRunIsThursday[60]</testName>
          <skipped>false</skipped>
          <failedSince>0</failedSince>
        </case>
        <case>
          <duration>0.0</duration>
          <className>hudson.scheduler.CronTabDayOfWeekLocaleTest</className>
          <testName>isSundayAndPreviousRunIsPreviousSunday7[60]</testName>
          <skipped>false</skipped>
          <failedSince>0</failedSince>
        </case>
        <case>
          <duration>0.001</duration>
          <className>hudson.scheduler.CronTabDayOfWeekLocaleTest</className>
          <testName>isSundayAndNextRunIsWednesday[60]</testName>
          <skipped>false</skipped>
          <failedSince>0</failedSince>
        </case>
        <case>
          <duration>0.0</duration>
          <className>hudson.scheduler.CronTabDayOfWeekLocaleTest</className>
          <testName>isSundayAndNextRunIsSaturday[60]</testName>
          <skipped>false</skipped>
          <failedSince>0</failedSince>
        </case>
        <case>
          <duration>0.0</duration>
          <className>hudson.scheduler.CronTabDayOfWeekLocaleTest</className>
          <testName>isSundayAndPreviousRunIsTuesday[61]</testName>
          <skipped>false</skipped>
          <failedSince>0</failedSince>
        </case>
        <case>
          <duration>0.001</duration>
          <className>hudson.scheduler.CronTabDayOfWeekLocaleTest</className>
          <testName>isSundayAndPreviousRunIsThursday[61]</testName>
          <skipped>false</skipped>
          <failedSince>0</failedSince>
        </case>
        <case>
          <duration>0.0</duration>
          <className>hudson.scheduler.CronTabDayOfWeekLocaleTest</className>
          <testName>isSundayAndPreviousRunIsWednesday[61]</testName>
          <skipped>false</skipped>
          <failedSince>0</failedSince>
        </case>
        <case>
          <duration>0.0</duration>
          <className>hudson.scheduler.CronTabDayOfWeekLocaleTest</className>
          <testName>isSundayAndPreviousRunIsSaturday[61]</testName>
          <skipped>false</skipped>
          <failedSince>0</failedSince>
        </case>
        <case>
          <duration>0.0</duration>
          <className>hudson.scheduler.CronTabDayOfWeekLocaleTest</className>
          <testName>isSundayAndPreviousRunIsPreviousSunday[61]</testName>
          <skipped>false</skipped>
          <failedSince>0</failedSince>
        </case>
        <case>
          <duration>0.0</duration>
          <className>hudson.scheduler.CronTabDayOfWeekLocaleTest</className>
          <testName>isSundayAndNextRunIsFriday[61]</testName>
          <skipped>false</skipped>
          <failedSince>0</failedSince>
        </case>
        <case>
          <duration>0.0</duration>
          <className>hudson.scheduler.CronTabDayOfWeekLocaleTest</className>
          <testName>isSundayAndPreviousRunIsSaturdayAsterisk[61]</testName>
          <skipped>false</skipped>
          <failedSince>0</failedSince>
        </case>
        <case>
          <duration>0.0</duration>
          <className>hudson.scheduler.CronTabDayOfWeekLocaleTest</className>
          <testName>isSundayAndNextRunIsMonday[61]</testName>
          <skipped>false</skipped>
          <failedSince>0</failedSince>
        </case>
        <case>
          <duration>0.001</duration>
          <className>hudson.scheduler.CronTabDayOfWeekLocaleTest</className>
          <testName>isSundayAndPreviousRunIsFriday[61]</testName>
          <skipped>false</skipped>
          <failedSince>0</failedSince>
        </case>
        <case>
          <duration>0.0</duration>
          <className>hudson.scheduler.CronTabDayOfWeekLocaleTest</className>
          <testName>isSundayAndNextRunIsTuesday[61]</testName>
          <skipped>false</skipped>
          <failedSince>0</failedSince>
        </case>
        <case>
          <duration>0.0</duration>
          <className>hudson.scheduler.CronTabDayOfWeekLocaleTest</className>
          <testName>isSundayAndNextRunIsNextSunday7[61]</testName>
          <skipped>false</skipped>
          <failedSince>0</failedSince>
        </case>
        <case>
          <duration>0.0</duration>
          <className>hudson.scheduler.CronTabDayOfWeekLocaleTest</className>
          <testName>isSundayAndPreviousRunIsMonday[61]</testName>
          <skipped>false</skipped>
          <failedSince>0</failedSince>
        </case>
        <case>
          <duration>0.0</duration>
          <className>hudson.scheduler.CronTabDayOfWeekLocaleTest</className>
          <testName>isSaturdayAndNextRunIsSundayAsterisk[61]</testName>
          <skipped>false</skipped>
          <failedSince>0</failedSince>
        </case>
        <case>
          <duration>0.0</duration>
          <className>hudson.scheduler.CronTabDayOfWeekLocaleTest</className>
          <testName>hudson8658[61]</testName>
          <skipped>false</skipped>
          <failedSince>0</failedSince>
        </case>
        <case>
          <duration>0.0</duration>
          <className>hudson.scheduler.CronTabDayOfWeekLocaleTest</className>
          <testName>isSundayAndNextRunIsNextSunday[61]</testName>
          <skipped>false</skipped>
          <failedSince>0</failedSince>
        </case>
        <case>
          <duration>0.001</duration>
          <className>hudson.scheduler.CronTabDayOfWeekLocaleTest</className>
          <testName>isSundayAndNextRunIsThursday[61]</testName>
          <skipped>false</skipped>
          <failedSince>0</failedSince>
        </case>
        <case>
          <duration>0.0</duration>
          <className>hudson.scheduler.CronTabDayOfWeekLocaleTest</className>
          <testName>isSundayAndPreviousRunIsPreviousSunday7[61]</testName>
          <skipped>false</skipped>
          <failedSince>0</failedSince>
        </case>
        <case>
          <duration>0.001</duration>
          <className>hudson.scheduler.CronTabDayOfWeekLocaleTest</className>
          <testName>isSundayAndNextRunIsWednesday[61]</testName>
          <skipped>false</skipped>
          <failedSince>0</failedSince>
        </case>
        <case>
          <duration>0.0</duration>
          <className>hudson.scheduler.CronTabDayOfWeekLocaleTest</className>
          <testName>isSundayAndNextRunIsSaturday[61]</testName>
          <skipped>false</skipped>
          <failedSince>0</failedSince>
        </case>
        <case>
          <duration>0.001</duration>
          <className>hudson.scheduler.CronTabDayOfWeekLocaleTest</className>
          <testName>isSundayAndPreviousRunIsTuesday[62]</testName>
          <skipped>false</skipped>
          <failedSince>0</failedSince>
        </case>
        <case>
          <duration>0.0</duration>
          <className>hudson.scheduler.CronTabDayOfWeekLocaleTest</className>
          <testName>isSundayAndPreviousRunIsThursday[62]</testName>
          <skipped>false</skipped>
          <failedSince>0</failedSince>
        </case>
        <case>
          <duration>0.0</duration>
          <className>hudson.scheduler.CronTabDayOfWeekLocaleTest</className>
          <testName>isSundayAndPreviousRunIsWednesday[62]</testName>
          <skipped>false</skipped>
          <failedSince>0</failedSince>
        </case>
        <case>
          <duration>0.001</duration>
          <className>hudson.scheduler.CronTabDayOfWeekLocaleTest</className>
          <testName>isSundayAndPreviousRunIsSaturday[62]</testName>
          <skipped>false</skipped>
          <failedSince>0</failedSince>
        </case>
        <case>
          <duration>0.0</duration>
          <className>hudson.scheduler.CronTabDayOfWeekLocaleTest</className>
          <testName>isSundayAndPreviousRunIsPreviousSunday[62]</testName>
          <skipped>false</skipped>
          <failedSince>0</failedSince>
        </case>
        <case>
          <duration>0.0</duration>
          <className>hudson.scheduler.CronTabDayOfWeekLocaleTest</className>
          <testName>isSundayAndNextRunIsFriday[62]</testName>
          <skipped>false</skipped>
          <failedSince>0</failedSince>
        </case>
        <case>
          <duration>0.0</duration>
          <className>hudson.scheduler.CronTabDayOfWeekLocaleTest</className>
          <testName>isSundayAndPreviousRunIsSaturdayAsterisk[62]</testName>
          <skipped>false</skipped>
          <failedSince>0</failedSince>
        </case>
        <case>
          <duration>0.0</duration>
          <className>hudson.scheduler.CronTabDayOfWeekLocaleTest</className>
          <testName>isSundayAndNextRunIsMonday[62]</testName>
          <skipped>false</skipped>
          <failedSince>0</failedSince>
        </case>
        <case>
          <duration>0.0</duration>
          <className>hudson.scheduler.CronTabDayOfWeekLocaleTest</className>
          <testName>isSundayAndPreviousRunIsFriday[62]</testName>
          <skipped>false</skipped>
          <failedSince>0</failedSince>
        </case>
        <case>
          <duration>0.001</duration>
          <className>hudson.scheduler.CronTabDayOfWeekLocaleTest</className>
          <testName>isSundayAndNextRunIsTuesday[62]</testName>
          <skipped>false</skipped>
          <failedSince>0</failedSince>
        </case>
        <case>
          <duration>0.0</duration>
          <className>hudson.scheduler.CronTabDayOfWeekLocaleTest</className>
          <testName>isSundayAndNextRunIsNextSunday7[62]</testName>
          <skipped>false</skipped>
          <failedSince>0</failedSince>
        </case>
        <case>
          <duration>0.0</duration>
          <className>hudson.scheduler.CronTabDayOfWeekLocaleTest</className>
          <testName>isSundayAndPreviousRunIsMonday[62]</testName>
          <skipped>false</skipped>
          <failedSince>0</failedSince>
        </case>
        <case>
          <duration>0.0</duration>
          <className>hudson.scheduler.CronTabDayOfWeekLocaleTest</className>
          <testName>isSaturdayAndNextRunIsSundayAsterisk[62]</testName>
          <skipped>false</skipped>
          <failedSince>0</failedSince>
        </case>
        <case>
          <duration>0.0</duration>
          <className>hudson.scheduler.CronTabDayOfWeekLocaleTest</className>
          <testName>hudson8658[62]</testName>
          <skipped>false</skipped>
          <failedSince>0</failedSince>
        </case>
        <case>
          <duration>0.0</duration>
          <className>hudson.scheduler.CronTabDayOfWeekLocaleTest</className>
          <testName>isSundayAndNextRunIsNextSunday[62]</testName>
          <skipped>false</skipped>
          <failedSince>0</failedSince>
        </case>
        <case>
          <duration>0.0</duration>
          <className>hudson.scheduler.CronTabDayOfWeekLocaleTest</className>
          <testName>isSundayAndNextRunIsThursday[62]</testName>
          <skipped>false</skipped>
          <failedSince>0</failedSince>
        </case>
        <case>
          <duration>0.001</duration>
          <className>hudson.scheduler.CronTabDayOfWeekLocaleTest</className>
          <testName>isSundayAndPreviousRunIsPreviousSunday7[62]</testName>
          <skipped>false</skipped>
          <failedSince>0</failedSince>
        </case>
        <case>
          <duration>0.002</duration>
          <className>hudson.scheduler.CronTabDayOfWeekLocaleTest</className>
          <testName>isSundayAndNextRunIsWednesday[62]</testName>
          <skipped>false</skipped>
          <failedSince>0</failedSince>
        </case>
        <case>
          <duration>0.0</duration>
          <className>hudson.scheduler.CronTabDayOfWeekLocaleTest</className>
          <testName>isSundayAndNextRunIsSaturday[62]</testName>
          <skipped>false</skipped>
          <failedSince>0</failedSince>
        </case>
        <case>
          <duration>0.001</duration>
          <className>hudson.scheduler.CronTabDayOfWeekLocaleTest</className>
          <testName>isSundayAndPreviousRunIsTuesday[63]</testName>
          <skipped>false</skipped>
          <failedSince>0</failedSince>
        </case>
        <case>
          <duration>0.0</duration>
          <className>hudson.scheduler.CronTabDayOfWeekLocaleTest</className>
          <testName>isSundayAndPreviousRunIsThursday[63]</testName>
          <skipped>false</skipped>
          <failedSince>0</failedSince>
        </case>
        <case>
          <duration>0.0</duration>
          <className>hudson.scheduler.CronTabDayOfWeekLocaleTest</className>
          <testName>isSundayAndPreviousRunIsWednesday[63]</testName>
          <skipped>false</skipped>
          <failedSince>0</failedSince>
        </case>
        <case>
          <duration>0.001</duration>
          <className>hudson.scheduler.CronTabDayOfWeekLocaleTest</className>
          <testName>isSundayAndPreviousRunIsSaturday[63]</testName>
          <skipped>false</skipped>
          <failedSince>0</failedSince>
        </case>
        <case>
          <duration>0.0</duration>
          <className>hudson.scheduler.CronTabDayOfWeekLocaleTest</className>
          <testName>isSundayAndPreviousRunIsPreviousSunday[63]</testName>
          <skipped>false</skipped>
          <failedSince>0</failedSince>
        </case>
        <case>
          <duration>0.0</duration>
          <className>hudson.scheduler.CronTabDayOfWeekLocaleTest</className>
          <testName>isSundayAndNextRunIsFriday[63]</testName>
          <skipped>false</skipped>
          <failedSince>0</failedSince>
        </case>
        <case>
          <duration>0.0</duration>
          <className>hudson.scheduler.CronTabDayOfWeekLocaleTest</className>
          <testName>isSundayAndPreviousRunIsSaturdayAsterisk[63]</testName>
          <skipped>false</skipped>
          <failedSince>0</failedSince>
        </case>
        <case>
          <duration>0.001</duration>
          <className>hudson.scheduler.CronTabDayOfWeekLocaleTest</className>
          <testName>isSundayAndNextRunIsMonday[63]</testName>
          <skipped>false</skipped>
          <failedSince>0</failedSince>
        </case>
        <case>
          <duration>0.001</duration>
          <className>hudson.scheduler.CronTabDayOfWeekLocaleTest</className>
          <testName>isSundayAndPreviousRunIsFriday[63]</testName>
          <skipped>false</skipped>
          <failedSince>0</failedSince>
        </case>
        <case>
          <duration>0.0</duration>
          <className>hudson.scheduler.CronTabDayOfWeekLocaleTest</className>
          <testName>isSundayAndNextRunIsTuesday[63]</testName>
          <skipped>false</skipped>
          <failedSince>0</failedSince>
        </case>
        <case>
          <duration>0.0</duration>
          <className>hudson.scheduler.CronTabDayOfWeekLocaleTest</className>
          <testName>isSundayAndNextRunIsNextSunday7[63]</testName>
          <skipped>false</skipped>
          <failedSince>0</failedSince>
        </case>
        <case>
          <duration>0.001</duration>
          <className>hudson.scheduler.CronTabDayOfWeekLocaleTest</className>
          <testName>isSundayAndPreviousRunIsMonday[63]</testName>
          <skipped>false</skipped>
          <failedSince>0</failedSince>
        </case>
        <case>
          <duration>0.0</duration>
          <className>hudson.scheduler.CronTabDayOfWeekLocaleTest</className>
          <testName>isSaturdayAndNextRunIsSundayAsterisk[63]</testName>
          <skipped>false</skipped>
          <failedSince>0</failedSince>
        </case>
        <case>
          <duration>0.0</duration>
          <className>hudson.scheduler.CronTabDayOfWeekLocaleTest</className>
          <testName>hudson8658[63]</testName>
          <skipped>false</skipped>
          <failedSince>0</failedSince>
        </case>
        <case>
          <duration>0.001</duration>
          <className>hudson.scheduler.CronTabDayOfWeekLocaleTest</className>
          <testName>isSundayAndNextRunIsNextSunday[63]</testName>
          <skipped>false</skipped>
          <failedSince>0</failedSince>
        </case>
        <case>
          <duration>0.0</duration>
          <className>hudson.scheduler.CronTabDayOfWeekLocaleTest</className>
          <testName>isSundayAndNextRunIsThursday[63]</testName>
          <skipped>false</skipped>
          <failedSince>0</failedSince>
        </case>
        <case>
          <duration>0.0</duration>
          <className>hudson.scheduler.CronTabDayOfWeekLocaleTest</className>
          <testName>isSundayAndPreviousRunIsPreviousSunday7[63]</testName>
          <skipped>false</skipped>
          <failedSince>0</failedSince>
        </case>
        <case>
          <duration>0.0</duration>
          <className>hudson.scheduler.CronTabDayOfWeekLocaleTest</className>
          <testName>isSundayAndNextRunIsWednesday[63]</testName>
          <skipped>false</skipped>
          <failedSince>0</failedSince>
        </case>
        <case>
          <duration>0.0</duration>
          <className>hudson.scheduler.CronTabDayOfWeekLocaleTest</className>
          <testName>isSundayAndNextRunIsSaturday[63]</testName>
          <skipped>false</skipped>
          <failedSince>0</failedSince>
        </case>
        <case>
          <duration>0.0</duration>
          <className>hudson.scheduler.CronTabDayOfWeekLocaleTest</className>
          <testName>isSundayAndPreviousRunIsTuesday[64]</testName>
          <skipped>false</skipped>
          <failedSince>0</failedSince>
        </case>
        <case>
          <duration>0.0</duration>
          <className>hudson.scheduler.CronTabDayOfWeekLocaleTest</className>
          <testName>isSundayAndPreviousRunIsThursday[64]</testName>
          <skipped>false</skipped>
          <failedSince>0</failedSince>
        </case>
        <case>
          <duration>0.001</duration>
          <className>hudson.scheduler.CronTabDayOfWeekLocaleTest</className>
          <testName>isSundayAndPreviousRunIsWednesday[64]</testName>
          <skipped>false</skipped>
          <failedSince>0</failedSince>
        </case>
        <case>
          <duration>0.0</duration>
          <className>hudson.scheduler.CronTabDayOfWeekLocaleTest</className>
          <testName>isSundayAndPreviousRunIsSaturday[64]</testName>
          <skipped>false</skipped>
          <failedSince>0</failedSince>
        </case>
        <case>
          <duration>0.0</duration>
          <className>hudson.scheduler.CronTabDayOfWeekLocaleTest</className>
          <testName>isSundayAndPreviousRunIsPreviousSunday[64]</testName>
          <skipped>false</skipped>
          <failedSince>0</failedSince>
        </case>
        <case>
          <duration>0.0</duration>
          <className>hudson.scheduler.CronTabDayOfWeekLocaleTest</className>
          <testName>isSundayAndNextRunIsFriday[64]</testName>
          <skipped>false</skipped>
          <failedSince>0</failedSince>
        </case>
        <case>
          <duration>0.0</duration>
          <className>hudson.scheduler.CronTabDayOfWeekLocaleTest</className>
          <testName>isSundayAndPreviousRunIsSaturdayAsterisk[64]</testName>
          <skipped>false</skipped>
          <failedSince>0</failedSince>
        </case>
        <case>
          <duration>0.0</duration>
          <className>hudson.scheduler.CronTabDayOfWeekLocaleTest</className>
          <testName>isSundayAndNextRunIsMonday[64]</testName>
          <skipped>false</skipped>
          <failedSince>0</failedSince>
        </case>
        <case>
          <duration>0.0</duration>
          <className>hudson.scheduler.CronTabDayOfWeekLocaleTest</className>
          <testName>isSundayAndPreviousRunIsFriday[64]</testName>
          <skipped>false</skipped>
          <failedSince>0</failedSince>
        </case>
        <case>
          <duration>0.001</duration>
          <className>hudson.scheduler.CronTabDayOfWeekLocaleTest</className>
          <testName>isSundayAndNextRunIsTuesday[64]</testName>
          <skipped>false</skipped>
          <failedSince>0</failedSince>
        </case>
        <case>
          <duration>0.0</duration>
          <className>hudson.scheduler.CronTabDayOfWeekLocaleTest</className>
          <testName>isSundayAndNextRunIsNextSunday7[64]</testName>
          <skipped>false</skipped>
          <failedSince>0</failedSince>
        </case>
        <case>
          <duration>0.0</duration>
          <className>hudson.scheduler.CronTabDayOfWeekLocaleTest</className>
          <testName>isSundayAndPreviousRunIsMonday[64]</testName>
          <skipped>false</skipped>
          <failedSince>0</failedSince>
        </case>
        <case>
          <duration>0.0</duration>
          <className>hudson.scheduler.CronTabDayOfWeekLocaleTest</className>
          <testName>isSaturdayAndNextRunIsSundayAsterisk[64]</testName>
          <skipped>false</skipped>
          <failedSince>0</failedSince>
        </case>
        <case>
          <duration>0.0</duration>
          <className>hudson.scheduler.CronTabDayOfWeekLocaleTest</className>
          <testName>hudson8658[64]</testName>
          <skipped>false</skipped>
          <failedSince>0</failedSince>
        </case>
        <case>
          <duration>0.0</duration>
          <className>hudson.scheduler.CronTabDayOfWeekLocaleTest</className>
          <testName>isSundayAndNextRunIsNextSunday[64]</testName>
          <skipped>false</skipped>
          <failedSince>0</failedSince>
        </case>
        <case>
          <duration>0.001</duration>
          <className>hudson.scheduler.CronTabDayOfWeekLocaleTest</className>
          <testName>isSundayAndNextRunIsThursday[64]</testName>
          <skipped>false</skipped>
          <failedSince>0</failedSince>
        </case>
        <case>
          <duration>0.0</duration>
          <className>hudson.scheduler.CronTabDayOfWeekLocaleTest</className>
          <testName>isSundayAndPreviousRunIsPreviousSunday7[64]</testName>
          <skipped>false</skipped>
          <failedSince>0</failedSince>
        </case>
        <case>
          <duration>0.0</duration>
          <className>hudson.scheduler.CronTabDayOfWeekLocaleTest</className>
          <testName>isSundayAndNextRunIsWednesday[64]</testName>
          <skipped>false</skipped>
          <failedSince>0</failedSince>
        </case>
        <case>
          <duration>0.001</duration>
          <className>hudson.scheduler.CronTabDayOfWeekLocaleTest</className>
          <testName>isSundayAndNextRunIsSaturday[64]</testName>
          <skipped>false</skipped>
          <failedSince>0</failedSince>
        </case>
        <case>
          <duration>0.0</duration>
          <className>hudson.scheduler.CronTabDayOfWeekLocaleTest</className>
          <testName>isSundayAndPreviousRunIsTuesday[65]</testName>
          <skipped>false</skipped>
          <failedSince>0</failedSince>
        </case>
        <case>
          <duration>0.0</duration>
          <className>hudson.scheduler.CronTabDayOfWeekLocaleTest</className>
          <testName>isSundayAndPreviousRunIsThursday[65]</testName>
          <skipped>false</skipped>
          <failedSince>0</failedSince>
        </case>
        <case>
          <duration>0.001</duration>
          <className>hudson.scheduler.CronTabDayOfWeekLocaleTest</className>
          <testName>isSundayAndPreviousRunIsWednesday[65]</testName>
          <skipped>false</skipped>
          <failedSince>0</failedSince>
        </case>
        <case>
          <duration>0.0</duration>
          <className>hudson.scheduler.CronTabDayOfWeekLocaleTest</className>
          <testName>isSundayAndPreviousRunIsSaturday[65]</testName>
          <skipped>false</skipped>
          <failedSince>0</failedSince>
        </case>
        <case>
          <duration>0.0</duration>
          <className>hudson.scheduler.CronTabDayOfWeekLocaleTest</className>
          <testName>isSundayAndPreviousRunIsPreviousSunday[65]</testName>
          <skipped>false</skipped>
          <failedSince>0</failedSince>
        </case>
        <case>
          <duration>0.0</duration>
          <className>hudson.scheduler.CronTabDayOfWeekLocaleTest</className>
          <testName>isSundayAndNextRunIsFriday[65]</testName>
          <skipped>false</skipped>
          <failedSince>0</failedSince>
        </case>
        <case>
          <duration>0.001</duration>
          <className>hudson.scheduler.CronTabDayOfWeekLocaleTest</className>
          <testName>isSundayAndPreviousRunIsSaturdayAsterisk[65]</testName>
          <skipped>false</skipped>
          <failedSince>0</failedSince>
        </case>
        <case>
          <duration>0.0</duration>
          <className>hudson.scheduler.CronTabDayOfWeekLocaleTest</className>
          <testName>isSundayAndNextRunIsMonday[65]</testName>
          <skipped>false</skipped>
          <failedSince>0</failedSince>
        </case>
        <case>
          <duration>0.0</duration>
          <className>hudson.scheduler.CronTabDayOfWeekLocaleTest</className>
          <testName>isSundayAndPreviousRunIsFriday[65]</testName>
          <skipped>false</skipped>
          <failedSince>0</failedSince>
        </case>
        <case>
          <duration>0.0</duration>
          <className>hudson.scheduler.CronTabDayOfWeekLocaleTest</className>
          <testName>isSundayAndNextRunIsTuesday[65]</testName>
          <skipped>false</skipped>
          <failedSince>0</failedSince>
        </case>
        <case>
          <duration>0.0</duration>
          <className>hudson.scheduler.CronTabDayOfWeekLocaleTest</className>
          <testName>isSundayAndNextRunIsNextSunday7[65]</testName>
          <skipped>false</skipped>
          <failedSince>0</failedSince>
        </case>
        <case>
          <duration>0.0</duration>
          <className>hudson.scheduler.CronTabDayOfWeekLocaleTest</className>
          <testName>isSundayAndPreviousRunIsMonday[65]</testName>
          <skipped>false</skipped>
          <failedSince>0</failedSince>
        </case>
        <case>
          <duration>0.001</duration>
          <className>hudson.scheduler.CronTabDayOfWeekLocaleTest</className>
          <testName>isSaturdayAndNextRunIsSundayAsterisk[65]</testName>
          <skipped>false</skipped>
          <failedSince>0</failedSince>
        </case>
        <case>
          <duration>0.0</duration>
          <className>hudson.scheduler.CronTabDayOfWeekLocaleTest</className>
          <testName>hudson8658[65]</testName>
          <skipped>false</skipped>
          <failedSince>0</failedSince>
        </case>
        <case>
          <duration>0.0</duration>
          <className>hudson.scheduler.CronTabDayOfWeekLocaleTest</className>
          <testName>isSundayAndNextRunIsNextSunday[65]</testName>
          <skipped>false</skipped>
          <failedSince>0</failedSince>
        </case>
        <case>
          <duration>0.0</duration>
          <className>hudson.scheduler.CronTabDayOfWeekLocaleTest</className>
          <testName>isSundayAndNextRunIsThursday[65]</testName>
          <skipped>false</skipped>
          <failedSince>0</failedSince>
        </case>
        <case>
          <duration>0.0</duration>
          <className>hudson.scheduler.CronTabDayOfWeekLocaleTest</className>
          <testName>isSundayAndPreviousRunIsPreviousSunday7[65]</testName>
          <skipped>false</skipped>
          <failedSince>0</failedSince>
        </case>
        <case>
          <duration>0.0</duration>
          <className>hudson.scheduler.CronTabDayOfWeekLocaleTest</className>
          <testName>isSundayAndNextRunIsWednesday[65]</testName>
          <skipped>false</skipped>
          <failedSince>0</failedSince>
        </case>
        <case>
          <duration>0.0</duration>
          <className>hudson.scheduler.CronTabDayOfWeekLocaleTest</className>
          <testName>isSundayAndNextRunIsSaturday[65]</testName>
          <skipped>false</skipped>
          <failedSince>0</failedSince>
        </case>
        <case>
          <duration>0.001</duration>
          <className>hudson.scheduler.CronTabDayOfWeekLocaleTest</className>
          <testName>isSundayAndPreviousRunIsTuesday[66]</testName>
          <skipped>false</skipped>
          <failedSince>0</failedSince>
        </case>
        <case>
          <duration>0.0</duration>
          <className>hudson.scheduler.CronTabDayOfWeekLocaleTest</className>
          <testName>isSundayAndPreviousRunIsThursday[66]</testName>
          <skipped>false</skipped>
          <failedSince>0</failedSince>
        </case>
        <case>
          <duration>0.0</duration>
          <className>hudson.scheduler.CronTabDayOfWeekLocaleTest</className>
          <testName>isSundayAndPreviousRunIsWednesday[66]</testName>
          <skipped>false</skipped>
          <failedSince>0</failedSince>
        </case>
        <case>
          <duration>0.0</duration>
          <className>hudson.scheduler.CronTabDayOfWeekLocaleTest</className>
          <testName>isSundayAndPreviousRunIsSaturday[66]</testName>
          <skipped>false</skipped>
          <failedSince>0</failedSince>
        </case>
        <case>
          <duration>0.0</duration>
          <className>hudson.scheduler.CronTabDayOfWeekLocaleTest</className>
          <testName>isSundayAndPreviousRunIsPreviousSunday[66]</testName>
          <skipped>false</skipped>
          <failedSince>0</failedSince>
        </case>
        <case>
          <duration>0.0</duration>
          <className>hudson.scheduler.CronTabDayOfWeekLocaleTest</className>
          <testName>isSundayAndNextRunIsFriday[66]</testName>
          <skipped>false</skipped>
          <failedSince>0</failedSince>
        </case>
        <case>
          <duration>0.001</duration>
          <className>hudson.scheduler.CronTabDayOfWeekLocaleTest</className>
          <testName>isSundayAndPreviousRunIsSaturdayAsterisk[66]</testName>
          <skipped>false</skipped>
          <failedSince>0</failedSince>
        </case>
        <case>
          <duration>0.0</duration>
          <className>hudson.scheduler.CronTabDayOfWeekLocaleTest</className>
          <testName>isSundayAndNextRunIsMonday[66]</testName>
          <skipped>false</skipped>
          <failedSince>0</failedSince>
        </case>
        <case>
          <duration>0.0</duration>
          <className>hudson.scheduler.CronTabDayOfWeekLocaleTest</className>
          <testName>isSundayAndPreviousRunIsFriday[66]</testName>
          <skipped>false</skipped>
          <failedSince>0</failedSince>
        </case>
        <case>
          <duration>0.0</duration>
          <className>hudson.scheduler.CronTabDayOfWeekLocaleTest</className>
          <testName>isSundayAndNextRunIsTuesday[66]</testName>
          <skipped>false</skipped>
          <failedSince>0</failedSince>
        </case>
        <case>
          <duration>0.0</duration>
          <className>hudson.scheduler.CronTabDayOfWeekLocaleTest</className>
          <testName>isSundayAndNextRunIsNextSunday7[66]</testName>
          <skipped>false</skipped>
          <failedSince>0</failedSince>
        </case>
        <case>
          <duration>0.0</duration>
          <className>hudson.scheduler.CronTabDayOfWeekLocaleTest</className>
          <testName>isSundayAndPreviousRunIsMonday[66]</testName>
          <skipped>false</skipped>
          <failedSince>0</failedSince>
        </case>
        <case>
          <duration>0.0</duration>
          <className>hudson.scheduler.CronTabDayOfWeekLocaleTest</className>
          <testName>isSaturdayAndNextRunIsSundayAsterisk[66]</testName>
          <skipped>false</skipped>
          <failedSince>0</failedSince>
        </case>
        <case>
          <duration>0.001</duration>
          <className>hudson.scheduler.CronTabDayOfWeekLocaleTest</className>
          <testName>hudson8658[66]</testName>
          <skipped>false</skipped>
          <failedSince>0</failedSince>
        </case>
        <case>
          <duration>0.0</duration>
          <className>hudson.scheduler.CronTabDayOfWeekLocaleTest</className>
          <testName>isSundayAndNextRunIsNextSunday[66]</testName>
          <skipped>false</skipped>
          <failedSince>0</failedSince>
        </case>
        <case>
          <duration>0.0</duration>
          <className>hudson.scheduler.CronTabDayOfWeekLocaleTest</className>
          <testName>isSundayAndNextRunIsThursday[66]</testName>
          <skipped>false</skipped>
          <failedSince>0</failedSince>
        </case>
        <case>
          <duration>0.0</duration>
          <className>hudson.scheduler.CronTabDayOfWeekLocaleTest</className>
          <testName>isSundayAndPreviousRunIsPreviousSunday7[66]</testName>
          <skipped>false</skipped>
          <failedSince>0</failedSince>
        </case>
        <case>
          <duration>0.001</duration>
          <className>hudson.scheduler.CronTabDayOfWeekLocaleTest</className>
          <testName>isSundayAndNextRunIsWednesday[66]</testName>
          <skipped>false</skipped>
          <failedSince>0</failedSince>
        </case>
        <case>
          <duration>0.0</duration>
          <className>hudson.scheduler.CronTabDayOfWeekLocaleTest</className>
          <testName>isSundayAndNextRunIsSaturday[66]</testName>
          <skipped>false</skipped>
          <failedSince>0</failedSince>
        </case>
        <case>
          <duration>0.0</duration>
          <className>hudson.scheduler.CronTabDayOfWeekLocaleTest</className>
          <testName>isSundayAndPreviousRunIsTuesday[67]</testName>
          <skipped>false</skipped>
          <failedSince>0</failedSince>
        </case>
        <case>
          <duration>0.001</duration>
          <className>hudson.scheduler.CronTabDayOfWeekLocaleTest</className>
          <testName>isSundayAndPreviousRunIsThursday[67]</testName>
          <skipped>false</skipped>
          <failedSince>0</failedSince>
        </case>
        <case>
          <duration>0.0</duration>
          <className>hudson.scheduler.CronTabDayOfWeekLocaleTest</className>
          <testName>isSundayAndPreviousRunIsWednesday[67]</testName>
          <skipped>false</skipped>
          <failedSince>0</failedSince>
        </case>
        <case>
          <duration>0.0</duration>
          <className>hudson.scheduler.CronTabDayOfWeekLocaleTest</className>
          <testName>isSundayAndPreviousRunIsSaturday[67]</testName>
          <skipped>false</skipped>
          <failedSince>0</failedSince>
        </case>
        <case>
          <duration>0.0</duration>
          <className>hudson.scheduler.CronTabDayOfWeekLocaleTest</className>
          <testName>isSundayAndPreviousRunIsPreviousSunday[67]</testName>
          <skipped>false</skipped>
          <failedSince>0</failedSince>
        </case>
        <case>
          <duration>0.001</duration>
          <className>hudson.scheduler.CronTabDayOfWeekLocaleTest</className>
          <testName>isSundayAndNextRunIsFriday[67]</testName>
          <skipped>false</skipped>
          <failedSince>0</failedSince>
        </case>
        <case>
          <duration>0.0</duration>
          <className>hudson.scheduler.CronTabDayOfWeekLocaleTest</className>
          <testName>isSundayAndPreviousRunIsSaturdayAsterisk[67]</testName>
          <skipped>false</skipped>
          <failedSince>0</failedSince>
        </case>
        <case>
          <duration>0.0</duration>
          <className>hudson.scheduler.CronTabDayOfWeekLocaleTest</className>
          <testName>isSundayAndNextRunIsMonday[67]</testName>
          <skipped>false</skipped>
          <failedSince>0</failedSince>
        </case>
        <case>
          <duration>0.0</duration>
          <className>hudson.scheduler.CronTabDayOfWeekLocaleTest</className>
          <testName>isSundayAndPreviousRunIsFriday[67]</testName>
          <skipped>false</skipped>
          <failedSince>0</failedSince>
        </case>
        <case>
          <duration>0.0</duration>
          <className>hudson.scheduler.CronTabDayOfWeekLocaleTest</className>
          <testName>isSundayAndNextRunIsTuesday[67]</testName>
          <skipped>false</skipped>
          <failedSince>0</failedSince>
        </case>
        <case>
          <duration>0.0</duration>
          <className>hudson.scheduler.CronTabDayOfWeekLocaleTest</className>
          <testName>isSundayAndNextRunIsNextSunday7[67]</testName>
          <skipped>false</skipped>
          <failedSince>0</failedSince>
        </case>
        <case>
          <duration>0.0</duration>
          <className>hudson.scheduler.CronTabDayOfWeekLocaleTest</className>
          <testName>isSundayAndPreviousRunIsMonday[67]</testName>
          <skipped>false</skipped>
          <failedSince>0</failedSince>
        </case>
        <case>
          <duration>0.0</duration>
          <className>hudson.scheduler.CronTabDayOfWeekLocaleTest</className>
          <testName>isSaturdayAndNextRunIsSundayAsterisk[67]</testName>
          <skipped>false</skipped>
          <failedSince>0</failedSince>
        </case>
        <case>
          <duration>0.0</duration>
          <className>hudson.scheduler.CronTabDayOfWeekLocaleTest</className>
          <testName>hudson8658[67]</testName>
          <skipped>false</skipped>
          <failedSince>0</failedSince>
        </case>
        <case>
          <duration>0.0</duration>
          <className>hudson.scheduler.CronTabDayOfWeekLocaleTest</className>
          <testName>isSundayAndNextRunIsNextSunday[67]</testName>
          <skipped>false</skipped>
          <failedSince>0</failedSince>
        </case>
        <case>
          <duration>0.0</duration>
          <className>hudson.scheduler.CronTabDayOfWeekLocaleTest</className>
          <testName>isSundayAndNextRunIsThursday[67]</testName>
          <skipped>false</skipped>
          <failedSince>0</failedSince>
        </case>
        <case>
          <duration>0.0</duration>
          <className>hudson.scheduler.CronTabDayOfWeekLocaleTest</className>
          <testName>isSundayAndPreviousRunIsPreviousSunday7[67]</testName>
          <skipped>false</skipped>
          <failedSince>0</failedSince>
        </case>
        <case>
          <duration>0.001</duration>
          <className>hudson.scheduler.CronTabDayOfWeekLocaleTest</className>
          <testName>isSundayAndNextRunIsWednesday[67]</testName>
          <skipped>false</skipped>
          <failedSince>0</failedSince>
        </case>
        <case>
          <duration>0.0</duration>
          <className>hudson.scheduler.CronTabDayOfWeekLocaleTest</className>
          <testName>isSundayAndNextRunIsSaturday[67]</testName>
          <skipped>false</skipped>
          <failedSince>0</failedSince>
        </case>
        <case>
          <duration>0.0</duration>
          <className>hudson.scheduler.CronTabDayOfWeekLocaleTest</className>
          <testName>isSundayAndPreviousRunIsTuesday[68]</testName>
          <skipped>false</skipped>
          <failedSince>0</failedSince>
        </case>
        <case>
          <duration>0.0</duration>
          <className>hudson.scheduler.CronTabDayOfWeekLocaleTest</className>
          <testName>isSundayAndPreviousRunIsThursday[68]</testName>
          <skipped>false</skipped>
          <failedSince>0</failedSince>
        </case>
        <case>
          <duration>0.0</duration>
          <className>hudson.scheduler.CronTabDayOfWeekLocaleTest</className>
          <testName>isSundayAndPreviousRunIsWednesday[68]</testName>
          <skipped>false</skipped>
          <failedSince>0</failedSince>
        </case>
        <case>
          <duration>0.0</duration>
          <className>hudson.scheduler.CronTabDayOfWeekLocaleTest</className>
          <testName>isSundayAndPreviousRunIsSaturday[68]</testName>
          <skipped>false</skipped>
          <failedSince>0</failedSince>
        </case>
        <case>
          <duration>0.001</duration>
          <className>hudson.scheduler.CronTabDayOfWeekLocaleTest</className>
          <testName>isSundayAndPreviousRunIsPreviousSunday[68]</testName>
          <skipped>false</skipped>
          <failedSince>0</failedSince>
        </case>
        <case>
          <duration>0.0</duration>
          <className>hudson.scheduler.CronTabDayOfWeekLocaleTest</className>
          <testName>isSundayAndNextRunIsFriday[68]</testName>
          <skipped>false</skipped>
          <failedSince>0</failedSince>
        </case>
        <case>
          <duration>0.0</duration>
          <className>hudson.scheduler.CronTabDayOfWeekLocaleTest</className>
          <testName>isSundayAndPreviousRunIsSaturdayAsterisk[68]</testName>
          <skipped>false</skipped>
          <failedSince>0</failedSince>
        </case>
        <case>
          <duration>0.0</duration>
          <className>hudson.scheduler.CronTabDayOfWeekLocaleTest</className>
          <testName>isSundayAndNextRunIsMonday[68]</testName>
          <skipped>false</skipped>
          <failedSince>0</failedSince>
        </case>
        <case>
          <duration>0.0</duration>
          <className>hudson.scheduler.CronTabDayOfWeekLocaleTest</className>
          <testName>isSundayAndPreviousRunIsFriday[68]</testName>
          <skipped>false</skipped>
          <failedSince>0</failedSince>
        </case>
        <case>
          <duration>0.0</duration>
          <className>hudson.scheduler.CronTabDayOfWeekLocaleTest</className>
          <testName>isSundayAndNextRunIsTuesday[68]</testName>
          <skipped>false</skipped>
          <failedSince>0</failedSince>
        </case>
        <case>
          <duration>0.0</duration>
          <className>hudson.scheduler.CronTabDayOfWeekLocaleTest</className>
          <testName>isSundayAndNextRunIsNextSunday7[68]</testName>
          <skipped>false</skipped>
          <failedSince>0</failedSince>
        </case>
        <case>
          <duration>0.001</duration>
          <className>hudson.scheduler.CronTabDayOfWeekLocaleTest</className>
          <testName>isSundayAndPreviousRunIsMonday[68]</testName>
          <skipped>false</skipped>
          <failedSince>0</failedSince>
        </case>
        <case>
          <duration>0.0</duration>
          <className>hudson.scheduler.CronTabDayOfWeekLocaleTest</className>
          <testName>isSaturdayAndNextRunIsSundayAsterisk[68]</testName>
          <skipped>false</skipped>
          <failedSince>0</failedSince>
        </case>
        <case>
          <duration>0.0</duration>
          <className>hudson.scheduler.CronTabDayOfWeekLocaleTest</className>
          <testName>hudson8658[68]</testName>
          <skipped>false</skipped>
          <failedSince>0</failedSince>
        </case>
        <case>
          <duration>0.0</duration>
          <className>hudson.scheduler.CronTabDayOfWeekLocaleTest</className>
          <testName>isSundayAndNextRunIsNextSunday[68]</testName>
          <skipped>false</skipped>
          <failedSince>0</failedSince>
        </case>
        <case>
          <duration>0.0</duration>
          <className>hudson.scheduler.CronTabDayOfWeekLocaleTest</className>
          <testName>isSundayAndNextRunIsThursday[68]</testName>
          <skipped>false</skipped>
          <failedSince>0</failedSince>
        </case>
        <case>
          <duration>0.0</duration>
          <className>hudson.scheduler.CronTabDayOfWeekLocaleTest</className>
          <testName>isSundayAndPreviousRunIsPreviousSunday7[68]</testName>
          <skipped>false</skipped>
          <failedSince>0</failedSince>
        </case>
        <case>
          <duration>0.0</duration>
          <className>hudson.scheduler.CronTabDayOfWeekLocaleTest</className>
          <testName>isSundayAndNextRunIsWednesday[68]</testName>
          <skipped>false</skipped>
          <failedSince>0</failedSince>
        </case>
        <case>
          <duration>0.001</duration>
          <className>hudson.scheduler.CronTabDayOfWeekLocaleTest</className>
          <testName>isSundayAndNextRunIsSaturday[68]</testName>
          <skipped>false</skipped>
          <failedSince>0</failedSince>
        </case>
        <case>
          <duration>0.0</duration>
          <className>hudson.scheduler.CronTabDayOfWeekLocaleTest</className>
          <testName>isSundayAndPreviousRunIsTuesday[69]</testName>
          <skipped>false</skipped>
          <failedSince>0</failedSince>
        </case>
        <case>
          <duration>0.0</duration>
          <className>hudson.scheduler.CronTabDayOfWeekLocaleTest</className>
          <testName>isSundayAndPreviousRunIsThursday[69]</testName>
          <skipped>false</skipped>
          <failedSince>0</failedSince>
        </case>
        <case>
          <duration>0.0</duration>
          <className>hudson.scheduler.CronTabDayOfWeekLocaleTest</className>
          <testName>isSundayAndPreviousRunIsWednesday[69]</testName>
          <skipped>false</skipped>
          <failedSince>0</failedSince>
        </case>
        <case>
          <duration>0.0</duration>
          <className>hudson.scheduler.CronTabDayOfWeekLocaleTest</className>
          <testName>isSundayAndPreviousRunIsSaturday[69]</testName>
          <skipped>false</skipped>
          <failedSince>0</failedSince>
        </case>
        <case>
          <duration>0.0</duration>
          <className>hudson.scheduler.CronTabDayOfWeekLocaleTest</className>
          <testName>isSundayAndPreviousRunIsPreviousSunday[69]</testName>
          <skipped>false</skipped>
          <failedSince>0</failedSince>
        </case>
        <case>
          <duration>0.0</duration>
          <className>hudson.scheduler.CronTabDayOfWeekLocaleTest</className>
          <testName>isSundayAndNextRunIsFriday[69]</testName>
          <skipped>false</skipped>
          <failedSince>0</failedSince>
        </case>
        <case>
          <duration>0.0</duration>
          <className>hudson.scheduler.CronTabDayOfWeekLocaleTest</className>
          <testName>isSundayAndPreviousRunIsSaturdayAsterisk[69]</testName>
          <skipped>false</skipped>
          <failedSince>0</failedSince>
        </case>
        <case>
          <duration>0.0</duration>
          <className>hudson.scheduler.CronTabDayOfWeekLocaleTest</className>
          <testName>isSundayAndNextRunIsMonday[69]</testName>
          <skipped>false</skipped>
          <failedSince>0</failedSince>
        </case>
        <case>
          <duration>0.0</duration>
          <className>hudson.scheduler.CronTabDayOfWeekLocaleTest</className>
          <testName>isSundayAndPreviousRunIsFriday[69]</testName>
          <skipped>false</skipped>
          <failedSince>0</failedSince>
        </case>
        <case>
          <duration>0.061</duration>
          <className>hudson.scheduler.CronTabDayOfWeekLocaleTest</className>
          <testName>isSundayAndNextRunIsTuesday[69]</testName>
          <skipped>false</skipped>
          <failedSince>0</failedSince>
        </case>
        <case>
          <duration>0.0</duration>
          <className>hudson.scheduler.CronTabDayOfWeekLocaleTest</className>
          <testName>isSundayAndNextRunIsNextSunday7[69]</testName>
          <skipped>false</skipped>
          <failedSince>0</failedSince>
        </case>
        <case>
          <duration>0.0</duration>
          <className>hudson.scheduler.CronTabDayOfWeekLocaleTest</className>
          <testName>isSundayAndPreviousRunIsMonday[69]</testName>
          <skipped>false</skipped>
          <failedSince>0</failedSince>
        </case>
        <case>
          <duration>0.0</duration>
          <className>hudson.scheduler.CronTabDayOfWeekLocaleTest</className>
          <testName>isSaturdayAndNextRunIsSundayAsterisk[69]</testName>
          <skipped>false</skipped>
          <failedSince>0</failedSince>
        </case>
        <case>
          <duration>0.0</duration>
          <className>hudson.scheduler.CronTabDayOfWeekLocaleTest</className>
          <testName>hudson8658[69]</testName>
          <skipped>false</skipped>
          <failedSince>0</failedSince>
        </case>
        <case>
          <duration>0.0</duration>
          <className>hudson.scheduler.CronTabDayOfWeekLocaleTest</className>
          <testName>isSundayAndNextRunIsNextSunday[69]</testName>
          <skipped>false</skipped>
          <failedSince>0</failedSince>
        </case>
        <case>
          <duration>0.0</duration>
          <className>hudson.scheduler.CronTabDayOfWeekLocaleTest</className>
          <testName>isSundayAndNextRunIsThursday[69]</testName>
          <skipped>false</skipped>
          <failedSince>0</failedSince>
        </case>
        <case>
          <duration>0.0</duration>
          <className>hudson.scheduler.CronTabDayOfWeekLocaleTest</className>
          <testName>isSundayAndPreviousRunIsPreviousSunday7[69]</testName>
          <skipped>false</skipped>
          <failedSince>0</failedSince>
        </case>
        <case>
          <duration>0.0</duration>
          <className>hudson.scheduler.CronTabDayOfWeekLocaleTest</className>
          <testName>isSundayAndNextRunIsWednesday[69]</testName>
          <skipped>false</skipped>
          <failedSince>0</failedSince>
        </case>
        <case>
          <duration>0.0</duration>
          <className>hudson.scheduler.CronTabDayOfWeekLocaleTest</className>
          <testName>isSundayAndNextRunIsSaturday[69]</testName>
          <skipped>false</skipped>
          <failedSince>0</failedSince>
        </case>
        <case>
          <duration>0.0</duration>
          <className>hudson.scheduler.CronTabDayOfWeekLocaleTest</className>
          <testName>isSundayAndPreviousRunIsTuesday[70]</testName>
          <skipped>false</skipped>
          <failedSince>0</failedSince>
        </case>
        <case>
          <duration>0.0</duration>
          <className>hudson.scheduler.CronTabDayOfWeekLocaleTest</className>
          <testName>isSundayAndPreviousRunIsThursday[70]</testName>
          <skipped>false</skipped>
          <failedSince>0</failedSince>
        </case>
        <case>
          <duration>0.0</duration>
          <className>hudson.scheduler.CronTabDayOfWeekLocaleTest</className>
          <testName>isSundayAndPreviousRunIsWednesday[70]</testName>
          <skipped>false</skipped>
          <failedSince>0</failedSince>
        </case>
        <case>
          <duration>0.0</duration>
          <className>hudson.scheduler.CronTabDayOfWeekLocaleTest</className>
          <testName>isSundayAndPreviousRunIsSaturday[70]</testName>
          <skipped>false</skipped>
          <failedSince>0</failedSince>
        </case>
        <case>
          <duration>0.001</duration>
          <className>hudson.scheduler.CronTabDayOfWeekLocaleTest</className>
          <testName>isSundayAndPreviousRunIsPreviousSunday[70]</testName>
          <skipped>false</skipped>
          <failedSince>0</failedSince>
        </case>
        <case>
          <duration>0.0</duration>
          <className>hudson.scheduler.CronTabDayOfWeekLocaleTest</className>
          <testName>isSundayAndNextRunIsFriday[70]</testName>
          <skipped>false</skipped>
          <failedSince>0</failedSince>
        </case>
        <case>
          <duration>0.0</duration>
          <className>hudson.scheduler.CronTabDayOfWeekLocaleTest</className>
          <testName>isSundayAndPreviousRunIsSaturdayAsterisk[70]</testName>
          <skipped>false</skipped>
          <failedSince>0</failedSince>
        </case>
        <case>
          <duration>0.0</duration>
          <className>hudson.scheduler.CronTabDayOfWeekLocaleTest</className>
          <testName>isSundayAndNextRunIsMonday[70]</testName>
          <skipped>false</skipped>
          <failedSince>0</failedSince>
        </case>
        <case>
          <duration>0.0</duration>
          <className>hudson.scheduler.CronTabDayOfWeekLocaleTest</className>
          <testName>isSundayAndPreviousRunIsFriday[70]</testName>
          <skipped>false</skipped>
          <failedSince>0</failedSince>
        </case>
        <case>
          <duration>0.0</duration>
          <className>hudson.scheduler.CronTabDayOfWeekLocaleTest</className>
          <testName>isSundayAndNextRunIsTuesday[70]</testName>
          <skipped>false</skipped>
          <failedSince>0</failedSince>
        </case>
        <case>
          <duration>0.0</duration>
          <className>hudson.scheduler.CronTabDayOfWeekLocaleTest</className>
          <testName>isSundayAndNextRunIsNextSunday7[70]</testName>
          <skipped>false</skipped>
          <failedSince>0</failedSince>
        </case>
        <case>
          <duration>0.001</duration>
          <className>hudson.scheduler.CronTabDayOfWeekLocaleTest</className>
          <testName>isSundayAndPreviousRunIsMonday[70]</testName>
          <skipped>false</skipped>
          <failedSince>0</failedSince>
        </case>
        <case>
          <duration>0.002</duration>
          <className>hudson.scheduler.CronTabDayOfWeekLocaleTest</className>
          <testName>isSaturdayAndNextRunIsSundayAsterisk[70]</testName>
          <skipped>false</skipped>
          <failedSince>0</failedSince>
        </case>
        <case>
          <duration>0.0</duration>
          <className>hudson.scheduler.CronTabDayOfWeekLocaleTest</className>
          <testName>hudson8658[70]</testName>
          <skipped>false</skipped>
          <failedSince>0</failedSince>
        </case>
        <case>
          <duration>0.0</duration>
          <className>hudson.scheduler.CronTabDayOfWeekLocaleTest</className>
          <testName>isSundayAndNextRunIsNextSunday[70]</testName>
          <skipped>false</skipped>
          <failedSince>0</failedSince>
        </case>
        <case>
          <duration>0.0</duration>
          <className>hudson.scheduler.CronTabDayOfWeekLocaleTest</className>
          <testName>isSundayAndNextRunIsThursday[70]</testName>
          <skipped>false</skipped>
          <failedSince>0</failedSince>
        </case>
        <case>
          <duration>0.0</duration>
          <className>hudson.scheduler.CronTabDayOfWeekLocaleTest</className>
          <testName>isSundayAndPreviousRunIsPreviousSunday7[70]</testName>
          <skipped>false</skipped>
          <failedSince>0</failedSince>
        </case>
        <case>
          <duration>0.0</duration>
          <className>hudson.scheduler.CronTabDayOfWeekLocaleTest</className>
          <testName>isSundayAndNextRunIsWednesday[70]</testName>
          <skipped>false</skipped>
          <failedSince>0</failedSince>
        </case>
        <case>
          <duration>0.001</duration>
          <className>hudson.scheduler.CronTabDayOfWeekLocaleTest</className>
          <testName>isSundayAndNextRunIsSaturday[70]</testName>
          <skipped>false</skipped>
          <failedSince>0</failedSince>
        </case>
        <case>
          <duration>0.0</duration>
          <className>hudson.scheduler.CronTabDayOfWeekLocaleTest</className>
          <testName>isSundayAndPreviousRunIsTuesday[71]</testName>
          <skipped>false</skipped>
          <failedSince>0</failedSince>
        </case>
        <case>
          <duration>0.0</duration>
          <className>hudson.scheduler.CronTabDayOfWeekLocaleTest</className>
          <testName>isSundayAndPreviousRunIsThursday[71]</testName>
          <skipped>false</skipped>
          <failedSince>0</failedSince>
        </case>
        <case>
          <duration>0.0</duration>
          <className>hudson.scheduler.CronTabDayOfWeekLocaleTest</className>
          <testName>isSundayAndPreviousRunIsWednesday[71]</testName>
          <skipped>false</skipped>
          <failedSince>0</failedSince>
        </case>
        <case>
          <duration>0.001</duration>
          <className>hudson.scheduler.CronTabDayOfWeekLocaleTest</className>
          <testName>isSundayAndPreviousRunIsSaturday[71]</testName>
          <skipped>false</skipped>
          <failedSince>0</failedSince>
        </case>
        <case>
          <duration>0.002</duration>
          <className>hudson.scheduler.CronTabDayOfWeekLocaleTest</className>
          <testName>isSundayAndPreviousRunIsPreviousSunday[71]</testName>
          <skipped>false</skipped>
          <failedSince>0</failedSince>
        </case>
        <case>
          <duration>0.0</duration>
          <className>hudson.scheduler.CronTabDayOfWeekLocaleTest</className>
          <testName>isSundayAndNextRunIsFriday[71]</testName>
          <skipped>false</skipped>
          <failedSince>0</failedSince>
        </case>
        <case>
          <duration>0.0</duration>
          <className>hudson.scheduler.CronTabDayOfWeekLocaleTest</className>
          <testName>isSundayAndPreviousRunIsSaturdayAsterisk[71]</testName>
          <skipped>false</skipped>
          <failedSince>0</failedSince>
        </case>
        <case>
          <duration>0.0</duration>
          <className>hudson.scheduler.CronTabDayOfWeekLocaleTest</className>
          <testName>isSundayAndNextRunIsMonday[71]</testName>
          <skipped>false</skipped>
          <failedSince>0</failedSince>
        </case>
        <case>
          <duration>0.0</duration>
          <className>hudson.scheduler.CronTabDayOfWeekLocaleTest</className>
          <testName>isSundayAndPreviousRunIsFriday[71]</testName>
          <skipped>false</skipped>
          <failedSince>0</failedSince>
        </case>
        <case>
          <duration>0.0</duration>
          <className>hudson.scheduler.CronTabDayOfWeekLocaleTest</className>
          <testName>isSundayAndNextRunIsTuesday[71]</testName>
          <skipped>false</skipped>
          <failedSince>0</failedSince>
        </case>
        <case>
          <duration>0.001</duration>
          <className>hudson.scheduler.CronTabDayOfWeekLocaleTest</className>
          <testName>isSundayAndNextRunIsNextSunday7[71]</testName>
          <skipped>false</skipped>
          <failedSince>0</failedSince>
        </case>
        <case>
          <duration>0.0</duration>
          <className>hudson.scheduler.CronTabDayOfWeekLocaleTest</className>
          <testName>isSundayAndPreviousRunIsMonday[71]</testName>
          <skipped>false</skipped>
          <failedSince>0</failedSince>
        </case>
        <case>
          <duration>0.0</duration>
          <className>hudson.scheduler.CronTabDayOfWeekLocaleTest</className>
          <testName>isSaturdayAndNextRunIsSundayAsterisk[71]</testName>
          <skipped>false</skipped>
          <failedSince>0</failedSince>
        </case>
        <case>
          <duration>0.0</duration>
          <className>hudson.scheduler.CronTabDayOfWeekLocaleTest</className>
          <testName>hudson8658[71]</testName>
          <skipped>false</skipped>
          <failedSince>0</failedSince>
        </case>
        <case>
          <duration>0.001</duration>
          <className>hudson.scheduler.CronTabDayOfWeekLocaleTest</className>
          <testName>isSundayAndNextRunIsNextSunday[71]</testName>
          <skipped>false</skipped>
          <failedSince>0</failedSince>
        </case>
        <case>
          <duration>0.0</duration>
          <className>hudson.scheduler.CronTabDayOfWeekLocaleTest</className>
          <testName>isSundayAndNextRunIsThursday[71]</testName>
          <skipped>false</skipped>
          <failedSince>0</failedSince>
        </case>
        <case>
          <duration>0.0</duration>
          <className>hudson.scheduler.CronTabDayOfWeekLocaleTest</className>
          <testName>isSundayAndPreviousRunIsPreviousSunday7[71]</testName>
          <skipped>false</skipped>
          <failedSince>0</failedSince>
        </case>
        <case>
          <duration>0.0</duration>
          <className>hudson.scheduler.CronTabDayOfWeekLocaleTest</className>
          <testName>isSundayAndNextRunIsWednesday[71]</testName>
          <skipped>false</skipped>
          <failedSince>0</failedSince>
        </case>
        <case>
          <duration>0.0</duration>
          <className>hudson.scheduler.CronTabDayOfWeekLocaleTest</className>
          <testName>isSundayAndNextRunIsSaturday[71]</testName>
          <skipped>false</skipped>
          <failedSince>0</failedSince>
        </case>
        <case>
          <duration>0.0</duration>
          <className>hudson.scheduler.CronTabDayOfWeekLocaleTest</className>
          <testName>isSundayAndPreviousRunIsTuesday[72]</testName>
          <skipped>false</skipped>
          <failedSince>0</failedSince>
        </case>
        <case>
          <duration>0.0</duration>
          <className>hudson.scheduler.CronTabDayOfWeekLocaleTest</className>
          <testName>isSundayAndPreviousRunIsThursday[72]</testName>
          <skipped>false</skipped>
          <failedSince>0</failedSince>
        </case>
        <case>
          <duration>0.001</duration>
          <className>hudson.scheduler.CronTabDayOfWeekLocaleTest</className>
          <testName>isSundayAndPreviousRunIsWednesday[72]</testName>
          <skipped>false</skipped>
          <failedSince>0</failedSince>
        </case>
        <case>
          <duration>0.0</duration>
          <className>hudson.scheduler.CronTabDayOfWeekLocaleTest</className>
          <testName>isSundayAndPreviousRunIsSaturday[72]</testName>
          <skipped>false</skipped>
          <failedSince>0</failedSince>
        </case>
        <case>
          <duration>0.0</duration>
          <className>hudson.scheduler.CronTabDayOfWeekLocaleTest</className>
          <testName>isSundayAndPreviousRunIsPreviousSunday[72]</testName>
          <skipped>false</skipped>
          <failedSince>0</failedSince>
        </case>
        <case>
          <duration>0.0</duration>
          <className>hudson.scheduler.CronTabDayOfWeekLocaleTest</className>
          <testName>isSundayAndNextRunIsFriday[72]</testName>
          <skipped>false</skipped>
          <failedSince>0</failedSince>
        </case>
        <case>
          <duration>0.0</duration>
          <className>hudson.scheduler.CronTabDayOfWeekLocaleTest</className>
          <testName>isSundayAndPreviousRunIsSaturdayAsterisk[72]</testName>
          <skipped>false</skipped>
          <failedSince>0</failedSince>
        </case>
        <case>
          <duration>0.0</duration>
          <className>hudson.scheduler.CronTabDayOfWeekLocaleTest</className>
          <testName>isSundayAndNextRunIsMonday[72]</testName>
          <skipped>false</skipped>
          <failedSince>0</failedSince>
        </case>
        <case>
          <duration>0.0</duration>
          <className>hudson.scheduler.CronTabDayOfWeekLocaleTest</className>
          <testName>isSundayAndPreviousRunIsFriday[72]</testName>
          <skipped>false</skipped>
          <failedSince>0</failedSince>
        </case>
        <case>
          <duration>0.001</duration>
          <className>hudson.scheduler.CronTabDayOfWeekLocaleTest</className>
          <testName>isSundayAndNextRunIsTuesday[72]</testName>
          <skipped>false</skipped>
          <failedSince>0</failedSince>
        </case>
        <case>
          <duration>0.0</duration>
          <className>hudson.scheduler.CronTabDayOfWeekLocaleTest</className>
          <testName>isSundayAndNextRunIsNextSunday7[72]</testName>
          <skipped>false</skipped>
          <failedSince>0</failedSince>
        </case>
        <case>
          <duration>0.0</duration>
          <className>hudson.scheduler.CronTabDayOfWeekLocaleTest</className>
          <testName>isSundayAndPreviousRunIsMonday[72]</testName>
          <skipped>false</skipped>
          <failedSince>0</failedSince>
        </case>
        <case>
          <duration>0.0</duration>
          <className>hudson.scheduler.CronTabDayOfWeekLocaleTest</className>
          <testName>isSaturdayAndNextRunIsSundayAsterisk[72]</testName>
          <skipped>false</skipped>
          <failedSince>0</failedSince>
        </case>
        <case>
          <duration>0.001</duration>
          <className>hudson.scheduler.CronTabDayOfWeekLocaleTest</className>
          <testName>hudson8658[72]</testName>
          <skipped>false</skipped>
          <failedSince>0</failedSince>
        </case>
        <case>
          <duration>0.0</duration>
          <className>hudson.scheduler.CronTabDayOfWeekLocaleTest</className>
          <testName>isSundayAndNextRunIsNextSunday[72]</testName>
          <skipped>false</skipped>
          <failedSince>0</failedSince>
        </case>
        <case>
          <duration>0.0</duration>
          <className>hudson.scheduler.CronTabDayOfWeekLocaleTest</className>
          <testName>isSundayAndNextRunIsThursday[72]</testName>
          <skipped>false</skipped>
          <failedSince>0</failedSince>
        </case>
        <case>
          <duration>0.0</duration>
          <className>hudson.scheduler.CronTabDayOfWeekLocaleTest</className>
          <testName>isSundayAndPreviousRunIsPreviousSunday7[72]</testName>
          <skipped>false</skipped>
          <failedSince>0</failedSince>
        </case>
        <case>
          <duration>0.0</duration>
          <className>hudson.scheduler.CronTabDayOfWeekLocaleTest</className>
          <testName>isSundayAndNextRunIsWednesday[72]</testName>
          <skipped>false</skipped>
          <failedSince>0</failedSince>
        </case>
        <case>
          <duration>0.0</duration>
          <className>hudson.scheduler.CronTabDayOfWeekLocaleTest</className>
          <testName>isSundayAndNextRunIsSaturday[72]</testName>
          <skipped>false</skipped>
          <failedSince>0</failedSince>
        </case>
        <case>
          <duration>0.0</duration>
          <className>hudson.scheduler.CronTabDayOfWeekLocaleTest</className>
          <testName>isSundayAndPreviousRunIsTuesday[73]</testName>
          <skipped>false</skipped>
          <failedSince>0</failedSince>
        </case>
        <case>
          <duration>0.001</duration>
          <className>hudson.scheduler.CronTabDayOfWeekLocaleTest</className>
          <testName>isSundayAndPreviousRunIsThursday[73]</testName>
          <skipped>false</skipped>
          <failedSince>0</failedSince>
        </case>
        <case>
          <duration>0.0</duration>
          <className>hudson.scheduler.CronTabDayOfWeekLocaleTest</className>
          <testName>isSundayAndPreviousRunIsWednesday[73]</testName>
          <skipped>false</skipped>
          <failedSince>0</failedSince>
        </case>
        <case>
          <duration>0.0</duration>
          <className>hudson.scheduler.CronTabDayOfWeekLocaleTest</className>
          <testName>isSundayAndPreviousRunIsSaturday[73]</testName>
          <skipped>false</skipped>
          <failedSince>0</failedSince>
        </case>
        <case>
          <duration>0.0</duration>
          <className>hudson.scheduler.CronTabDayOfWeekLocaleTest</className>
          <testName>isSundayAndPreviousRunIsPreviousSunday[73]</testName>
          <skipped>false</skipped>
          <failedSince>0</failedSince>
        </case>
        <case>
          <duration>0.001</duration>
          <className>hudson.scheduler.CronTabDayOfWeekLocaleTest</className>
          <testName>isSundayAndNextRunIsFriday[73]</testName>
          <skipped>false</skipped>
          <failedSince>0</failedSince>
        </case>
        <case>
          <duration>0.0</duration>
          <className>hudson.scheduler.CronTabDayOfWeekLocaleTest</className>
          <testName>isSundayAndPreviousRunIsSaturdayAsterisk[73]</testName>
          <skipped>false</skipped>
          <failedSince>0</failedSince>
        </case>
        <case>
          <duration>0.0</duration>
          <className>hudson.scheduler.CronTabDayOfWeekLocaleTest</className>
          <testName>isSundayAndNextRunIsMonday[73]</testName>
          <skipped>false</skipped>
          <failedSince>0</failedSince>
        </case>
        <case>
          <duration>0.0</duration>
          <className>hudson.scheduler.CronTabDayOfWeekLocaleTest</className>
          <testName>isSundayAndPreviousRunIsFriday[73]</testName>
          <skipped>false</skipped>
          <failedSince>0</failedSince>
        </case>
        <case>
          <duration>0.0</duration>
          <className>hudson.scheduler.CronTabDayOfWeekLocaleTest</className>
          <testName>isSundayAndNextRunIsTuesday[73]</testName>
          <skipped>false</skipped>
          <failedSince>0</failedSince>
        </case>
        <case>
          <duration>0.0</duration>
          <className>hudson.scheduler.CronTabDayOfWeekLocaleTest</className>
          <testName>isSundayAndNextRunIsNextSunday7[73]</testName>
          <skipped>false</skipped>
          <failedSince>0</failedSince>
        </case>
        <case>
          <duration>0.001</duration>
          <className>hudson.scheduler.CronTabDayOfWeekLocaleTest</className>
          <testName>isSundayAndPreviousRunIsMonday[73]</testName>
          <skipped>false</skipped>
          <failedSince>0</failedSince>
        </case>
        <case>
          <duration>0.0</duration>
          <className>hudson.scheduler.CronTabDayOfWeekLocaleTest</className>
          <testName>isSaturdayAndNextRunIsSundayAsterisk[73]</testName>
          <skipped>false</skipped>
          <failedSince>0</failedSince>
        </case>
        <case>
          <duration>0.006</duration>
          <className>hudson.scheduler.CronTabDayOfWeekLocaleTest</className>
          <testName>hudson8658[73]</testName>
          <skipped>false</skipped>
          <failedSince>0</failedSince>
        </case>
        <case>
          <duration>0.0</duration>
          <className>hudson.scheduler.CronTabDayOfWeekLocaleTest</className>
          <testName>isSundayAndNextRunIsNextSunday[73]</testName>
          <skipped>false</skipped>
          <failedSince>0</failedSince>
        </case>
        <case>
          <duration>0.0</duration>
          <className>hudson.scheduler.CronTabDayOfWeekLocaleTest</className>
          <testName>isSundayAndNextRunIsThursday[73]</testName>
          <skipped>false</skipped>
          <failedSince>0</failedSince>
        </case>
        <case>
          <duration>0.0</duration>
          <className>hudson.scheduler.CronTabDayOfWeekLocaleTest</className>
          <testName>isSundayAndPreviousRunIsPreviousSunday7[73]</testName>
          <skipped>false</skipped>
          <failedSince>0</failedSince>
        </case>
        <case>
          <duration>0.0</duration>
          <className>hudson.scheduler.CronTabDayOfWeekLocaleTest</className>
          <testName>isSundayAndNextRunIsWednesday[73]</testName>
          <skipped>false</skipped>
          <failedSince>0</failedSince>
        </case>
        <case>
          <duration>0.0</duration>
          <className>hudson.scheduler.CronTabDayOfWeekLocaleTest</className>
          <testName>isSundayAndNextRunIsSaturday[73]</testName>
          <skipped>false</skipped>
          <failedSince>0</failedSince>
        </case>
        <case>
          <duration>0.0</duration>
          <className>hudson.scheduler.CronTabDayOfWeekLocaleTest</className>
          <testName>isSundayAndPreviousRunIsTuesday[74]</testName>
          <skipped>false</skipped>
          <failedSince>0</failedSince>
        </case>
        <case>
          <duration>0.0</duration>
          <className>hudson.scheduler.CronTabDayOfWeekLocaleTest</className>
          <testName>isSundayAndPreviousRunIsThursday[74]</testName>
          <skipped>false</skipped>
          <failedSince>0</failedSince>
        </case>
        <case>
          <duration>0.0</duration>
          <className>hudson.scheduler.CronTabDayOfWeekLocaleTest</className>
          <testName>isSundayAndPreviousRunIsWednesday[74]</testName>
          <skipped>false</skipped>
          <failedSince>0</failedSince>
        </case>
        <case>
          <duration>0.001</duration>
          <className>hudson.scheduler.CronTabDayOfWeekLocaleTest</className>
          <testName>isSundayAndPreviousRunIsSaturday[74]</testName>
          <skipped>false</skipped>
          <failedSince>0</failedSince>
        </case>
        <case>
          <duration>0.0</duration>
          <className>hudson.scheduler.CronTabDayOfWeekLocaleTest</className>
          <testName>isSundayAndPreviousRunIsPreviousSunday[74]</testName>
          <skipped>false</skipped>
          <failedSince>0</failedSince>
        </case>
        <case>
          <duration>0.0</duration>
          <className>hudson.scheduler.CronTabDayOfWeekLocaleTest</className>
          <testName>isSundayAndNextRunIsFriday[74]</testName>
          <skipped>false</skipped>
          <failedSince>0</failedSince>
        </case>
        <case>
          <duration>0.001</duration>
          <className>hudson.scheduler.CronTabDayOfWeekLocaleTest</className>
          <testName>isSundayAndPreviousRunIsSaturdayAsterisk[74]</testName>
          <skipped>false</skipped>
          <failedSince>0</failedSince>
        </case>
        <case>
          <duration>0.0</duration>
          <className>hudson.scheduler.CronTabDayOfWeekLocaleTest</className>
          <testName>isSundayAndNextRunIsMonday[74]</testName>
          <skipped>false</skipped>
          <failedSince>0</failedSince>
        </case>
        <case>
          <duration>0.0</duration>
          <className>hudson.scheduler.CronTabDayOfWeekLocaleTest</className>
          <testName>isSundayAndPreviousRunIsFriday[74]</testName>
          <skipped>false</skipped>
          <failedSince>0</failedSince>
        </case>
        <case>
          <duration>0.0</duration>
          <className>hudson.scheduler.CronTabDayOfWeekLocaleTest</className>
          <testName>isSundayAndNextRunIsTuesday[74]</testName>
          <skipped>false</skipped>
          <failedSince>0</failedSince>
        </case>
        <case>
          <duration>0.0</duration>
          <className>hudson.scheduler.CronTabDayOfWeekLocaleTest</className>
          <testName>isSundayAndNextRunIsNextSunday7[74]</testName>
          <skipped>false</skipped>
          <failedSince>0</failedSince>
        </case>
        <case>
          <duration>0.0</duration>
          <className>hudson.scheduler.CronTabDayOfWeekLocaleTest</className>
          <testName>isSundayAndPreviousRunIsMonday[74]</testName>
          <skipped>false</skipped>
          <failedSince>0</failedSince>
        </case>
        <case>
          <duration>0.0</duration>
          <className>hudson.scheduler.CronTabDayOfWeekLocaleTest</className>
          <testName>isSaturdayAndNextRunIsSundayAsterisk[74]</testName>
          <skipped>false</skipped>
          <failedSince>0</failedSince>
        </case>
        <case>
          <duration>0.0</duration>
          <className>hudson.scheduler.CronTabDayOfWeekLocaleTest</className>
          <testName>hudson8658[74]</testName>
          <skipped>false</skipped>
          <failedSince>0</failedSince>
        </case>
        <case>
          <duration>0.0</duration>
          <className>hudson.scheduler.CronTabDayOfWeekLocaleTest</className>
          <testName>isSundayAndNextRunIsNextSunday[74]</testName>
          <skipped>false</skipped>
          <failedSince>0</failedSince>
        </case>
        <case>
          <duration>0.0</duration>
          <className>hudson.scheduler.CronTabDayOfWeekLocaleTest</className>
          <testName>isSundayAndNextRunIsThursday[74]</testName>
          <skipped>false</skipped>
          <failedSince>0</failedSince>
        </case>
        <case>
          <duration>0.001</duration>
          <className>hudson.scheduler.CronTabDayOfWeekLocaleTest</className>
          <testName>isSundayAndPreviousRunIsPreviousSunday7[74]</testName>
          <skipped>false</skipped>
          <failedSince>0</failedSince>
        </case>
        <case>
          <duration>0.0</duration>
          <className>hudson.scheduler.CronTabDayOfWeekLocaleTest</className>
          <testName>isSundayAndNextRunIsWednesday[74]</testName>
          <skipped>false</skipped>
          <failedSince>0</failedSince>
        </case>
        <case>
          <duration>0.0</duration>
          <className>hudson.scheduler.CronTabDayOfWeekLocaleTest</className>
          <testName>isSundayAndNextRunIsSaturday[74]</testName>
          <skipped>false</skipped>
          <failedSince>0</failedSince>
        </case>
        <case>
          <duration>0.001</duration>
          <className>hudson.scheduler.CronTabDayOfWeekLocaleTest</className>
          <testName>isSundayAndPreviousRunIsTuesday[75]</testName>
          <skipped>false</skipped>
          <failedSince>0</failedSince>
        </case>
        <case>
          <duration>0.0</duration>
          <className>hudson.scheduler.CronTabDayOfWeekLocaleTest</className>
          <testName>isSundayAndPreviousRunIsThursday[75]</testName>
          <skipped>false</skipped>
          <failedSince>0</failedSince>
        </case>
        <case>
          <duration>0.001</duration>
          <className>hudson.scheduler.CronTabDayOfWeekLocaleTest</className>
          <testName>isSundayAndPreviousRunIsWednesday[75]</testName>
          <skipped>false</skipped>
          <failedSince>0</failedSince>
        </case>
        <case>
          <duration>0.0</duration>
          <className>hudson.scheduler.CronTabDayOfWeekLocaleTest</className>
          <testName>isSundayAndPreviousRunIsSaturday[75]</testName>
          <skipped>false</skipped>
          <failedSince>0</failedSince>
        </case>
        <case>
          <duration>0.0</duration>
          <className>hudson.scheduler.CronTabDayOfWeekLocaleTest</className>
          <testName>isSundayAndPreviousRunIsPreviousSunday[75]</testName>
          <skipped>false</skipped>
          <failedSince>0</failedSince>
        </case>
        <case>
          <duration>0.0</duration>
          <className>hudson.scheduler.CronTabDayOfWeekLocaleTest</className>
          <testName>isSundayAndNextRunIsFriday[75]</testName>
          <skipped>false</skipped>
          <failedSince>0</failedSince>
        </case>
        <case>
          <duration>0.0</duration>
          <className>hudson.scheduler.CronTabDayOfWeekLocaleTest</className>
          <testName>isSundayAndPreviousRunIsSaturdayAsterisk[75]</testName>
          <skipped>false</skipped>
          <failedSince>0</failedSince>
        </case>
        <case>
          <duration>0.0</duration>
          <className>hudson.scheduler.CronTabDayOfWeekLocaleTest</className>
          <testName>isSundayAndNextRunIsMonday[75]</testName>
          <skipped>false</skipped>
          <failedSince>0</failedSince>
        </case>
        <case>
          <duration>0.001</duration>
          <className>hudson.scheduler.CronTabDayOfWeekLocaleTest</className>
          <testName>isSundayAndPreviousRunIsFriday[75]</testName>
          <skipped>false</skipped>
          <failedSince>0</failedSince>
        </case>
        <case>
          <duration>0.0</duration>
          <className>hudson.scheduler.CronTabDayOfWeekLocaleTest</className>
          <testName>isSundayAndNextRunIsTuesday[75]</testName>
          <skipped>false</skipped>
          <failedSince>0</failedSince>
        </case>
        <case>
          <duration>0.0</duration>
          <className>hudson.scheduler.CronTabDayOfWeekLocaleTest</className>
          <testName>isSundayAndNextRunIsNextSunday7[75]</testName>
          <skipped>false</skipped>
          <failedSince>0</failedSince>
        </case>
        <case>
          <duration>0.001</duration>
          <className>hudson.scheduler.CronTabDayOfWeekLocaleTest</className>
          <testName>isSundayAndPreviousRunIsMonday[75]</testName>
          <skipped>false</skipped>
          <failedSince>0</failedSince>
        </case>
        <case>
          <duration>0.0</duration>
          <className>hudson.scheduler.CronTabDayOfWeekLocaleTest</className>
          <testName>isSaturdayAndNextRunIsSundayAsterisk[75]</testName>
          <skipped>false</skipped>
          <failedSince>0</failedSince>
        </case>
        <case>
          <duration>0.0</duration>
          <className>hudson.scheduler.CronTabDayOfWeekLocaleTest</className>
          <testName>hudson8658[75]</testName>
          <skipped>false</skipped>
          <failedSince>0</failedSince>
        </case>
        <case>
          <duration>0.0</duration>
          <className>hudson.scheduler.CronTabDayOfWeekLocaleTest</className>
          <testName>isSundayAndNextRunIsNextSunday[75]</testName>
          <skipped>false</skipped>
          <failedSince>0</failedSince>
        </case>
        <case>
          <duration>0.001</duration>
          <className>hudson.scheduler.CronTabDayOfWeekLocaleTest</className>
          <testName>isSundayAndNextRunIsThursday[75]</testName>
          <skipped>false</skipped>
          <failedSince>0</failedSince>
        </case>
        <case>
          <duration>0.0</duration>
          <className>hudson.scheduler.CronTabDayOfWeekLocaleTest</className>
          <testName>isSundayAndPreviousRunIsPreviousSunday7[75]</testName>
          <skipped>false</skipped>
          <failedSince>0</failedSince>
        </case>
        <case>
          <duration>0.0</duration>
          <className>hudson.scheduler.CronTabDayOfWeekLocaleTest</className>
          <testName>isSundayAndNextRunIsWednesday[75]</testName>
          <skipped>false</skipped>
          <failedSince>0</failedSince>
        </case>
        <case>
          <duration>0.001</duration>
          <className>hudson.scheduler.CronTabDayOfWeekLocaleTest</className>
          <testName>isSundayAndNextRunIsSaturday[75]</testName>
          <skipped>false</skipped>
          <failedSince>0</failedSince>
        </case>
        <case>
          <duration>0.0</duration>
          <className>hudson.scheduler.CronTabDayOfWeekLocaleTest</className>
          <testName>isSundayAndPreviousRunIsTuesday[76]</testName>
          <skipped>false</skipped>
          <failedSince>0</failedSince>
        </case>
        <case>
          <duration>0.0</duration>
          <className>hudson.scheduler.CronTabDayOfWeekLocaleTest</className>
          <testName>isSundayAndPreviousRunIsThursday[76]</testName>
          <skipped>false</skipped>
          <failedSince>0</failedSince>
        </case>
        <case>
          <duration>0.001</duration>
          <className>hudson.scheduler.CronTabDayOfWeekLocaleTest</className>
          <testName>isSundayAndPreviousRunIsWednesday[76]</testName>
          <skipped>false</skipped>
          <failedSince>0</failedSince>
        </case>
        <case>
          <duration>0.0</duration>
          <className>hudson.scheduler.CronTabDayOfWeekLocaleTest</className>
          <testName>isSundayAndPreviousRunIsSaturday[76]</testName>
          <skipped>false</skipped>
          <failedSince>0</failedSince>
        </case>
        <case>
          <duration>0.0</duration>
          <className>hudson.scheduler.CronTabDayOfWeekLocaleTest</className>
          <testName>isSundayAndPreviousRunIsPreviousSunday[76]</testName>
          <skipped>false</skipped>
          <failedSince>0</failedSince>
        </case>
        <case>
          <duration>0.001</duration>
          <className>hudson.scheduler.CronTabDayOfWeekLocaleTest</className>
          <testName>isSundayAndNextRunIsFriday[76]</testName>
          <skipped>false</skipped>
          <failedSince>0</failedSince>
        </case>
        <case>
          <duration>0.0</duration>
          <className>hudson.scheduler.CronTabDayOfWeekLocaleTest</className>
          <testName>isSundayAndPreviousRunIsSaturdayAsterisk[76]</testName>
          <skipped>false</skipped>
          <failedSince>0</failedSince>
        </case>
        <case>
          <duration>0.0</duration>
          <className>hudson.scheduler.CronTabDayOfWeekLocaleTest</className>
          <testName>isSundayAndNextRunIsMonday[76]</testName>
          <skipped>false</skipped>
          <failedSince>0</failedSince>
        </case>
        <case>
          <duration>0.0</duration>
          <className>hudson.scheduler.CronTabDayOfWeekLocaleTest</className>
          <testName>isSundayAndPreviousRunIsFriday[76]</testName>
          <skipped>false</skipped>
          <failedSince>0</failedSince>
        </case>
        <case>
          <duration>0.0</duration>
          <className>hudson.scheduler.CronTabDayOfWeekLocaleTest</className>
          <testName>isSundayAndNextRunIsTuesday[76]</testName>
          <skipped>false</skipped>
          <failedSince>0</failedSince>
        </case>
        <case>
          <duration>0.001</duration>
          <className>hudson.scheduler.CronTabDayOfWeekLocaleTest</className>
          <testName>isSundayAndNextRunIsNextSunday7[76]</testName>
          <skipped>false</skipped>
          <failedSince>0</failedSince>
        </case>
        <case>
          <duration>0.0</duration>
          <className>hudson.scheduler.CronTabDayOfWeekLocaleTest</className>
          <testName>isSundayAndPreviousRunIsMonday[76]</testName>
          <skipped>false</skipped>
          <failedSince>0</failedSince>
        </case>
        <case>
          <duration>0.0</duration>
          <className>hudson.scheduler.CronTabDayOfWeekLocaleTest</className>
          <testName>isSaturdayAndNextRunIsSundayAsterisk[76]</testName>
          <skipped>false</skipped>
          <failedSince>0</failedSince>
        </case>
        <case>
          <duration>0.0</duration>
          <className>hudson.scheduler.CronTabDayOfWeekLocaleTest</className>
          <testName>hudson8658[76]</testName>
          <skipped>false</skipped>
          <failedSince>0</failedSince>
        </case>
        <case>
          <duration>0.0</duration>
          <className>hudson.scheduler.CronTabDayOfWeekLocaleTest</className>
          <testName>isSundayAndNextRunIsNextSunday[76]</testName>
          <skipped>false</skipped>
          <failedSince>0</failedSince>
        </case>
        <case>
          <duration>0.0</duration>
          <className>hudson.scheduler.CronTabDayOfWeekLocaleTest</className>
          <testName>isSundayAndNextRunIsThursday[76]</testName>
          <skipped>false</skipped>
          <failedSince>0</failedSince>
        </case>
        <case>
          <duration>0.0</duration>
          <className>hudson.scheduler.CronTabDayOfWeekLocaleTest</className>
          <testName>isSundayAndPreviousRunIsPreviousSunday7[76]</testName>
          <skipped>false</skipped>
          <failedSince>0</failedSince>
        </case>
        <case>
          <duration>0.001</duration>
          <className>hudson.scheduler.CronTabDayOfWeekLocaleTest</className>
          <testName>isSundayAndNextRunIsWednesday[76]</testName>
          <skipped>false</skipped>
          <failedSince>0</failedSince>
        </case>
        <case>
          <duration>0.0</duration>
          <className>hudson.scheduler.CronTabDayOfWeekLocaleTest</className>
          <testName>isSundayAndNextRunIsSaturday[76]</testName>
          <skipped>false</skipped>
          <failedSince>0</failedSince>
        </case>
        <case>
          <duration>0.0</duration>
          <className>hudson.scheduler.CronTabDayOfWeekLocaleTest</className>
          <testName>isSundayAndPreviousRunIsTuesday[77]</testName>
          <skipped>false</skipped>
          <failedSince>0</failedSince>
        </case>
        <case>
          <duration>0.0</duration>
          <className>hudson.scheduler.CronTabDayOfWeekLocaleTest</className>
          <testName>isSundayAndPreviousRunIsThursday[77]</testName>
          <skipped>false</skipped>
          <failedSince>0</failedSince>
        </case>
        <case>
          <duration>0.0</duration>
          <className>hudson.scheduler.CronTabDayOfWeekLocaleTest</className>
          <testName>isSundayAndPreviousRunIsWednesday[77]</testName>
          <skipped>false</skipped>
          <failedSince>0</failedSince>
        </case>
        <case>
          <duration>0.0</duration>
          <className>hudson.scheduler.CronTabDayOfWeekLocaleTest</className>
          <testName>isSundayAndPreviousRunIsSaturday[77]</testName>
          <skipped>false</skipped>
          <failedSince>0</failedSince>
        </case>
        <case>
          <duration>0.0</duration>
          <className>hudson.scheduler.CronTabDayOfWeekLocaleTest</className>
          <testName>isSundayAndPreviousRunIsPreviousSunday[77]</testName>
          <skipped>false</skipped>
          <failedSince>0</failedSince>
        </case>
        <case>
          <duration>0.0</duration>
          <className>hudson.scheduler.CronTabDayOfWeekLocaleTest</className>
          <testName>isSundayAndNextRunIsFriday[77]</testName>
          <skipped>false</skipped>
          <failedSince>0</failedSince>
        </case>
        <case>
          <duration>0.001</duration>
          <className>hudson.scheduler.CronTabDayOfWeekLocaleTest</className>
          <testName>isSundayAndPreviousRunIsSaturdayAsterisk[77]</testName>
          <skipped>false</skipped>
          <failedSince>0</failedSince>
        </case>
        <case>
          <duration>0.0</duration>
          <className>hudson.scheduler.CronTabDayOfWeekLocaleTest</className>
          <testName>isSundayAndNextRunIsMonday[77]</testName>
          <skipped>false</skipped>
          <failedSince>0</failedSince>
        </case>
        <case>
          <duration>0.0</duration>
          <className>hudson.scheduler.CronTabDayOfWeekLocaleTest</className>
          <testName>isSundayAndPreviousRunIsFriday[77]</testName>
          <skipped>false</skipped>
          <failedSince>0</failedSince>
        </case>
        <case>
          <duration>0.0</duration>
          <className>hudson.scheduler.CronTabDayOfWeekLocaleTest</className>
          <testName>isSundayAndNextRunIsTuesday[77]</testName>
          <skipped>false</skipped>
          <failedSince>0</failedSince>
        </case>
        <case>
          <duration>0.0</duration>
          <className>hudson.scheduler.CronTabDayOfWeekLocaleTest</className>
          <testName>isSundayAndNextRunIsNextSunday7[77]</testName>
          <skipped>false</skipped>
          <failedSince>0</failedSince>
        </case>
        <case>
          <duration>0.0</duration>
          <className>hudson.scheduler.CronTabDayOfWeekLocaleTest</className>
          <testName>isSundayAndPreviousRunIsMonday[77]</testName>
          <skipped>false</skipped>
          <failedSince>0</failedSince>
        </case>
        <case>
          <duration>0.0</duration>
          <className>hudson.scheduler.CronTabDayOfWeekLocaleTest</className>
          <testName>isSaturdayAndNextRunIsSundayAsterisk[77]</testName>
          <skipped>false</skipped>
          <failedSince>0</failedSince>
        </case>
        <case>
          <duration>0.001</duration>
          <className>hudson.scheduler.CronTabDayOfWeekLocaleTest</className>
          <testName>hudson8658[77]</testName>
          <skipped>false</skipped>
          <failedSince>0</failedSince>
        </case>
        <case>
          <duration>0.0</duration>
          <className>hudson.scheduler.CronTabDayOfWeekLocaleTest</className>
          <testName>isSundayAndNextRunIsNextSunday[77]</testName>
          <skipped>false</skipped>
          <failedSince>0</failedSince>
        </case>
        <case>
          <duration>0.0</duration>
          <className>hudson.scheduler.CronTabDayOfWeekLocaleTest</className>
          <testName>isSundayAndNextRunIsThursday[77]</testName>
          <skipped>false</skipped>
          <failedSince>0</failedSince>
        </case>
        <case>
          <duration>0.001</duration>
          <className>hudson.scheduler.CronTabDayOfWeekLocaleTest</className>
          <testName>isSundayAndPreviousRunIsPreviousSunday7[77]</testName>
          <skipped>false</skipped>
          <failedSince>0</failedSince>
        </case>
        <case>
          <duration>0.0</duration>
          <className>hudson.scheduler.CronTabDayOfWeekLocaleTest</className>
          <testName>isSundayAndNextRunIsWednesday[77]</testName>
          <skipped>false</skipped>
          <failedSince>0</failedSince>
        </case>
        <case>
          <duration>0.0</duration>
          <className>hudson.scheduler.CronTabDayOfWeekLocaleTest</className>
          <testName>isSundayAndNextRunIsSaturday[77]</testName>
          <skipped>false</skipped>
          <failedSince>0</failedSince>
        </case>
        <case>
          <duration>0.001</duration>
          <className>hudson.scheduler.CronTabDayOfWeekLocaleTest</className>
          <testName>isSundayAndPreviousRunIsTuesday[78]</testName>
          <skipped>false</skipped>
          <failedSince>0</failedSince>
        </case>
        <case>
          <duration>0.0</duration>
          <className>hudson.scheduler.CronTabDayOfWeekLocaleTest</className>
          <testName>isSundayAndPreviousRunIsThursday[78]</testName>
          <skipped>false</skipped>
          <failedSince>0</failedSince>
        </case>
        <case>
          <duration>0.0</duration>
          <className>hudson.scheduler.CronTabDayOfWeekLocaleTest</className>
          <testName>isSundayAndPreviousRunIsWednesday[78]</testName>
          <skipped>false</skipped>
          <failedSince>0</failedSince>
        </case>
        <case>
          <duration>0.001</duration>
          <className>hudson.scheduler.CronTabDayOfWeekLocaleTest</className>
          <testName>isSundayAndPreviousRunIsSaturday[78]</testName>
          <skipped>false</skipped>
          <failedSince>0</failedSince>
        </case>
        <case>
          <duration>0.0</duration>
          <className>hudson.scheduler.CronTabDayOfWeekLocaleTest</className>
          <testName>isSundayAndPreviousRunIsPreviousSunday[78]</testName>
          <skipped>false</skipped>
          <failedSince>0</failedSince>
        </case>
        <case>
          <duration>0.001</duration>
          <className>hudson.scheduler.CronTabDayOfWeekLocaleTest</className>
          <testName>isSundayAndNextRunIsFriday[78]</testName>
          <skipped>false</skipped>
          <failedSince>0</failedSince>
        </case>
        <case>
          <duration>0.0</duration>
          <className>hudson.scheduler.CronTabDayOfWeekLocaleTest</className>
          <testName>isSundayAndPreviousRunIsSaturdayAsterisk[78]</testName>
          <skipped>false</skipped>
          <failedSince>0</failedSince>
        </case>
        <case>
          <duration>0.0</duration>
          <className>hudson.scheduler.CronTabDayOfWeekLocaleTest</className>
          <testName>isSundayAndNextRunIsMonday[78]</testName>
          <skipped>false</skipped>
          <failedSince>0</failedSince>
        </case>
        <case>
          <duration>0.001</duration>
          <className>hudson.scheduler.CronTabDayOfWeekLocaleTest</className>
          <testName>isSundayAndPreviousRunIsFriday[78]</testName>
          <skipped>false</skipped>
          <failedSince>0</failedSince>
        </case>
        <case>
          <duration>0.0</duration>
          <className>hudson.scheduler.CronTabDayOfWeekLocaleTest</className>
          <testName>isSundayAndNextRunIsTuesday[78]</testName>
          <skipped>false</skipped>
          <failedSince>0</failedSince>
        </case>
        <case>
          <duration>0.0</duration>
          <className>hudson.scheduler.CronTabDayOfWeekLocaleTest</className>
          <testName>isSundayAndNextRunIsNextSunday7[78]</testName>
          <skipped>false</skipped>
          <failedSince>0</failedSince>
        </case>
        <case>
          <duration>0.0</duration>
          <className>hudson.scheduler.CronTabDayOfWeekLocaleTest</className>
          <testName>isSundayAndPreviousRunIsMonday[78]</testName>
          <skipped>false</skipped>
          <failedSince>0</failedSince>
        </case>
        <case>
          <duration>0.0</duration>
          <className>hudson.scheduler.CronTabDayOfWeekLocaleTest</className>
          <testName>isSaturdayAndNextRunIsSundayAsterisk[78]</testName>
          <skipped>false</skipped>
          <failedSince>0</failedSince>
        </case>
        <case>
          <duration>0.0</duration>
          <className>hudson.scheduler.CronTabDayOfWeekLocaleTest</className>
          <testName>hudson8658[78]</testName>
          <skipped>false</skipped>
          <failedSince>0</failedSince>
        </case>
        <case>
          <duration>0.0</duration>
          <className>hudson.scheduler.CronTabDayOfWeekLocaleTest</className>
          <testName>isSundayAndNextRunIsNextSunday[78]</testName>
          <skipped>false</skipped>
          <failedSince>0</failedSince>
        </case>
        <case>
          <duration>0.001</duration>
          <className>hudson.scheduler.CronTabDayOfWeekLocaleTest</className>
          <testName>isSundayAndNextRunIsThursday[78]</testName>
          <skipped>false</skipped>
          <failedSince>0</failedSince>
        </case>
        <case>
          <duration>0.0</duration>
          <className>hudson.scheduler.CronTabDayOfWeekLocaleTest</className>
          <testName>isSundayAndPreviousRunIsPreviousSunday7[78]</testName>
          <skipped>false</skipped>
          <failedSince>0</failedSince>
        </case>
        <case>
          <duration>0.0</duration>
          <className>hudson.scheduler.CronTabDayOfWeekLocaleTest</className>
          <testName>isSundayAndNextRunIsWednesday[78]</testName>
          <skipped>false</skipped>
          <failedSince>0</failedSince>
        </case>
        <case>
          <duration>0.001</duration>
          <className>hudson.scheduler.CronTabDayOfWeekLocaleTest</className>
          <testName>isSundayAndNextRunIsSaturday[78]</testName>
          <skipped>false</skipped>
          <failedSince>0</failedSince>
        </case>
        <case>
          <duration>0.0</duration>
          <className>hudson.scheduler.CronTabDayOfWeekLocaleTest</className>
          <testName>isSundayAndPreviousRunIsTuesday[79]</testName>
          <skipped>false</skipped>
          <failedSince>0</failedSince>
        </case>
        <case>
          <duration>0.0</duration>
          <className>hudson.scheduler.CronTabDayOfWeekLocaleTest</className>
          <testName>isSundayAndPreviousRunIsThursday[79]</testName>
          <skipped>false</skipped>
          <failedSince>0</failedSince>
        </case>
        <case>
          <duration>0.001</duration>
          <className>hudson.scheduler.CronTabDayOfWeekLocaleTest</className>
          <testName>isSundayAndPreviousRunIsWednesday[79]</testName>
          <skipped>false</skipped>
          <failedSince>0</failedSince>
        </case>
        <case>
          <duration>0.0</duration>
          <className>hudson.scheduler.CronTabDayOfWeekLocaleTest</className>
          <testName>isSundayAndPreviousRunIsSaturday[79]</testName>
          <skipped>false</skipped>
          <failedSince>0</failedSince>
        </case>
        <case>
          <duration>0.0</duration>
          <className>hudson.scheduler.CronTabDayOfWeekLocaleTest</className>
          <testName>isSundayAndPreviousRunIsPreviousSunday[79]</testName>
          <skipped>false</skipped>
          <failedSince>0</failedSince>
        </case>
        <case>
          <duration>0.001</duration>
          <className>hudson.scheduler.CronTabDayOfWeekLocaleTest</className>
          <testName>isSundayAndNextRunIsFriday[79]</testName>
          <skipped>false</skipped>
          <failedSince>0</failedSince>
        </case>
        <case>
          <duration>0.0</duration>
          <className>hudson.scheduler.CronTabDayOfWeekLocaleTest</className>
          <testName>isSundayAndPreviousRunIsSaturdayAsterisk[79]</testName>
          <skipped>false</skipped>
          <failedSince>0</failedSince>
        </case>
        <case>
          <duration>0.0</duration>
          <className>hudson.scheduler.CronTabDayOfWeekLocaleTest</className>
          <testName>isSundayAndNextRunIsMonday[79]</testName>
          <skipped>false</skipped>
          <failedSince>0</failedSince>
        </case>
        <case>
          <duration>0.001</duration>
          <className>hudson.scheduler.CronTabDayOfWeekLocaleTest</className>
          <testName>isSundayAndPreviousRunIsFriday[79]</testName>
          <skipped>false</skipped>
          <failedSince>0</failedSince>
        </case>
        <case>
          <duration>0.0</duration>
          <className>hudson.scheduler.CronTabDayOfWeekLocaleTest</className>
          <testName>isSundayAndNextRunIsTuesday[79]</testName>
          <skipped>false</skipped>
          <failedSince>0</failedSince>
        </case>
        <case>
          <duration>0.0</duration>
          <className>hudson.scheduler.CronTabDayOfWeekLocaleTest</className>
          <testName>isSundayAndNextRunIsNextSunday7[79]</testName>
          <skipped>false</skipped>
          <failedSince>0</failedSince>
        </case>
        <case>
          <duration>0.0</duration>
          <className>hudson.scheduler.CronTabDayOfWeekLocaleTest</className>
          <testName>isSundayAndPreviousRunIsMonday[79]</testName>
          <skipped>false</skipped>
          <failedSince>0</failedSince>
        </case>
        <case>
          <duration>0.0</duration>
          <className>hudson.scheduler.CronTabDayOfWeekLocaleTest</className>
          <testName>isSaturdayAndNextRunIsSundayAsterisk[79]</testName>
          <skipped>false</skipped>
          <failedSince>0</failedSince>
        </case>
        <case>
          <duration>0.0</duration>
          <className>hudson.scheduler.CronTabDayOfWeekLocaleTest</className>
          <testName>hudson8658[79]</testName>
          <skipped>false</skipped>
          <failedSince>0</failedSince>
        </case>
        <case>
          <duration>0.001</duration>
          <className>hudson.scheduler.CronTabDayOfWeekLocaleTest</className>
          <testName>isSundayAndNextRunIsNextSunday[79]</testName>
          <skipped>false</skipped>
          <failedSince>0</failedSince>
        </case>
        <case>
          <duration>0.0</duration>
          <className>hudson.scheduler.CronTabDayOfWeekLocaleTest</className>
          <testName>isSundayAndNextRunIsThursday[79]</testName>
          <skipped>false</skipped>
          <failedSince>0</failedSince>
        </case>
        <case>
          <duration>0.0</duration>
          <className>hudson.scheduler.CronTabDayOfWeekLocaleTest</className>
          <testName>isSundayAndPreviousRunIsPreviousSunday7[79]</testName>
          <skipped>false</skipped>
          <failedSince>0</failedSince>
        </case>
        <case>
          <duration>0.001</duration>
          <className>hudson.scheduler.CronTabDayOfWeekLocaleTest</className>
          <testName>isSundayAndNextRunIsWednesday[79]</testName>
          <skipped>false</skipped>
          <failedSince>0</failedSince>
        </case>
        <case>
          <duration>0.0</duration>
          <className>hudson.scheduler.CronTabDayOfWeekLocaleTest</className>
          <testName>isSundayAndNextRunIsSaturday[79]</testName>
          <skipped>false</skipped>
          <failedSince>0</failedSince>
        </case>
        <case>
          <duration>0.0</duration>
          <className>hudson.scheduler.CronTabDayOfWeekLocaleTest</className>
          <testName>isSundayAndPreviousRunIsTuesday[80]</testName>
          <skipped>false</skipped>
          <failedSince>0</failedSince>
        </case>
        <case>
          <duration>0.0</duration>
          <className>hudson.scheduler.CronTabDayOfWeekLocaleTest</className>
          <testName>isSundayAndPreviousRunIsThursday[80]</testName>
          <skipped>false</skipped>
          <failedSince>0</failedSince>
        </case>
        <case>
          <duration>0.0</duration>
          <className>hudson.scheduler.CronTabDayOfWeekLocaleTest</className>
          <testName>isSundayAndPreviousRunIsWednesday[80]</testName>
          <skipped>false</skipped>
          <failedSince>0</failedSince>
        </case>
        <case>
          <duration>0.0</duration>
          <className>hudson.scheduler.CronTabDayOfWeekLocaleTest</className>
          <testName>isSundayAndPreviousRunIsSaturday[80]</testName>
          <skipped>false</skipped>
          <failedSince>0</failedSince>
        </case>
        <case>
          <duration>0.0</duration>
          <className>hudson.scheduler.CronTabDayOfWeekLocaleTest</className>
          <testName>isSundayAndPreviousRunIsPreviousSunday[80]</testName>
          <skipped>false</skipped>
          <failedSince>0</failedSince>
        </case>
        <case>
          <duration>0.0</duration>
          <className>hudson.scheduler.CronTabDayOfWeekLocaleTest</className>
          <testName>isSundayAndNextRunIsFriday[80]</testName>
          <skipped>false</skipped>
          <failedSince>0</failedSince>
        </case>
        <case>
          <duration>0.0</duration>
          <className>hudson.scheduler.CronTabDayOfWeekLocaleTest</className>
          <testName>isSundayAndPreviousRunIsSaturdayAsterisk[80]</testName>
          <skipped>false</skipped>
          <failedSince>0</failedSince>
        </case>
        <case>
          <duration>0.0</duration>
          <className>hudson.scheduler.CronTabDayOfWeekLocaleTest</className>
          <testName>isSundayAndNextRunIsMonday[80]</testName>
          <skipped>false</skipped>
          <failedSince>0</failedSince>
        </case>
        <case>
          <duration>0.0</duration>
          <className>hudson.scheduler.CronTabDayOfWeekLocaleTest</className>
          <testName>isSundayAndPreviousRunIsFriday[80]</testName>
          <skipped>false</skipped>
          <failedSince>0</failedSince>
        </case>
        <case>
          <duration>0.001</duration>
          <className>hudson.scheduler.CronTabDayOfWeekLocaleTest</className>
          <testName>isSundayAndNextRunIsTuesday[80]</testName>
          <skipped>false</skipped>
          <failedSince>0</failedSince>
        </case>
        <case>
          <duration>0.0</duration>
          <className>hudson.scheduler.CronTabDayOfWeekLocaleTest</className>
          <testName>isSundayAndNextRunIsNextSunday7[80]</testName>
          <skipped>false</skipped>
          <failedSince>0</failedSince>
        </case>
        <case>
          <duration>0.0</duration>
          <className>hudson.scheduler.CronTabDayOfWeekLocaleTest</className>
          <testName>isSundayAndPreviousRunIsMonday[80]</testName>
          <skipped>false</skipped>
          <failedSince>0</failedSince>
        </case>
        <case>
          <duration>0.001</duration>
          <className>hudson.scheduler.CronTabDayOfWeekLocaleTest</className>
          <testName>isSaturdayAndNextRunIsSundayAsterisk[80]</testName>
          <skipped>false</skipped>
          <failedSince>0</failedSince>
        </case>
        <case>
          <duration>0.0</duration>
          <className>hudson.scheduler.CronTabDayOfWeekLocaleTest</className>
          <testName>hudson8658[80]</testName>
          <skipped>false</skipped>
          <failedSince>0</failedSince>
        </case>
        <case>
          <duration>0.0</duration>
          <className>hudson.scheduler.CronTabDayOfWeekLocaleTest</className>
          <testName>isSundayAndNextRunIsNextSunday[80]</testName>
          <skipped>false</skipped>
          <failedSince>0</failedSince>
        </case>
        <case>
          <duration>0.001</duration>
          <className>hudson.scheduler.CronTabDayOfWeekLocaleTest</className>
          <testName>isSundayAndNextRunIsThursday[80]</testName>
          <skipped>false</skipped>
          <failedSince>0</failedSince>
        </case>
        <case>
          <duration>0.0</duration>
          <className>hudson.scheduler.CronTabDayOfWeekLocaleTest</className>
          <testName>isSundayAndPreviousRunIsPreviousSunday7[80]</testName>
          <skipped>false</skipped>
          <failedSince>0</failedSince>
        </case>
        <case>
          <duration>0.0</duration>
          <className>hudson.scheduler.CronTabDayOfWeekLocaleTest</className>
          <testName>isSundayAndNextRunIsWednesday[80]</testName>
          <skipped>false</skipped>
          <failedSince>0</failedSince>
        </case>
        <case>
          <duration>0.0</duration>
          <className>hudson.scheduler.CronTabDayOfWeekLocaleTest</className>
          <testName>isSundayAndNextRunIsSaturday[80]</testName>
          <skipped>false</skipped>
          <failedSince>0</failedSince>
        </case>
        <case>
          <duration>0.0</duration>
          <className>hudson.scheduler.CronTabDayOfWeekLocaleTest</className>
          <testName>isSundayAndPreviousRunIsTuesday[81]</testName>
          <skipped>false</skipped>
          <failedSince>0</failedSince>
        </case>
        <case>
          <duration>0.0</duration>
          <className>hudson.scheduler.CronTabDayOfWeekLocaleTest</className>
          <testName>isSundayAndPreviousRunIsThursday[81]</testName>
          <skipped>false</skipped>
          <failedSince>0</failedSince>
        </case>
        <case>
          <duration>0.001</duration>
          <className>hudson.scheduler.CronTabDayOfWeekLocaleTest</className>
          <testName>isSundayAndPreviousRunIsWednesday[81]</testName>
          <skipped>false</skipped>
          <failedSince>0</failedSince>
        </case>
        <case>
          <duration>0.0</duration>
          <className>hudson.scheduler.CronTabDayOfWeekLocaleTest</className>
          <testName>isSundayAndPreviousRunIsSaturday[81]</testName>
          <skipped>false</skipped>
          <failedSince>0</failedSince>
        </case>
        <case>
          <duration>0.0</duration>
          <className>hudson.scheduler.CronTabDayOfWeekLocaleTest</className>
          <testName>isSundayAndPreviousRunIsPreviousSunday[81]</testName>
          <skipped>false</skipped>
          <failedSince>0</failedSince>
        </case>
        <case>
          <duration>0.0</duration>
          <className>hudson.scheduler.CronTabDayOfWeekLocaleTest</className>
          <testName>isSundayAndNextRunIsFriday[81]</testName>
          <skipped>false</skipped>
          <failedSince>0</failedSince>
        </case>
        <case>
          <duration>0.0</duration>
          <className>hudson.scheduler.CronTabDayOfWeekLocaleTest</className>
          <testName>isSundayAndPreviousRunIsSaturdayAsterisk[81]</testName>
          <skipped>false</skipped>
          <failedSince>0</failedSince>
        </case>
        <case>
          <duration>0.0</duration>
          <className>hudson.scheduler.CronTabDayOfWeekLocaleTest</className>
          <testName>isSundayAndNextRunIsMonday[81]</testName>
          <skipped>false</skipped>
          <failedSince>0</failedSince>
        </case>
        <case>
          <duration>0.0</duration>
          <className>hudson.scheduler.CronTabDayOfWeekLocaleTest</className>
          <testName>isSundayAndPreviousRunIsFriday[81]</testName>
          <skipped>false</skipped>
          <failedSince>0</failedSince>
        </case>
        <case>
          <duration>0.001</duration>
          <className>hudson.scheduler.CronTabDayOfWeekLocaleTest</className>
          <testName>isSundayAndNextRunIsTuesday[81]</testName>
          <skipped>false</skipped>
          <failedSince>0</failedSince>
        </case>
        <case>
          <duration>0.0</duration>
          <className>hudson.scheduler.CronTabDayOfWeekLocaleTest</className>
          <testName>isSundayAndNextRunIsNextSunday7[81]</testName>
          <skipped>false</skipped>
          <failedSince>0</failedSince>
        </case>
        <case>
          <duration>0.0</duration>
          <className>hudson.scheduler.CronTabDayOfWeekLocaleTest</className>
          <testName>isSundayAndPreviousRunIsMonday[81]</testName>
          <skipped>false</skipped>
          <failedSince>0</failedSince>
        </case>
        <case>
          <duration>0.001</duration>
          <className>hudson.scheduler.CronTabDayOfWeekLocaleTest</className>
          <testName>isSaturdayAndNextRunIsSundayAsterisk[81]</testName>
          <skipped>false</skipped>
          <failedSince>0</failedSince>
        </case>
        <case>
          <duration>0.0</duration>
          <className>hudson.scheduler.CronTabDayOfWeekLocaleTest</className>
          <testName>hudson8658[81]</testName>
          <skipped>false</skipped>
          <failedSince>0</failedSince>
        </case>
        <case>
          <duration>0.0</duration>
          <className>hudson.scheduler.CronTabDayOfWeekLocaleTest</className>
          <testName>isSundayAndNextRunIsNextSunday[81]</testName>
          <skipped>false</skipped>
          <failedSince>0</failedSince>
        </case>
        <case>
          <duration>0.0</duration>
          <className>hudson.scheduler.CronTabDayOfWeekLocaleTest</className>
          <testName>isSundayAndNextRunIsThursday[81]</testName>
          <skipped>false</skipped>
          <failedSince>0</failedSince>
        </case>
        <case>
          <duration>0.0</duration>
          <className>hudson.scheduler.CronTabDayOfWeekLocaleTest</className>
          <testName>isSundayAndPreviousRunIsPreviousSunday7[81]</testName>
          <skipped>false</skipped>
          <failedSince>0</failedSince>
        </case>
        <case>
          <duration>0.0</duration>
          <className>hudson.scheduler.CronTabDayOfWeekLocaleTest</className>
          <testName>isSundayAndNextRunIsWednesday[81]</testName>
          <skipped>false</skipped>
          <failedSince>0</failedSince>
        </case>
        <case>
          <duration>0.0</duration>
          <className>hudson.scheduler.CronTabDayOfWeekLocaleTest</className>
          <testName>isSundayAndNextRunIsSaturday[81]</testName>
          <skipped>false</skipped>
          <failedSince>0</failedSince>
        </case>
        <case>
          <duration>0.0</duration>
          <className>hudson.scheduler.CronTabDayOfWeekLocaleTest</className>
          <testName>isSundayAndPreviousRunIsTuesday[82]</testName>
          <skipped>false</skipped>
          <failedSince>0</failedSince>
        </case>
        <case>
          <duration>0.0</duration>
          <className>hudson.scheduler.CronTabDayOfWeekLocaleTest</className>
          <testName>isSundayAndPreviousRunIsThursday[82]</testName>
          <skipped>false</skipped>
          <failedSince>0</failedSince>
        </case>
        <case>
          <duration>0.0</duration>
          <className>hudson.scheduler.CronTabDayOfWeekLocaleTest</className>
          <testName>isSundayAndPreviousRunIsWednesday[82]</testName>
          <skipped>false</skipped>
          <failedSince>0</failedSince>
        </case>
        <case>
          <duration>0.0</duration>
          <className>hudson.scheduler.CronTabDayOfWeekLocaleTest</className>
          <testName>isSundayAndPreviousRunIsSaturday[82]</testName>
          <skipped>false</skipped>
          <failedSince>0</failedSince>
        </case>
        <case>
          <duration>0.0</duration>
          <className>hudson.scheduler.CronTabDayOfWeekLocaleTest</className>
          <testName>isSundayAndPreviousRunIsPreviousSunday[82]</testName>
          <skipped>false</skipped>
          <failedSince>0</failedSince>
        </case>
        <case>
          <duration>0.001</duration>
          <className>hudson.scheduler.CronTabDayOfWeekLocaleTest</className>
          <testName>isSundayAndNextRunIsFriday[82]</testName>
          <skipped>false</skipped>
          <failedSince>0</failedSince>
        </case>
        <case>
          <duration>0.0</duration>
          <className>hudson.scheduler.CronTabDayOfWeekLocaleTest</className>
          <testName>isSundayAndPreviousRunIsSaturdayAsterisk[82]</testName>
          <skipped>false</skipped>
          <failedSince>0</failedSince>
        </case>
        <case>
          <duration>0.0</duration>
          <className>hudson.scheduler.CronTabDayOfWeekLocaleTest</className>
          <testName>isSundayAndNextRunIsMonday[82]</testName>
          <skipped>false</skipped>
          <failedSince>0</failedSince>
        </case>
        <case>
          <duration>0.001</duration>
          <className>hudson.scheduler.CronTabDayOfWeekLocaleTest</className>
          <testName>isSundayAndPreviousRunIsFriday[82]</testName>
          <skipped>false</skipped>
          <failedSince>0</failedSince>
        </case>
        <case>
          <duration>0.0</duration>
          <className>hudson.scheduler.CronTabDayOfWeekLocaleTest</className>
          <testName>isSundayAndNextRunIsTuesday[82]</testName>
          <skipped>false</skipped>
          <failedSince>0</failedSince>
        </case>
        <case>
          <duration>0.0</duration>
          <className>hudson.scheduler.CronTabDayOfWeekLocaleTest</className>
          <testName>isSundayAndNextRunIsNextSunday7[82]</testName>
          <skipped>false</skipped>
          <failedSince>0</failedSince>
        </case>
        <case>
          <duration>0.0</duration>
          <className>hudson.scheduler.CronTabDayOfWeekLocaleTest</className>
          <testName>isSundayAndPreviousRunIsMonday[82]</testName>
          <skipped>false</skipped>
          <failedSince>0</failedSince>
        </case>
        <case>
          <duration>0.0</duration>
          <className>hudson.scheduler.CronTabDayOfWeekLocaleTest</className>
          <testName>isSaturdayAndNextRunIsSundayAsterisk[82]</testName>
          <skipped>false</skipped>
          <failedSince>0</failedSince>
        </case>
        <case>
          <duration>0.0</duration>
          <className>hudson.scheduler.CronTabDayOfWeekLocaleTest</className>
          <testName>hudson8658[82]</testName>
          <skipped>false</skipped>
          <failedSince>0</failedSince>
        </case>
        <case>
          <duration>0.0</duration>
          <className>hudson.scheduler.CronTabDayOfWeekLocaleTest</className>
          <testName>isSundayAndNextRunIsNextSunday[82]</testName>
          <skipped>false</skipped>
          <failedSince>0</failedSince>
        </case>
        <case>
          <duration>0.001</duration>
          <className>hudson.scheduler.CronTabDayOfWeekLocaleTest</className>
          <testName>isSundayAndNextRunIsThursday[82]</testName>
          <skipped>false</skipped>
          <failedSince>0</failedSince>
        </case>
        <case>
          <duration>0.0</duration>
          <className>hudson.scheduler.CronTabDayOfWeekLocaleTest</className>
          <testName>isSundayAndPreviousRunIsPreviousSunday7[82]</testName>
          <skipped>false</skipped>
          <failedSince>0</failedSince>
        </case>
        <case>
          <duration>0.0</duration>
          <className>hudson.scheduler.CronTabDayOfWeekLocaleTest</className>
          <testName>isSundayAndNextRunIsWednesday[82]</testName>
          <skipped>false</skipped>
          <failedSince>0</failedSince>
        </case>
        <case>
          <duration>0.001</duration>
          <className>hudson.scheduler.CronTabDayOfWeekLocaleTest</className>
          <testName>isSundayAndNextRunIsSaturday[82]</testName>
          <skipped>false</skipped>
          <failedSince>0</failedSince>
        </case>
        <case>
          <duration>0.0</duration>
          <className>hudson.scheduler.CronTabDayOfWeekLocaleTest</className>
          <testName>isSundayAndPreviousRunIsTuesday[83]</testName>
          <skipped>false</skipped>
          <failedSince>0</failedSince>
        </case>
        <case>
          <duration>0.0</duration>
          <className>hudson.scheduler.CronTabDayOfWeekLocaleTest</className>
          <testName>isSundayAndPreviousRunIsThursday[83]</testName>
          <skipped>false</skipped>
          <failedSince>0</failedSince>
        </case>
        <case>
          <duration>0.001</duration>
          <className>hudson.scheduler.CronTabDayOfWeekLocaleTest</className>
          <testName>isSundayAndPreviousRunIsWednesday[83]</testName>
          <skipped>false</skipped>
          <failedSince>0</failedSince>
        </case>
        <case>
          <duration>0.0</duration>
          <className>hudson.scheduler.CronTabDayOfWeekLocaleTest</className>
          <testName>isSundayAndPreviousRunIsSaturday[83]</testName>
          <skipped>false</skipped>
          <failedSince>0</failedSince>
        </case>
        <case>
          <duration>0.0</duration>
          <className>hudson.scheduler.CronTabDayOfWeekLocaleTest</className>
          <testName>isSundayAndPreviousRunIsPreviousSunday[83]</testName>
          <skipped>false</skipped>
          <failedSince>0</failedSince>
        </case>
        <case>
          <duration>0.0</duration>
          <className>hudson.scheduler.CronTabDayOfWeekLocaleTest</className>
          <testName>isSundayAndNextRunIsFriday[83]</testName>
          <skipped>false</skipped>
          <failedSince>0</failedSince>
        </case>
        <case>
          <duration>0.0</duration>
          <className>hudson.scheduler.CronTabDayOfWeekLocaleTest</className>
          <testName>isSundayAndPreviousRunIsSaturdayAsterisk[83]</testName>
          <skipped>false</skipped>
          <failedSince>0</failedSince>
        </case>
        <case>
          <duration>0.0</duration>
          <className>hudson.scheduler.CronTabDayOfWeekLocaleTest</className>
          <testName>isSundayAndNextRunIsMonday[83]</testName>
          <skipped>false</skipped>
          <failedSince>0</failedSince>
        </case>
        <case>
          <duration>0.001</duration>
          <className>hudson.scheduler.CronTabDayOfWeekLocaleTest</className>
          <testName>isSundayAndPreviousRunIsFriday[83]</testName>
          <skipped>false</skipped>
          <failedSince>0</failedSince>
        </case>
        <case>
          <duration>0.0</duration>
          <className>hudson.scheduler.CronTabDayOfWeekLocaleTest</className>
          <testName>isSundayAndNextRunIsTuesday[83]</testName>
          <skipped>false</skipped>
          <failedSince>0</failedSince>
        </case>
        <case>
          <duration>0.0</duration>
          <className>hudson.scheduler.CronTabDayOfWeekLocaleTest</className>
          <testName>isSundayAndNextRunIsNextSunday7[83]</testName>
          <skipped>false</skipped>
          <failedSince>0</failedSince>
        </case>
        <case>
          <duration>0.0</duration>
          <className>hudson.scheduler.CronTabDayOfWeekLocaleTest</className>
          <testName>isSundayAndPreviousRunIsMonday[83]</testName>
          <skipped>false</skipped>
          <failedSince>0</failedSince>
        </case>
        <case>
          <duration>0.0</duration>
          <className>hudson.scheduler.CronTabDayOfWeekLocaleTest</className>
          <testName>isSaturdayAndNextRunIsSundayAsterisk[83]</testName>
          <skipped>false</skipped>
          <failedSince>0</failedSince>
        </case>
        <case>
          <duration>0.0</duration>
          <className>hudson.scheduler.CronTabDayOfWeekLocaleTest</className>
          <testName>hudson8658[83]</testName>
          <skipped>false</skipped>
          <failedSince>0</failedSince>
        </case>
        <case>
          <duration>0.0</duration>
          <className>hudson.scheduler.CronTabDayOfWeekLocaleTest</className>
          <testName>isSundayAndNextRunIsNextSunday[83]</testName>
          <skipped>false</skipped>
          <failedSince>0</failedSince>
        </case>
        <case>
          <duration>0.001</duration>
          <className>hudson.scheduler.CronTabDayOfWeekLocaleTest</className>
          <testName>isSundayAndNextRunIsThursday[83]</testName>
          <skipped>false</skipped>
          <failedSince>0</failedSince>
        </case>
        <case>
          <duration>0.0</duration>
          <className>hudson.scheduler.CronTabDayOfWeekLocaleTest</className>
          <testName>isSundayAndPreviousRunIsPreviousSunday7[83]</testName>
          <skipped>false</skipped>
          <failedSince>0</failedSince>
        </case>
        <case>
          <duration>0.0</duration>
          <className>hudson.scheduler.CronTabDayOfWeekLocaleTest</className>
          <testName>isSundayAndNextRunIsWednesday[83]</testName>
          <skipped>false</skipped>
          <failedSince>0</failedSince>
        </case>
        <case>
          <duration>0.0</duration>
          <className>hudson.scheduler.CronTabDayOfWeekLocaleTest</className>
          <testName>isSundayAndNextRunIsSaturday[83]</testName>
          <skipped>false</skipped>
          <failedSince>0</failedSince>
        </case>
        <case>
          <duration>0.001</duration>
          <className>hudson.scheduler.CronTabDayOfWeekLocaleTest</className>
          <testName>isSundayAndPreviousRunIsTuesday[84]</testName>
          <skipped>false</skipped>
          <failedSince>0</failedSince>
        </case>
        <case>
          <duration>0.0</duration>
          <className>hudson.scheduler.CronTabDayOfWeekLocaleTest</className>
          <testName>isSundayAndPreviousRunIsThursday[84]</testName>
          <skipped>false</skipped>
          <failedSince>0</failedSince>
        </case>
        <case>
          <duration>0.0</duration>
          <className>hudson.scheduler.CronTabDayOfWeekLocaleTest</className>
          <testName>isSundayAndPreviousRunIsWednesday[84]</testName>
          <skipped>false</skipped>
          <failedSince>0</failedSince>
        </case>
        <case>
          <duration>0.0</duration>
          <className>hudson.scheduler.CronTabDayOfWeekLocaleTest</className>
          <testName>isSundayAndPreviousRunIsSaturday[84]</testName>
          <skipped>false</skipped>
          <failedSince>0</failedSince>
        </case>
        <case>
          <duration>0.0</duration>
          <className>hudson.scheduler.CronTabDayOfWeekLocaleTest</className>
          <testName>isSundayAndPreviousRunIsPreviousSunday[84]</testName>
          <skipped>false</skipped>
          <failedSince>0</failedSince>
        </case>
        <case>
          <duration>0.0</duration>
          <className>hudson.scheduler.CronTabDayOfWeekLocaleTest</className>
          <testName>isSundayAndNextRunIsFriday[84]</testName>
          <skipped>false</skipped>
          <failedSince>0</failedSince>
        </case>
        <case>
          <duration>0.0</duration>
          <className>hudson.scheduler.CronTabDayOfWeekLocaleTest</className>
          <testName>isSundayAndPreviousRunIsSaturdayAsterisk[84]</testName>
          <skipped>false</skipped>
          <failedSince>0</failedSince>
        </case>
        <case>
          <duration>0.001</duration>
          <className>hudson.scheduler.CronTabDayOfWeekLocaleTest</className>
          <testName>isSundayAndNextRunIsMonday[84]</testName>
          <skipped>false</skipped>
          <failedSince>0</failedSince>
        </case>
        <case>
          <duration>0.0</duration>
          <className>hudson.scheduler.CronTabDayOfWeekLocaleTest</className>
          <testName>isSundayAndPreviousRunIsFriday[84]</testName>
          <skipped>false</skipped>
          <failedSince>0</failedSince>
        </case>
        <case>
          <duration>0.0</duration>
          <className>hudson.scheduler.CronTabDayOfWeekLocaleTest</className>
          <testName>isSundayAndNextRunIsTuesday[84]</testName>
          <skipped>false</skipped>
          <failedSince>0</failedSince>
        </case>
        <case>
          <duration>0.001</duration>
          <className>hudson.scheduler.CronTabDayOfWeekLocaleTest</className>
          <testName>isSundayAndNextRunIsNextSunday7[84]</testName>
          <skipped>false</skipped>
          <failedSince>0</failedSince>
        </case>
        <case>
          <duration>0.0</duration>
          <className>hudson.scheduler.CronTabDayOfWeekLocaleTest</className>
          <testName>isSundayAndPreviousRunIsMonday[84]</testName>
          <skipped>false</skipped>
          <failedSince>0</failedSince>
        </case>
        <case>
          <duration>0.0</duration>
          <className>hudson.scheduler.CronTabDayOfWeekLocaleTest</className>
          <testName>isSaturdayAndNextRunIsSundayAsterisk[84]</testName>
          <skipped>false</skipped>
          <failedSince>0</failedSince>
        </case>
        <case>
          <duration>0.0</duration>
          <className>hudson.scheduler.CronTabDayOfWeekLocaleTest</className>
          <testName>hudson8658[84]</testName>
          <skipped>false</skipped>
          <failedSince>0</failedSince>
        </case>
        <case>
          <duration>0.0</duration>
          <className>hudson.scheduler.CronTabDayOfWeekLocaleTest</className>
          <testName>isSundayAndNextRunIsNextSunday[84]</testName>
          <skipped>false</skipped>
          <failedSince>0</failedSince>
        </case>
        <case>
          <duration>0.0</duration>
          <className>hudson.scheduler.CronTabDayOfWeekLocaleTest</className>
          <testName>isSundayAndNextRunIsThursday[84]</testName>
          <skipped>false</skipped>
          <failedSince>0</failedSince>
        </case>
        <case>
          <duration>0.001</duration>
          <className>hudson.scheduler.CronTabDayOfWeekLocaleTest</className>
          <testName>isSundayAndPreviousRunIsPreviousSunday7[84]</testName>
          <skipped>false</skipped>
          <failedSince>0</failedSince>
        </case>
        <case>
          <duration>0.0</duration>
          <className>hudson.scheduler.CronTabDayOfWeekLocaleTest</className>
          <testName>isSundayAndNextRunIsWednesday[84]</testName>
          <skipped>false</skipped>
          <failedSince>0</failedSince>
        </case>
        <case>
          <duration>0.0</duration>
          <className>hudson.scheduler.CronTabDayOfWeekLocaleTest</className>
          <testName>isSundayAndNextRunIsSaturday[84]</testName>
          <skipped>false</skipped>
          <failedSince>0</failedSince>
        </case>
        <case>
          <duration>0.0</duration>
          <className>hudson.scheduler.CronTabDayOfWeekLocaleTest</className>
          <testName>isSundayAndPreviousRunIsTuesday[85]</testName>
          <skipped>false</skipped>
          <failedSince>0</failedSince>
        </case>
        <case>
          <duration>0.0</duration>
          <className>hudson.scheduler.CronTabDayOfWeekLocaleTest</className>
          <testName>isSundayAndPreviousRunIsThursday[85]</testName>
          <skipped>false</skipped>
          <failedSince>0</failedSince>
        </case>
        <case>
          <duration>0.0</duration>
          <className>hudson.scheduler.CronTabDayOfWeekLocaleTest</className>
          <testName>isSundayAndPreviousRunIsWednesday[85]</testName>
          <skipped>false</skipped>
          <failedSince>0</failedSince>
        </case>
        <case>
          <duration>0.0</duration>
          <className>hudson.scheduler.CronTabDayOfWeekLocaleTest</className>
          <testName>isSundayAndPreviousRunIsSaturday[85]</testName>
          <skipped>false</skipped>
          <failedSince>0</failedSince>
        </case>
        <case>
          <duration>0.0</duration>
          <className>hudson.scheduler.CronTabDayOfWeekLocaleTest</className>
          <testName>isSundayAndPreviousRunIsPreviousSunday[85]</testName>
          <skipped>false</skipped>
          <failedSince>0</failedSince>
        </case>
        <case>
          <duration>0.0</duration>
          <className>hudson.scheduler.CronTabDayOfWeekLocaleTest</className>
          <testName>isSundayAndNextRunIsFriday[85]</testName>
          <skipped>false</skipped>
          <failedSince>0</failedSince>
        </case>
        <case>
          <duration>0.001</duration>
          <className>hudson.scheduler.CronTabDayOfWeekLocaleTest</className>
          <testName>isSundayAndPreviousRunIsSaturdayAsterisk[85]</testName>
          <skipped>false</skipped>
          <failedSince>0</failedSince>
        </case>
        <case>
          <duration>0.0</duration>
          <className>hudson.scheduler.CronTabDayOfWeekLocaleTest</className>
          <testName>isSundayAndNextRunIsMonday[85]</testName>
          <skipped>false</skipped>
          <failedSince>0</failedSince>
        </case>
        <case>
          <duration>0.0</duration>
          <className>hudson.scheduler.CronTabDayOfWeekLocaleTest</className>
          <testName>isSundayAndPreviousRunIsFriday[85]</testName>
          <skipped>false</skipped>
          <failedSince>0</failedSince>
        </case>
        <case>
          <duration>0.001</duration>
          <className>hudson.scheduler.CronTabDayOfWeekLocaleTest</className>
          <testName>isSundayAndNextRunIsTuesday[85]</testName>
          <skipped>false</skipped>
          <failedSince>0</failedSince>
        </case>
        <case>
          <duration>0.002</duration>
          <className>hudson.scheduler.CronTabDayOfWeekLocaleTest</className>
          <testName>isSundayAndNextRunIsNextSunday7[85]</testName>
          <skipped>false</skipped>
          <failedSince>0</failedSince>
        </case>
        <case>
          <duration>0.0</duration>
          <className>hudson.scheduler.CronTabDayOfWeekLocaleTest</className>
          <testName>isSundayAndPreviousRunIsMonday[85]</testName>
          <skipped>false</skipped>
          <failedSince>0</failedSince>
        </case>
        <case>
          <duration>0.0</duration>
          <className>hudson.scheduler.CronTabDayOfWeekLocaleTest</className>
          <testName>isSaturdayAndNextRunIsSundayAsterisk[85]</testName>
          <skipped>false</skipped>
          <failedSince>0</failedSince>
        </case>
        <case>
          <duration>0.0</duration>
          <className>hudson.scheduler.CronTabDayOfWeekLocaleTest</className>
          <testName>hudson8658[85]</testName>
          <skipped>false</skipped>
          <failedSince>0</failedSince>
        </case>
        <case>
          <duration>0.0</duration>
          <className>hudson.scheduler.CronTabDayOfWeekLocaleTest</className>
          <testName>isSundayAndNextRunIsNextSunday[85]</testName>
          <skipped>false</skipped>
          <failedSince>0</failedSince>
        </case>
        <case>
          <duration>0.0</duration>
          <className>hudson.scheduler.CronTabDayOfWeekLocaleTest</className>
          <testName>isSundayAndNextRunIsThursday[85]</testName>
          <skipped>false</skipped>
          <failedSince>0</failedSince>
        </case>
        <case>
          <duration>0.0</duration>
          <className>hudson.scheduler.CronTabDayOfWeekLocaleTest</className>
          <testName>isSundayAndPreviousRunIsPreviousSunday7[85]</testName>
          <skipped>false</skipped>
          <failedSince>0</failedSince>
        </case>
        <case>
          <duration>0.001</duration>
          <className>hudson.scheduler.CronTabDayOfWeekLocaleTest</className>
          <testName>isSundayAndNextRunIsWednesday[85]</testName>
          <skipped>false</skipped>
          <failedSince>0</failedSince>
        </case>
        <case>
          <duration>0.0</duration>
          <className>hudson.scheduler.CronTabDayOfWeekLocaleTest</className>
          <testName>isSundayAndNextRunIsSaturday[85]</testName>
          <skipped>false</skipped>
          <failedSince>0</failedSince>
        </case>
        <case>
          <duration>0.001</duration>
          <className>hudson.scheduler.CronTabDayOfWeekLocaleTest</className>
          <testName>isSundayAndPreviousRunIsTuesday[86]</testName>
          <skipped>false</skipped>
          <failedSince>0</failedSince>
        </case>
        <case>
          <duration>0.0</duration>
          <className>hudson.scheduler.CronTabDayOfWeekLocaleTest</className>
          <testName>isSundayAndPreviousRunIsThursday[86]</testName>
          <skipped>false</skipped>
          <failedSince>0</failedSince>
        </case>
        <case>
          <duration>0.0</duration>
          <className>hudson.scheduler.CronTabDayOfWeekLocaleTest</className>
          <testName>isSundayAndPreviousRunIsWednesday[86]</testName>
          <skipped>false</skipped>
          <failedSince>0</failedSince>
        </case>
        <case>
          <duration>0.0</duration>
          <className>hudson.scheduler.CronTabDayOfWeekLocaleTest</className>
          <testName>isSundayAndPreviousRunIsSaturday[86]</testName>
          <skipped>false</skipped>
          <failedSince>0</failedSince>
        </case>
        <case>
          <duration>0.0</duration>
          <className>hudson.scheduler.CronTabDayOfWeekLocaleTest</className>
          <testName>isSundayAndPreviousRunIsPreviousSunday[86]</testName>
          <skipped>false</skipped>
          <failedSince>0</failedSince>
        </case>
        <case>
          <duration>0.0</duration>
          <className>hudson.scheduler.CronTabDayOfWeekLocaleTest</className>
          <testName>isSundayAndNextRunIsFriday[86]</testName>
          <skipped>false</skipped>
          <failedSince>0</failedSince>
        </case>
        <case>
          <duration>0.001</duration>
          <className>hudson.scheduler.CronTabDayOfWeekLocaleTest</className>
          <testName>isSundayAndPreviousRunIsSaturdayAsterisk[86]</testName>
          <skipped>false</skipped>
          <failedSince>0</failedSince>
        </case>
        <case>
          <duration>0.0</duration>
          <className>hudson.scheduler.CronTabDayOfWeekLocaleTest</className>
          <testName>isSundayAndNextRunIsMonday[86]</testName>
          <skipped>false</skipped>
          <failedSince>0</failedSince>
        </case>
        <case>
          <duration>0.0</duration>
          <className>hudson.scheduler.CronTabDayOfWeekLocaleTest</className>
          <testName>isSundayAndPreviousRunIsFriday[86]</testName>
          <skipped>false</skipped>
          <failedSince>0</failedSince>
        </case>
        <case>
          <duration>0.001</duration>
          <className>hudson.scheduler.CronTabDayOfWeekLocaleTest</className>
          <testName>isSundayAndNextRunIsTuesday[86]</testName>
          <skipped>false</skipped>
          <failedSince>0</failedSince>
        </case>
        <case>
          <duration>0.0</duration>
          <className>hudson.scheduler.CronTabDayOfWeekLocaleTest</className>
          <testName>isSundayAndNextRunIsNextSunday7[86]</testName>
          <skipped>false</skipped>
          <failedSince>0</failedSince>
        </case>
        <case>
          <duration>0.0</duration>
          <className>hudson.scheduler.CronTabDayOfWeekLocaleTest</className>
          <testName>isSundayAndPreviousRunIsMonday[86]</testName>
          <skipped>false</skipped>
          <failedSince>0</failedSince>
        </case>
        <case>
          <duration>0.0</duration>
          <className>hudson.scheduler.CronTabDayOfWeekLocaleTest</className>
          <testName>isSaturdayAndNextRunIsSundayAsterisk[86]</testName>
          <skipped>false</skipped>
          <failedSince>0</failedSince>
        </case>
        <case>
          <duration>0.0</duration>
          <className>hudson.scheduler.CronTabDayOfWeekLocaleTest</className>
          <testName>hudson8658[86]</testName>
          <skipped>false</skipped>
          <failedSince>0</failedSince>
        </case>
        <case>
          <duration>0.0</duration>
          <className>hudson.scheduler.CronTabDayOfWeekLocaleTest</className>
          <testName>isSundayAndNextRunIsNextSunday[86]</testName>
          <skipped>false</skipped>
          <failedSince>0</failedSince>
        </case>
        <case>
          <duration>0.0</duration>
          <className>hudson.scheduler.CronTabDayOfWeekLocaleTest</className>
          <testName>isSundayAndNextRunIsThursday[86]</testName>
          <skipped>false</skipped>
          <failedSince>0</failedSince>
        </case>
        <case>
          <duration>0.0</duration>
          <className>hudson.scheduler.CronTabDayOfWeekLocaleTest</className>
          <testName>isSundayAndPreviousRunIsPreviousSunday7[86]</testName>
          <skipped>false</skipped>
          <failedSince>0</failedSince>
        </case>
        <case>
          <duration>0.0</duration>
          <className>hudson.scheduler.CronTabDayOfWeekLocaleTest</className>
          <testName>isSundayAndNextRunIsWednesday[86]</testName>
          <skipped>false</skipped>
          <failedSince>0</failedSince>
        </case>
        <case>
          <duration>0.0</duration>
          <className>hudson.scheduler.CronTabDayOfWeekLocaleTest</className>
          <testName>isSundayAndNextRunIsSaturday[86]</testName>
          <skipped>false</skipped>
          <failedSince>0</failedSince>
        </case>
        <case>
          <duration>0.0</duration>
          <className>hudson.scheduler.CronTabDayOfWeekLocaleTest</className>
          <testName>isSundayAndPreviousRunIsTuesday[87]</testName>
          <skipped>false</skipped>
          <failedSince>0</failedSince>
        </case>
        <case>
          <duration>0.0</duration>
          <className>hudson.scheduler.CronTabDayOfWeekLocaleTest</className>
          <testName>isSundayAndPreviousRunIsThursday[87]</testName>
          <skipped>false</skipped>
          <failedSince>0</failedSince>
        </case>
        <case>
          <duration>0.0</duration>
          <className>hudson.scheduler.CronTabDayOfWeekLocaleTest</className>
          <testName>isSundayAndPreviousRunIsWednesday[87]</testName>
          <skipped>false</skipped>
          <failedSince>0</failedSince>
        </case>
        <case>
          <duration>0.0</duration>
          <className>hudson.scheduler.CronTabDayOfWeekLocaleTest</className>
          <testName>isSundayAndPreviousRunIsSaturday[87]</testName>
          <skipped>false</skipped>
          <failedSince>0</failedSince>
        </case>
        <case>
          <duration>0.0</duration>
          <className>hudson.scheduler.CronTabDayOfWeekLocaleTest</className>
          <testName>isSundayAndPreviousRunIsPreviousSunday[87]</testName>
          <skipped>false</skipped>
          <failedSince>0</failedSince>
        </case>
        <case>
          <duration>0.0</duration>
          <className>hudson.scheduler.CronTabDayOfWeekLocaleTest</className>
          <testName>isSundayAndNextRunIsFriday[87]</testName>
          <skipped>false</skipped>
          <failedSince>0</failedSince>
        </case>
        <case>
          <duration>0.001</duration>
          <className>hudson.scheduler.CronTabDayOfWeekLocaleTest</className>
          <testName>isSundayAndPreviousRunIsSaturdayAsterisk[87]</testName>
          <skipped>false</skipped>
          <failedSince>0</failedSince>
        </case>
        <case>
          <duration>0.0</duration>
          <className>hudson.scheduler.CronTabDayOfWeekLocaleTest</className>
          <testName>isSundayAndNextRunIsMonday[87]</testName>
          <skipped>false</skipped>
          <failedSince>0</failedSince>
        </case>
        <case>
          <duration>0.001</duration>
          <className>hudson.scheduler.CronTabDayOfWeekLocaleTest</className>
          <testName>isSundayAndPreviousRunIsFriday[87]</testName>
          <skipped>false</skipped>
          <failedSince>0</failedSince>
        </case>
        <case>
          <duration>0.0</duration>
          <className>hudson.scheduler.CronTabDayOfWeekLocaleTest</className>
          <testName>isSundayAndNextRunIsTuesday[87]</testName>
          <skipped>false</skipped>
          <failedSince>0</failedSince>
        </case>
        <case>
          <duration>0.0</duration>
          <className>hudson.scheduler.CronTabDayOfWeekLocaleTest</className>
          <testName>isSundayAndNextRunIsNextSunday7[87]</testName>
          <skipped>false</skipped>
          <failedSince>0</failedSince>
        </case>
        <case>
          <duration>0.0</duration>
          <className>hudson.scheduler.CronTabDayOfWeekLocaleTest</className>
          <testName>isSundayAndPreviousRunIsMonday[87]</testName>
          <skipped>false</skipped>
          <failedSince>0</failedSince>
        </case>
        <case>
          <duration>0.0</duration>
          <className>hudson.scheduler.CronTabDayOfWeekLocaleTest</className>
          <testName>isSaturdayAndNextRunIsSundayAsterisk[87]</testName>
          <skipped>false</skipped>
          <failedSince>0</failedSince>
        </case>
        <case>
          <duration>0.0</duration>
          <className>hudson.scheduler.CronTabDayOfWeekLocaleTest</className>
          <testName>hudson8658[87]</testName>
          <skipped>false</skipped>
          <failedSince>0</failedSince>
        </case>
        <case>
          <duration>0.001</duration>
          <className>hudson.scheduler.CronTabDayOfWeekLocaleTest</className>
          <testName>isSundayAndNextRunIsNextSunday[87]</testName>
          <skipped>false</skipped>
          <failedSince>0</failedSince>
        </case>
        <case>
          <duration>0.0</duration>
          <className>hudson.scheduler.CronTabDayOfWeekLocaleTest</className>
          <testName>isSundayAndNextRunIsThursday[87]</testName>
          <skipped>false</skipped>
          <failedSince>0</failedSince>
        </case>
        <case>
          <duration>0.0</duration>
          <className>hudson.scheduler.CronTabDayOfWeekLocaleTest</className>
          <testName>isSundayAndPreviousRunIsPreviousSunday7[87]</testName>
          <skipped>false</skipped>
          <failedSince>0</failedSince>
        </case>
        <case>
          <duration>0.001</duration>
          <className>hudson.scheduler.CronTabDayOfWeekLocaleTest</className>
          <testName>isSundayAndNextRunIsWednesday[87]</testName>
          <skipped>false</skipped>
          <failedSince>0</failedSince>
        </case>
        <case>
          <duration>0.0</duration>
          <className>hudson.scheduler.CronTabDayOfWeekLocaleTest</className>
          <testName>isSundayAndNextRunIsSaturday[87]</testName>
          <skipped>false</skipped>
          <failedSince>0</failedSince>
        </case>
        <case>
          <duration>0.0</duration>
          <className>hudson.scheduler.CronTabDayOfWeekLocaleTest</className>
          <testName>isSundayAndPreviousRunIsTuesday[88]</testName>
          <skipped>false</skipped>
          <failedSince>0</failedSince>
        </case>
        <case>
          <duration>0.001</duration>
          <className>hudson.scheduler.CronTabDayOfWeekLocaleTest</className>
          <testName>isSundayAndPreviousRunIsThursday[88]</testName>
          <skipped>false</skipped>
          <failedSince>0</failedSince>
        </case>
        <case>
          <duration>0.0</duration>
          <className>hudson.scheduler.CronTabDayOfWeekLocaleTest</className>
          <testName>isSundayAndPreviousRunIsWednesday[88]</testName>
          <skipped>false</skipped>
          <failedSince>0</failedSince>
        </case>
        <case>
          <duration>0.0</duration>
          <className>hudson.scheduler.CronTabDayOfWeekLocaleTest</className>
          <testName>isSundayAndPreviousRunIsSaturday[88]</testName>
          <skipped>false</skipped>
          <failedSince>0</failedSince>
        </case>
        <case>
          <duration>0.0</duration>
          <className>hudson.scheduler.CronTabDayOfWeekLocaleTest</className>
          <testName>isSundayAndPreviousRunIsPreviousSunday[88]</testName>
          <skipped>false</skipped>
          <failedSince>0</failedSince>
        </case>
        <case>
          <duration>0.0</duration>
          <className>hudson.scheduler.CronTabDayOfWeekLocaleTest</className>
          <testName>isSundayAndNextRunIsFriday[88]</testName>
          <skipped>false</skipped>
          <failedSince>0</failedSince>
        </case>
        <case>
          <duration>0.0</duration>
          <className>hudson.scheduler.CronTabDayOfWeekLocaleTest</className>
          <testName>isSundayAndPreviousRunIsSaturdayAsterisk[88]</testName>
          <skipped>false</skipped>
          <failedSince>0</failedSince>
        </case>
        <case>
          <duration>0.0</duration>
          <className>hudson.scheduler.CronTabDayOfWeekLocaleTest</className>
          <testName>isSundayAndNextRunIsMonday[88]</testName>
          <skipped>false</skipped>
          <failedSince>0</failedSince>
        </case>
        <case>
          <duration>0.001</duration>
          <className>hudson.scheduler.CronTabDayOfWeekLocaleTest</className>
          <testName>isSundayAndPreviousRunIsFriday[88]</testName>
          <skipped>false</skipped>
          <failedSince>0</failedSince>
        </case>
        <case>
          <duration>0.0</duration>
          <className>hudson.scheduler.CronTabDayOfWeekLocaleTest</className>
          <testName>isSundayAndNextRunIsTuesday[88]</testName>
          <skipped>false</skipped>
          <failedSince>0</failedSince>
        </case>
        <case>
          <duration>0.0</duration>
          <className>hudson.scheduler.CronTabDayOfWeekLocaleTest</className>
          <testName>isSundayAndNextRunIsNextSunday7[88]</testName>
          <skipped>false</skipped>
          <failedSince>0</failedSince>
        </case>
        <case>
          <duration>0.001</duration>
          <className>hudson.scheduler.CronTabDayOfWeekLocaleTest</className>
          <testName>isSundayAndPreviousRunIsMonday[88]</testName>
          <skipped>false</skipped>
          <failedSince>0</failedSince>
        </case>
        <case>
          <duration>0.0</duration>
          <className>hudson.scheduler.CronTabDayOfWeekLocaleTest</className>
          <testName>isSaturdayAndNextRunIsSundayAsterisk[88]</testName>
          <skipped>false</skipped>
          <failedSince>0</failedSince>
        </case>
        <case>
          <duration>0.0</duration>
          <className>hudson.scheduler.CronTabDayOfWeekLocaleTest</className>
          <testName>hudson8658[88]</testName>
          <skipped>false</skipped>
          <failedSince>0</failedSince>
        </case>
        <case>
          <duration>0.001</duration>
          <className>hudson.scheduler.CronTabDayOfWeekLocaleTest</className>
          <testName>isSundayAndNextRunIsNextSunday[88]</testName>
          <skipped>false</skipped>
          <failedSince>0</failedSince>
        </case>
        <case>
          <duration>0.0</duration>
          <className>hudson.scheduler.CronTabDayOfWeekLocaleTest</className>
          <testName>isSundayAndNextRunIsThursday[88]</testName>
          <skipped>false</skipped>
          <failedSince>0</failedSince>
        </case>
        <case>
          <duration>0.0</duration>
          <className>hudson.scheduler.CronTabDayOfWeekLocaleTest</className>
          <testName>isSundayAndPreviousRunIsPreviousSunday7[88]</testName>
          <skipped>false</skipped>
          <failedSince>0</failedSince>
        </case>
        <case>
          <duration>0.0</duration>
          <className>hudson.scheduler.CronTabDayOfWeekLocaleTest</className>
          <testName>isSundayAndNextRunIsWednesday[88]</testName>
          <skipped>false</skipped>
          <failedSince>0</failedSince>
        </case>
        <case>
          <duration>0.0</duration>
          <className>hudson.scheduler.CronTabDayOfWeekLocaleTest</className>
          <testName>isSundayAndNextRunIsSaturday[88]</testName>
          <skipped>false</skipped>
          <failedSince>0</failedSince>
        </case>
        <case>
          <duration>0.0</duration>
          <className>hudson.scheduler.CronTabDayOfWeekLocaleTest</className>
          <testName>isSundayAndPreviousRunIsTuesday[89]</testName>
          <skipped>false</skipped>
          <failedSince>0</failedSince>
        </case>
        <case>
          <duration>0.0</duration>
          <className>hudson.scheduler.CronTabDayOfWeekLocaleTest</className>
          <testName>isSundayAndPreviousRunIsThursday[89]</testName>
          <skipped>false</skipped>
          <failedSince>0</failedSince>
        </case>
        <case>
          <duration>0.0</duration>
          <className>hudson.scheduler.CronTabDayOfWeekLocaleTest</className>
          <testName>isSundayAndPreviousRunIsWednesday[89]</testName>
          <skipped>false</skipped>
          <failedSince>0</failedSince>
        </case>
        <case>
          <duration>0.0</duration>
          <className>hudson.scheduler.CronTabDayOfWeekLocaleTest</className>
          <testName>isSundayAndPreviousRunIsSaturday[89]</testName>
          <skipped>false</skipped>
          <failedSince>0</failedSince>
        </case>
        <case>
          <duration>0.0</duration>
          <className>hudson.scheduler.CronTabDayOfWeekLocaleTest</className>
          <testName>isSundayAndPreviousRunIsPreviousSunday[89]</testName>
          <skipped>false</skipped>
          <failedSince>0</failedSince>
        </case>
        <case>
          <duration>0.0</duration>
          <className>hudson.scheduler.CronTabDayOfWeekLocaleTest</className>
          <testName>isSundayAndNextRunIsFriday[89]</testName>
          <skipped>false</skipped>
          <failedSince>0</failedSince>
        </case>
        <case>
          <duration>0.0</duration>
          <className>hudson.scheduler.CronTabDayOfWeekLocaleTest</className>
          <testName>isSundayAndPreviousRunIsSaturdayAsterisk[89]</testName>
          <skipped>false</skipped>
          <failedSince>0</failedSince>
        </case>
        <case>
          <duration>0.001</duration>
          <className>hudson.scheduler.CronTabDayOfWeekLocaleTest</className>
          <testName>isSundayAndNextRunIsMonday[89]</testName>
          <skipped>false</skipped>
          <failedSince>0</failedSince>
        </case>
        <case>
          <duration>0.0</duration>
          <className>hudson.scheduler.CronTabDayOfWeekLocaleTest</className>
          <testName>isSundayAndPreviousRunIsFriday[89]</testName>
          <skipped>false</skipped>
          <failedSince>0</failedSince>
        </case>
        <case>
          <duration>0.0</duration>
          <className>hudson.scheduler.CronTabDayOfWeekLocaleTest</className>
          <testName>isSundayAndNextRunIsTuesday[89]</testName>
          <skipped>false</skipped>
          <failedSince>0</failedSince>
        </case>
        <case>
          <duration>0.001</duration>
          <className>hudson.scheduler.CronTabDayOfWeekLocaleTest</className>
          <testName>isSundayAndNextRunIsNextSunday7[89]</testName>
          <skipped>false</skipped>
          <failedSince>0</failedSince>
        </case>
        <case>
          <duration>0.0</duration>
          <className>hudson.scheduler.CronTabDayOfWeekLocaleTest</className>
          <testName>isSundayAndPreviousRunIsMonday[89]</testName>
          <skipped>false</skipped>
          <failedSince>0</failedSince>
        </case>
        <case>
          <duration>0.0</duration>
          <className>hudson.scheduler.CronTabDayOfWeekLocaleTest</className>
          <testName>isSaturdayAndNextRunIsSundayAsterisk[89]</testName>
          <skipped>false</skipped>
          <failedSince>0</failedSince>
        </case>
        <case>
          <duration>0.0</duration>
          <className>hudson.scheduler.CronTabDayOfWeekLocaleTest</className>
          <testName>hudson8658[89]</testName>
          <skipped>false</skipped>
          <failedSince>0</failedSince>
        </case>
        <case>
          <duration>0.0</duration>
          <className>hudson.scheduler.CronTabDayOfWeekLocaleTest</className>
          <testName>isSundayAndNextRunIsNextSunday[89]</testName>
          <skipped>false</skipped>
          <failedSince>0</failedSince>
        </case>
        <case>
          <duration>0.0</duration>
          <className>hudson.scheduler.CronTabDayOfWeekLocaleTest</className>
          <testName>isSundayAndNextRunIsThursday[89]</testName>
          <skipped>false</skipped>
          <failedSince>0</failedSince>
        </case>
        <case>
          <duration>0.0</duration>
          <className>hudson.scheduler.CronTabDayOfWeekLocaleTest</className>
          <testName>isSundayAndPreviousRunIsPreviousSunday7[89]</testName>
          <skipped>false</skipped>
          <failedSince>0</failedSince>
        </case>
        <case>
          <duration>0.001</duration>
          <className>hudson.scheduler.CronTabDayOfWeekLocaleTest</className>
          <testName>isSundayAndNextRunIsWednesday[89]</testName>
          <skipped>false</skipped>
          <failedSince>0</failedSince>
        </case>
        <case>
          <duration>0.0</duration>
          <className>hudson.scheduler.CronTabDayOfWeekLocaleTest</className>
          <testName>isSundayAndNextRunIsSaturday[89]</testName>
          <skipped>false</skipped>
          <failedSince>0</failedSince>
        </case>
        <case>
          <duration>0.0</duration>
          <className>hudson.scheduler.CronTabDayOfWeekLocaleTest</className>
          <testName>isSundayAndPreviousRunIsTuesday[90]</testName>
          <skipped>false</skipped>
          <failedSince>0</failedSince>
        </case>
        <case>
          <duration>0.0</duration>
          <className>hudson.scheduler.CronTabDayOfWeekLocaleTest</className>
          <testName>isSundayAndPreviousRunIsThursday[90]</testName>
          <skipped>false</skipped>
          <failedSince>0</failedSince>
        </case>
        <case>
          <duration>0.0</duration>
          <className>hudson.scheduler.CronTabDayOfWeekLocaleTest</className>
          <testName>isSundayAndPreviousRunIsWednesday[90]</testName>
          <skipped>false</skipped>
          <failedSince>0</failedSince>
        </case>
        <case>
          <duration>0.0</duration>
          <className>hudson.scheduler.CronTabDayOfWeekLocaleTest</className>
          <testName>isSundayAndPreviousRunIsSaturday[90]</testName>
          <skipped>false</skipped>
          <failedSince>0</failedSince>
        </case>
        <case>
          <duration>0.0</duration>
          <className>hudson.scheduler.CronTabDayOfWeekLocaleTest</className>
          <testName>isSundayAndPreviousRunIsPreviousSunday[90]</testName>
          <skipped>false</skipped>
          <failedSince>0</failedSince>
        </case>
        <case>
          <duration>0.0</duration>
          <className>hudson.scheduler.CronTabDayOfWeekLocaleTest</className>
          <testName>isSundayAndNextRunIsFriday[90]</testName>
          <skipped>false</skipped>
          <failedSince>0</failedSince>
        </case>
        <case>
          <duration>0.001</duration>
          <className>hudson.scheduler.CronTabDayOfWeekLocaleTest</className>
          <testName>isSundayAndPreviousRunIsSaturdayAsterisk[90]</testName>
          <skipped>false</skipped>
          <failedSince>0</failedSince>
        </case>
        <case>
          <duration>0.0</duration>
          <className>hudson.scheduler.CronTabDayOfWeekLocaleTest</className>
          <testName>isSundayAndNextRunIsMonday[90]</testName>
          <skipped>false</skipped>
          <failedSince>0</failedSince>
        </case>
        <case>
          <duration>0.0</duration>
          <className>hudson.scheduler.CronTabDayOfWeekLocaleTest</className>
          <testName>isSundayAndPreviousRunIsFriday[90]</testName>
          <skipped>false</skipped>
          <failedSince>0</failedSince>
        </case>
        <case>
          <duration>0.001</duration>
          <className>hudson.scheduler.CronTabDayOfWeekLocaleTest</className>
          <testName>isSundayAndNextRunIsTuesday[90]</testName>
          <skipped>false</skipped>
          <failedSince>0</failedSince>
        </case>
        <case>
          <duration>0.0</duration>
          <className>hudson.scheduler.CronTabDayOfWeekLocaleTest</className>
          <testName>isSundayAndNextRunIsNextSunday7[90]</testName>
          <skipped>false</skipped>
          <failedSince>0</failedSince>
        </case>
        <case>
          <duration>0.0</duration>
          <className>hudson.scheduler.CronTabDayOfWeekLocaleTest</className>
          <testName>isSundayAndPreviousRunIsMonday[90]</testName>
          <skipped>false</skipped>
          <failedSince>0</failedSince>
        </case>
        <case>
          <duration>0.0</duration>
          <className>hudson.scheduler.CronTabDayOfWeekLocaleTest</className>
          <testName>isSaturdayAndNextRunIsSundayAsterisk[90]</testName>
          <skipped>false</skipped>
          <failedSince>0</failedSince>
        </case>
        <case>
          <duration>0.0</duration>
          <className>hudson.scheduler.CronTabDayOfWeekLocaleTest</className>
          <testName>hudson8658[90]</testName>
          <skipped>false</skipped>
          <failedSince>0</failedSince>
        </case>
        <case>
          <duration>0.0</duration>
          <className>hudson.scheduler.CronTabDayOfWeekLocaleTest</className>
          <testName>isSundayAndNextRunIsNextSunday[90]</testName>
          <skipped>false</skipped>
          <failedSince>0</failedSince>
        </case>
        <case>
          <duration>0.0</duration>
          <className>hudson.scheduler.CronTabDayOfWeekLocaleTest</className>
          <testName>isSundayAndNextRunIsThursday[90]</testName>
          <skipped>false</skipped>
          <failedSince>0</failedSince>
        </case>
        <case>
          <duration>0.001</duration>
          <className>hudson.scheduler.CronTabDayOfWeekLocaleTest</className>
          <testName>isSundayAndPreviousRunIsPreviousSunday7[90]</testName>
          <skipped>false</skipped>
          <failedSince>0</failedSince>
        </case>
        <case>
          <duration>0.0</duration>
          <className>hudson.scheduler.CronTabDayOfWeekLocaleTest</className>
          <testName>isSundayAndNextRunIsWednesday[90]</testName>
          <skipped>false</skipped>
          <failedSince>0</failedSince>
        </case>
        <case>
          <duration>0.0</duration>
          <className>hudson.scheduler.CronTabDayOfWeekLocaleTest</className>
          <testName>isSundayAndNextRunIsSaturday[90]</testName>
          <skipped>false</skipped>
          <failedSince>0</failedSince>
        </case>
        <case>
          <duration>0.001</duration>
          <className>hudson.scheduler.CronTabDayOfWeekLocaleTest</className>
          <testName>isSundayAndPreviousRunIsTuesday[91]</testName>
          <skipped>false</skipped>
          <failedSince>0</failedSince>
        </case>
        <case>
          <duration>0.0</duration>
          <className>hudson.scheduler.CronTabDayOfWeekLocaleTest</className>
          <testName>isSundayAndPreviousRunIsThursday[91]</testName>
          <skipped>false</skipped>
          <failedSince>0</failedSince>
        </case>
        <case>
          <duration>0.0</duration>
          <className>hudson.scheduler.CronTabDayOfWeekLocaleTest</className>
          <testName>isSundayAndPreviousRunIsWednesday[91]</testName>
          <skipped>false</skipped>
          <failedSince>0</failedSince>
        </case>
        <case>
          <duration>0.0</duration>
          <className>hudson.scheduler.CronTabDayOfWeekLocaleTest</className>
          <testName>isSundayAndPreviousRunIsSaturday[91]</testName>
          <skipped>false</skipped>
          <failedSince>0</failedSince>
        </case>
        <case>
          <duration>0.0</duration>
          <className>hudson.scheduler.CronTabDayOfWeekLocaleTest</className>
          <testName>isSundayAndPreviousRunIsPreviousSunday[91]</testName>
          <skipped>false</skipped>
          <failedSince>0</failedSince>
        </case>
        <case>
          <duration>0.0</duration>
          <className>hudson.scheduler.CronTabDayOfWeekLocaleTest</className>
          <testName>isSundayAndNextRunIsFriday[91]</testName>
          <skipped>false</skipped>
          <failedSince>0</failedSince>
        </case>
        <case>
          <duration>0.001</duration>
          <className>hudson.scheduler.CronTabDayOfWeekLocaleTest</className>
          <testName>isSundayAndPreviousRunIsSaturdayAsterisk[91]</testName>
          <skipped>false</skipped>
          <failedSince>0</failedSince>
        </case>
        <case>
          <duration>0.0</duration>
          <className>hudson.scheduler.CronTabDayOfWeekLocaleTest</className>
          <testName>isSundayAndNextRunIsMonday[91]</testName>
          <skipped>false</skipped>
          <failedSince>0</failedSince>
        </case>
        <case>
          <duration>0.0</duration>
          <className>hudson.scheduler.CronTabDayOfWeekLocaleTest</className>
          <testName>isSundayAndPreviousRunIsFriday[91]</testName>
          <skipped>false</skipped>
          <failedSince>0</failedSince>
        </case>
        <case>
          <duration>0.001</duration>
          <className>hudson.scheduler.CronTabDayOfWeekLocaleTest</className>
          <testName>isSundayAndNextRunIsTuesday[91]</testName>
          <skipped>false</skipped>
          <failedSince>0</failedSince>
        </case>
        <case>
          <duration>0.0</duration>
          <className>hudson.scheduler.CronTabDayOfWeekLocaleTest</className>
          <testName>isSundayAndNextRunIsNextSunday7[91]</testName>
          <skipped>false</skipped>
          <failedSince>0</failedSince>
        </case>
        <case>
          <duration>0.0</duration>
          <className>hudson.scheduler.CronTabDayOfWeekLocaleTest</className>
          <testName>isSundayAndPreviousRunIsMonday[91]</testName>
          <skipped>false</skipped>
          <failedSince>0</failedSince>
        </case>
        <case>
          <duration>0.0</duration>
          <className>hudson.scheduler.CronTabDayOfWeekLocaleTest</className>
          <testName>isSaturdayAndNextRunIsSundayAsterisk[91]</testName>
          <skipped>false</skipped>
          <failedSince>0</failedSince>
        </case>
        <case>
          <duration>0.0</duration>
          <className>hudson.scheduler.CronTabDayOfWeekLocaleTest</className>
          <testName>hudson8658[91]</testName>
          <skipped>false</skipped>
          <failedSince>0</failedSince>
        </case>
        <case>
          <duration>0.0</duration>
          <className>hudson.scheduler.CronTabDayOfWeekLocaleTest</className>
          <testName>isSundayAndNextRunIsNextSunday[91]</testName>
          <skipped>false</skipped>
          <failedSince>0</failedSince>
        </case>
        <case>
          <duration>0.0</duration>
          <className>hudson.scheduler.CronTabDayOfWeekLocaleTest</className>
          <testName>isSundayAndNextRunIsThursday[91]</testName>
          <skipped>false</skipped>
          <failedSince>0</failedSince>
        </case>
        <case>
          <duration>0.001</duration>
          <className>hudson.scheduler.CronTabDayOfWeekLocaleTest</className>
          <testName>isSundayAndPreviousRunIsPreviousSunday7[91]</testName>
          <skipped>false</skipped>
          <failedSince>0</failedSince>
        </case>
        <case>
          <duration>0.0</duration>
          <className>hudson.scheduler.CronTabDayOfWeekLocaleTest</className>
          <testName>isSundayAndNextRunIsWednesday[91]</testName>
          <skipped>false</skipped>
          <failedSince>0</failedSince>
        </case>
        <case>
          <duration>0.0</duration>
          <className>hudson.scheduler.CronTabDayOfWeekLocaleTest</className>
          <testName>isSundayAndNextRunIsSaturday[91]</testName>
          <skipped>false</skipped>
          <failedSince>0</failedSince>
        </case>
        <case>
          <duration>0.001</duration>
          <className>hudson.scheduler.CronTabDayOfWeekLocaleTest</className>
          <testName>isSundayAndPreviousRunIsTuesday[92]</testName>
          <skipped>false</skipped>
          <failedSince>0</failedSince>
        </case>
        <case>
          <duration>0.0</duration>
          <className>hudson.scheduler.CronTabDayOfWeekLocaleTest</className>
          <testName>isSundayAndPreviousRunIsThursday[92]</testName>
          <skipped>false</skipped>
          <failedSince>0</failedSince>
        </case>
        <case>
          <duration>0.0</duration>
          <className>hudson.scheduler.CronTabDayOfWeekLocaleTest</className>
          <testName>isSundayAndPreviousRunIsWednesday[92]</testName>
          <skipped>false</skipped>
          <failedSince>0</failedSince>
        </case>
        <case>
          <duration>0.001</duration>
          <className>hudson.scheduler.CronTabDayOfWeekLocaleTest</className>
          <testName>isSundayAndPreviousRunIsSaturday[92]</testName>
          <skipped>false</skipped>
          <failedSince>0</failedSince>
        </case>
        <case>
          <duration>0.0</duration>
          <className>hudson.scheduler.CronTabDayOfWeekLocaleTest</className>
          <testName>isSundayAndPreviousRunIsPreviousSunday[92]</testName>
          <skipped>false</skipped>
          <failedSince>0</failedSince>
        </case>
        <case>
          <duration>0.0</duration>
          <className>hudson.scheduler.CronTabDayOfWeekLocaleTest</className>
          <testName>isSundayAndNextRunIsFriday[92]</testName>
          <skipped>false</skipped>
          <failedSince>0</failedSince>
        </case>
        <case>
          <duration>0.0</duration>
          <className>hudson.scheduler.CronTabDayOfWeekLocaleTest</className>
          <testName>isSundayAndPreviousRunIsSaturdayAsterisk[92]</testName>
          <skipped>false</skipped>
          <failedSince>0</failedSince>
        </case>
        <case>
          <duration>0.001</duration>
          <className>hudson.scheduler.CronTabDayOfWeekLocaleTest</className>
          <testName>isSundayAndNextRunIsMonday[92]</testName>
          <skipped>false</skipped>
          <failedSince>0</failedSince>
        </case>
        <case>
          <duration>0.0</duration>
          <className>hudson.scheduler.CronTabDayOfWeekLocaleTest</className>
          <testName>isSundayAndPreviousRunIsFriday[92]</testName>
          <skipped>false</skipped>
          <failedSince>0</failedSince>
        </case>
        <case>
          <duration>0.0</duration>
          <className>hudson.scheduler.CronTabDayOfWeekLocaleTest</className>
          <testName>isSundayAndNextRunIsTuesday[92]</testName>
          <skipped>false</skipped>
          <failedSince>0</failedSince>
        </case>
        <case>
          <duration>0.001</duration>
          <className>hudson.scheduler.CronTabDayOfWeekLocaleTest</className>
          <testName>isSundayAndNextRunIsNextSunday7[92]</testName>
          <skipped>false</skipped>
          <failedSince>0</failedSince>
        </case>
        <case>
          <duration>0.0</duration>
          <className>hudson.scheduler.CronTabDayOfWeekLocaleTest</className>
          <testName>isSundayAndPreviousRunIsMonday[92]</testName>
          <skipped>false</skipped>
          <failedSince>0</failedSince>
        </case>
        <case>
          <duration>0.001</duration>
          <className>hudson.scheduler.CronTabDayOfWeekLocaleTest</className>
          <testName>isSaturdayAndNextRunIsSundayAsterisk[92]</testName>
          <skipped>false</skipped>
          <failedSince>0</failedSince>
        </case>
        <case>
          <duration>0.0</duration>
          <className>hudson.scheduler.CronTabDayOfWeekLocaleTest</className>
          <testName>hudson8658[92]</testName>
          <skipped>false</skipped>
          <failedSince>0</failedSince>
        </case>
        <case>
          <duration>0.0</duration>
          <className>hudson.scheduler.CronTabDayOfWeekLocaleTest</className>
          <testName>isSundayAndNextRunIsNextSunday[92]</testName>
          <skipped>false</skipped>
          <failedSince>0</failedSince>
        </case>
        <case>
          <duration>0.0</duration>
          <className>hudson.scheduler.CronTabDayOfWeekLocaleTest</className>
          <testName>isSundayAndNextRunIsThursday[92]</testName>
          <skipped>false</skipped>
          <failedSince>0</failedSince>
        </case>
        <case>
          <duration>0.0</duration>
          <className>hudson.scheduler.CronTabDayOfWeekLocaleTest</className>
          <testName>isSundayAndPreviousRunIsPreviousSunday7[92]</testName>
          <skipped>false</skipped>
          <failedSince>0</failedSince>
        </case>
        <case>
          <duration>0.0</duration>
          <className>hudson.scheduler.CronTabDayOfWeekLocaleTest</className>
          <testName>isSundayAndNextRunIsWednesday[92]</testName>
          <skipped>false</skipped>
          <failedSince>0</failedSince>
        </case>
        <case>
          <duration>0.0</duration>
          <className>hudson.scheduler.CronTabDayOfWeekLocaleTest</className>
          <testName>isSundayAndNextRunIsSaturday[92]</testName>
          <skipped>false</skipped>
          <failedSince>0</failedSince>
        </case>
        <case>
          <duration>0.0</duration>
          <className>hudson.scheduler.CronTabDayOfWeekLocaleTest</className>
          <testName>isSundayAndPreviousRunIsTuesday[93]</testName>
          <skipped>false</skipped>
          <failedSince>0</failedSince>
        </case>
        <case>
          <duration>0.0</duration>
          <className>hudson.scheduler.CronTabDayOfWeekLocaleTest</className>
          <testName>isSundayAndPreviousRunIsThursday[93]</testName>
          <skipped>false</skipped>
          <failedSince>0</failedSince>
        </case>
        <case>
          <duration>0.0</duration>
          <className>hudson.scheduler.CronTabDayOfWeekLocaleTest</className>
          <testName>isSundayAndPreviousRunIsWednesday[93]</testName>
          <skipped>false</skipped>
          <failedSince>0</failedSince>
        </case>
        <case>
          <duration>0.001</duration>
          <className>hudson.scheduler.CronTabDayOfWeekLocaleTest</className>
          <testName>isSundayAndPreviousRunIsSaturday[93]</testName>
          <skipped>false</skipped>
          <failedSince>0</failedSince>
        </case>
        <case>
          <duration>0.0</duration>
          <className>hudson.scheduler.CronTabDayOfWeekLocaleTest</className>
          <testName>isSundayAndPreviousRunIsPreviousSunday[93]</testName>
          <skipped>false</skipped>
          <failedSince>0</failedSince>
        </case>
        <case>
          <duration>0.0</duration>
          <className>hudson.scheduler.CronTabDayOfWeekLocaleTest</className>
          <testName>isSundayAndNextRunIsFriday[93]</testName>
          <skipped>false</skipped>
          <failedSince>0</failedSince>
        </case>
        <case>
          <duration>0.0</duration>
          <className>hudson.scheduler.CronTabDayOfWeekLocaleTest</className>
          <testName>isSundayAndPreviousRunIsSaturdayAsterisk[93]</testName>
          <skipped>false</skipped>
          <failedSince>0</failedSince>
        </case>
        <case>
          <duration>0.0</duration>
          <className>hudson.scheduler.CronTabDayOfWeekLocaleTest</className>
          <testName>isSundayAndNextRunIsMonday[93]</testName>
          <skipped>false</skipped>
          <failedSince>0</failedSince>
        </case>
        <case>
          <duration>0.0</duration>
          <className>hudson.scheduler.CronTabDayOfWeekLocaleTest</className>
          <testName>isSundayAndPreviousRunIsFriday[93]</testName>
          <skipped>false</skipped>
          <failedSince>0</failedSince>
        </case>
        <case>
          <duration>0.001</duration>
          <className>hudson.scheduler.CronTabDayOfWeekLocaleTest</className>
          <testName>isSundayAndNextRunIsTuesday[93]</testName>
          <skipped>false</skipped>
          <failedSince>0</failedSince>
        </case>
        <case>
          <duration>0.0</duration>
          <className>hudson.scheduler.CronTabDayOfWeekLocaleTest</className>
          <testName>isSundayAndNextRunIsNextSunday7[93]</testName>
          <skipped>false</skipped>
          <failedSince>0</failedSince>
        </case>
        <case>
          <duration>0.0</duration>
          <className>hudson.scheduler.CronTabDayOfWeekLocaleTest</className>
          <testName>isSundayAndPreviousRunIsMonday[93]</testName>
          <skipped>false</skipped>
          <failedSince>0</failedSince>
        </case>
        <case>
          <duration>0.0</duration>
          <className>hudson.scheduler.CronTabDayOfWeekLocaleTest</className>
          <testName>isSaturdayAndNextRunIsSundayAsterisk[93]</testName>
          <skipped>false</skipped>
          <failedSince>0</failedSince>
        </case>
        <case>
          <duration>0.0</duration>
          <className>hudson.scheduler.CronTabDayOfWeekLocaleTest</className>
          <testName>hudson8658[93]</testName>
          <skipped>false</skipped>
          <failedSince>0</failedSince>
        </case>
        <case>
          <duration>0.0</duration>
          <className>hudson.scheduler.CronTabDayOfWeekLocaleTest</className>
          <testName>isSundayAndNextRunIsNextSunday[93]</testName>
          <skipped>false</skipped>
          <failedSince>0</failedSince>
        </case>
        <case>
          <duration>0.001</duration>
          <className>hudson.scheduler.CronTabDayOfWeekLocaleTest</className>
          <testName>isSundayAndNextRunIsThursday[93]</testName>
          <skipped>false</skipped>
          <failedSince>0</failedSince>
        </case>
        <case>
          <duration>0.0</duration>
          <className>hudson.scheduler.CronTabDayOfWeekLocaleTest</className>
          <testName>isSundayAndPreviousRunIsPreviousSunday7[93]</testName>
          <skipped>false</skipped>
          <failedSince>0</failedSince>
        </case>
        <case>
          <duration>0.001</duration>
          <className>hudson.scheduler.CronTabDayOfWeekLocaleTest</className>
          <testName>isSundayAndNextRunIsWednesday[93]</testName>
          <skipped>false</skipped>
          <failedSince>0</failedSince>
        </case>
        <case>
          <duration>0.0</duration>
          <className>hudson.scheduler.CronTabDayOfWeekLocaleTest</className>
          <testName>isSundayAndNextRunIsSaturday[93]</testName>
          <skipped>false</skipped>
          <failedSince>0</failedSince>
        </case>
        <case>
          <duration>0.0</duration>
          <className>hudson.scheduler.CronTabDayOfWeekLocaleTest</className>
          <testName>isSundayAndPreviousRunIsTuesday[94]</testName>
          <skipped>false</skipped>
          <failedSince>0</failedSince>
        </case>
        <case>
          <duration>0.001</duration>
          <className>hudson.scheduler.CronTabDayOfWeekLocaleTest</className>
          <testName>isSundayAndPreviousRunIsThursday[94]</testName>
          <skipped>false</skipped>
          <failedSince>0</failedSince>
        </case>
        <case>
          <duration>0.0</duration>
          <className>hudson.scheduler.CronTabDayOfWeekLocaleTest</className>
          <testName>isSundayAndPreviousRunIsWednesday[94]</testName>
          <skipped>false</skipped>
          <failedSince>0</failedSince>
        </case>
        <case>
          <duration>0.0</duration>
          <className>hudson.scheduler.CronTabDayOfWeekLocaleTest</className>
          <testName>isSundayAndPreviousRunIsSaturday[94]</testName>
          <skipped>false</skipped>
          <failedSince>0</failedSince>
        </case>
        <case>
          <duration>0.0</duration>
          <className>hudson.scheduler.CronTabDayOfWeekLocaleTest</className>
          <testName>isSundayAndPreviousRunIsPreviousSunday[94]</testName>
          <skipped>false</skipped>
          <failedSince>0</failedSince>
        </case>
        <case>
          <duration>0.0</duration>
          <className>hudson.scheduler.CronTabDayOfWeekLocaleTest</className>
          <testName>isSundayAndNextRunIsFriday[94]</testName>
          <skipped>false</skipped>
          <failedSince>0</failedSince>
        </case>
        <case>
          <duration>0.0</duration>
          <className>hudson.scheduler.CronTabDayOfWeekLocaleTest</className>
          <testName>isSundayAndPreviousRunIsSaturdayAsterisk[94]</testName>
          <skipped>false</skipped>
          <failedSince>0</failedSince>
        </case>
        <case>
          <duration>0.001</duration>
          <className>hudson.scheduler.CronTabDayOfWeekLocaleTest</className>
          <testName>isSundayAndNextRunIsMonday[94]</testName>
          <skipped>false</skipped>
          <failedSince>0</failedSince>
        </case>
        <case>
          <duration>0.0</duration>
          <className>hudson.scheduler.CronTabDayOfWeekLocaleTest</className>
          <testName>isSundayAndPreviousRunIsFriday[94]</testName>
          <skipped>false</skipped>
          <failedSince>0</failedSince>
        </case>
        <case>
          <duration>0.0</duration>
          <className>hudson.scheduler.CronTabDayOfWeekLocaleTest</className>
          <testName>isSundayAndNextRunIsTuesday[94]</testName>
          <skipped>false</skipped>
          <failedSince>0</failedSince>
        </case>
        <case>
          <duration>0.001</duration>
          <className>hudson.scheduler.CronTabDayOfWeekLocaleTest</className>
          <testName>isSundayAndNextRunIsNextSunday7[94]</testName>
          <skipped>false</skipped>
          <failedSince>0</failedSince>
        </case>
        <case>
          <duration>0.0</duration>
          <className>hudson.scheduler.CronTabDayOfWeekLocaleTest</className>
          <testName>isSundayAndPreviousRunIsMonday[94]</testName>
          <skipped>false</skipped>
          <failedSince>0</failedSince>
        </case>
        <case>
          <duration>0.0</duration>
          <className>hudson.scheduler.CronTabDayOfWeekLocaleTest</className>
          <testName>isSaturdayAndNextRunIsSundayAsterisk[94]</testName>
          <skipped>false</skipped>
          <failedSince>0</failedSince>
        </case>
        <case>
          <duration>0.0</duration>
          <className>hudson.scheduler.CronTabDayOfWeekLocaleTest</className>
          <testName>hudson8658[94]</testName>
          <skipped>false</skipped>
          <failedSince>0</failedSince>
        </case>
        <case>
          <duration>0.0</duration>
          <className>hudson.scheduler.CronTabDayOfWeekLocaleTest</className>
          <testName>isSundayAndNextRunIsNextSunday[94]</testName>
          <skipped>false</skipped>
          <failedSince>0</failedSince>
        </case>
        <case>
          <duration>0.0</duration>
          <className>hudson.scheduler.CronTabDayOfWeekLocaleTest</className>
          <testName>isSundayAndNextRunIsThursday[94]</testName>
          <skipped>false</skipped>
          <failedSince>0</failedSince>
        </case>
        <case>
          <duration>0.0</duration>
          <className>hudson.scheduler.CronTabDayOfWeekLocaleTest</className>
          <testName>isSundayAndPreviousRunIsPreviousSunday7[94]</testName>
          <skipped>false</skipped>
          <failedSince>0</failedSince>
        </case>
        <case>
          <duration>0.001</duration>
          <className>hudson.scheduler.CronTabDayOfWeekLocaleTest</className>
          <testName>isSundayAndNextRunIsWednesday[94]</testName>
          <skipped>false</skipped>
          <failedSince>0</failedSince>
        </case>
        <case>
          <duration>0.0</duration>
          <className>hudson.scheduler.CronTabDayOfWeekLocaleTest</className>
          <testName>isSundayAndNextRunIsSaturday[94]</testName>
          <skipped>false</skipped>
          <failedSince>0</failedSince>
        </case>
        <case>
          <duration>0.0</duration>
          <className>hudson.scheduler.CronTabDayOfWeekLocaleTest</className>
          <testName>isSundayAndPreviousRunIsTuesday[95]</testName>
          <skipped>false</skipped>
          <failedSince>0</failedSince>
        </case>
        <case>
          <duration>0.0</duration>
          <className>hudson.scheduler.CronTabDayOfWeekLocaleTest</className>
          <testName>isSundayAndPreviousRunIsThursday[95]</testName>
          <skipped>false</skipped>
          <failedSince>0</failedSince>
        </case>
        <case>
          <duration>0.0</duration>
          <className>hudson.scheduler.CronTabDayOfWeekLocaleTest</className>
          <testName>isSundayAndPreviousRunIsWednesday[95]</testName>
          <skipped>false</skipped>
          <failedSince>0</failedSince>
        </case>
        <case>
          <duration>0.001</duration>
          <className>hudson.scheduler.CronTabDayOfWeekLocaleTest</className>
          <testName>isSundayAndPreviousRunIsSaturday[95]</testName>
          <skipped>false</skipped>
          <failedSince>0</failedSince>
        </case>
        <case>
          <duration>0.0</duration>
          <className>hudson.scheduler.CronTabDayOfWeekLocaleTest</className>
          <testName>isSundayAndPreviousRunIsPreviousSunday[95]</testName>
          <skipped>false</skipped>
          <failedSince>0</failedSince>
        </case>
        <case>
          <duration>0.0</duration>
          <className>hudson.scheduler.CronTabDayOfWeekLocaleTest</className>
          <testName>isSundayAndNextRunIsFriday[95]</testName>
          <skipped>false</skipped>
          <failedSince>0</failedSince>
        </case>
        <case>
          <duration>0.001</duration>
          <className>hudson.scheduler.CronTabDayOfWeekLocaleTest</className>
          <testName>isSundayAndPreviousRunIsSaturdayAsterisk[95]</testName>
          <skipped>false</skipped>
          <failedSince>0</failedSince>
        </case>
        <case>
          <duration>0.0</duration>
          <className>hudson.scheduler.CronTabDayOfWeekLocaleTest</className>
          <testName>isSundayAndNextRunIsMonday[95]</testName>
          <skipped>false</skipped>
          <failedSince>0</failedSince>
        </case>
        <case>
          <duration>0.0</duration>
          <className>hudson.scheduler.CronTabDayOfWeekLocaleTest</className>
          <testName>isSundayAndPreviousRunIsFriday[95]</testName>
          <skipped>false</skipped>
          <failedSince>0</failedSince>
        </case>
        <case>
          <duration>0.0</duration>
          <className>hudson.scheduler.CronTabDayOfWeekLocaleTest</className>
          <testName>isSundayAndNextRunIsTuesday[95]</testName>
          <skipped>false</skipped>
          <failedSince>0</failedSince>
        </case>
        <case>
          <duration>0.001</duration>
          <className>hudson.scheduler.CronTabDayOfWeekLocaleTest</className>
          <testName>isSundayAndNextRunIsNextSunday7[95]</testName>
          <skipped>false</skipped>
          <failedSince>0</failedSince>
        </case>
        <case>
          <duration>0.0</duration>
          <className>hudson.scheduler.CronTabDayOfWeekLocaleTest</className>
          <testName>isSundayAndPreviousRunIsMonday[95]</testName>
          <skipped>false</skipped>
          <failedSince>0</failedSince>
        </case>
        <case>
          <duration>0.0</duration>
          <className>hudson.scheduler.CronTabDayOfWeekLocaleTest</className>
          <testName>isSaturdayAndNextRunIsSundayAsterisk[95]</testName>
          <skipped>false</skipped>
          <failedSince>0</failedSince>
        </case>
        <case>
          <duration>0.001</duration>
          <className>hudson.scheduler.CronTabDayOfWeekLocaleTest</className>
          <testName>hudson8658[95]</testName>
          <skipped>false</skipped>
          <failedSince>0</failedSince>
        </case>
        <case>
          <duration>0.0</duration>
          <className>hudson.scheduler.CronTabDayOfWeekLocaleTest</className>
          <testName>isSundayAndNextRunIsNextSunday[95]</testName>
          <skipped>false</skipped>
          <failedSince>0</failedSince>
        </case>
        <case>
          <duration>0.0</duration>
          <className>hudson.scheduler.CronTabDayOfWeekLocaleTest</className>
          <testName>isSundayAndNextRunIsThursday[95]</testName>
          <skipped>false</skipped>
          <failedSince>0</failedSince>
        </case>
        <case>
          <duration>0.0</duration>
          <className>hudson.scheduler.CronTabDayOfWeekLocaleTest</className>
          <testName>isSundayAndPreviousRunIsPreviousSunday7[95]</testName>
          <skipped>false</skipped>
          <failedSince>0</failedSince>
        </case>
        <case>
          <duration>0.0</duration>
          <className>hudson.scheduler.CronTabDayOfWeekLocaleTest</className>
          <testName>isSundayAndNextRunIsWednesday[95]</testName>
          <skipped>false</skipped>
          <failedSince>0</failedSince>
        </case>
        <case>
          <duration>0.0</duration>
          <className>hudson.scheduler.CronTabDayOfWeekLocaleTest</className>
          <testName>isSundayAndNextRunIsSaturday[95]</testName>
          <skipped>false</skipped>
          <failedSince>0</failedSince>
        </case>
        <case>
          <duration>0.0</duration>
          <className>hudson.scheduler.CronTabDayOfWeekLocaleTest</className>
          <testName>isSundayAndPreviousRunIsTuesday[96]</testName>
          <skipped>false</skipped>
          <failedSince>0</failedSince>
        </case>
        <case>
          <duration>0.0</duration>
          <className>hudson.scheduler.CronTabDayOfWeekLocaleTest</className>
          <testName>isSundayAndPreviousRunIsThursday[96]</testName>
          <skipped>false</skipped>
          <failedSince>0</failedSince>
        </case>
        <case>
          <duration>0.0</duration>
          <className>hudson.scheduler.CronTabDayOfWeekLocaleTest</className>
          <testName>isSundayAndPreviousRunIsWednesday[96]</testName>
          <skipped>false</skipped>
          <failedSince>0</failedSince>
        </case>
        <case>
          <duration>0.0</duration>
          <className>hudson.scheduler.CronTabDayOfWeekLocaleTest</className>
          <testName>isSundayAndPreviousRunIsSaturday[96]</testName>
          <skipped>false</skipped>
          <failedSince>0</failedSince>
        </case>
        <case>
          <duration>0.001</duration>
          <className>hudson.scheduler.CronTabDayOfWeekLocaleTest</className>
          <testName>isSundayAndPreviousRunIsPreviousSunday[96]</testName>
          <skipped>false</skipped>
          <failedSince>0</failedSince>
        </case>
        <case>
          <duration>0.0</duration>
          <className>hudson.scheduler.CronTabDayOfWeekLocaleTest</className>
          <testName>isSundayAndNextRunIsFriday[96]</testName>
          <skipped>false</skipped>
          <failedSince>0</failedSince>
        </case>
        <case>
          <duration>0.0</duration>
          <className>hudson.scheduler.CronTabDayOfWeekLocaleTest</className>
          <testName>isSundayAndPreviousRunIsSaturdayAsterisk[96]</testName>
          <skipped>false</skipped>
          <failedSince>0</failedSince>
        </case>
        <case>
          <duration>0.001</duration>
          <className>hudson.scheduler.CronTabDayOfWeekLocaleTest</className>
          <testName>isSundayAndNextRunIsMonday[96]</testName>
          <skipped>false</skipped>
          <failedSince>0</failedSince>
        </case>
        <case>
          <duration>0.0</duration>
          <className>hudson.scheduler.CronTabDayOfWeekLocaleTest</className>
          <testName>isSundayAndPreviousRunIsFriday[96]</testName>
          <skipped>false</skipped>
          <failedSince>0</failedSince>
        </case>
        <case>
          <duration>0.0</duration>
          <className>hudson.scheduler.CronTabDayOfWeekLocaleTest</className>
          <testName>isSundayAndNextRunIsTuesday[96]</testName>
          <skipped>false</skipped>
          <failedSince>0</failedSince>
        </case>
        <case>
          <duration>0.0</duration>
          <className>hudson.scheduler.CronTabDayOfWeekLocaleTest</className>
          <testName>isSundayAndNextRunIsNextSunday7[96]</testName>
          <skipped>false</skipped>
          <failedSince>0</failedSince>
        </case>
        <case>
          <duration>0.0</duration>
          <className>hudson.scheduler.CronTabDayOfWeekLocaleTest</className>
          <testName>isSundayAndPreviousRunIsMonday[96]</testName>
          <skipped>false</skipped>
          <failedSince>0</failedSince>
        </case>
        <case>
          <duration>0.0</duration>
          <className>hudson.scheduler.CronTabDayOfWeekLocaleTest</className>
          <testName>isSaturdayAndNextRunIsSundayAsterisk[96]</testName>
          <skipped>false</skipped>
          <failedSince>0</failedSince>
        </case>
        <case>
          <duration>0.0</duration>
          <className>hudson.scheduler.CronTabDayOfWeekLocaleTest</className>
          <testName>hudson8658[96]</testName>
          <skipped>false</skipped>
          <failedSince>0</failedSince>
        </case>
        <case>
          <duration>0.001</duration>
          <className>hudson.scheduler.CronTabDayOfWeekLocaleTest</className>
          <testName>isSundayAndNextRunIsNextSunday[96]</testName>
          <skipped>false</skipped>
          <failedSince>0</failedSince>
        </case>
        <case>
          <duration>0.0</duration>
          <className>hudson.scheduler.CronTabDayOfWeekLocaleTest</className>
          <testName>isSundayAndNextRunIsThursday[96]</testName>
          <skipped>false</skipped>
          <failedSince>0</failedSince>
        </case>
        <case>
          <duration>0.0</duration>
          <className>hudson.scheduler.CronTabDayOfWeekLocaleTest</className>
          <testName>isSundayAndPreviousRunIsPreviousSunday7[96]</testName>
          <skipped>false</skipped>
          <failedSince>0</failedSince>
        </case>
        <case>
          <duration>0.001</duration>
          <className>hudson.scheduler.CronTabDayOfWeekLocaleTest</className>
          <testName>isSundayAndNextRunIsWednesday[96]</testName>
          <skipped>false</skipped>
          <failedSince>0</failedSince>
        </case>
        <case>
          <duration>0.0</duration>
          <className>hudson.scheduler.CronTabDayOfWeekLocaleTest</className>
          <testName>isSundayAndNextRunIsSaturday[96]</testName>
          <skipped>false</skipped>
          <failedSince>0</failedSince>
        </case>
        <case>
          <duration>0.0</duration>
          <className>hudson.scheduler.CronTabDayOfWeekLocaleTest</className>
          <testName>isSundayAndPreviousRunIsTuesday[97]</testName>
          <skipped>false</skipped>
          <failedSince>0</failedSince>
        </case>
        <case>
          <duration>0.001</duration>
          <className>hudson.scheduler.CronTabDayOfWeekLocaleTest</className>
          <testName>isSundayAndPreviousRunIsThursday[97]</testName>
          <skipped>false</skipped>
          <failedSince>0</failedSince>
        </case>
        <case>
          <duration>0.0</duration>
          <className>hudson.scheduler.CronTabDayOfWeekLocaleTest</className>
          <testName>isSundayAndPreviousRunIsWednesday[97]</testName>
          <skipped>false</skipped>
          <failedSince>0</failedSince>
        </case>
        <case>
          <duration>0.001</duration>
          <className>hudson.scheduler.CronTabDayOfWeekLocaleTest</className>
          <testName>isSundayAndPreviousRunIsSaturday[97]</testName>
          <skipped>false</skipped>
          <failedSince>0</failedSince>
        </case>
        <case>
          <duration>0.0</duration>
          <className>hudson.scheduler.CronTabDayOfWeekLocaleTest</className>
          <testName>isSundayAndPreviousRunIsPreviousSunday[97]</testName>
          <skipped>false</skipped>
          <failedSince>0</failedSince>
        </case>
        <case>
          <duration>0.0</duration>
          <className>hudson.scheduler.CronTabDayOfWeekLocaleTest</className>
          <testName>isSundayAndNextRunIsFriday[97]</testName>
          <skipped>false</skipped>
          <failedSince>0</failedSince>
        </case>
        <case>
          <duration>0.001</duration>
          <className>hudson.scheduler.CronTabDayOfWeekLocaleTest</className>
          <testName>isSundayAndPreviousRunIsSaturdayAsterisk[97]</testName>
          <skipped>false</skipped>
          <failedSince>0</failedSince>
        </case>
        <case>
          <duration>0.0</duration>
          <className>hudson.scheduler.CronTabDayOfWeekLocaleTest</className>
          <testName>isSundayAndNextRunIsMonday[97]</testName>
          <skipped>false</skipped>
          <failedSince>0</failedSince>
        </case>
        <case>
          <duration>0.0</duration>
          <className>hudson.scheduler.CronTabDayOfWeekLocaleTest</className>
          <testName>isSundayAndPreviousRunIsFriday[97]</testName>
          <skipped>false</skipped>
          <failedSince>0</failedSince>
        </case>
        <case>
          <duration>0.001</duration>
          <className>hudson.scheduler.CronTabDayOfWeekLocaleTest</className>
          <testName>isSundayAndNextRunIsTuesday[97]</testName>
          <skipped>false</skipped>
          <failedSince>0</failedSince>
        </case>
        <case>
          <duration>0.0</duration>
          <className>hudson.scheduler.CronTabDayOfWeekLocaleTest</className>
          <testName>isSundayAndNextRunIsNextSunday7[97]</testName>
          <skipped>false</skipped>
          <failedSince>0</failedSince>
        </case>
        <case>
          <duration>0.0</duration>
          <className>hudson.scheduler.CronTabDayOfWeekLocaleTest</className>
          <testName>isSundayAndPreviousRunIsMonday[97]</testName>
          <skipped>false</skipped>
          <failedSince>0</failedSince>
        </case>
        <case>
          <duration>0.001</duration>
          <className>hudson.scheduler.CronTabDayOfWeekLocaleTest</className>
          <testName>isSaturdayAndNextRunIsSundayAsterisk[97]</testName>
          <skipped>false</skipped>
          <failedSince>0</failedSince>
        </case>
        <case>
          <duration>0.0</duration>
          <className>hudson.scheduler.CronTabDayOfWeekLocaleTest</className>
          <testName>hudson8658[97]</testName>
          <skipped>false</skipped>
          <failedSince>0</failedSince>
        </case>
        <case>
          <duration>0.0</duration>
          <className>hudson.scheduler.CronTabDayOfWeekLocaleTest</className>
          <testName>isSundayAndNextRunIsNextSunday[97]</testName>
          <skipped>false</skipped>
          <failedSince>0</failedSince>
        </case>
        <case>
          <duration>0.0</duration>
          <className>hudson.scheduler.CronTabDayOfWeekLocaleTest</className>
          <testName>isSundayAndNextRunIsThursday[97]</testName>
          <skipped>false</skipped>
          <failedSince>0</failedSince>
        </case>
        <case>
          <duration>0.0</duration>
          <className>hudson.scheduler.CronTabDayOfWeekLocaleTest</className>
          <testName>isSundayAndPreviousRunIsPreviousSunday7[97]</testName>
          <skipped>false</skipped>
          <failedSince>0</failedSince>
        </case>
        <case>
          <duration>0.0</duration>
          <className>hudson.scheduler.CronTabDayOfWeekLocaleTest</className>
          <testName>isSundayAndNextRunIsWednesday[97]</testName>
          <skipped>false</skipped>
          <failedSince>0</failedSince>
        </case>
        <case>
          <duration>0.001</duration>
          <className>hudson.scheduler.CronTabDayOfWeekLocaleTest</className>
          <testName>isSundayAndNextRunIsSaturday[97]</testName>
          <skipped>false</skipped>
          <failedSince>0</failedSince>
        </case>
        <case>
          <duration>0.0</duration>
          <className>hudson.scheduler.CronTabDayOfWeekLocaleTest</className>
          <testName>isSundayAndPreviousRunIsTuesday[98]</testName>
          <skipped>false</skipped>
          <failedSince>0</failedSince>
        </case>
        <case>
          <duration>0.0</duration>
          <className>hudson.scheduler.CronTabDayOfWeekLocaleTest</className>
          <testName>isSundayAndPreviousRunIsThursday[98]</testName>
          <skipped>false</skipped>
          <failedSince>0</failedSince>
        </case>
        <case>
          <duration>0.001</duration>
          <className>hudson.scheduler.CronTabDayOfWeekLocaleTest</className>
          <testName>isSundayAndPreviousRunIsWednesday[98]</testName>
          <skipped>false</skipped>
          <failedSince>0</failedSince>
        </case>
        <case>
          <duration>0.0</duration>
          <className>hudson.scheduler.CronTabDayOfWeekLocaleTest</className>
          <testName>isSundayAndPreviousRunIsSaturday[98]</testName>
          <skipped>false</skipped>
          <failedSince>0</failedSince>
        </case>
        <case>
          <duration>0.0</duration>
          <className>hudson.scheduler.CronTabDayOfWeekLocaleTest</className>
          <testName>isSundayAndPreviousRunIsPreviousSunday[98]</testName>
          <skipped>false</skipped>
          <failedSince>0</failedSince>
        </case>
        <case>
          <duration>0.001</duration>
          <className>hudson.scheduler.CronTabDayOfWeekLocaleTest</className>
          <testName>isSundayAndNextRunIsFriday[98]</testName>
          <skipped>false</skipped>
          <failedSince>0</failedSince>
        </case>
        <case>
          <duration>0.0</duration>
          <className>hudson.scheduler.CronTabDayOfWeekLocaleTest</className>
          <testName>isSundayAndPreviousRunIsSaturdayAsterisk[98]</testName>
          <skipped>false</skipped>
          <failedSince>0</failedSince>
        </case>
        <case>
          <duration>0.0</duration>
          <className>hudson.scheduler.CronTabDayOfWeekLocaleTest</className>
          <testName>isSundayAndNextRunIsMonday[98]</testName>
          <skipped>false</skipped>
          <failedSince>0</failedSince>
        </case>
        <case>
          <duration>0.001</duration>
          <className>hudson.scheduler.CronTabDayOfWeekLocaleTest</className>
          <testName>isSundayAndPreviousRunIsFriday[98]</testName>
          <skipped>false</skipped>
          <failedSince>0</failedSince>
        </case>
        <case>
          <duration>0.0</duration>
          <className>hudson.scheduler.CronTabDayOfWeekLocaleTest</className>
          <testName>isSundayAndNextRunIsTuesday[98]</testName>
          <skipped>false</skipped>
          <failedSince>0</failedSince>
        </case>
        <case>
          <duration>0.0</duration>
          <className>hudson.scheduler.CronTabDayOfWeekLocaleTest</className>
          <testName>isSundayAndNextRunIsNextSunday7[98]</testName>
          <skipped>false</skipped>
          <failedSince>0</failedSince>
        </case>
        <case>
          <duration>0.001</duration>
          <className>hudson.scheduler.CronTabDayOfWeekLocaleTest</className>
          <testName>isSundayAndPreviousRunIsMonday[98]</testName>
          <skipped>false</skipped>
          <failedSince>0</failedSince>
        </case>
        <case>
          <duration>0.0</duration>
          <className>hudson.scheduler.CronTabDayOfWeekLocaleTest</className>
          <testName>isSaturdayAndNextRunIsSundayAsterisk[98]</testName>
          <skipped>false</skipped>
          <failedSince>0</failedSince>
        </case>
        <case>
          <duration>0.0</duration>
          <className>hudson.scheduler.CronTabDayOfWeekLocaleTest</className>
          <testName>hudson8658[98]</testName>
          <skipped>false</skipped>
          <failedSince>0</failedSince>
        </case>
        <case>
          <duration>0.0</duration>
          <className>hudson.scheduler.CronTabDayOfWeekLocaleTest</className>
          <testName>isSundayAndNextRunIsNextSunday[98]</testName>
          <skipped>false</skipped>
          <failedSince>0</failedSince>
        </case>
        <case>
          <duration>0.0</duration>
          <className>hudson.scheduler.CronTabDayOfWeekLocaleTest</className>
          <testName>isSundayAndNextRunIsThursday[98]</testName>
          <skipped>false</skipped>
          <failedSince>0</failedSince>
        </case>
        <case>
          <duration>0.0</duration>
          <className>hudson.scheduler.CronTabDayOfWeekLocaleTest</className>
          <testName>isSundayAndPreviousRunIsPreviousSunday7[98]</testName>
          <skipped>false</skipped>
          <failedSince>0</failedSince>
        </case>
        <case>
          <duration>0.001</duration>
          <className>hudson.scheduler.CronTabDayOfWeekLocaleTest</className>
          <testName>isSundayAndNextRunIsWednesday[98]</testName>
          <skipped>false</skipped>
          <failedSince>0</failedSince>
        </case>
        <case>
          <duration>0.0</duration>
          <className>hudson.scheduler.CronTabDayOfWeekLocaleTest</className>
          <testName>isSundayAndNextRunIsSaturday[98]</testName>
          <skipped>false</skipped>
          <failedSince>0</failedSince>
        </case>
        <case>
          <duration>0.0</duration>
          <className>hudson.scheduler.CronTabDayOfWeekLocaleTest</className>
          <testName>isSundayAndPreviousRunIsTuesday[99]</testName>
          <skipped>false</skipped>
          <failedSince>0</failedSince>
        </case>
        <case>
          <duration>0.002</duration>
          <className>hudson.scheduler.CronTabDayOfWeekLocaleTest</className>
          <testName>isSundayAndPreviousRunIsThursday[99]</testName>
          <skipped>false</skipped>
          <failedSince>0</failedSince>
        </case>
        <case>
          <duration>0.0</duration>
          <className>hudson.scheduler.CronTabDayOfWeekLocaleTest</className>
          <testName>isSundayAndPreviousRunIsWednesday[99]</testName>
          <skipped>false</skipped>
          <failedSince>0</failedSince>
        </case>
        <case>
          <duration>0.0</duration>
          <className>hudson.scheduler.CronTabDayOfWeekLocaleTest</className>
          <testName>isSundayAndPreviousRunIsSaturday[99]</testName>
          <skipped>false</skipped>
          <failedSince>0</failedSince>
        </case>
        <case>
          <duration>0.001</duration>
          <className>hudson.scheduler.CronTabDayOfWeekLocaleTest</className>
          <testName>isSundayAndPreviousRunIsPreviousSunday[99]</testName>
          <skipped>false</skipped>
          <failedSince>0</failedSince>
        </case>
        <case>
          <duration>0.0</duration>
          <className>hudson.scheduler.CronTabDayOfWeekLocaleTest</className>
          <testName>isSundayAndNextRunIsFriday[99]</testName>
          <skipped>false</skipped>
          <failedSince>0</failedSince>
        </case>
        <case>
          <duration>0.0</duration>
          <className>hudson.scheduler.CronTabDayOfWeekLocaleTest</className>
          <testName>isSundayAndPreviousRunIsSaturdayAsterisk[99]</testName>
          <skipped>false</skipped>
          <failedSince>0</failedSince>
        </case>
        <case>
          <duration>0.0</duration>
          <className>hudson.scheduler.CronTabDayOfWeekLocaleTest</className>
          <testName>isSundayAndNextRunIsMonday[99]</testName>
          <skipped>false</skipped>
          <failedSince>0</failedSince>
        </case>
        <case>
          <duration>0.0</duration>
          <className>hudson.scheduler.CronTabDayOfWeekLocaleTest</className>
          <testName>isSundayAndPreviousRunIsFriday[99]</testName>
          <skipped>false</skipped>
          <failedSince>0</failedSince>
        </case>
        <case>
          <duration>0.0</duration>
          <className>hudson.scheduler.CronTabDayOfWeekLocaleTest</className>
          <testName>isSundayAndNextRunIsTuesday[99]</testName>
          <skipped>false</skipped>
          <failedSince>0</failedSince>
        </case>
        <case>
          <duration>0.0</duration>
          <className>hudson.scheduler.CronTabDayOfWeekLocaleTest</className>
          <testName>isSundayAndNextRunIsNextSunday7[99]</testName>
          <skipped>false</skipped>
          <failedSince>0</failedSince>
        </case>
        <case>
          <duration>0.0</duration>
          <className>hudson.scheduler.CronTabDayOfWeekLocaleTest</className>
          <testName>isSundayAndPreviousRunIsMonday[99]</testName>
          <skipped>false</skipped>
          <failedSince>0</failedSince>
        </case>
        <case>
          <duration>0.0</duration>
          <className>hudson.scheduler.CronTabDayOfWeekLocaleTest</className>
          <testName>isSaturdayAndNextRunIsSundayAsterisk[99]</testName>
          <skipped>false</skipped>
          <failedSince>0</failedSince>
        </case>
        <case>
          <duration>0.0</duration>
          <className>hudson.scheduler.CronTabDayOfWeekLocaleTest</className>
          <testName>hudson8658[99]</testName>
          <skipped>false</skipped>
          <failedSince>0</failedSince>
        </case>
        <case>
          <duration>0.0</duration>
          <className>hudson.scheduler.CronTabDayOfWeekLocaleTest</className>
          <testName>isSundayAndNextRunIsNextSunday[99]</testName>
          <skipped>false</skipped>
          <failedSince>0</failedSince>
        </case>
        <case>
          <duration>0.0</duration>
          <className>hudson.scheduler.CronTabDayOfWeekLocaleTest</className>
          <testName>isSundayAndNextRunIsThursday[99]</testName>
          <skipped>false</skipped>
          <failedSince>0</failedSince>
        </case>
        <case>
          <duration>0.0</duration>
          <className>hudson.scheduler.CronTabDayOfWeekLocaleTest</className>
          <testName>isSundayAndPreviousRunIsPreviousSunday7[99]</testName>
          <skipped>false</skipped>
          <failedSince>0</failedSince>
        </case>
        <case>
          <duration>0.0</duration>
          <className>hudson.scheduler.CronTabDayOfWeekLocaleTest</className>
          <testName>isSundayAndNextRunIsWednesday[99]</testName>
          <skipped>false</skipped>
          <failedSince>0</failedSince>
        </case>
        <case>
          <duration>0.0</duration>
          <className>hudson.scheduler.CronTabDayOfWeekLocaleTest</className>
          <testName>isSundayAndNextRunIsSaturday[99]</testName>
          <skipped>false</skipped>
          <failedSince>0</failedSince>
        </case>
        <case>
          <duration>0.0</duration>
          <className>hudson.scheduler.CronTabDayOfWeekLocaleTest</className>
          <testName>isSundayAndPreviousRunIsTuesday[100]</testName>
          <skipped>false</skipped>
          <failedSince>0</failedSince>
        </case>
        <case>
          <duration>0.0</duration>
          <className>hudson.scheduler.CronTabDayOfWeekLocaleTest</className>
          <testName>isSundayAndPreviousRunIsThursday[100]</testName>
          <skipped>false</skipped>
          <failedSince>0</failedSince>
        </case>
        <case>
          <duration>0.0</duration>
          <className>hudson.scheduler.CronTabDayOfWeekLocaleTest</className>
          <testName>isSundayAndPreviousRunIsWednesday[100]</testName>
          <skipped>false</skipped>
          <failedSince>0</failedSince>
        </case>
        <case>
          <duration>0.001</duration>
          <className>hudson.scheduler.CronTabDayOfWeekLocaleTest</className>
          <testName>isSundayAndPreviousRunIsSaturday[100]</testName>
          <skipped>false</skipped>
          <failedSince>0</failedSince>
        </case>
        <case>
          <duration>0.0</duration>
          <className>hudson.scheduler.CronTabDayOfWeekLocaleTest</className>
          <testName>isSundayAndPreviousRunIsPreviousSunday[100]</testName>
          <skipped>false</skipped>
          <failedSince>0</failedSince>
        </case>
        <case>
          <duration>0.0</duration>
          <className>hudson.scheduler.CronTabDayOfWeekLocaleTest</className>
          <testName>isSundayAndNextRunIsFriday[100]</testName>
          <skipped>false</skipped>
          <failedSince>0</failedSince>
        </case>
        <case>
          <duration>0.001</duration>
          <className>hudson.scheduler.CronTabDayOfWeekLocaleTest</className>
          <testName>isSundayAndPreviousRunIsSaturdayAsterisk[100]</testName>
          <skipped>false</skipped>
          <failedSince>0</failedSince>
        </case>
        <case>
          <duration>0.0</duration>
          <className>hudson.scheduler.CronTabDayOfWeekLocaleTest</className>
          <testName>isSundayAndNextRunIsMonday[100]</testName>
          <skipped>false</skipped>
          <failedSince>0</failedSince>
        </case>
        <case>
          <duration>0.0</duration>
          <className>hudson.scheduler.CronTabDayOfWeekLocaleTest</className>
          <testName>isSundayAndPreviousRunIsFriday[100]</testName>
          <skipped>false</skipped>
          <failedSince>0</failedSince>
        </case>
        <case>
          <duration>0.001</duration>
          <className>hudson.scheduler.CronTabDayOfWeekLocaleTest</className>
          <testName>isSundayAndNextRunIsTuesday[100]</testName>
          <skipped>false</skipped>
          <failedSince>0</failedSince>
        </case>
        <case>
          <duration>0.0</duration>
          <className>hudson.scheduler.CronTabDayOfWeekLocaleTest</className>
          <testName>isSundayAndNextRunIsNextSunday7[100]</testName>
          <skipped>false</skipped>
          <failedSince>0</failedSince>
        </case>
        <case>
          <duration>0.001</duration>
          <className>hudson.scheduler.CronTabDayOfWeekLocaleTest</className>
          <testName>isSundayAndPreviousRunIsMonday[100]</testName>
          <skipped>false</skipped>
          <failedSince>0</failedSince>
        </case>
        <case>
          <duration>0.0</duration>
          <className>hudson.scheduler.CronTabDayOfWeekLocaleTest</className>
          <testName>isSaturdayAndNextRunIsSundayAsterisk[100]</testName>
          <skipped>false</skipped>
          <failedSince>0</failedSince>
        </case>
        <case>
          <duration>0.0</duration>
          <className>hudson.scheduler.CronTabDayOfWeekLocaleTest</className>
          <testName>hudson8658[100]</testName>
          <skipped>false</skipped>
          <failedSince>0</failedSince>
        </case>
        <case>
          <duration>0.0</duration>
          <className>hudson.scheduler.CronTabDayOfWeekLocaleTest</className>
          <testName>isSundayAndNextRunIsNextSunday[100]</testName>
          <skipped>false</skipped>
          <failedSince>0</failedSince>
        </case>
        <case>
          <duration>0.0</duration>
          <className>hudson.scheduler.CronTabDayOfWeekLocaleTest</className>
          <testName>isSundayAndNextRunIsThursday[100]</testName>
          <skipped>false</skipped>
          <failedSince>0</failedSince>
        </case>
        <case>
          <duration>0.0</duration>
          <className>hudson.scheduler.CronTabDayOfWeekLocaleTest</className>
          <testName>isSundayAndPreviousRunIsPreviousSunday7[100]</testName>
          <skipped>false</skipped>
          <failedSince>0</failedSince>
        </case>
        <case>
          <duration>0.001</duration>
          <className>hudson.scheduler.CronTabDayOfWeekLocaleTest</className>
          <testName>isSundayAndNextRunIsWednesday[100]</testName>
          <skipped>false</skipped>
          <failedSince>0</failedSince>
        </case>
        <case>
          <duration>0.0</duration>
          <className>hudson.scheduler.CronTabDayOfWeekLocaleTest</className>
          <testName>isSundayAndNextRunIsSaturday[100]</testName>
          <skipped>false</skipped>
          <failedSince>0</failedSince>
        </case>
        <case>
          <duration>0.0</duration>
          <className>hudson.scheduler.CronTabDayOfWeekLocaleTest</className>
          <testName>isSundayAndPreviousRunIsTuesday[101]</testName>
          <skipped>false</skipped>
          <failedSince>0</failedSince>
        </case>
        <case>
          <duration>0.0</duration>
          <className>hudson.scheduler.CronTabDayOfWeekLocaleTest</className>
          <testName>isSundayAndPreviousRunIsThursday[101]</testName>
          <skipped>false</skipped>
          <failedSince>0</failedSince>
        </case>
        <case>
          <duration>0.002</duration>
          <className>hudson.scheduler.CronTabDayOfWeekLocaleTest</className>
          <testName>isSundayAndPreviousRunIsWednesday[101]</testName>
          <skipped>false</skipped>
          <failedSince>0</failedSince>
        </case>
        <case>
          <duration>0.0</duration>
          <className>hudson.scheduler.CronTabDayOfWeekLocaleTest</className>
          <testName>isSundayAndPreviousRunIsSaturday[101]</testName>
          <skipped>false</skipped>
          <failedSince>0</failedSince>
        </case>
        <case>
          <duration>0.001</duration>
          <className>hudson.scheduler.CronTabDayOfWeekLocaleTest</className>
          <testName>isSundayAndPreviousRunIsPreviousSunday[101]</testName>
          <skipped>false</skipped>
          <failedSince>0</failedSince>
        </case>
        <case>
          <duration>0.0</duration>
          <className>hudson.scheduler.CronTabDayOfWeekLocaleTest</className>
          <testName>isSundayAndNextRunIsFriday[101]</testName>
          <skipped>false</skipped>
          <failedSince>0</failedSince>
        </case>
        <case>
          <duration>0.0</duration>
          <className>hudson.scheduler.CronTabDayOfWeekLocaleTest</className>
          <testName>isSundayAndPreviousRunIsSaturdayAsterisk[101]</testName>
          <skipped>false</skipped>
          <failedSince>0</failedSince>
        </case>
        <case>
          <duration>0.001</duration>
          <className>hudson.scheduler.CronTabDayOfWeekLocaleTest</className>
          <testName>isSundayAndNextRunIsMonday[101]</testName>
          <skipped>false</skipped>
          <failedSince>0</failedSince>
        </case>
        <case>
          <duration>0.0</duration>
          <className>hudson.scheduler.CronTabDayOfWeekLocaleTest</className>
          <testName>isSundayAndPreviousRunIsFriday[101]</testName>
          <skipped>false</skipped>
          <failedSince>0</failedSince>
        </case>
        <case>
          <duration>0.0</duration>
          <className>hudson.scheduler.CronTabDayOfWeekLocaleTest</className>
          <testName>isSundayAndNextRunIsTuesday[101]</testName>
          <skipped>false</skipped>
          <failedSince>0</failedSince>
        </case>
        <case>
          <duration>0.001</duration>
          <className>hudson.scheduler.CronTabDayOfWeekLocaleTest</className>
          <testName>isSundayAndNextRunIsNextSunday7[101]</testName>
          <skipped>false</skipped>
          <failedSince>0</failedSince>
        </case>
        <case>
          <duration>0.0</duration>
          <className>hudson.scheduler.CronTabDayOfWeekLocaleTest</className>
          <testName>isSundayAndPreviousRunIsMonday[101]</testName>
          <skipped>false</skipped>
          <failedSince>0</failedSince>
        </case>
        <case>
          <duration>0.0</duration>
          <className>hudson.scheduler.CronTabDayOfWeekLocaleTest</className>
          <testName>isSaturdayAndNextRunIsSundayAsterisk[101]</testName>
          <skipped>false</skipped>
          <failedSince>0</failedSince>
        </case>
        <case>
          <duration>0.0</duration>
          <className>hudson.scheduler.CronTabDayOfWeekLocaleTest</className>
          <testName>hudson8658[101]</testName>
          <skipped>false</skipped>
          <failedSince>0</failedSince>
        </case>
        <case>
          <duration>0.0</duration>
          <className>hudson.scheduler.CronTabDayOfWeekLocaleTest</className>
          <testName>isSundayAndNextRunIsNextSunday[101]</testName>
          <skipped>false</skipped>
          <failedSince>0</failedSince>
        </case>
        <case>
          <duration>0.0</duration>
          <className>hudson.scheduler.CronTabDayOfWeekLocaleTest</className>
          <testName>isSundayAndNextRunIsThursday[101]</testName>
          <skipped>false</skipped>
          <failedSince>0</failedSince>
        </case>
        <case>
          <duration>0.0</duration>
          <className>hudson.scheduler.CronTabDayOfWeekLocaleTest</className>
          <testName>isSundayAndPreviousRunIsPreviousSunday7[101]</testName>
          <skipped>false</skipped>
          <failedSince>0</failedSince>
        </case>
        <case>
          <duration>0.001</duration>
          <className>hudson.scheduler.CronTabDayOfWeekLocaleTest</className>
          <testName>isSundayAndNextRunIsWednesday[101]</testName>
          <skipped>false</skipped>
          <failedSince>0</failedSince>
        </case>
        <case>
          <duration>0.0</duration>
          <className>hudson.scheduler.CronTabDayOfWeekLocaleTest</className>
          <testName>isSundayAndNextRunIsSaturday[101]</testName>
          <skipped>false</skipped>
          <failedSince>0</failedSince>
        </case>
        <case>
          <duration>0.0</duration>
          <className>hudson.scheduler.CronTabDayOfWeekLocaleTest</className>
          <testName>isSundayAndPreviousRunIsTuesday[102]</testName>
          <skipped>false</skipped>
          <failedSince>0</failedSince>
        </case>
        <case>
          <duration>0.001</duration>
          <className>hudson.scheduler.CronTabDayOfWeekLocaleTest</className>
          <testName>isSundayAndPreviousRunIsThursday[102]</testName>
          <skipped>false</skipped>
          <failedSince>0</failedSince>
        </case>
        <case>
          <duration>0.0</duration>
          <className>hudson.scheduler.CronTabDayOfWeekLocaleTest</className>
          <testName>isSundayAndPreviousRunIsWednesday[102]</testName>
          <skipped>false</skipped>
          <failedSince>0</failedSince>
        </case>
        <case>
          <duration>0.0</duration>
          <className>hudson.scheduler.CronTabDayOfWeekLocaleTest</className>
          <testName>isSundayAndPreviousRunIsSaturday[102]</testName>
          <skipped>false</skipped>
          <failedSince>0</failedSince>
        </case>
        <case>
          <duration>0.001</duration>
          <className>hudson.scheduler.CronTabDayOfWeekLocaleTest</className>
          <testName>isSundayAndPreviousRunIsPreviousSunday[102]</testName>
          <skipped>false</skipped>
          <failedSince>0</failedSince>
        </case>
        <case>
          <duration>0.0</duration>
          <className>hudson.scheduler.CronTabDayOfWeekLocaleTest</className>
          <testName>isSundayAndNextRunIsFriday[102]</testName>
          <skipped>false</skipped>
          <failedSince>0</failedSince>
        </case>
        <case>
          <duration>0.0</duration>
          <className>hudson.scheduler.CronTabDayOfWeekLocaleTest</className>
          <testName>isSundayAndPreviousRunIsSaturdayAsterisk[102]</testName>
          <skipped>false</skipped>
          <failedSince>0</failedSince>
        </case>
        <case>
          <duration>0.001</duration>
          <className>hudson.scheduler.CronTabDayOfWeekLocaleTest</className>
          <testName>isSundayAndNextRunIsMonday[102]</testName>
          <skipped>false</skipped>
          <failedSince>0</failedSince>
        </case>
        <case>
          <duration>0.0</duration>
          <className>hudson.scheduler.CronTabDayOfWeekLocaleTest</className>
          <testName>isSundayAndPreviousRunIsFriday[102]</testName>
          <skipped>false</skipped>
          <failedSince>0</failedSince>
        </case>
        <case>
          <duration>0.0</duration>
          <className>hudson.scheduler.CronTabDayOfWeekLocaleTest</className>
          <testName>isSundayAndNextRunIsTuesday[102]</testName>
          <skipped>false</skipped>
          <failedSince>0</failedSince>
        </case>
        <case>
          <duration>0.0</duration>
          <className>hudson.scheduler.CronTabDayOfWeekLocaleTest</className>
          <testName>isSundayAndNextRunIsNextSunday7[102]</testName>
          <skipped>false</skipped>
          <failedSince>0</failedSince>
        </case>
        <case>
          <duration>0.0</duration>
          <className>hudson.scheduler.CronTabDayOfWeekLocaleTest</className>
          <testName>isSundayAndPreviousRunIsMonday[102]</testName>
          <skipped>false</skipped>
          <failedSince>0</failedSince>
        </case>
        <case>
          <duration>0.0</duration>
          <className>hudson.scheduler.CronTabDayOfWeekLocaleTest</className>
          <testName>isSaturdayAndNextRunIsSundayAsterisk[102]</testName>
          <skipped>false</skipped>
          <failedSince>0</failedSince>
        </case>
        <case>
          <duration>0.0</duration>
          <className>hudson.scheduler.CronTabDayOfWeekLocaleTest</className>
          <testName>hudson8658[102]</testName>
          <skipped>false</skipped>
          <failedSince>0</failedSince>
        </case>
        <case>
          <duration>0.0</duration>
          <className>hudson.scheduler.CronTabDayOfWeekLocaleTest</className>
          <testName>isSundayAndNextRunIsNextSunday[102]</testName>
          <skipped>false</skipped>
          <failedSince>0</failedSince>
        </case>
        <case>
          <duration>0.0</duration>
          <className>hudson.scheduler.CronTabDayOfWeekLocaleTest</className>
          <testName>isSundayAndNextRunIsThursday[102]</testName>
          <skipped>false</skipped>
          <failedSince>0</failedSince>
        </case>
        <case>
          <duration>0.0</duration>
          <className>hudson.scheduler.CronTabDayOfWeekLocaleTest</className>
          <testName>isSundayAndPreviousRunIsPreviousSunday7[102]</testName>
          <skipped>false</skipped>
          <failedSince>0</failedSince>
        </case>
        <case>
          <duration>0.001</duration>
          <className>hudson.scheduler.CronTabDayOfWeekLocaleTest</className>
          <testName>isSundayAndNextRunIsWednesday[102]</testName>
          <skipped>false</skipped>
          <failedSince>0</failedSince>
        </case>
        <case>
          <duration>0.0</duration>
          <className>hudson.scheduler.CronTabDayOfWeekLocaleTest</className>
          <testName>isSundayAndNextRunIsSaturday[102]</testName>
          <skipped>false</skipped>
          <failedSince>0</failedSince>
        </case>
        <case>
          <duration>0.0</duration>
          <className>hudson.scheduler.CronTabDayOfWeekLocaleTest</className>
          <testName>isSundayAndPreviousRunIsTuesday[103]</testName>
          <skipped>false</skipped>
          <failedSince>0</failedSince>
        </case>
        <case>
          <duration>0.001</duration>
          <className>hudson.scheduler.CronTabDayOfWeekLocaleTest</className>
          <testName>isSundayAndPreviousRunIsThursday[103]</testName>
          <skipped>false</skipped>
          <failedSince>0</failedSince>
        </case>
        <case>
          <duration>0.0</duration>
          <className>hudson.scheduler.CronTabDayOfWeekLocaleTest</className>
          <testName>isSundayAndPreviousRunIsWednesday[103]</testName>
          <skipped>false</skipped>
          <failedSince>0</failedSince>
        </case>
        <case>
          <duration>0.0</duration>
          <className>hudson.scheduler.CronTabDayOfWeekLocaleTest</className>
          <testName>isSundayAndPreviousRunIsSaturday[103]</testName>
          <skipped>false</skipped>
          <failedSince>0</failedSince>
        </case>
        <case>
          <duration>0.001</duration>
          <className>hudson.scheduler.CronTabDayOfWeekLocaleTest</className>
          <testName>isSundayAndPreviousRunIsPreviousSunday[103]</testName>
          <skipped>false</skipped>
          <failedSince>0</failedSince>
        </case>
        <case>
          <duration>0.0</duration>
          <className>hudson.scheduler.CronTabDayOfWeekLocaleTest</className>
          <testName>isSundayAndNextRunIsFriday[103]</testName>
          <skipped>false</skipped>
          <failedSince>0</failedSince>
        </case>
        <case>
          <duration>0.0</duration>
          <className>hudson.scheduler.CronTabDayOfWeekLocaleTest</className>
          <testName>isSundayAndPreviousRunIsSaturdayAsterisk[103]</testName>
          <skipped>false</skipped>
          <failedSince>0</failedSince>
        </case>
        <case>
          <duration>0.001</duration>
          <className>hudson.scheduler.CronTabDayOfWeekLocaleTest</className>
          <testName>isSundayAndNextRunIsMonday[103]</testName>
          <skipped>false</skipped>
          <failedSince>0</failedSince>
        </case>
        <case>
          <duration>0.0</duration>
          <className>hudson.scheduler.CronTabDayOfWeekLocaleTest</className>
          <testName>isSundayAndPreviousRunIsFriday[103]</testName>
          <skipped>false</skipped>
          <failedSince>0</failedSince>
        </case>
        <case>
          <duration>0.0</duration>
          <className>hudson.scheduler.CronTabDayOfWeekLocaleTest</className>
          <testName>isSundayAndNextRunIsTuesday[103]</testName>
          <skipped>false</skipped>
          <failedSince>0</failedSince>
        </case>
        <case>
          <duration>0.0</duration>
          <className>hudson.scheduler.CronTabDayOfWeekLocaleTest</className>
          <testName>isSundayAndNextRunIsNextSunday7[103]</testName>
          <skipped>false</skipped>
          <failedSince>0</failedSince>
        </case>
        <case>
          <duration>0.0</duration>
          <className>hudson.scheduler.CronTabDayOfWeekLocaleTest</className>
          <testName>isSundayAndPreviousRunIsMonday[103]</testName>
          <skipped>false</skipped>
          <failedSince>0</failedSince>
        </case>
        <case>
          <duration>0.0</duration>
          <className>hudson.scheduler.CronTabDayOfWeekLocaleTest</className>
          <testName>isSaturdayAndNextRunIsSundayAsterisk[103]</testName>
          <skipped>false</skipped>
          <failedSince>0</failedSince>
        </case>
        <case>
          <duration>0.0</duration>
          <className>hudson.scheduler.CronTabDayOfWeekLocaleTest</className>
          <testName>hudson8658[103]</testName>
          <skipped>false</skipped>
          <failedSince>0</failedSince>
        </case>
        <case>
          <duration>0.001</duration>
          <className>hudson.scheduler.CronTabDayOfWeekLocaleTest</className>
          <testName>isSundayAndNextRunIsNextSunday[103]</testName>
          <skipped>false</skipped>
          <failedSince>0</failedSince>
        </case>
        <case>
          <duration>0.0</duration>
          <className>hudson.scheduler.CronTabDayOfWeekLocaleTest</className>
          <testName>isSundayAndNextRunIsThursday[103]</testName>
          <skipped>false</skipped>
          <failedSince>0</failedSince>
        </case>
        <case>
          <duration>0.0</duration>
          <className>hudson.scheduler.CronTabDayOfWeekLocaleTest</className>
          <testName>isSundayAndPreviousRunIsPreviousSunday7[103]</testName>
          <skipped>false</skipped>
          <failedSince>0</failedSince>
        </case>
        <case>
          <duration>0.001</duration>
          <className>hudson.scheduler.CronTabDayOfWeekLocaleTest</className>
          <testName>isSundayAndNextRunIsWednesday[103]</testName>
          <skipped>false</skipped>
          <failedSince>0</failedSince>
        </case>
        <case>
          <duration>0.0</duration>
          <className>hudson.scheduler.CronTabDayOfWeekLocaleTest</className>
          <testName>isSundayAndNextRunIsSaturday[103]</testName>
          <skipped>false</skipped>
          <failedSince>0</failedSince>
        </case>
        <case>
          <duration>0.0</duration>
          <className>hudson.scheduler.CronTabDayOfWeekLocaleTest</className>
          <testName>isSundayAndPreviousRunIsTuesday[104]</testName>
          <skipped>false</skipped>
          <failedSince>0</failedSince>
        </case>
        <case>
          <duration>0.001</duration>
          <className>hudson.scheduler.CronTabDayOfWeekLocaleTest</className>
          <testName>isSundayAndPreviousRunIsThursday[104]</testName>
          <skipped>false</skipped>
          <failedSince>0</failedSince>
        </case>
        <case>
          <duration>0.0</duration>
          <className>hudson.scheduler.CronTabDayOfWeekLocaleTest</className>
          <testName>isSundayAndPreviousRunIsWednesday[104]</testName>
          <skipped>false</skipped>
          <failedSince>0</failedSince>
        </case>
        <case>
          <duration>0.001</duration>
          <className>hudson.scheduler.CronTabDayOfWeekLocaleTest</className>
          <testName>isSundayAndPreviousRunIsSaturday[104]</testName>
          <skipped>false</skipped>
          <failedSince>0</failedSince>
        </case>
        <case>
          <duration>0.0</duration>
          <className>hudson.scheduler.CronTabDayOfWeekLocaleTest</className>
          <testName>isSundayAndPreviousRunIsPreviousSunday[104]</testName>
          <skipped>false</skipped>
          <failedSince>0</failedSince>
        </case>
        <case>
          <duration>0.0</duration>
          <className>hudson.scheduler.CronTabDayOfWeekLocaleTest</className>
          <testName>isSundayAndNextRunIsFriday[104]</testName>
          <skipped>false</skipped>
          <failedSince>0</failedSince>
        </case>
        <case>
          <duration>0.0</duration>
          <className>hudson.scheduler.CronTabDayOfWeekLocaleTest</className>
          <testName>isSundayAndPreviousRunIsSaturdayAsterisk[104]</testName>
          <skipped>false</skipped>
          <failedSince>0</failedSince>
        </case>
        <case>
          <duration>0.0</duration>
          <className>hudson.scheduler.CronTabDayOfWeekLocaleTest</className>
          <testName>isSundayAndNextRunIsMonday[104]</testName>
          <skipped>false</skipped>
          <failedSince>0</failedSince>
        </case>
        <case>
          <duration>0.0</duration>
          <className>hudson.scheduler.CronTabDayOfWeekLocaleTest</className>
          <testName>isSundayAndPreviousRunIsFriday[104]</testName>
          <skipped>false</skipped>
          <failedSince>0</failedSince>
        </case>
        <case>
          <duration>0.0</duration>
          <className>hudson.scheduler.CronTabDayOfWeekLocaleTest</className>
          <testName>isSundayAndNextRunIsTuesday[104]</testName>
          <skipped>false</skipped>
          <failedSince>0</failedSince>
        </case>
        <case>
          <duration>0.0</duration>
          <className>hudson.scheduler.CronTabDayOfWeekLocaleTest</className>
          <testName>isSundayAndNextRunIsNextSunday7[104]</testName>
          <skipped>false</skipped>
          <failedSince>0</failedSince>
        </case>
        <case>
          <duration>0.0</duration>
          <className>hudson.scheduler.CronTabDayOfWeekLocaleTest</className>
          <testName>isSundayAndPreviousRunIsMonday[104]</testName>
          <skipped>false</skipped>
          <failedSince>0</failedSince>
        </case>
        <case>
          <duration>0.001</duration>
          <className>hudson.scheduler.CronTabDayOfWeekLocaleTest</className>
          <testName>isSaturdayAndNextRunIsSundayAsterisk[104]</testName>
          <skipped>false</skipped>
          <failedSince>0</failedSince>
        </case>
        <case>
          <duration>0.0</duration>
          <className>hudson.scheduler.CronTabDayOfWeekLocaleTest</className>
          <testName>hudson8658[104]</testName>
          <skipped>false</skipped>
          <failedSince>0</failedSince>
        </case>
        <case>
          <duration>0.001</duration>
          <className>hudson.scheduler.CronTabDayOfWeekLocaleTest</className>
          <testName>isSundayAndNextRunIsNextSunday[104]</testName>
          <skipped>false</skipped>
          <failedSince>0</failedSince>
        </case>
        <case>
          <duration>0.0</duration>
          <className>hudson.scheduler.CronTabDayOfWeekLocaleTest</className>
          <testName>isSundayAndNextRunIsThursday[104]</testName>
          <skipped>false</skipped>
          <failedSince>0</failedSince>
        </case>
        <case>
          <duration>0.0</duration>
          <className>hudson.scheduler.CronTabDayOfWeekLocaleTest</className>
          <testName>isSundayAndPreviousRunIsPreviousSunday7[104]</testName>
          <skipped>false</skipped>
          <failedSince>0</failedSince>
        </case>
        <case>
          <duration>0.0</duration>
          <className>hudson.scheduler.CronTabDayOfWeekLocaleTest</className>
          <testName>isSundayAndNextRunIsWednesday[104]</testName>
          <skipped>false</skipped>
          <failedSince>0</failedSince>
        </case>
        <case>
          <duration>0.0</duration>
          <className>hudson.scheduler.CronTabDayOfWeekLocaleTest</className>
          <testName>isSundayAndNextRunIsSaturday[104]</testName>
          <skipped>false</skipped>
          <failedSince>0</failedSince>
        </case>
        <case>
          <duration>0.0</duration>
          <className>hudson.scheduler.CronTabDayOfWeekLocaleTest</className>
          <testName>isSundayAndPreviousRunIsTuesday[105]</testName>
          <skipped>false</skipped>
          <failedSince>0</failedSince>
        </case>
        <case>
          <duration>0.001</duration>
          <className>hudson.scheduler.CronTabDayOfWeekLocaleTest</className>
          <testName>isSundayAndPreviousRunIsThursday[105]</testName>
          <skipped>false</skipped>
          <failedSince>0</failedSince>
        </case>
        <case>
          <duration>0.0</duration>
          <className>hudson.scheduler.CronTabDayOfWeekLocaleTest</className>
          <testName>isSundayAndPreviousRunIsWednesday[105]</testName>
          <skipped>false</skipped>
          <failedSince>0</failedSince>
        </case>
        <case>
          <duration>0.0</duration>
          <className>hudson.scheduler.CronTabDayOfWeekLocaleTest</className>
          <testName>isSundayAndPreviousRunIsSaturday[105]</testName>
          <skipped>false</skipped>
          <failedSince>0</failedSince>
        </case>
        <case>
          <duration>0.001</duration>
          <className>hudson.scheduler.CronTabDayOfWeekLocaleTest</className>
          <testName>isSundayAndPreviousRunIsPreviousSunday[105]</testName>
          <skipped>false</skipped>
          <failedSince>0</failedSince>
        </case>
        <case>
          <duration>0.0</duration>
          <className>hudson.scheduler.CronTabDayOfWeekLocaleTest</className>
          <testName>isSundayAndNextRunIsFriday[105]</testName>
          <skipped>false</skipped>
          <failedSince>0</failedSince>
        </case>
        <case>
          <duration>0.0</duration>
          <className>hudson.scheduler.CronTabDayOfWeekLocaleTest</className>
          <testName>isSundayAndPreviousRunIsSaturdayAsterisk[105]</testName>
          <skipped>false</skipped>
          <failedSince>0</failedSince>
        </case>
        <case>
          <duration>0.0</duration>
          <className>hudson.scheduler.CronTabDayOfWeekLocaleTest</className>
          <testName>isSundayAndNextRunIsMonday[105]</testName>
          <skipped>false</skipped>
          <failedSince>0</failedSince>
        </case>
        <case>
          <duration>0.0</duration>
          <className>hudson.scheduler.CronTabDayOfWeekLocaleTest</className>
          <testName>isSundayAndPreviousRunIsFriday[105]</testName>
          <skipped>false</skipped>
          <failedSince>0</failedSince>
        </case>
        <case>
          <duration>0.001</duration>
          <className>hudson.scheduler.CronTabDayOfWeekLocaleTest</className>
          <testName>isSundayAndNextRunIsTuesday[105]</testName>
          <skipped>false</skipped>
          <failedSince>0</failedSince>
        </case>
        <case>
          <duration>0.0</duration>
          <className>hudson.scheduler.CronTabDayOfWeekLocaleTest</className>
          <testName>isSundayAndNextRunIsNextSunday7[105]</testName>
          <skipped>false</skipped>
          <failedSince>0</failedSince>
        </case>
        <case>
          <duration>0.0</duration>
          <className>hudson.scheduler.CronTabDayOfWeekLocaleTest</className>
          <testName>isSundayAndPreviousRunIsMonday[105]</testName>
          <skipped>false</skipped>
          <failedSince>0</failedSince>
        </case>
        <case>
          <duration>0.0</duration>
          <className>hudson.scheduler.CronTabDayOfWeekLocaleTest</className>
          <testName>isSaturdayAndNextRunIsSundayAsterisk[105]</testName>
          <skipped>false</skipped>
          <failedSince>0</failedSince>
        </case>
        <case>
          <duration>0.0</duration>
          <className>hudson.scheduler.CronTabDayOfWeekLocaleTest</className>
          <testName>hudson8658[105]</testName>
          <skipped>false</skipped>
          <failedSince>0</failedSince>
        </case>
        <case>
          <duration>0.0</duration>
          <className>hudson.scheduler.CronTabDayOfWeekLocaleTest</className>
          <testName>isSundayAndNextRunIsNextSunday[105]</testName>
          <skipped>false</skipped>
          <failedSince>0</failedSince>
        </case>
        <case>
          <duration>0.0</duration>
          <className>hudson.scheduler.CronTabDayOfWeekLocaleTest</className>
          <testName>isSundayAndNextRunIsThursday[105]</testName>
          <skipped>false</skipped>
          <failedSince>0</failedSince>
        </case>
        <case>
          <duration>0.001</duration>
          <className>hudson.scheduler.CronTabDayOfWeekLocaleTest</className>
          <testName>isSundayAndPreviousRunIsPreviousSunday7[105]</testName>
          <skipped>false</skipped>
          <failedSince>0</failedSince>
        </case>
        <case>
          <duration>0.0</duration>
          <className>hudson.scheduler.CronTabDayOfWeekLocaleTest</className>
          <testName>isSundayAndNextRunIsWednesday[105]</testName>
          <skipped>false</skipped>
          <failedSince>0</failedSince>
        </case>
        <case>
          <duration>0.0</duration>
          <className>hudson.scheduler.CronTabDayOfWeekLocaleTest</className>
          <testName>isSundayAndNextRunIsSaturday[105]</testName>
          <skipped>false</skipped>
          <failedSince>0</failedSince>
        </case>
        <case>
          <duration>0.001</duration>
          <className>hudson.scheduler.CronTabDayOfWeekLocaleTest</className>
          <testName>isSundayAndPreviousRunIsTuesday[106]</testName>
          <skipped>false</skipped>
          <failedSince>0</failedSince>
        </case>
        <case>
          <duration>0.0</duration>
          <className>hudson.scheduler.CronTabDayOfWeekLocaleTest</className>
          <testName>isSundayAndPreviousRunIsThursday[106]</testName>
          <skipped>false</skipped>
          <failedSince>0</failedSince>
        </case>
        <case>
          <duration>0.0</duration>
          <className>hudson.scheduler.CronTabDayOfWeekLocaleTest</className>
          <testName>isSundayAndPreviousRunIsWednesday[106]</testName>
          <skipped>false</skipped>
          <failedSince>0</failedSince>
        </case>
        <case>
          <duration>0.001</duration>
          <className>hudson.scheduler.CronTabDayOfWeekLocaleTest</className>
          <testName>isSundayAndPreviousRunIsSaturday[106]</testName>
          <skipped>false</skipped>
          <failedSince>0</failedSince>
        </case>
        <case>
          <duration>0.0</duration>
          <className>hudson.scheduler.CronTabDayOfWeekLocaleTest</className>
          <testName>isSundayAndPreviousRunIsPreviousSunday[106]</testName>
          <skipped>false</skipped>
          <failedSince>0</failedSince>
        </case>
        <case>
          <duration>0.0</duration>
          <className>hudson.scheduler.CronTabDayOfWeekLocaleTest</className>
          <testName>isSundayAndNextRunIsFriday[106]</testName>
          <skipped>false</skipped>
          <failedSince>0</failedSince>
        </case>
        <case>
          <duration>0.0</duration>
          <className>hudson.scheduler.CronTabDayOfWeekLocaleTest</className>
          <testName>isSundayAndPreviousRunIsSaturdayAsterisk[106]</testName>
          <skipped>false</skipped>
          <failedSince>0</failedSince>
        </case>
        <case>
          <duration>0.0</duration>
          <className>hudson.scheduler.CronTabDayOfWeekLocaleTest</className>
          <testName>isSundayAndNextRunIsMonday[106]</testName>
          <skipped>false</skipped>
          <failedSince>0</failedSince>
        </case>
        <case>
          <duration>0.0</duration>
          <className>hudson.scheduler.CronTabDayOfWeekLocaleTest</className>
          <testName>isSundayAndPreviousRunIsFriday[106]</testName>
          <skipped>false</skipped>
          <failedSince>0</failedSince>
        </case>
        <case>
          <duration>0.001</duration>
          <className>hudson.scheduler.CronTabDayOfWeekLocaleTest</className>
          <testName>isSundayAndNextRunIsTuesday[106]</testName>
          <skipped>false</skipped>
          <failedSince>0</failedSince>
        </case>
        <case>
          <duration>0.0</duration>
          <className>hudson.scheduler.CronTabDayOfWeekLocaleTest</className>
          <testName>isSundayAndNextRunIsNextSunday7[106]</testName>
          <skipped>false</skipped>
          <failedSince>0</failedSince>
        </case>
        <case>
          <duration>0.0</duration>
          <className>hudson.scheduler.CronTabDayOfWeekLocaleTest</className>
          <testName>isSundayAndPreviousRunIsMonday[106]</testName>
          <skipped>false</skipped>
          <failedSince>0</failedSince>
        </case>
        <case>
          <duration>0.0</duration>
          <className>hudson.scheduler.CronTabDayOfWeekLocaleTest</className>
          <testName>isSaturdayAndNextRunIsSundayAsterisk[106]</testName>
          <skipped>false</skipped>
          <failedSince>0</failedSince>
        </case>
        <case>
          <duration>0.0</duration>
          <className>hudson.scheduler.CronTabDayOfWeekLocaleTest</className>
          <testName>hudson8658[106]</testName>
          <skipped>false</skipped>
          <failedSince>0</failedSince>
        </case>
        <case>
          <duration>0.0</duration>
          <className>hudson.scheduler.CronTabDayOfWeekLocaleTest</className>
          <testName>isSundayAndNextRunIsNextSunday[106]</testName>
          <skipped>false</skipped>
          <failedSince>0</failedSince>
        </case>
        <case>
          <duration>0.0</duration>
          <className>hudson.scheduler.CronTabDayOfWeekLocaleTest</className>
          <testName>isSundayAndNextRunIsThursday[106]</testName>
          <skipped>false</skipped>
          <failedSince>0</failedSince>
        </case>
        <case>
          <duration>0.001</duration>
          <className>hudson.scheduler.CronTabDayOfWeekLocaleTest</className>
          <testName>isSundayAndPreviousRunIsPreviousSunday7[106]</testName>
          <skipped>false</skipped>
          <failedSince>0</failedSince>
        </case>
        <case>
          <duration>0.0</duration>
          <className>hudson.scheduler.CronTabDayOfWeekLocaleTest</className>
          <testName>isSundayAndNextRunIsWednesday[106]</testName>
          <skipped>false</skipped>
          <failedSince>0</failedSince>
        </case>
        <case>
          <duration>0.0</duration>
          <className>hudson.scheduler.CronTabDayOfWeekLocaleTest</className>
          <testName>isSundayAndNextRunIsSaturday[106]</testName>
          <skipped>false</skipped>
          <failedSince>0</failedSince>
        </case>
        <case>
          <duration>0.001</duration>
          <className>hudson.scheduler.CronTabDayOfWeekLocaleTest</className>
          <testName>isSundayAndPreviousRunIsTuesday[107]</testName>
          <skipped>false</skipped>
          <failedSince>0</failedSince>
        </case>
        <case>
          <duration>0.0</duration>
          <className>hudson.scheduler.CronTabDayOfWeekLocaleTest</className>
          <testName>isSundayAndPreviousRunIsThursday[107]</testName>
          <skipped>false</skipped>
          <failedSince>0</failedSince>
        </case>
        <case>
          <duration>0.0</duration>
          <className>hudson.scheduler.CronTabDayOfWeekLocaleTest</className>
          <testName>isSundayAndPreviousRunIsWednesday[107]</testName>
          <skipped>false</skipped>
          <failedSince>0</failedSince>
        </case>
        <case>
          <duration>0.001</duration>
          <className>hudson.scheduler.CronTabDayOfWeekLocaleTest</className>
          <testName>isSundayAndPreviousRunIsSaturday[107]</testName>
          <skipped>false</skipped>
          <failedSince>0</failedSince>
        </case>
        <case>
          <duration>0.0</duration>
          <className>hudson.scheduler.CronTabDayOfWeekLocaleTest</className>
          <testName>isSundayAndPreviousRunIsPreviousSunday[107]</testName>
          <skipped>false</skipped>
          <failedSince>0</failedSince>
        </case>
        <case>
          <duration>0.001</duration>
          <className>hudson.scheduler.CronTabDayOfWeekLocaleTest</className>
          <testName>isSundayAndNextRunIsFriday[107]</testName>
          <skipped>false</skipped>
          <failedSince>0</failedSince>
        </case>
        <case>
          <duration>0.0</duration>
          <className>hudson.scheduler.CronTabDayOfWeekLocaleTest</className>
          <testName>isSundayAndPreviousRunIsSaturdayAsterisk[107]</testName>
          <skipped>false</skipped>
          <failedSince>0</failedSince>
        </case>
        <case>
          <duration>0.0</duration>
          <className>hudson.scheduler.CronTabDayOfWeekLocaleTest</className>
          <testName>isSundayAndNextRunIsMonday[107]</testName>
          <skipped>false</skipped>
          <failedSince>0</failedSince>
        </case>
        <case>
          <duration>0.0</duration>
          <className>hudson.scheduler.CronTabDayOfWeekLocaleTest</className>
          <testName>isSundayAndPreviousRunIsFriday[107]</testName>
          <skipped>false</skipped>
          <failedSince>0</failedSince>
        </case>
        <case>
          <duration>0.0</duration>
          <className>hudson.scheduler.CronTabDayOfWeekLocaleTest</className>
          <testName>isSundayAndNextRunIsTuesday[107]</testName>
          <skipped>false</skipped>
          <failedSince>0</failedSince>
        </case>
        <case>
          <duration>0.0</duration>
          <className>hudson.scheduler.CronTabDayOfWeekLocaleTest</className>
          <testName>isSundayAndNextRunIsNextSunday7[107]</testName>
          <skipped>false</skipped>
          <failedSince>0</failedSince>
        </case>
        <case>
          <duration>0.0</duration>
          <className>hudson.scheduler.CronTabDayOfWeekLocaleTest</className>
          <testName>isSundayAndPreviousRunIsMonday[107]</testName>
          <skipped>false</skipped>
          <failedSince>0</failedSince>
        </case>
        <case>
          <duration>0.001</duration>
          <className>hudson.scheduler.CronTabDayOfWeekLocaleTest</className>
          <testName>isSaturdayAndNextRunIsSundayAsterisk[107]</testName>
          <skipped>false</skipped>
          <failedSince>0</failedSince>
        </case>
        <case>
          <duration>0.0</duration>
          <className>hudson.scheduler.CronTabDayOfWeekLocaleTest</className>
          <testName>hudson8658[107]</testName>
          <skipped>false</skipped>
          <failedSince>0</failedSince>
        </case>
        <case>
          <duration>0.0</duration>
          <className>hudson.scheduler.CronTabDayOfWeekLocaleTest</className>
          <testName>isSundayAndNextRunIsNextSunday[107]</testName>
          <skipped>false</skipped>
          <failedSince>0</failedSince>
        </case>
        <case>
          <duration>0.001</duration>
          <className>hudson.scheduler.CronTabDayOfWeekLocaleTest</className>
          <testName>isSundayAndNextRunIsThursday[107]</testName>
          <skipped>false</skipped>
          <failedSince>0</failedSince>
        </case>
        <case>
          <duration>0.0</duration>
          <className>hudson.scheduler.CronTabDayOfWeekLocaleTest</className>
          <testName>isSundayAndPreviousRunIsPreviousSunday7[107]</testName>
          <skipped>false</skipped>
          <failedSince>0</failedSince>
        </case>
        <case>
          <duration>0.0</duration>
          <className>hudson.scheduler.CronTabDayOfWeekLocaleTest</className>
          <testName>isSundayAndNextRunIsWednesday[107]</testName>
          <skipped>false</skipped>
          <failedSince>0</failedSince>
        </case>
        <case>
          <duration>0.0</duration>
          <className>hudson.scheduler.CronTabDayOfWeekLocaleTest</className>
          <testName>isSundayAndNextRunIsSaturday[107]</testName>
          <skipped>false</skipped>
          <failedSince>0</failedSince>
        </case>
        <case>
          <duration>0.0</duration>
          <className>hudson.scheduler.CronTabDayOfWeekLocaleTest</className>
          <testName>isSundayAndPreviousRunIsTuesday[108]</testName>
          <skipped>false</skipped>
          <failedSince>0</failedSince>
        </case>
        <case>
          <duration>0.0</duration>
          <className>hudson.scheduler.CronTabDayOfWeekLocaleTest</className>
          <testName>isSundayAndPreviousRunIsThursday[108]</testName>
          <skipped>false</skipped>
          <failedSince>0</failedSince>
        </case>
        <case>
          <duration>0.0</duration>
          <className>hudson.scheduler.CronTabDayOfWeekLocaleTest</className>
          <testName>isSundayAndPreviousRunIsWednesday[108]</testName>
          <skipped>false</skipped>
          <failedSince>0</failedSince>
        </case>
        <case>
          <duration>0.0</duration>
          <className>hudson.scheduler.CronTabDayOfWeekLocaleTest</className>
          <testName>isSundayAndPreviousRunIsSaturday[108]</testName>
          <skipped>false</skipped>
          <failedSince>0</failedSince>
        </case>
        <case>
          <duration>0.0</duration>
          <className>hudson.scheduler.CronTabDayOfWeekLocaleTest</className>
          <testName>isSundayAndPreviousRunIsPreviousSunday[108]</testName>
          <skipped>false</skipped>
          <failedSince>0</failedSince>
        </case>
        <case>
          <duration>0.001</duration>
          <className>hudson.scheduler.CronTabDayOfWeekLocaleTest</className>
          <testName>isSundayAndNextRunIsFriday[108]</testName>
          <skipped>false</skipped>
          <failedSince>0</failedSince>
        </case>
        <case>
          <duration>0.0</duration>
          <className>hudson.scheduler.CronTabDayOfWeekLocaleTest</className>
          <testName>isSundayAndPreviousRunIsSaturdayAsterisk[108]</testName>
          <skipped>false</skipped>
          <failedSince>0</failedSince>
        </case>
        <case>
          <duration>0.0</duration>
          <className>hudson.scheduler.CronTabDayOfWeekLocaleTest</className>
          <testName>isSundayAndNextRunIsMonday[108]</testName>
          <skipped>false</skipped>
          <failedSince>0</failedSince>
        </case>
        <case>
          <duration>0.001</duration>
          <className>hudson.scheduler.CronTabDayOfWeekLocaleTest</className>
          <testName>isSundayAndPreviousRunIsFriday[108]</testName>
          <skipped>false</skipped>
          <failedSince>0</failedSince>
        </case>
        <case>
          <duration>0.0</duration>
          <className>hudson.scheduler.CronTabDayOfWeekLocaleTest</className>
          <testName>isSundayAndNextRunIsTuesday[108]</testName>
          <skipped>false</skipped>
          <failedSince>0</failedSince>
        </case>
        <case>
          <duration>0.0</duration>
          <className>hudson.scheduler.CronTabDayOfWeekLocaleTest</className>
          <testName>isSundayAndNextRunIsNextSunday7[108]</testName>
          <skipped>false</skipped>
          <failedSince>0</failedSince>
        </case>
        <case>
          <duration>0.0</duration>
          <className>hudson.scheduler.CronTabDayOfWeekLocaleTest</className>
          <testName>isSundayAndPreviousRunIsMonday[108]</testName>
          <skipped>false</skipped>
          <failedSince>0</failedSince>
        </case>
        <case>
          <duration>0.0</duration>
          <className>hudson.scheduler.CronTabDayOfWeekLocaleTest</className>
          <testName>isSaturdayAndNextRunIsSundayAsterisk[108]</testName>
          <skipped>false</skipped>
          <failedSince>0</failedSince>
        </case>
        <case>
          <duration>0.0</duration>
          <className>hudson.scheduler.CronTabDayOfWeekLocaleTest</className>
          <testName>hudson8658[108]</testName>
          <skipped>false</skipped>
          <failedSince>0</failedSince>
        </case>
        <case>
          <duration>0.0</duration>
          <className>hudson.scheduler.CronTabDayOfWeekLocaleTest</className>
          <testName>isSundayAndNextRunIsNextSunday[108]</testName>
          <skipped>false</skipped>
          <failedSince>0</failedSince>
        </case>
        <case>
          <duration>0.001</duration>
          <className>hudson.scheduler.CronTabDayOfWeekLocaleTest</className>
          <testName>isSundayAndNextRunIsThursday[108]</testName>
          <skipped>false</skipped>
          <failedSince>0</failedSince>
        </case>
        <case>
          <duration>0.0</duration>
          <className>hudson.scheduler.CronTabDayOfWeekLocaleTest</className>
          <testName>isSundayAndPreviousRunIsPreviousSunday7[108]</testName>
          <skipped>false</skipped>
          <failedSince>0</failedSince>
        </case>
        <case>
          <duration>0.0</duration>
          <className>hudson.scheduler.CronTabDayOfWeekLocaleTest</className>
          <testName>isSundayAndNextRunIsWednesday[108]</testName>
          <skipped>false</skipped>
          <failedSince>0</failedSince>
        </case>
        <case>
          <duration>0.001</duration>
          <className>hudson.scheduler.CronTabDayOfWeekLocaleTest</className>
          <testName>isSundayAndNextRunIsSaturday[108]</testName>
          <skipped>false</skipped>
          <failedSince>0</failedSince>
        </case>
        <case>
          <duration>0.0</duration>
          <className>hudson.scheduler.CronTabDayOfWeekLocaleTest</className>
          <testName>isSundayAndPreviousRunIsTuesday[109]</testName>
          <skipped>false</skipped>
          <failedSince>0</failedSince>
        </case>
        <case>
          <duration>0.001</duration>
          <className>hudson.scheduler.CronTabDayOfWeekLocaleTest</className>
          <testName>isSundayAndPreviousRunIsThursday[109]</testName>
          <skipped>false</skipped>
          <failedSince>0</failedSince>
        </case>
        <case>
          <duration>0.0</duration>
          <className>hudson.scheduler.CronTabDayOfWeekLocaleTest</className>
          <testName>isSundayAndPreviousRunIsWednesday[109]</testName>
          <skipped>false</skipped>
          <failedSince>0</failedSince>
        </case>
        <case>
          <duration>0.0</duration>
          <className>hudson.scheduler.CronTabDayOfWeekLocaleTest</className>
          <testName>isSundayAndPreviousRunIsSaturday[109]</testName>
          <skipped>false</skipped>
          <failedSince>0</failedSince>
        </case>
        <case>
          <duration>0.0</duration>
          <className>hudson.scheduler.CronTabDayOfWeekLocaleTest</className>
          <testName>isSundayAndPreviousRunIsPreviousSunday[109]</testName>
          <skipped>false</skipped>
          <failedSince>0</failedSince>
        </case>
        <case>
          <duration>0.0</duration>
          <className>hudson.scheduler.CronTabDayOfWeekLocaleTest</className>
          <testName>isSundayAndNextRunIsFriday[109]</testName>
          <skipped>false</skipped>
          <failedSince>0</failedSince>
        </case>
        <case>
          <duration>0.0</duration>
          <className>hudson.scheduler.CronTabDayOfWeekLocaleTest</className>
          <testName>isSundayAndPreviousRunIsSaturdayAsterisk[109]</testName>
          <skipped>false</skipped>
          <failedSince>0</failedSince>
        </case>
        <case>
          <duration>0.0</duration>
          <className>hudson.scheduler.CronTabDayOfWeekLocaleTest</className>
          <testName>isSundayAndNextRunIsMonday[109]</testName>
          <skipped>false</skipped>
          <failedSince>0</failedSince>
        </case>
        <case>
          <duration>0.001</duration>
          <className>hudson.scheduler.CronTabDayOfWeekLocaleTest</className>
          <testName>isSundayAndPreviousRunIsFriday[109]</testName>
          <skipped>false</skipped>
          <failedSince>0</failedSince>
        </case>
        <case>
          <duration>0.0</duration>
          <className>hudson.scheduler.CronTabDayOfWeekLocaleTest</className>
          <testName>isSundayAndNextRunIsTuesday[109]</testName>
          <skipped>false</skipped>
          <failedSince>0</failedSince>
        </case>
        <case>
          <duration>0.0</duration>
          <className>hudson.scheduler.CronTabDayOfWeekLocaleTest</className>
          <testName>isSundayAndNextRunIsNextSunday7[109]</testName>
          <skipped>false</skipped>
          <failedSince>0</failedSince>
        </case>
        <case>
          <duration>0.0</duration>
          <className>hudson.scheduler.CronTabDayOfWeekLocaleTest</className>
          <testName>isSundayAndPreviousRunIsMonday[109]</testName>
          <skipped>false</skipped>
          <failedSince>0</failedSince>
        </case>
        <case>
          <duration>0.0</duration>
          <className>hudson.scheduler.CronTabDayOfWeekLocaleTest</className>
          <testName>isSaturdayAndNextRunIsSundayAsterisk[109]</testName>
          <skipped>false</skipped>
          <failedSince>0</failedSince>
        </case>
        <case>
          <duration>0.0</duration>
          <className>hudson.scheduler.CronTabDayOfWeekLocaleTest</className>
          <testName>hudson8658[109]</testName>
          <skipped>false</skipped>
          <failedSince>0</failedSince>
        </case>
        <case>
          <duration>0.001</duration>
          <className>hudson.scheduler.CronTabDayOfWeekLocaleTest</className>
          <testName>isSundayAndNextRunIsNextSunday[109]</testName>
          <skipped>false</skipped>
          <failedSince>0</failedSince>
        </case>
        <case>
          <duration>0.0</duration>
          <className>hudson.scheduler.CronTabDayOfWeekLocaleTest</className>
          <testName>isSundayAndNextRunIsThursday[109]</testName>
          <skipped>false</skipped>
          <failedSince>0</failedSince>
        </case>
        <case>
          <duration>0.0</duration>
          <className>hudson.scheduler.CronTabDayOfWeekLocaleTest</className>
          <testName>isSundayAndPreviousRunIsPreviousSunday7[109]</testName>
          <skipped>false</skipped>
          <failedSince>0</failedSince>
        </case>
        <case>
          <duration>0.001</duration>
          <className>hudson.scheduler.CronTabDayOfWeekLocaleTest</className>
          <testName>isSundayAndNextRunIsWednesday[109]</testName>
          <skipped>false</skipped>
          <failedSince>0</failedSince>
        </case>
        <case>
          <duration>0.0</duration>
          <className>hudson.scheduler.CronTabDayOfWeekLocaleTest</className>
          <testName>isSundayAndNextRunIsSaturday[109]</testName>
          <skipped>false</skipped>
          <failedSince>0</failedSince>
        </case>
        <case>
          <duration>0.006</duration>
          <className>hudson.scheduler.CronTabDayOfWeekLocaleTest</className>
          <testName>isSundayAndPreviousRunIsTuesday[110]</testName>
          <skipped>false</skipped>
          <failedSince>0</failedSince>
        </case>
        <case>
          <duration>0.0</duration>
          <className>hudson.scheduler.CronTabDayOfWeekLocaleTest</className>
          <testName>isSundayAndPreviousRunIsThursday[110]</testName>
          <skipped>false</skipped>
          <failedSince>0</failedSince>
        </case>
        <case>
          <duration>0.0</duration>
          <className>hudson.scheduler.CronTabDayOfWeekLocaleTest</className>
          <testName>isSundayAndPreviousRunIsWednesday[110]</testName>
          <skipped>false</skipped>
          <failedSince>0</failedSince>
        </case>
        <case>
          <duration>0.0</duration>
          <className>hudson.scheduler.CronTabDayOfWeekLocaleTest</className>
          <testName>isSundayAndPreviousRunIsSaturday[110]</testName>
          <skipped>false</skipped>
          <failedSince>0</failedSince>
        </case>
        <case>
          <duration>0.0</duration>
          <className>hudson.scheduler.CronTabDayOfWeekLocaleTest</className>
          <testName>isSundayAndPreviousRunIsPreviousSunday[110]</testName>
          <skipped>false</skipped>
          <failedSince>0</failedSince>
        </case>
        <case>
          <duration>0.0</duration>
          <className>hudson.scheduler.CronTabDayOfWeekLocaleTest</className>
          <testName>isSundayAndNextRunIsFriday[110]</testName>
          <skipped>false</skipped>
          <failedSince>0</failedSince>
        </case>
        <case>
          <duration>0.0</duration>
          <className>hudson.scheduler.CronTabDayOfWeekLocaleTest</className>
          <testName>isSundayAndPreviousRunIsSaturdayAsterisk[110]</testName>
          <skipped>false</skipped>
          <failedSince>0</failedSince>
        </case>
        <case>
          <duration>0.001</duration>
          <className>hudson.scheduler.CronTabDayOfWeekLocaleTest</className>
          <testName>isSundayAndNextRunIsMonday[110]</testName>
          <skipped>false</skipped>
          <failedSince>0</failedSince>
        </case>
        <case>
          <duration>0.0</duration>
          <className>hudson.scheduler.CronTabDayOfWeekLocaleTest</className>
          <testName>isSundayAndPreviousRunIsFriday[110]</testName>
          <skipped>false</skipped>
          <failedSince>0</failedSince>
        </case>
        <case>
          <duration>0.0</duration>
          <className>hudson.scheduler.CronTabDayOfWeekLocaleTest</className>
          <testName>isSundayAndNextRunIsTuesday[110]</testName>
          <skipped>false</skipped>
          <failedSince>0</failedSince>
        </case>
        <case>
          <duration>0.001</duration>
          <className>hudson.scheduler.CronTabDayOfWeekLocaleTest</className>
          <testName>isSundayAndNextRunIsNextSunday7[110]</testName>
          <skipped>false</skipped>
          <failedSince>0</failedSince>
        </case>
        <case>
          <duration>0.0</duration>
          <className>hudson.scheduler.CronTabDayOfWeekLocaleTest</className>
          <testName>isSundayAndPreviousRunIsMonday[110]</testName>
          <skipped>false</skipped>
          <failedSince>0</failedSince>
        </case>
        <case>
          <duration>0.0</duration>
          <className>hudson.scheduler.CronTabDayOfWeekLocaleTest</className>
          <testName>isSaturdayAndNextRunIsSundayAsterisk[110]</testName>
          <skipped>false</skipped>
          <failedSince>0</failedSince>
        </case>
        <case>
          <duration>0.0</duration>
          <className>hudson.scheduler.CronTabDayOfWeekLocaleTest</className>
          <testName>hudson8658[110]</testName>
          <skipped>false</skipped>
          <failedSince>0</failedSince>
        </case>
        <case>
          <duration>0.0</duration>
          <className>hudson.scheduler.CronTabDayOfWeekLocaleTest</className>
          <testName>isSundayAndNextRunIsNextSunday[110]</testName>
          <skipped>false</skipped>
          <failedSince>0</failedSince>
        </case>
        <case>
          <duration>0.0</duration>
          <className>hudson.scheduler.CronTabDayOfWeekLocaleTest</className>
          <testName>isSundayAndNextRunIsThursday[110]</testName>
          <skipped>false</skipped>
          <failedSince>0</failedSince>
        </case>
        <case>
          <duration>0.0</duration>
          <className>hudson.scheduler.CronTabDayOfWeekLocaleTest</className>
          <testName>isSundayAndPreviousRunIsPreviousSunday7[110]</testName>
          <skipped>false</skipped>
          <failedSince>0</failedSince>
        </case>
        <case>
          <duration>0.001</duration>
          <className>hudson.scheduler.CronTabDayOfWeekLocaleTest</className>
          <testName>isSundayAndNextRunIsWednesday[110]</testName>
          <skipped>false</skipped>
          <failedSince>0</failedSince>
        </case>
        <case>
          <duration>0.0</duration>
          <className>hudson.scheduler.CronTabDayOfWeekLocaleTest</className>
          <testName>isSundayAndNextRunIsSaturday[110]</testName>
          <skipped>false</skipped>
          <failedSince>0</failedSince>
        </case>
        <case>
          <duration>0.0</duration>
          <className>hudson.scheduler.CronTabDayOfWeekLocaleTest</className>
          <testName>isSundayAndPreviousRunIsTuesday[111]</testName>
          <skipped>false</skipped>
          <failedSince>0</failedSince>
        </case>
        <case>
          <duration>0.0</duration>
          <className>hudson.scheduler.CronTabDayOfWeekLocaleTest</className>
          <testName>isSundayAndPreviousRunIsThursday[111]</testName>
          <skipped>false</skipped>
          <failedSince>0</failedSince>
        </case>
        <case>
          <duration>0.0</duration>
          <className>hudson.scheduler.CronTabDayOfWeekLocaleTest</className>
          <testName>isSundayAndPreviousRunIsWednesday[111]</testName>
          <skipped>false</skipped>
          <failedSince>0</failedSince>
        </case>
        <case>
          <duration>0.0</duration>
          <className>hudson.scheduler.CronTabDayOfWeekLocaleTest</className>
          <testName>isSundayAndPreviousRunIsSaturday[111]</testName>
          <skipped>false</skipped>
          <failedSince>0</failedSince>
        </case>
        <case>
          <duration>0.001</duration>
          <className>hudson.scheduler.CronTabDayOfWeekLocaleTest</className>
          <testName>isSundayAndPreviousRunIsPreviousSunday[111]</testName>
          <skipped>false</skipped>
          <failedSince>0</failedSince>
        </case>
        <case>
          <duration>0.0</duration>
          <className>hudson.scheduler.CronTabDayOfWeekLocaleTest</className>
          <testName>isSundayAndNextRunIsFriday[111]</testName>
          <skipped>false</skipped>
          <failedSince>0</failedSince>
        </case>
        <case>
          <duration>0.0</duration>
          <className>hudson.scheduler.CronTabDayOfWeekLocaleTest</className>
          <testName>isSundayAndPreviousRunIsSaturdayAsterisk[111]</testName>
          <skipped>false</skipped>
          <failedSince>0</failedSince>
        </case>
        <case>
          <duration>0.0</duration>
          <className>hudson.scheduler.CronTabDayOfWeekLocaleTest</className>
          <testName>isSundayAndNextRunIsMonday[111]</testName>
          <skipped>false</skipped>
          <failedSince>0</failedSince>
        </case>
        <case>
          <duration>0.001</duration>
          <className>hudson.scheduler.CronTabDayOfWeekLocaleTest</className>
          <testName>isSundayAndPreviousRunIsFriday[111]</testName>
          <skipped>false</skipped>
          <failedSince>0</failedSince>
        </case>
        <case>
          <duration>0.0</duration>
          <className>hudson.scheduler.CronTabDayOfWeekLocaleTest</className>
          <testName>isSundayAndNextRunIsTuesday[111]</testName>
          <skipped>false</skipped>
          <failedSince>0</failedSince>
        </case>
        <case>
          <duration>0.0</duration>
          <className>hudson.scheduler.CronTabDayOfWeekLocaleTest</className>
          <testName>isSundayAndNextRunIsNextSunday7[111]</testName>
          <skipped>false</skipped>
          <failedSince>0</failedSince>
        </case>
        <case>
          <duration>0.001</duration>
          <className>hudson.scheduler.CronTabDayOfWeekLocaleTest</className>
          <testName>isSundayAndPreviousRunIsMonday[111]</testName>
          <skipped>false</skipped>
          <failedSince>0</failedSince>
        </case>
        <case>
          <duration>0.0</duration>
          <className>hudson.scheduler.CronTabDayOfWeekLocaleTest</className>
          <testName>isSaturdayAndNextRunIsSundayAsterisk[111]</testName>
          <skipped>false</skipped>
          <failedSince>0</failedSince>
        </case>
        <case>
          <duration>0.0</duration>
          <className>hudson.scheduler.CronTabDayOfWeekLocaleTest</className>
          <testName>hudson8658[111]</testName>
          <skipped>false</skipped>
          <failedSince>0</failedSince>
        </case>
        <case>
          <duration>0.001</duration>
          <className>hudson.scheduler.CronTabDayOfWeekLocaleTest</className>
          <testName>isSundayAndNextRunIsNextSunday[111]</testName>
          <skipped>false</skipped>
          <failedSince>0</failedSince>
        </case>
        <case>
          <duration>0.0</duration>
          <className>hudson.scheduler.CronTabDayOfWeekLocaleTest</className>
          <testName>isSundayAndNextRunIsThursday[111]</testName>
          <skipped>false</skipped>
          <failedSince>0</failedSince>
        </case>
        <case>
          <duration>0.0</duration>
          <className>hudson.scheduler.CronTabDayOfWeekLocaleTest</className>
          <testName>isSundayAndPreviousRunIsPreviousSunday7[111]</testName>
          <skipped>false</skipped>
          <failedSince>0</failedSince>
        </case>
        <case>
          <duration>0.0</duration>
          <className>hudson.scheduler.CronTabDayOfWeekLocaleTest</className>
          <testName>isSundayAndNextRunIsWednesday[111]</testName>
          <skipped>false</skipped>
          <failedSince>0</failedSince>
        </case>
        <case>
          <duration>0.0</duration>
          <className>hudson.scheduler.CronTabDayOfWeekLocaleTest</className>
          <testName>isSundayAndNextRunIsSaturday[111]</testName>
          <skipped>false</skipped>
          <failedSince>0</failedSince>
        </case>
        <case>
          <duration>0.0</duration>
          <className>hudson.scheduler.CronTabDayOfWeekLocaleTest</className>
          <testName>isSundayAndPreviousRunIsTuesday[112]</testName>
          <skipped>false</skipped>
          <failedSince>0</failedSince>
        </case>
        <case>
          <duration>0.001</duration>
          <className>hudson.scheduler.CronTabDayOfWeekLocaleTest</className>
          <testName>isSundayAndPreviousRunIsThursday[112]</testName>
          <skipped>false</skipped>
          <failedSince>0</failedSince>
        </case>
        <case>
          <duration>0.0</duration>
          <className>hudson.scheduler.CronTabDayOfWeekLocaleTest</className>
          <testName>isSundayAndPreviousRunIsWednesday[112]</testName>
          <skipped>false</skipped>
          <failedSince>0</failedSince>
        </case>
        <case>
          <duration>0.0</duration>
          <className>hudson.scheduler.CronTabDayOfWeekLocaleTest</className>
          <testName>isSundayAndPreviousRunIsSaturday[112]</testName>
          <skipped>false</skipped>
          <failedSince>0</failedSince>
        </case>
        <case>
          <duration>0.001</duration>
          <className>hudson.scheduler.CronTabDayOfWeekLocaleTest</className>
          <testName>isSundayAndPreviousRunIsPreviousSunday[112]</testName>
          <skipped>false</skipped>
          <failedSince>0</failedSince>
        </case>
        <case>
          <duration>0.0</duration>
          <className>hudson.scheduler.CronTabDayOfWeekLocaleTest</className>
          <testName>isSundayAndNextRunIsFriday[112]</testName>
          <skipped>false</skipped>
          <failedSince>0</failedSince>
        </case>
        <case>
          <duration>0.0</duration>
          <className>hudson.scheduler.CronTabDayOfWeekLocaleTest</className>
          <testName>isSundayAndPreviousRunIsSaturdayAsterisk[112]</testName>
          <skipped>false</skipped>
          <failedSince>0</failedSince>
        </case>
        <case>
          <duration>0.0</duration>
          <className>hudson.scheduler.CronTabDayOfWeekLocaleTest</className>
          <testName>isSundayAndNextRunIsMonday[112]</testName>
          <skipped>false</skipped>
          <failedSince>0</failedSince>
        </case>
        <case>
          <duration>0.0</duration>
          <className>hudson.scheduler.CronTabDayOfWeekLocaleTest</className>
          <testName>isSundayAndPreviousRunIsFriday[112]</testName>
          <skipped>false</skipped>
          <failedSince>0</failedSince>
        </case>
        <case>
          <duration>0.0</duration>
          <className>hudson.scheduler.CronTabDayOfWeekLocaleTest</className>
          <testName>isSundayAndNextRunIsTuesday[112]</testName>
          <skipped>false</skipped>
          <failedSince>0</failedSince>
        </case>
        <case>
          <duration>0.0</duration>
          <className>hudson.scheduler.CronTabDayOfWeekLocaleTest</className>
          <testName>isSundayAndNextRunIsNextSunday7[112]</testName>
          <skipped>false</skipped>
          <failedSince>0</failedSince>
        </case>
        <case>
          <duration>0.001</duration>
          <className>hudson.scheduler.CronTabDayOfWeekLocaleTest</className>
          <testName>isSundayAndPreviousRunIsMonday[112]</testName>
          <skipped>false</skipped>
          <failedSince>0</failedSince>
        </case>
        <case>
          <duration>0.0</duration>
          <className>hudson.scheduler.CronTabDayOfWeekLocaleTest</className>
          <testName>isSaturdayAndNextRunIsSundayAsterisk[112]</testName>
          <skipped>false</skipped>
          <failedSince>0</failedSince>
        </case>
        <case>
          <duration>0.0</duration>
          <className>hudson.scheduler.CronTabDayOfWeekLocaleTest</className>
          <testName>hudson8658[112]</testName>
          <skipped>false</skipped>
          <failedSince>0</failedSince>
        </case>
        <case>
          <duration>0.001</duration>
          <className>hudson.scheduler.CronTabDayOfWeekLocaleTest</className>
          <testName>isSundayAndNextRunIsNextSunday[112]</testName>
          <skipped>false</skipped>
          <failedSince>0</failedSince>
        </case>
        <case>
          <duration>0.0</duration>
          <className>hudson.scheduler.CronTabDayOfWeekLocaleTest</className>
          <testName>isSundayAndNextRunIsThursday[112]</testName>
          <skipped>false</skipped>
          <failedSince>0</failedSince>
        </case>
        <case>
          <duration>0.0</duration>
          <className>hudson.scheduler.CronTabDayOfWeekLocaleTest</className>
          <testName>isSundayAndPreviousRunIsPreviousSunday7[112]</testName>
          <skipped>false</skipped>
          <failedSince>0</failedSince>
        </case>
        <case>
          <duration>0.0</duration>
          <className>hudson.scheduler.CronTabDayOfWeekLocaleTest</className>
          <testName>isSundayAndNextRunIsWednesday[112]</testName>
          <skipped>false</skipped>
          <failedSince>0</failedSince>
        </case>
        <case>
          <duration>0.0</duration>
          <className>hudson.scheduler.CronTabDayOfWeekLocaleTest</className>
          <testName>isSundayAndNextRunIsSaturday[112]</testName>
          <skipped>false</skipped>
          <failedSince>0</failedSince>
        </case>
        <case>
          <duration>0.0</duration>
          <className>hudson.scheduler.CronTabDayOfWeekLocaleTest</className>
          <testName>isSundayAndPreviousRunIsTuesday[113]</testName>
          <skipped>false</skipped>
          <failedSince>0</failedSince>
        </case>
        <case>
          <duration>0.001</duration>
          <className>hudson.scheduler.CronTabDayOfWeekLocaleTest</className>
          <testName>isSundayAndPreviousRunIsThursday[113]</testName>
          <skipped>false</skipped>
          <failedSince>0</failedSince>
        </case>
        <case>
          <duration>0.0</duration>
          <className>hudson.scheduler.CronTabDayOfWeekLocaleTest</className>
          <testName>isSundayAndPreviousRunIsWednesday[113]</testName>
          <skipped>false</skipped>
          <failedSince>0</failedSince>
        </case>
        <case>
          <duration>0.0</duration>
          <className>hudson.scheduler.CronTabDayOfWeekLocaleTest</className>
          <testName>isSundayAndPreviousRunIsSaturday[113]</testName>
          <skipped>false</skipped>
          <failedSince>0</failedSince>
        </case>
        <case>
          <duration>0.0</duration>
          <className>hudson.scheduler.CronTabDayOfWeekLocaleTest</className>
          <testName>isSundayAndPreviousRunIsPreviousSunday[113]</testName>
          <skipped>false</skipped>
          <failedSince>0</failedSince>
        </case>
        <case>
          <duration>0.0</duration>
          <className>hudson.scheduler.CronTabDayOfWeekLocaleTest</className>
          <testName>isSundayAndNextRunIsFriday[113]</testName>
          <skipped>false</skipped>
          <failedSince>0</failedSince>
        </case>
        <case>
          <duration>0.0</duration>
          <className>hudson.scheduler.CronTabDayOfWeekLocaleTest</className>
          <testName>isSundayAndPreviousRunIsSaturdayAsterisk[113]</testName>
          <skipped>false</skipped>
          <failedSince>0</failedSince>
        </case>
        <case>
          <duration>0.001</duration>
          <className>hudson.scheduler.CronTabDayOfWeekLocaleTest</className>
          <testName>isSundayAndNextRunIsMonday[113]</testName>
          <skipped>false</skipped>
          <failedSince>0</failedSince>
        </case>
        <case>
          <duration>0.0</duration>
          <className>hudson.scheduler.CronTabDayOfWeekLocaleTest</className>
          <testName>isSundayAndPreviousRunIsFriday[113]</testName>
          <skipped>false</skipped>
          <failedSince>0</failedSince>
        </case>
        <case>
          <duration>0.0</duration>
          <className>hudson.scheduler.CronTabDayOfWeekLocaleTest</className>
          <testName>isSundayAndNextRunIsTuesday[113]</testName>
          <skipped>false</skipped>
          <failedSince>0</failedSince>
        </case>
        <case>
          <duration>0.001</duration>
          <className>hudson.scheduler.CronTabDayOfWeekLocaleTest</className>
          <testName>isSundayAndNextRunIsNextSunday7[113]</testName>
          <skipped>false</skipped>
          <failedSince>0</failedSince>
        </case>
        <case>
          <duration>0.0</duration>
          <className>hudson.scheduler.CronTabDayOfWeekLocaleTest</className>
          <testName>isSundayAndPreviousRunIsMonday[113]</testName>
          <skipped>false</skipped>
          <failedSince>0</failedSince>
        </case>
        <case>
          <duration>0.0</duration>
          <className>hudson.scheduler.CronTabDayOfWeekLocaleTest</className>
          <testName>isSaturdayAndNextRunIsSundayAsterisk[113]</testName>
          <skipped>false</skipped>
          <failedSince>0</failedSince>
        </case>
        <case>
          <duration>0.0</duration>
          <className>hudson.scheduler.CronTabDayOfWeekLocaleTest</className>
          <testName>hudson8658[113]</testName>
          <skipped>false</skipped>
          <failedSince>0</failedSince>
        </case>
        <case>
          <duration>0.0</duration>
          <className>hudson.scheduler.CronTabDayOfWeekLocaleTest</className>
          <testName>isSundayAndNextRunIsNextSunday[113]</testName>
          <skipped>false</skipped>
          <failedSince>0</failedSince>
        </case>
        <case>
          <duration>0.0</duration>
          <className>hudson.scheduler.CronTabDayOfWeekLocaleTest</className>
          <testName>isSundayAndNextRunIsThursday[113]</testName>
          <skipped>false</skipped>
          <failedSince>0</failedSince>
        </case>
        <case>
          <duration>0.0</duration>
          <className>hudson.scheduler.CronTabDayOfWeekLocaleTest</className>
          <testName>isSundayAndPreviousRunIsPreviousSunday7[113]</testName>
          <skipped>false</skipped>
          <failedSince>0</failedSince>
        </case>
        <case>
          <duration>0.0</duration>
          <className>hudson.scheduler.CronTabDayOfWeekLocaleTest</className>
          <testName>isSundayAndNextRunIsWednesday[113]</testName>
          <skipped>false</skipped>
          <failedSince>0</failedSince>
        </case>
        <case>
          <duration>0.0</duration>
          <className>hudson.scheduler.CronTabDayOfWeekLocaleTest</className>
          <testName>isSundayAndNextRunIsSaturday[113]</testName>
          <skipped>false</skipped>
          <failedSince>0</failedSince>
        </case>
        <case>
          <duration>0.001</duration>
          <className>hudson.scheduler.CronTabDayOfWeekLocaleTest</className>
          <testName>isSundayAndPreviousRunIsTuesday[114]</testName>
          <skipped>false</skipped>
          <failedSince>0</failedSince>
        </case>
        <case>
          <duration>0.0</duration>
          <className>hudson.scheduler.CronTabDayOfWeekLocaleTest</className>
          <testName>isSundayAndPreviousRunIsThursday[114]</testName>
          <skipped>false</skipped>
          <failedSince>0</failedSince>
        </case>
        <case>
          <duration>0.0</duration>
          <className>hudson.scheduler.CronTabDayOfWeekLocaleTest</className>
          <testName>isSundayAndPreviousRunIsWednesday[114]</testName>
          <skipped>false</skipped>
          <failedSince>0</failedSince>
        </case>
        <case>
          <duration>0.001</duration>
          <className>hudson.scheduler.CronTabDayOfWeekLocaleTest</className>
          <testName>isSundayAndPreviousRunIsSaturday[114]</testName>
          <skipped>false</skipped>
          <failedSince>0</failedSince>
        </case>
        <case>
          <duration>0.0</duration>
          <className>hudson.scheduler.CronTabDayOfWeekLocaleTest</className>
          <testName>isSundayAndPreviousRunIsPreviousSunday[114]</testName>
          <skipped>false</skipped>
          <failedSince>0</failedSince>
        </case>
        <case>
          <duration>0.0</duration>
          <className>hudson.scheduler.CronTabDayOfWeekLocaleTest</className>
          <testName>isSundayAndNextRunIsFriday[114]</testName>
          <skipped>false</skipped>
          <failedSince>0</failedSince>
        </case>
        <case>
          <duration>0.001</duration>
          <className>hudson.scheduler.CronTabDayOfWeekLocaleTest</className>
          <testName>isSundayAndPreviousRunIsSaturdayAsterisk[114]</testName>
          <skipped>false</skipped>
          <failedSince>0</failedSince>
        </case>
        <case>
          <duration>0.0</duration>
          <className>hudson.scheduler.CronTabDayOfWeekLocaleTest</className>
          <testName>isSundayAndNextRunIsMonday[114]</testName>
          <skipped>false</skipped>
          <failedSince>0</failedSince>
        </case>
        <case>
          <duration>0.001</duration>
          <className>hudson.scheduler.CronTabDayOfWeekLocaleTest</className>
          <testName>isSundayAndPreviousRunIsFriday[114]</testName>
          <skipped>false</skipped>
          <failedSince>0</failedSince>
        </case>
        <case>
          <duration>0.0</duration>
          <className>hudson.scheduler.CronTabDayOfWeekLocaleTest</className>
          <testName>isSundayAndNextRunIsTuesday[114]</testName>
          <skipped>false</skipped>
          <failedSince>0</failedSince>
        </case>
        <case>
          <duration>0.0</duration>
          <className>hudson.scheduler.CronTabDayOfWeekLocaleTest</className>
          <testName>isSundayAndNextRunIsNextSunday7[114]</testName>
          <skipped>false</skipped>
          <failedSince>0</failedSince>
        </case>
        <case>
          <duration>0.0</duration>
          <className>hudson.scheduler.CronTabDayOfWeekLocaleTest</className>
          <testName>isSundayAndPreviousRunIsMonday[114]</testName>
          <skipped>false</skipped>
          <failedSince>0</failedSince>
        </case>
        <case>
          <duration>0.0</duration>
          <className>hudson.scheduler.CronTabDayOfWeekLocaleTest</className>
          <testName>isSaturdayAndNextRunIsSundayAsterisk[114]</testName>
          <skipped>false</skipped>
          <failedSince>0</failedSince>
        </case>
        <case>
          <duration>0.001</duration>
          <className>hudson.scheduler.CronTabDayOfWeekLocaleTest</className>
          <testName>hudson8658[114]</testName>
          <skipped>false</skipped>
          <failedSince>0</failedSince>
        </case>
        <case>
          <duration>0.0</duration>
          <className>hudson.scheduler.CronTabDayOfWeekLocaleTest</className>
          <testName>isSundayAndNextRunIsNextSunday[114]</testName>
          <skipped>false</skipped>
          <failedSince>0</failedSince>
        </case>
        <case>
          <duration>0.0</duration>
          <className>hudson.scheduler.CronTabDayOfWeekLocaleTest</className>
          <testName>isSundayAndNextRunIsThursday[114]</testName>
          <skipped>false</skipped>
          <failedSince>0</failedSince>
        </case>
        <case>
          <duration>0.001</duration>
          <className>hudson.scheduler.CronTabDayOfWeekLocaleTest</className>
          <testName>isSundayAndPreviousRunIsPreviousSunday7[114]</testName>
          <skipped>false</skipped>
          <failedSince>0</failedSince>
        </case>
        <case>
          <duration>0.0</duration>
          <className>hudson.scheduler.CronTabDayOfWeekLocaleTest</className>
          <testName>isSundayAndNextRunIsWednesday[114]</testName>
          <skipped>false</skipped>
          <failedSince>0</failedSince>
        </case>
        <case>
          <duration>0.0</duration>
          <className>hudson.scheduler.CronTabDayOfWeekLocaleTest</className>
          <testName>isSundayAndNextRunIsSaturday[114]</testName>
          <skipped>false</skipped>
          <failedSince>0</failedSince>
        </case>
        <case>
          <duration>0.001</duration>
          <className>hudson.scheduler.CronTabDayOfWeekLocaleTest</className>
          <testName>isSundayAndPreviousRunIsTuesday[115]</testName>
          <skipped>false</skipped>
          <failedSince>0</failedSince>
        </case>
        <case>
          <duration>0.0</duration>
          <className>hudson.scheduler.CronTabDayOfWeekLocaleTest</className>
          <testName>isSundayAndPreviousRunIsThursday[115]</testName>
          <skipped>false</skipped>
          <failedSince>0</failedSince>
        </case>
        <case>
          <duration>0.0</duration>
          <className>hudson.scheduler.CronTabDayOfWeekLocaleTest</className>
          <testName>isSundayAndPreviousRunIsWednesday[115]</testName>
          <skipped>false</skipped>
          <failedSince>0</failedSince>
        </case>
        <case>
          <duration>0.0</duration>
          <className>hudson.scheduler.CronTabDayOfWeekLocaleTest</className>
          <testName>isSundayAndPreviousRunIsSaturday[115]</testName>
          <skipped>false</skipped>
          <failedSince>0</failedSince>
        </case>
        <case>
          <duration>0.0</duration>
          <className>hudson.scheduler.CronTabDayOfWeekLocaleTest</className>
          <testName>isSundayAndPreviousRunIsPreviousSunday[115]</testName>
          <skipped>false</skipped>
          <failedSince>0</failedSince>
        </case>
        <case>
          <duration>0.0</duration>
          <className>hudson.scheduler.CronTabDayOfWeekLocaleTest</className>
          <testName>isSundayAndNextRunIsFriday[115]</testName>
          <skipped>false</skipped>
          <failedSince>0</failedSince>
        </case>
        <case>
          <duration>0.0</duration>
          <className>hudson.scheduler.CronTabDayOfWeekLocaleTest</className>
          <testName>isSundayAndPreviousRunIsSaturdayAsterisk[115]</testName>
          <skipped>false</skipped>
          <failedSince>0</failedSince>
        </case>
        <case>
          <duration>0.001</duration>
          <className>hudson.scheduler.CronTabDayOfWeekLocaleTest</className>
          <testName>isSundayAndNextRunIsMonday[115]</testName>
          <skipped>false</skipped>
          <failedSince>0</failedSince>
        </case>
        <case>
          <duration>0.0</duration>
          <className>hudson.scheduler.CronTabDayOfWeekLocaleTest</className>
          <testName>isSundayAndPreviousRunIsFriday[115]</testName>
          <skipped>false</skipped>
          <failedSince>0</failedSince>
        </case>
        <case>
          <duration>0.0</duration>
          <className>hudson.scheduler.CronTabDayOfWeekLocaleTest</className>
          <testName>isSundayAndNextRunIsTuesday[115]</testName>
          <skipped>false</skipped>
          <failedSince>0</failedSince>
        </case>
        <case>
          <duration>0.0</duration>
          <className>hudson.scheduler.CronTabDayOfWeekLocaleTest</className>
          <testName>isSundayAndNextRunIsNextSunday7[115]</testName>
          <skipped>false</skipped>
          <failedSince>0</failedSince>
        </case>
        <case>
          <duration>0.001</duration>
          <className>hudson.scheduler.CronTabDayOfWeekLocaleTest</className>
          <testName>isSundayAndPreviousRunIsMonday[115]</testName>
          <skipped>false</skipped>
          <failedSince>0</failedSince>
        </case>
        <case>
          <duration>0.0</duration>
          <className>hudson.scheduler.CronTabDayOfWeekLocaleTest</className>
          <testName>isSaturdayAndNextRunIsSundayAsterisk[115]</testName>
          <skipped>false</skipped>
          <failedSince>0</failedSince>
        </case>
        <case>
          <duration>0.0</duration>
          <className>hudson.scheduler.CronTabDayOfWeekLocaleTest</className>
          <testName>hudson8658[115]</testName>
          <skipped>false</skipped>
          <failedSince>0</failedSince>
        </case>
        <case>
          <duration>0.0</duration>
          <className>hudson.scheduler.CronTabDayOfWeekLocaleTest</className>
          <testName>isSundayAndNextRunIsNextSunday[115]</testName>
          <skipped>false</skipped>
          <failedSince>0</failedSince>
        </case>
        <case>
          <duration>0.009</duration>
          <className>hudson.scheduler.CronTabDayOfWeekLocaleTest</className>
          <testName>isSundayAndNextRunIsThursday[115]</testName>
          <skipped>false</skipped>
          <failedSince>0</failedSince>
        </case>
        <case>
          <duration>0.0</duration>
          <className>hudson.scheduler.CronTabDayOfWeekLocaleTest</className>
          <testName>isSundayAndPreviousRunIsPreviousSunday7[115]</testName>
          <skipped>false</skipped>
          <failedSince>0</failedSince>
        </case>
        <case>
          <duration>0.0</duration>
          <className>hudson.scheduler.CronTabDayOfWeekLocaleTest</className>
          <testName>isSundayAndNextRunIsWednesday[115]</testName>
          <skipped>false</skipped>
          <failedSince>0</failedSince>
        </case>
        <case>
          <duration>0.0</duration>
          <className>hudson.scheduler.CronTabDayOfWeekLocaleTest</className>
          <testName>isSundayAndNextRunIsSaturday[115]</testName>
          <skipped>false</skipped>
          <failedSince>0</failedSince>
        </case>
        <case>
          <duration>0.0</duration>
          <className>hudson.scheduler.CronTabDayOfWeekLocaleTest</className>
          <testName>isSundayAndPreviousRunIsTuesday[116]</testName>
          <skipped>false</skipped>
          <failedSince>0</failedSince>
        </case>
        <case>
          <duration>0.0</duration>
          <className>hudson.scheduler.CronTabDayOfWeekLocaleTest</className>
          <testName>isSundayAndPreviousRunIsThursday[116]</testName>
          <skipped>false</skipped>
          <failedSince>0</failedSince>
        </case>
        <case>
          <duration>0.0</duration>
          <className>hudson.scheduler.CronTabDayOfWeekLocaleTest</className>
          <testName>isSundayAndPreviousRunIsWednesday[116]</testName>
          <skipped>false</skipped>
          <failedSince>0</failedSince>
        </case>
        <case>
          <duration>0.001</duration>
          <className>hudson.scheduler.CronTabDayOfWeekLocaleTest</className>
          <testName>isSundayAndPreviousRunIsSaturday[116]</testName>
          <skipped>false</skipped>
          <failedSince>0</failedSince>
        </case>
        <case>
          <duration>0.0</duration>
          <className>hudson.scheduler.CronTabDayOfWeekLocaleTest</className>
          <testName>isSundayAndPreviousRunIsPreviousSunday[116]</testName>
          <skipped>false</skipped>
          <failedSince>0</failedSince>
        </case>
        <case>
          <duration>0.0</duration>
          <className>hudson.scheduler.CronTabDayOfWeekLocaleTest</className>
          <testName>isSundayAndNextRunIsFriday[116]</testName>
          <skipped>false</skipped>
          <failedSince>0</failedSince>
        </case>
        <case>
          <duration>0.0</duration>
          <className>hudson.scheduler.CronTabDayOfWeekLocaleTest</className>
          <testName>isSundayAndPreviousRunIsSaturdayAsterisk[116]</testName>
          <skipped>false</skipped>
          <failedSince>0</failedSince>
        </case>
        <case>
          <duration>0.0</duration>
          <className>hudson.scheduler.CronTabDayOfWeekLocaleTest</className>
          <testName>isSundayAndNextRunIsMonday[116]</testName>
          <skipped>false</skipped>
          <failedSince>0</failedSince>
        </case>
        <case>
          <duration>0.0</duration>
          <className>hudson.scheduler.CronTabDayOfWeekLocaleTest</className>
          <testName>isSundayAndPreviousRunIsFriday[116]</testName>
          <skipped>false</skipped>
          <failedSince>0</failedSince>
        </case>
        <case>
          <duration>0.0</duration>
          <className>hudson.scheduler.CronTabDayOfWeekLocaleTest</className>
          <testName>isSundayAndNextRunIsTuesday[116]</testName>
          <skipped>false</skipped>
          <failedSince>0</failedSince>
        </case>
        <case>
          <duration>0.001</duration>
          <className>hudson.scheduler.CronTabDayOfWeekLocaleTest</className>
          <testName>isSundayAndNextRunIsNextSunday7[116]</testName>
          <skipped>false</skipped>
          <failedSince>0</failedSince>
        </case>
        <case>
          <duration>0.0</duration>
          <className>hudson.scheduler.CronTabDayOfWeekLocaleTest</className>
          <testName>isSundayAndPreviousRunIsMonday[116]</testName>
          <skipped>false</skipped>
          <failedSince>0</failedSince>
        </case>
        <case>
          <duration>0.0</duration>
          <className>hudson.scheduler.CronTabDayOfWeekLocaleTest</className>
          <testName>isSaturdayAndNextRunIsSundayAsterisk[116]</testName>
          <skipped>false</skipped>
          <failedSince>0</failedSince>
        </case>
        <case>
          <duration>0.001</duration>
          <className>hudson.scheduler.CronTabDayOfWeekLocaleTest</className>
          <testName>hudson8658[116]</testName>
          <skipped>false</skipped>
          <failedSince>0</failedSince>
        </case>
        <case>
          <duration>0.0</duration>
          <className>hudson.scheduler.CronTabDayOfWeekLocaleTest</className>
          <testName>isSundayAndNextRunIsNextSunday[116]</testName>
          <skipped>false</skipped>
          <failedSince>0</failedSince>
        </case>
        <case>
          <duration>0.0</duration>
          <className>hudson.scheduler.CronTabDayOfWeekLocaleTest</className>
          <testName>isSundayAndNextRunIsThursday[116]</testName>
          <skipped>false</skipped>
          <failedSince>0</failedSince>
        </case>
        <case>
          <duration>0.0</duration>
          <className>hudson.scheduler.CronTabDayOfWeekLocaleTest</className>
          <testName>isSundayAndPreviousRunIsPreviousSunday7[116]</testName>
          <skipped>false</skipped>
          <failedSince>0</failedSince>
        </case>
        <case>
          <duration>0.0</duration>
          <className>hudson.scheduler.CronTabDayOfWeekLocaleTest</className>
          <testName>isSundayAndNextRunIsWednesday[116]</testName>
          <skipped>false</skipped>
          <failedSince>0</failedSince>
        </case>
        <case>
          <duration>0.0</duration>
          <className>hudson.scheduler.CronTabDayOfWeekLocaleTest</className>
          <testName>isSundayAndNextRunIsSaturday[116]</testName>
          <skipped>false</skipped>
          <failedSince>0</failedSince>
        </case>
        <case>
          <duration>0.0</duration>
          <className>hudson.scheduler.CronTabDayOfWeekLocaleTest</className>
          <testName>isSundayAndPreviousRunIsTuesday[117]</testName>
          <skipped>false</skipped>
          <failedSince>0</failedSince>
        </case>
        <case>
          <duration>0.0</duration>
          <className>hudson.scheduler.CronTabDayOfWeekLocaleTest</className>
          <testName>isSundayAndPreviousRunIsThursday[117]</testName>
          <skipped>false</skipped>
          <failedSince>0</failedSince>
        </case>
        <case>
          <duration>0.0</duration>
          <className>hudson.scheduler.CronTabDayOfWeekLocaleTest</className>
          <testName>isSundayAndPreviousRunIsWednesday[117]</testName>
          <skipped>false</skipped>
          <failedSince>0</failedSince>
        </case>
        <case>
          <duration>0.0</duration>
          <className>hudson.scheduler.CronTabDayOfWeekLocaleTest</className>
          <testName>isSundayAndPreviousRunIsSaturday[117]</testName>
          <skipped>false</skipped>
          <failedSince>0</failedSince>
        </case>
        <case>
          <duration>0.001</duration>
          <className>hudson.scheduler.CronTabDayOfWeekLocaleTest</className>
          <testName>isSundayAndPreviousRunIsPreviousSunday[117]</testName>
          <skipped>false</skipped>
          <failedSince>0</failedSince>
        </case>
        <case>
          <duration>0.0</duration>
          <className>hudson.scheduler.CronTabDayOfWeekLocaleTest</className>
          <testName>isSundayAndNextRunIsFriday[117]</testName>
          <skipped>false</skipped>
          <failedSince>0</failedSince>
        </case>
        <case>
          <duration>0.0</duration>
          <className>hudson.scheduler.CronTabDayOfWeekLocaleTest</className>
          <testName>isSundayAndPreviousRunIsSaturdayAsterisk[117]</testName>
          <skipped>false</skipped>
          <failedSince>0</failedSince>
        </case>
        <case>
          <duration>0.0</duration>
          <className>hudson.scheduler.CronTabDayOfWeekLocaleTest</className>
          <testName>isSundayAndNextRunIsMonday[117]</testName>
          <skipped>false</skipped>
          <failedSince>0</failedSince>
        </case>
        <case>
          <duration>0.001</duration>
          <className>hudson.scheduler.CronTabDayOfWeekLocaleTest</className>
          <testName>isSundayAndPreviousRunIsFriday[117]</testName>
          <skipped>false</skipped>
          <failedSince>0</failedSince>
        </case>
        <case>
          <duration>0.0</duration>
          <className>hudson.scheduler.CronTabDayOfWeekLocaleTest</className>
          <testName>isSundayAndNextRunIsTuesday[117]</testName>
          <skipped>false</skipped>
          <failedSince>0</failedSince>
        </case>
        <case>
          <duration>0.0</duration>
          <className>hudson.scheduler.CronTabDayOfWeekLocaleTest</className>
          <testName>isSundayAndNextRunIsNextSunday7[117]</testName>
          <skipped>false</skipped>
          <failedSince>0</failedSince>
        </case>
        <case>
          <duration>0.0</duration>
          <className>hudson.scheduler.CronTabDayOfWeekLocaleTest</className>
          <testName>isSundayAndPreviousRunIsMonday[117]</testName>
          <skipped>false</skipped>
          <failedSince>0</failedSince>
        </case>
        <case>
          <duration>0.001</duration>
          <className>hudson.scheduler.CronTabDayOfWeekLocaleTest</className>
          <testName>isSaturdayAndNextRunIsSundayAsterisk[117]</testName>
          <skipped>false</skipped>
          <failedSince>0</failedSince>
        </case>
        <case>
          <duration>0.0</duration>
          <className>hudson.scheduler.CronTabDayOfWeekLocaleTest</className>
          <testName>hudson8658[117]</testName>
          <skipped>false</skipped>
          <failedSince>0</failedSince>
        </case>
        <case>
          <duration>0.0</duration>
          <className>hudson.scheduler.CronTabDayOfWeekLocaleTest</className>
          <testName>isSundayAndNextRunIsNextSunday[117]</testName>
          <skipped>false</skipped>
          <failedSince>0</failedSince>
        </case>
        <case>
          <duration>0.0</duration>
          <className>hudson.scheduler.CronTabDayOfWeekLocaleTest</className>
          <testName>isSundayAndNextRunIsThursday[117]</testName>
          <skipped>false</skipped>
          <failedSince>0</failedSince>
        </case>
        <case>
          <duration>0.0</duration>
          <className>hudson.scheduler.CronTabDayOfWeekLocaleTest</className>
          <testName>isSundayAndPreviousRunIsPreviousSunday7[117]</testName>
          <skipped>false</skipped>
          <failedSince>0</failedSince>
        </case>
        <case>
          <duration>0.0</duration>
          <className>hudson.scheduler.CronTabDayOfWeekLocaleTest</className>
          <testName>isSundayAndNextRunIsWednesday[117]</testName>
          <skipped>false</skipped>
          <failedSince>0</failedSince>
        </case>
        <case>
          <duration>0.001</duration>
          <className>hudson.scheduler.CronTabDayOfWeekLocaleTest</className>
          <testName>isSundayAndNextRunIsSaturday[117]</testName>
          <skipped>false</skipped>
          <failedSince>0</failedSince>
        </case>
        <case>
          <duration>0.003</duration>
          <className>hudson.scheduler.CronTabDayOfWeekLocaleTest</className>
          <testName>isSundayAndPreviousRunIsTuesday[118]</testName>
          <skipped>false</skipped>
          <failedSince>0</failedSince>
        </case>
        <case>
          <duration>0.001</duration>
          <className>hudson.scheduler.CronTabDayOfWeekLocaleTest</className>
          <testName>isSundayAndPreviousRunIsThursday[118]</testName>
          <skipped>false</skipped>
          <failedSince>0</failedSince>
        </case>
        <case>
          <duration>0.0</duration>
          <className>hudson.scheduler.CronTabDayOfWeekLocaleTest</className>
          <testName>isSundayAndPreviousRunIsWednesday[118]</testName>
          <skipped>false</skipped>
          <failedSince>0</failedSince>
        </case>
        <case>
          <duration>0.0</duration>
          <className>hudson.scheduler.CronTabDayOfWeekLocaleTest</className>
          <testName>isSundayAndPreviousRunIsSaturday[118]</testName>
          <skipped>false</skipped>
          <failedSince>0</failedSince>
        </case>
        <case>
          <duration>0.001</duration>
          <className>hudson.scheduler.CronTabDayOfWeekLocaleTest</className>
          <testName>isSundayAndPreviousRunIsPreviousSunday[118]</testName>
          <skipped>false</skipped>
          <failedSince>0</failedSince>
        </case>
        <case>
          <duration>0.0</duration>
          <className>hudson.scheduler.CronTabDayOfWeekLocaleTest</className>
          <testName>isSundayAndNextRunIsFriday[118]</testName>
          <skipped>false</skipped>
          <failedSince>0</failedSince>
        </case>
        <case>
          <duration>0.0</duration>
          <className>hudson.scheduler.CronTabDayOfWeekLocaleTest</className>
          <testName>isSundayAndPreviousRunIsSaturdayAsterisk[118]</testName>
          <skipped>false</skipped>
          <failedSince>0</failedSince>
        </case>
        <case>
          <duration>0.0</duration>
          <className>hudson.scheduler.CronTabDayOfWeekLocaleTest</className>
          <testName>isSundayAndNextRunIsMonday[118]</testName>
          <skipped>false</skipped>
          <failedSince>0</failedSince>
        </case>
        <case>
          <duration>0.001</duration>
          <className>hudson.scheduler.CronTabDayOfWeekLocaleTest</className>
          <testName>isSundayAndPreviousRunIsFriday[118]</testName>
          <skipped>false</skipped>
          <failedSince>0</failedSince>
        </case>
        <case>
          <duration>0.0</duration>
          <className>hudson.scheduler.CronTabDayOfWeekLocaleTest</className>
          <testName>isSundayAndNextRunIsTuesday[118]</testName>
          <skipped>false</skipped>
          <failedSince>0</failedSince>
        </case>
        <case>
          <duration>0.0</duration>
          <className>hudson.scheduler.CronTabDayOfWeekLocaleTest</className>
          <testName>isSundayAndNextRunIsNextSunday7[118]</testName>
          <skipped>false</skipped>
          <failedSince>0</failedSince>
        </case>
        <case>
          <duration>0.0</duration>
          <className>hudson.scheduler.CronTabDayOfWeekLocaleTest</className>
          <testName>isSundayAndPreviousRunIsMonday[118]</testName>
          <skipped>false</skipped>
          <failedSince>0</failedSince>
        </case>
        <case>
          <duration>0.007</duration>
          <className>hudson.scheduler.CronTabDayOfWeekLocaleTest</className>
          <testName>isSaturdayAndNextRunIsSundayAsterisk[118]</testName>
          <skipped>false</skipped>
          <failedSince>0</failedSince>
        </case>
        <case>
          <duration>0.001</duration>
          <className>hudson.scheduler.CronTabDayOfWeekLocaleTest</className>
          <testName>hudson8658[118]</testName>
          <skipped>false</skipped>
          <failedSince>0</failedSince>
        </case>
        <case>
          <duration>0.0</duration>
          <className>hudson.scheduler.CronTabDayOfWeekLocaleTest</className>
          <testName>isSundayAndNextRunIsNextSunday[118]</testName>
          <skipped>false</skipped>
          <failedSince>0</failedSince>
        </case>
        <case>
          <duration>0.0</duration>
          <className>hudson.scheduler.CronTabDayOfWeekLocaleTest</className>
          <testName>isSundayAndNextRunIsThursday[118]</testName>
          <skipped>false</skipped>
          <failedSince>0</failedSince>
        </case>
        <case>
          <duration>0.001</duration>
          <className>hudson.scheduler.CronTabDayOfWeekLocaleTest</className>
          <testName>isSundayAndPreviousRunIsPreviousSunday7[118]</testName>
          <skipped>false</skipped>
          <failedSince>0</failedSince>
        </case>
        <case>
          <duration>0.0</duration>
          <className>hudson.scheduler.CronTabDayOfWeekLocaleTest</className>
          <testName>isSundayAndNextRunIsWednesday[118]</testName>
          <skipped>false</skipped>
          <failedSince>0</failedSince>
        </case>
        <case>
          <duration>0.0</duration>
          <className>hudson.scheduler.CronTabDayOfWeekLocaleTest</className>
          <testName>isSundayAndNextRunIsSaturday[118]</testName>
          <skipped>false</skipped>
          <failedSince>0</failedSince>
        </case>
        <case>
          <duration>0.0</duration>
          <className>hudson.scheduler.CronTabDayOfWeekLocaleTest</className>
          <testName>isSundayAndPreviousRunIsTuesday[119]</testName>
          <skipped>false</skipped>
          <failedSince>0</failedSince>
        </case>
        <case>
          <duration>0.0</duration>
          <className>hudson.scheduler.CronTabDayOfWeekLocaleTest</className>
          <testName>isSundayAndPreviousRunIsThursday[119]</testName>
          <skipped>false</skipped>
          <failedSince>0</failedSince>
        </case>
        <case>
          <duration>0.0</duration>
          <className>hudson.scheduler.CronTabDayOfWeekLocaleTest</className>
          <testName>isSundayAndPreviousRunIsWednesday[119]</testName>
          <skipped>false</skipped>
          <failedSince>0</failedSince>
        </case>
        <case>
          <duration>0.0</duration>
          <className>hudson.scheduler.CronTabDayOfWeekLocaleTest</className>
          <testName>isSundayAndPreviousRunIsSaturday[119]</testName>
          <skipped>false</skipped>
          <failedSince>0</failedSince>
        </case>
        <case>
          <duration>0.0</duration>
          <className>hudson.scheduler.CronTabDayOfWeekLocaleTest</className>
          <testName>isSundayAndPreviousRunIsPreviousSunday[119]</testName>
          <skipped>false</skipped>
          <failedSince>0</failedSince>
        </case>
        <case>
          <duration>0.0</duration>
          <className>hudson.scheduler.CronTabDayOfWeekLocaleTest</className>
          <testName>isSundayAndNextRunIsFriday[119]</testName>
          <skipped>false</skipped>
          <failedSince>0</failedSince>
        </case>
        <case>
          <duration>0.0</duration>
          <className>hudson.scheduler.CronTabDayOfWeekLocaleTest</className>
          <testName>isSundayAndPreviousRunIsSaturdayAsterisk[119]</testName>
          <skipped>false</skipped>
          <failedSince>0</failedSince>
        </case>
        <case>
          <duration>0.0</duration>
          <className>hudson.scheduler.CronTabDayOfWeekLocaleTest</className>
          <testName>isSundayAndNextRunIsMonday[119]</testName>
          <skipped>false</skipped>
          <failedSince>0</failedSince>
        </case>
        <case>
          <duration>0.001</duration>
          <className>hudson.scheduler.CronTabDayOfWeekLocaleTest</className>
          <testName>isSundayAndPreviousRunIsFriday[119]</testName>
          <skipped>false</skipped>
          <failedSince>0</failedSince>
        </case>
        <case>
          <duration>0.0</duration>
          <className>hudson.scheduler.CronTabDayOfWeekLocaleTest</className>
          <testName>isSundayAndNextRunIsTuesday[119]</testName>
          <skipped>false</skipped>
          <failedSince>0</failedSince>
        </case>
        <case>
          <duration>0.0</duration>
          <className>hudson.scheduler.CronTabDayOfWeekLocaleTest</className>
          <testName>isSundayAndNextRunIsNextSunday7[119]</testName>
          <skipped>false</skipped>
          <failedSince>0</failedSince>
        </case>
        <case>
          <duration>0.0</duration>
          <className>hudson.scheduler.CronTabDayOfWeekLocaleTest</className>
          <testName>isSundayAndPreviousRunIsMonday[119]</testName>
          <skipped>false</skipped>
          <failedSince>0</failedSince>
        </case>
        <case>
          <duration>0.0</duration>
          <className>hudson.scheduler.CronTabDayOfWeekLocaleTest</className>
          <testName>isSaturdayAndNextRunIsSundayAsterisk[119]</testName>
          <skipped>false</skipped>
          <failedSince>0</failedSince>
        </case>
        <case>
          <duration>0.0</duration>
          <className>hudson.scheduler.CronTabDayOfWeekLocaleTest</className>
          <testName>hudson8658[119]</testName>
          <skipped>false</skipped>
          <failedSince>0</failedSince>
        </case>
        <case>
          <duration>0.001</duration>
          <className>hudson.scheduler.CronTabDayOfWeekLocaleTest</className>
          <testName>isSundayAndNextRunIsNextSunday[119]</testName>
          <skipped>false</skipped>
          <failedSince>0</failedSince>
        </case>
        <case>
          <duration>0.0</duration>
          <className>hudson.scheduler.CronTabDayOfWeekLocaleTest</className>
          <testName>isSundayAndNextRunIsThursday[119]</testName>
          <skipped>false</skipped>
          <failedSince>0</failedSince>
        </case>
        <case>
          <duration>0.0</duration>
          <className>hudson.scheduler.CronTabDayOfWeekLocaleTest</className>
          <testName>isSundayAndPreviousRunIsPreviousSunday7[119]</testName>
          <skipped>false</skipped>
          <failedSince>0</failedSince>
        </case>
        <case>
          <duration>0.001</duration>
          <className>hudson.scheduler.CronTabDayOfWeekLocaleTest</className>
          <testName>isSundayAndNextRunIsWednesday[119]</testName>
          <skipped>false</skipped>
          <failedSince>0</failedSince>
        </case>
        <case>
          <duration>0.0</duration>
          <className>hudson.scheduler.CronTabDayOfWeekLocaleTest</className>
          <testName>isSundayAndNextRunIsSaturday[119]</testName>
          <skipped>false</skipped>
          <failedSince>0</failedSince>
        </case>
        <case>
          <duration>0.0</duration>
          <className>hudson.scheduler.CronTabDayOfWeekLocaleTest</className>
          <testName>isSundayAndPreviousRunIsTuesday[120]</testName>
          <skipped>false</skipped>
          <failedSince>0</failedSince>
        </case>
        <case>
          <duration>0.001</duration>
          <className>hudson.scheduler.CronTabDayOfWeekLocaleTest</className>
          <testName>isSundayAndPreviousRunIsThursday[120]</testName>
          <skipped>false</skipped>
          <failedSince>0</failedSince>
        </case>
        <case>
          <duration>0.0</duration>
          <className>hudson.scheduler.CronTabDayOfWeekLocaleTest</className>
          <testName>isSundayAndPreviousRunIsWednesday[120]</testName>
          <skipped>false</skipped>
          <failedSince>0</failedSince>
        </case>
        <case>
          <duration>0.0</duration>
          <className>hudson.scheduler.CronTabDayOfWeekLocaleTest</className>
          <testName>isSundayAndPreviousRunIsSaturday[120]</testName>
          <skipped>false</skipped>
          <failedSince>0</failedSince>
        </case>
        <case>
          <duration>0.001</duration>
          <className>hudson.scheduler.CronTabDayOfWeekLocaleTest</className>
          <testName>isSundayAndPreviousRunIsPreviousSunday[120]</testName>
          <skipped>false</skipped>
          <failedSince>0</failedSince>
        </case>
        <case>
          <duration>0.0</duration>
          <className>hudson.scheduler.CronTabDayOfWeekLocaleTest</className>
          <testName>isSundayAndNextRunIsFriday[120]</testName>
          <skipped>false</skipped>
          <failedSince>0</failedSince>
        </case>
        <case>
          <duration>0.001</duration>
          <className>hudson.scheduler.CronTabDayOfWeekLocaleTest</className>
          <testName>isSundayAndPreviousRunIsSaturdayAsterisk[120]</testName>
          <skipped>false</skipped>
          <failedSince>0</failedSince>
        </case>
        <case>
          <duration>0.0</duration>
          <className>hudson.scheduler.CronTabDayOfWeekLocaleTest</className>
          <testName>isSundayAndNextRunIsMonday[120]</testName>
          <skipped>false</skipped>
          <failedSince>0</failedSince>
        </case>
        <case>
          <duration>0.0</duration>
          <className>hudson.scheduler.CronTabDayOfWeekLocaleTest</className>
          <testName>isSundayAndPreviousRunIsFriday[120]</testName>
          <skipped>false</skipped>
          <failedSince>0</failedSince>
        </case>
        <case>
          <duration>0.001</duration>
          <className>hudson.scheduler.CronTabDayOfWeekLocaleTest</className>
          <testName>isSundayAndNextRunIsTuesday[120]</testName>
          <skipped>false</skipped>
          <failedSince>0</failedSince>
        </case>
        <case>
          <duration>0.0</duration>
          <className>hudson.scheduler.CronTabDayOfWeekLocaleTest</className>
          <testName>isSundayAndNextRunIsNextSunday7[120]</testName>
          <skipped>false</skipped>
          <failedSince>0</failedSince>
        </case>
        <case>
          <duration>0.0</duration>
          <className>hudson.scheduler.CronTabDayOfWeekLocaleTest</className>
          <testName>isSundayAndPreviousRunIsMonday[120]</testName>
          <skipped>false</skipped>
          <failedSince>0</failedSince>
        </case>
        <case>
          <duration>0.001</duration>
          <className>hudson.scheduler.CronTabDayOfWeekLocaleTest</className>
          <testName>isSaturdayAndNextRunIsSundayAsterisk[120]</testName>
          <skipped>false</skipped>
          <failedSince>0</failedSince>
        </case>
        <case>
          <duration>0.0</duration>
          <className>hudson.scheduler.CronTabDayOfWeekLocaleTest</className>
          <testName>hudson8658[120]</testName>
          <skipped>false</skipped>
          <failedSince>0</failedSince>
        </case>
        <case>
          <duration>0.0</duration>
          <className>hudson.scheduler.CronTabDayOfWeekLocaleTest</className>
          <testName>isSundayAndNextRunIsNextSunday[120]</testName>
          <skipped>false</skipped>
          <failedSince>0</failedSince>
        </case>
        <case>
          <duration>0.0</duration>
          <className>hudson.scheduler.CronTabDayOfWeekLocaleTest</className>
          <testName>isSundayAndNextRunIsThursday[120]</testName>
          <skipped>false</skipped>
          <failedSince>0</failedSince>
        </case>
        <case>
          <duration>0.0</duration>
          <className>hudson.scheduler.CronTabDayOfWeekLocaleTest</className>
          <testName>isSundayAndPreviousRunIsPreviousSunday7[120]</testName>
          <skipped>false</skipped>
          <failedSince>0</failedSince>
        </case>
        <case>
          <duration>0.0</duration>
          <className>hudson.scheduler.CronTabDayOfWeekLocaleTest</className>
          <testName>isSundayAndNextRunIsWednesday[120]</testName>
          <skipped>false</skipped>
          <failedSince>0</failedSince>
        </case>
        <case>
          <duration>0.0</duration>
          <className>hudson.scheduler.CronTabDayOfWeekLocaleTest</className>
          <testName>isSundayAndNextRunIsSaturday[120]</testName>
          <skipped>false</skipped>
          <failedSince>0</failedSince>
        </case>
        <case>
          <duration>0.0</duration>
          <className>hudson.scheduler.CronTabDayOfWeekLocaleTest</className>
          <testName>isSundayAndPreviousRunIsTuesday[121]</testName>
          <skipped>false</skipped>
          <failedSince>0</failedSince>
        </case>
        <case>
          <duration>0.0</duration>
          <className>hudson.scheduler.CronTabDayOfWeekLocaleTest</className>
          <testName>isSundayAndPreviousRunIsThursday[121]</testName>
          <skipped>false</skipped>
          <failedSince>0</failedSince>
        </case>
        <case>
          <duration>0.0</duration>
          <className>hudson.scheduler.CronTabDayOfWeekLocaleTest</className>
          <testName>isSundayAndPreviousRunIsWednesday[121]</testName>
          <skipped>false</skipped>
          <failedSince>0</failedSince>
        </case>
        <case>
          <duration>0.0</duration>
          <className>hudson.scheduler.CronTabDayOfWeekLocaleTest</className>
          <testName>isSundayAndPreviousRunIsSaturday[121]</testName>
          <skipped>false</skipped>
          <failedSince>0</failedSince>
        </case>
        <case>
          <duration>0.0</duration>
          <className>hudson.scheduler.CronTabDayOfWeekLocaleTest</className>
          <testName>isSundayAndPreviousRunIsPreviousSunday[121]</testName>
          <skipped>false</skipped>
          <failedSince>0</failedSince>
        </case>
        <case>
          <duration>0.0</duration>
          <className>hudson.scheduler.CronTabDayOfWeekLocaleTest</className>
          <testName>isSundayAndNextRunIsFriday[121]</testName>
          <skipped>false</skipped>
          <failedSince>0</failedSince>
        </case>
        <case>
          <duration>0.001</duration>
          <className>hudson.scheduler.CronTabDayOfWeekLocaleTest</className>
          <testName>isSundayAndPreviousRunIsSaturdayAsterisk[121]</testName>
          <skipped>false</skipped>
          <failedSince>0</failedSince>
        </case>
        <case>
          <duration>0.0</duration>
          <className>hudson.scheduler.CronTabDayOfWeekLocaleTest</className>
          <testName>isSundayAndNextRunIsMonday[121]</testName>
          <skipped>false</skipped>
          <failedSince>0</failedSince>
        </case>
        <case>
          <duration>0.0</duration>
          <className>hudson.scheduler.CronTabDayOfWeekLocaleTest</className>
          <testName>isSundayAndPreviousRunIsFriday[121]</testName>
          <skipped>false</skipped>
          <failedSince>0</failedSince>
        </case>
        <case>
          <duration>0.001</duration>
          <className>hudson.scheduler.CronTabDayOfWeekLocaleTest</className>
          <testName>isSundayAndNextRunIsTuesday[121]</testName>
          <skipped>false</skipped>
          <failedSince>0</failedSince>
        </case>
        <case>
          <duration>0.0</duration>
          <className>hudson.scheduler.CronTabDayOfWeekLocaleTest</className>
          <testName>isSundayAndNextRunIsNextSunday7[121]</testName>
          <skipped>false</skipped>
          <failedSince>0</failedSince>
        </case>
        <case>
          <duration>0.0</duration>
          <className>hudson.scheduler.CronTabDayOfWeekLocaleTest</className>
          <testName>isSundayAndPreviousRunIsMonday[121]</testName>
          <skipped>false</skipped>
          <failedSince>0</failedSince>
        </case>
        <case>
          <duration>0.003</duration>
          <className>hudson.scheduler.CronTabDayOfWeekLocaleTest</className>
          <testName>isSaturdayAndNextRunIsSundayAsterisk[121]</testName>
          <skipped>false</skipped>
          <failedSince>0</failedSince>
        </case>
        <case>
          <duration>0.0</duration>
          <className>hudson.scheduler.CronTabDayOfWeekLocaleTest</className>
          <testName>hudson8658[121]</testName>
          <skipped>false</skipped>
          <failedSince>0</failedSince>
        </case>
        <case>
          <duration>0.0</duration>
          <className>hudson.scheduler.CronTabDayOfWeekLocaleTest</className>
          <testName>isSundayAndNextRunIsNextSunday[121]</testName>
          <skipped>false</skipped>
          <failedSince>0</failedSince>
        </case>
        <case>
          <duration>0.001</duration>
          <className>hudson.scheduler.CronTabDayOfWeekLocaleTest</className>
          <testName>isSundayAndNextRunIsThursday[121]</testName>
          <skipped>false</skipped>
          <failedSince>0</failedSince>
        </case>
        <case>
          <duration>0.0</duration>
          <className>hudson.scheduler.CronTabDayOfWeekLocaleTest</className>
          <testName>isSundayAndPreviousRunIsPreviousSunday7[121]</testName>
          <skipped>false</skipped>
          <failedSince>0</failedSince>
        </case>
        <case>
          <duration>0.0</duration>
          <className>hudson.scheduler.CronTabDayOfWeekLocaleTest</className>
          <testName>isSundayAndNextRunIsWednesday[121]</testName>
          <skipped>false</skipped>
          <failedSince>0</failedSince>
        </case>
        <case>
          <duration>0.0</duration>
          <className>hudson.scheduler.CronTabDayOfWeekLocaleTest</className>
          <testName>isSundayAndNextRunIsSaturday[121]</testName>
          <skipped>false</skipped>
          <failedSince>0</failedSince>
        </case>
        <case>
          <duration>0.001</duration>
          <className>hudson.scheduler.CronTabDayOfWeekLocaleTest</className>
          <testName>isSundayAndPreviousRunIsTuesday[122]</testName>
          <skipped>false</skipped>
          <failedSince>0</failedSince>
        </case>
        <case>
          <duration>0.0</duration>
          <className>hudson.scheduler.CronTabDayOfWeekLocaleTest</className>
          <testName>isSundayAndPreviousRunIsThursday[122]</testName>
          <skipped>false</skipped>
          <failedSince>0</failedSince>
        </case>
        <case>
          <duration>0.0</duration>
          <className>hudson.scheduler.CronTabDayOfWeekLocaleTest</className>
          <testName>isSundayAndPreviousRunIsWednesday[122]</testName>
          <skipped>false</skipped>
          <failedSince>0</failedSince>
        </case>
        <case>
          <duration>0.001</duration>
          <className>hudson.scheduler.CronTabDayOfWeekLocaleTest</className>
          <testName>isSundayAndPreviousRunIsSaturday[122]</testName>
          <skipped>false</skipped>
          <failedSince>0</failedSince>
        </case>
        <case>
          <duration>0.0</duration>
          <className>hudson.scheduler.CronTabDayOfWeekLocaleTest</className>
          <testName>isSundayAndPreviousRunIsPreviousSunday[122]</testName>
          <skipped>false</skipped>
          <failedSince>0</failedSince>
        </case>
        <case>
          <duration>0.0</duration>
          <className>hudson.scheduler.CronTabDayOfWeekLocaleTest</className>
          <testName>isSundayAndNextRunIsFriday[122]</testName>
          <skipped>false</skipped>
          <failedSince>0</failedSince>
        </case>
        <case>
          <duration>0.001</duration>
          <className>hudson.scheduler.CronTabDayOfWeekLocaleTest</className>
          <testName>isSundayAndPreviousRunIsSaturdayAsterisk[122]</testName>
          <skipped>false</skipped>
          <failedSince>0</failedSince>
        </case>
        <case>
          <duration>0.0</duration>
          <className>hudson.scheduler.CronTabDayOfWeekLocaleTest</className>
          <testName>isSundayAndNextRunIsMonday[122]</testName>
          <skipped>false</skipped>
          <failedSince>0</failedSince>
        </case>
        <case>
          <duration>0.0</duration>
          <className>hudson.scheduler.CronTabDayOfWeekLocaleTest</className>
          <testName>isSundayAndPreviousRunIsFriday[122]</testName>
          <skipped>false</skipped>
          <failedSince>0</failedSince>
        </case>
        <case>
          <duration>0.001</duration>
          <className>hudson.scheduler.CronTabDayOfWeekLocaleTest</className>
          <testName>isSundayAndNextRunIsTuesday[122]</testName>
          <skipped>false</skipped>
          <failedSince>0</failedSince>
        </case>
        <case>
          <duration>0.0</duration>
          <className>hudson.scheduler.CronTabDayOfWeekLocaleTest</className>
          <testName>isSundayAndNextRunIsNextSunday7[122]</testName>
          <skipped>false</skipped>
          <failedSince>0</failedSince>
        </case>
        <case>
          <duration>0.001</duration>
          <className>hudson.scheduler.CronTabDayOfWeekLocaleTest</className>
          <testName>isSundayAndPreviousRunIsMonday[122]</testName>
          <skipped>false</skipped>
          <failedSince>0</failedSince>
        </case>
        <case>
          <duration>0.0</duration>
          <className>hudson.scheduler.CronTabDayOfWeekLocaleTest</className>
          <testName>isSaturdayAndNextRunIsSundayAsterisk[122]</testName>
          <skipped>false</skipped>
          <failedSince>0</failedSince>
        </case>
        <case>
          <duration>0.002</duration>
          <className>hudson.scheduler.CronTabDayOfWeekLocaleTest</className>
          <testName>hudson8658[122]</testName>
          <skipped>false</skipped>
          <failedSince>0</failedSince>
        </case>
        <case>
          <duration>0.001</duration>
          <className>hudson.scheduler.CronTabDayOfWeekLocaleTest</className>
          <testName>isSundayAndNextRunIsNextSunday[122]</testName>
          <skipped>false</skipped>
          <failedSince>0</failedSince>
        </case>
        <case>
          <duration>0.0</duration>
          <className>hudson.scheduler.CronTabDayOfWeekLocaleTest</className>
          <testName>isSundayAndNextRunIsThursday[122]</testName>
          <skipped>false</skipped>
          <failedSince>0</failedSince>
        </case>
        <case>
          <duration>0.0</duration>
          <className>hudson.scheduler.CronTabDayOfWeekLocaleTest</className>
          <testName>isSundayAndPreviousRunIsPreviousSunday7[122]</testName>
          <skipped>false</skipped>
          <failedSince>0</failedSince>
        </case>
        <case>
          <duration>0.001</duration>
          <className>hudson.scheduler.CronTabDayOfWeekLocaleTest</className>
          <testName>isSundayAndNextRunIsWednesday[122]</testName>
          <skipped>false</skipped>
          <failedSince>0</failedSince>
        </case>
        <case>
          <duration>0.0</duration>
          <className>hudson.scheduler.CronTabDayOfWeekLocaleTest</className>
          <testName>isSundayAndNextRunIsSaturday[122]</testName>
          <skipped>false</skipped>
          <failedSince>0</failedSince>
        </case>
        <case>
          <duration>0.001</duration>
          <className>hudson.scheduler.CronTabDayOfWeekLocaleTest</className>
          <testName>isSundayAndPreviousRunIsTuesday[123]</testName>
          <skipped>false</skipped>
          <failedSince>0</failedSince>
        </case>
        <case>
          <duration>0.0</duration>
          <className>hudson.scheduler.CronTabDayOfWeekLocaleTest</className>
          <testName>isSundayAndPreviousRunIsThursday[123]</testName>
          <skipped>false</skipped>
          <failedSince>0</failedSince>
        </case>
        <case>
          <duration>0.0</duration>
          <className>hudson.scheduler.CronTabDayOfWeekLocaleTest</className>
          <testName>isSundayAndPreviousRunIsWednesday[123]</testName>
          <skipped>false</skipped>
          <failedSince>0</failedSince>
        </case>
        <case>
          <duration>0.0</duration>
          <className>hudson.scheduler.CronTabDayOfWeekLocaleTest</className>
          <testName>isSundayAndPreviousRunIsSaturday[123]</testName>
          <skipped>false</skipped>
          <failedSince>0</failedSince>
        </case>
        <case>
          <duration>0.001</duration>
          <className>hudson.scheduler.CronTabDayOfWeekLocaleTest</className>
          <testName>isSundayAndPreviousRunIsPreviousSunday[123]</testName>
          <skipped>false</skipped>
          <failedSince>0</failedSince>
        </case>
        <case>
          <duration>0.0</duration>
          <className>hudson.scheduler.CronTabDayOfWeekLocaleTest</className>
          <testName>isSundayAndNextRunIsFriday[123]</testName>
          <skipped>false</skipped>
          <failedSince>0</failedSince>
        </case>
        <case>
          <duration>0.0</duration>
          <className>hudson.scheduler.CronTabDayOfWeekLocaleTest</className>
          <testName>isSundayAndPreviousRunIsSaturdayAsterisk[123]</testName>
          <skipped>false</skipped>
          <failedSince>0</failedSince>
        </case>
        <case>
          <duration>0.001</duration>
          <className>hudson.scheduler.CronTabDayOfWeekLocaleTest</className>
          <testName>isSundayAndNextRunIsMonday[123]</testName>
          <skipped>false</skipped>
          <failedSince>0</failedSince>
        </case>
        <case>
          <duration>0.0</duration>
          <className>hudson.scheduler.CronTabDayOfWeekLocaleTest</className>
          <testName>isSundayAndPreviousRunIsFriday[123]</testName>
          <skipped>false</skipped>
          <failedSince>0</failedSince>
        </case>
        <case>
          <duration>0.0</duration>
          <className>hudson.scheduler.CronTabDayOfWeekLocaleTest</className>
          <testName>isSundayAndNextRunIsTuesday[123]</testName>
          <skipped>false</skipped>
          <failedSince>0</failedSince>
        </case>
        <case>
          <duration>0.001</duration>
          <className>hudson.scheduler.CronTabDayOfWeekLocaleTest</className>
          <testName>isSundayAndNextRunIsNextSunday7[123]</testName>
          <skipped>false</skipped>
          <failedSince>0</failedSince>
        </case>
        <case>
          <duration>0.0</duration>
          <className>hudson.scheduler.CronTabDayOfWeekLocaleTest</className>
          <testName>isSundayAndPreviousRunIsMonday[123]</testName>
          <skipped>false</skipped>
          <failedSince>0</failedSince>
        </case>
        <case>
          <duration>0.0</duration>
          <className>hudson.scheduler.CronTabDayOfWeekLocaleTest</className>
          <testName>isSaturdayAndNextRunIsSundayAsterisk[123]</testName>
          <skipped>false</skipped>
          <failedSince>0</failedSince>
        </case>
        <case>
          <duration>0.001</duration>
          <className>hudson.scheduler.CronTabDayOfWeekLocaleTest</className>
          <testName>hudson8658[123]</testName>
          <skipped>false</skipped>
          <failedSince>0</failedSince>
        </case>
        <case>
          <duration>0.0</duration>
          <className>hudson.scheduler.CronTabDayOfWeekLocaleTest</className>
          <testName>isSundayAndNextRunIsNextSunday[123]</testName>
          <skipped>false</skipped>
          <failedSince>0</failedSince>
        </case>
        <case>
          <duration>0.0</duration>
          <className>hudson.scheduler.CronTabDayOfWeekLocaleTest</className>
          <testName>isSundayAndNextRunIsThursday[123]</testName>
          <skipped>false</skipped>
          <failedSince>0</failedSince>
        </case>
        <case>
          <duration>0.001</duration>
          <className>hudson.scheduler.CronTabDayOfWeekLocaleTest</className>
          <testName>isSundayAndPreviousRunIsPreviousSunday7[123]</testName>
          <skipped>false</skipped>
          <failedSince>0</failedSince>
        </case>
        <case>
          <duration>0.0</duration>
          <className>hudson.scheduler.CronTabDayOfWeekLocaleTest</className>
          <testName>isSundayAndNextRunIsWednesday[123]</testName>
          <skipped>false</skipped>
          <failedSince>0</failedSince>
        </case>
        <case>
          <duration>0.0</duration>
          <className>hudson.scheduler.CronTabDayOfWeekLocaleTest</className>
          <testName>isSundayAndNextRunIsSaturday[123]</testName>
          <skipped>false</skipped>
          <failedSince>0</failedSince>
        </case>
        <case>
          <duration>0.001</duration>
          <className>hudson.scheduler.CronTabDayOfWeekLocaleTest</className>
          <testName>isSundayAndPreviousRunIsTuesday[124]</testName>
          <skipped>false</skipped>
          <failedSince>0</failedSince>
        </case>
        <case>
          <duration>0.0</duration>
          <className>hudson.scheduler.CronTabDayOfWeekLocaleTest</className>
          <testName>isSundayAndPreviousRunIsThursday[124]</testName>
          <skipped>false</skipped>
          <failedSince>0</failedSince>
        </case>
        <case>
          <duration>0.0</duration>
          <className>hudson.scheduler.CronTabDayOfWeekLocaleTest</className>
          <testName>isSundayAndPreviousRunIsWednesday[124]</testName>
          <skipped>false</skipped>
          <failedSince>0</failedSince>
        </case>
        <case>
          <duration>0.0</duration>
          <className>hudson.scheduler.CronTabDayOfWeekLocaleTest</className>
          <testName>isSundayAndPreviousRunIsSaturday[124]</testName>
          <skipped>false</skipped>
          <failedSince>0</failedSince>
        </case>
        <case>
          <duration>0.001</duration>
          <className>hudson.scheduler.CronTabDayOfWeekLocaleTest</className>
          <testName>isSundayAndPreviousRunIsPreviousSunday[124]</testName>
          <skipped>false</skipped>
          <failedSince>0</failedSince>
        </case>
        <case>
          <duration>0.0</duration>
          <className>hudson.scheduler.CronTabDayOfWeekLocaleTest</className>
          <testName>isSundayAndNextRunIsFriday[124]</testName>
          <skipped>false</skipped>
          <failedSince>0</failedSince>
        </case>
        <case>
          <duration>0.0</duration>
          <className>hudson.scheduler.CronTabDayOfWeekLocaleTest</className>
          <testName>isSundayAndPreviousRunIsSaturdayAsterisk[124]</testName>
          <skipped>false</skipped>
          <failedSince>0</failedSince>
        </case>
        <case>
          <duration>0.0</duration>
          <className>hudson.scheduler.CronTabDayOfWeekLocaleTest</className>
          <testName>isSundayAndNextRunIsMonday[124]</testName>
          <skipped>false</skipped>
          <failedSince>0</failedSince>
        </case>
        <case>
          <duration>0.0</duration>
          <className>hudson.scheduler.CronTabDayOfWeekLocaleTest</className>
          <testName>isSundayAndPreviousRunIsFriday[124]</testName>
          <skipped>false</skipped>
          <failedSince>0</failedSince>
        </case>
        <case>
          <duration>0.0</duration>
          <className>hudson.scheduler.CronTabDayOfWeekLocaleTest</className>
          <testName>isSundayAndNextRunIsTuesday[124]</testName>
          <skipped>false</skipped>
          <failedSince>0</failedSince>
        </case>
        <case>
          <duration>0.001</duration>
          <className>hudson.scheduler.CronTabDayOfWeekLocaleTest</className>
          <testName>isSundayAndNextRunIsNextSunday7[124]</testName>
          <skipped>false</skipped>
          <failedSince>0</failedSince>
        </case>
        <case>
          <duration>0.0</duration>
          <className>hudson.scheduler.CronTabDayOfWeekLocaleTest</className>
          <testName>isSundayAndPreviousRunIsMonday[124]</testName>
          <skipped>false</skipped>
          <failedSince>0</failedSince>
        </case>
        <case>
          <duration>0.0</duration>
          <className>hudson.scheduler.CronTabDayOfWeekLocaleTest</className>
          <testName>isSaturdayAndNextRunIsSundayAsterisk[124]</testName>
          <skipped>false</skipped>
          <failedSince>0</failedSince>
        </case>
        <case>
          <duration>0.001</duration>
          <className>hudson.scheduler.CronTabDayOfWeekLocaleTest</className>
          <testName>hudson8658[124]</testName>
          <skipped>false</skipped>
          <failedSince>0</failedSince>
        </case>
        <case>
          <duration>0.0</duration>
          <className>hudson.scheduler.CronTabDayOfWeekLocaleTest</className>
          <testName>isSundayAndNextRunIsNextSunday[124]</testName>
          <skipped>false</skipped>
          <failedSince>0</failedSince>
        </case>
        <case>
          <duration>0.0</duration>
          <className>hudson.scheduler.CronTabDayOfWeekLocaleTest</className>
          <testName>isSundayAndNextRunIsThursday[124]</testName>
          <skipped>false</skipped>
          <failedSince>0</failedSince>
        </case>
        <case>
          <duration>0.0</duration>
          <className>hudson.scheduler.CronTabDayOfWeekLocaleTest</className>
          <testName>isSundayAndPreviousRunIsPreviousSunday7[124]</testName>
          <skipped>false</skipped>
          <failedSince>0</failedSince>
        </case>
        <case>
          <duration>0.0</duration>
          <className>hudson.scheduler.CronTabDayOfWeekLocaleTest</className>
          <testName>isSundayAndNextRunIsWednesday[124]</testName>
          <skipped>false</skipped>
          <failedSince>0</failedSince>
        </case>
        <case>
          <duration>0.0</duration>
          <className>hudson.scheduler.CronTabDayOfWeekLocaleTest</className>
          <testName>isSundayAndNextRunIsSaturday[124]</testName>
          <skipped>false</skipped>
          <failedSince>0</failedSince>
        </case>
        <case>
          <duration>0.0</duration>
          <className>hudson.scheduler.CronTabDayOfWeekLocaleTest</className>
          <testName>isSundayAndPreviousRunIsTuesday[125]</testName>
          <skipped>false</skipped>
          <failedSince>0</failedSince>
        </case>
        <case>
          <duration>0.0</duration>
          <className>hudson.scheduler.CronTabDayOfWeekLocaleTest</className>
          <testName>isSundayAndPreviousRunIsThursday[125]</testName>
          <skipped>false</skipped>
          <failedSince>0</failedSince>
        </case>
        <case>
          <duration>0.0</duration>
          <className>hudson.scheduler.CronTabDayOfWeekLocaleTest</className>
          <testName>isSundayAndPreviousRunIsWednesday[125]</testName>
          <skipped>false</skipped>
          <failedSince>0</failedSince>
        </case>
        <case>
          <duration>0.0</duration>
          <className>hudson.scheduler.CronTabDayOfWeekLocaleTest</className>
          <testName>isSundayAndPreviousRunIsSaturday[125]</testName>
          <skipped>false</skipped>
          <failedSince>0</failedSince>
        </case>
        <case>
          <duration>0.0</duration>
          <className>hudson.scheduler.CronTabDayOfWeekLocaleTest</className>
          <testName>isSundayAndPreviousRunIsPreviousSunday[125]</testName>
          <skipped>false</skipped>
          <failedSince>0</failedSince>
        </case>
        <case>
          <duration>0.0</duration>
          <className>hudson.scheduler.CronTabDayOfWeekLocaleTest</className>
          <testName>isSundayAndNextRunIsFriday[125]</testName>
          <skipped>false</skipped>
          <failedSince>0</failedSince>
        </case>
        <case>
          <duration>0.001</duration>
          <className>hudson.scheduler.CronTabDayOfWeekLocaleTest</className>
          <testName>isSundayAndPreviousRunIsSaturdayAsterisk[125]</testName>
          <skipped>false</skipped>
          <failedSince>0</failedSince>
        </case>
        <case>
          <duration>0.0</duration>
          <className>hudson.scheduler.CronTabDayOfWeekLocaleTest</className>
          <testName>isSundayAndNextRunIsMonday[125]</testName>
          <skipped>false</skipped>
          <failedSince>0</failedSince>
        </case>
        <case>
          <duration>0.0</duration>
          <className>hudson.scheduler.CronTabDayOfWeekLocaleTest</className>
          <testName>isSundayAndPreviousRunIsFriday[125]</testName>
          <skipped>false</skipped>
          <failedSince>0</failedSince>
        </case>
        <case>
          <duration>0.0</duration>
          <className>hudson.scheduler.CronTabDayOfWeekLocaleTest</className>
          <testName>isSundayAndNextRunIsTuesday[125]</testName>
          <skipped>false</skipped>
          <failedSince>0</failedSince>
        </case>
        <case>
          <duration>0.0</duration>
          <className>hudson.scheduler.CronTabDayOfWeekLocaleTest</className>
          <testName>isSundayAndNextRunIsNextSunday7[125]</testName>
          <skipped>false</skipped>
          <failedSince>0</failedSince>
        </case>
        <case>
          <duration>0.0</duration>
          <className>hudson.scheduler.CronTabDayOfWeekLocaleTest</className>
          <testName>isSundayAndPreviousRunIsMonday[125]</testName>
          <skipped>false</skipped>
          <failedSince>0</failedSince>
        </case>
        <case>
          <duration>0.001</duration>
          <className>hudson.scheduler.CronTabDayOfWeekLocaleTest</className>
          <testName>isSaturdayAndNextRunIsSundayAsterisk[125]</testName>
          <skipped>false</skipped>
          <failedSince>0</failedSince>
        </case>
        <case>
          <duration>0.0</duration>
          <className>hudson.scheduler.CronTabDayOfWeekLocaleTest</className>
          <testName>hudson8658[125]</testName>
          <skipped>false</skipped>
          <failedSince>0</failedSince>
        </case>
        <case>
          <duration>0.0</duration>
          <className>hudson.scheduler.CronTabDayOfWeekLocaleTest</className>
          <testName>isSundayAndNextRunIsNextSunday[125]</testName>
          <skipped>false</skipped>
          <failedSince>0</failedSince>
        </case>
        <case>
          <duration>0.001</duration>
          <className>hudson.scheduler.CronTabDayOfWeekLocaleTest</className>
          <testName>isSundayAndNextRunIsThursday[125]</testName>
          <skipped>false</skipped>
          <failedSince>0</failedSince>
        </case>
        <case>
          <duration>0.0</duration>
          <className>hudson.scheduler.CronTabDayOfWeekLocaleTest</className>
          <testName>isSundayAndPreviousRunIsPreviousSunday7[125]</testName>
          <skipped>false</skipped>
          <failedSince>0</failedSince>
        </case>
        <case>
          <duration>0.0</duration>
          <className>hudson.scheduler.CronTabDayOfWeekLocaleTest</className>
          <testName>isSundayAndNextRunIsWednesday[125]</testName>
          <skipped>false</skipped>
          <failedSince>0</failedSince>
        </case>
        <case>
          <duration>0.001</duration>
          <className>hudson.scheduler.CronTabDayOfWeekLocaleTest</className>
          <testName>isSundayAndNextRunIsSaturday[125]</testName>
          <skipped>false</skipped>
          <failedSince>0</failedSince>
        </case>
        <case>
          <duration>0.003</duration>
          <className>hudson.scheduler.CronTabDayOfWeekLocaleTest</className>
          <testName>isSundayAndPreviousRunIsTuesday[126]</testName>
          <skipped>false</skipped>
          <failedSince>0</failedSince>
        </case>
        <case>
          <duration>0.001</duration>
          <className>hudson.scheduler.CronTabDayOfWeekLocaleTest</className>
          <testName>isSundayAndPreviousRunIsThursday[126]</testName>
          <skipped>false</skipped>
          <failedSince>0</failedSince>
        </case>
        <case>
          <duration>0.0</duration>
          <className>hudson.scheduler.CronTabDayOfWeekLocaleTest</className>
          <testName>isSundayAndPreviousRunIsWednesday[126]</testName>
          <skipped>false</skipped>
          <failedSince>0</failedSince>
        </case>
        <case>
          <duration>0.0</duration>
          <className>hudson.scheduler.CronTabDayOfWeekLocaleTest</className>
          <testName>isSundayAndPreviousRunIsSaturday[126]</testName>
          <skipped>false</skipped>
          <failedSince>0</failedSince>
        </case>
        <case>
          <duration>0.001</duration>
          <className>hudson.scheduler.CronTabDayOfWeekLocaleTest</className>
          <testName>isSundayAndPreviousRunIsPreviousSunday[126]</testName>
          <skipped>false</skipped>
          <failedSince>0</failedSince>
        </case>
        <case>
          <duration>0.0</duration>
          <className>hudson.scheduler.CronTabDayOfWeekLocaleTest</className>
          <testName>isSundayAndNextRunIsFriday[126]</testName>
          <skipped>false</skipped>
          <failedSince>0</failedSince>
        </case>
        <case>
          <duration>0.0</duration>
          <className>hudson.scheduler.CronTabDayOfWeekLocaleTest</className>
          <testName>isSundayAndPreviousRunIsSaturdayAsterisk[126]</testName>
          <skipped>false</skipped>
          <failedSince>0</failedSince>
        </case>
        <case>
          <duration>0.001</duration>
          <className>hudson.scheduler.CronTabDayOfWeekLocaleTest</className>
          <testName>isSundayAndNextRunIsMonday[126]</testName>
          <skipped>false</skipped>
          <failedSince>0</failedSince>
        </case>
        <case>
          <duration>0.0</duration>
          <className>hudson.scheduler.CronTabDayOfWeekLocaleTest</className>
          <testName>isSundayAndPreviousRunIsFriday[126]</testName>
          <skipped>false</skipped>
          <failedSince>0</failedSince>
        </case>
        <case>
          <duration>0.0</duration>
          <className>hudson.scheduler.CronTabDayOfWeekLocaleTest</className>
          <testName>isSundayAndNextRunIsTuesday[126]</testName>
          <skipped>false</skipped>
          <failedSince>0</failedSince>
        </case>
        <case>
          <duration>0.001</duration>
          <className>hudson.scheduler.CronTabDayOfWeekLocaleTest</className>
          <testName>isSundayAndNextRunIsNextSunday7[126]</testName>
          <skipped>false</skipped>
          <failedSince>0</failedSince>
        </case>
        <case>
          <duration>0.0</duration>
          <className>hudson.scheduler.CronTabDayOfWeekLocaleTest</className>
          <testName>isSundayAndPreviousRunIsMonday[126]</testName>
          <skipped>false</skipped>
          <failedSince>0</failedSince>
        </case>
        <case>
          <duration>0.0</duration>
          <className>hudson.scheduler.CronTabDayOfWeekLocaleTest</className>
          <testName>isSaturdayAndNextRunIsSundayAsterisk[126]</testName>
          <skipped>false</skipped>
          <failedSince>0</failedSince>
        </case>
        <case>
          <duration>0.0</duration>
          <className>hudson.scheduler.CronTabDayOfWeekLocaleTest</className>
          <testName>hudson8658[126]</testName>
          <skipped>false</skipped>
          <failedSince>0</failedSince>
        </case>
        <case>
          <duration>0.0</duration>
          <className>hudson.scheduler.CronTabDayOfWeekLocaleTest</className>
          <testName>isSundayAndNextRunIsNextSunday[126]</testName>
          <skipped>false</skipped>
          <failedSince>0</failedSince>
        </case>
        <case>
          <duration>0.0</duration>
          <className>hudson.scheduler.CronTabDayOfWeekLocaleTest</className>
          <testName>isSundayAndNextRunIsThursday[126]</testName>
          <skipped>false</skipped>
          <failedSince>0</failedSince>
        </case>
        <case>
          <duration>0.0</duration>
          <className>hudson.scheduler.CronTabDayOfWeekLocaleTest</className>
          <testName>isSundayAndPreviousRunIsPreviousSunday7[126]</testName>
          <skipped>false</skipped>
          <failedSince>0</failedSince>
        </case>
        <case>
          <duration>0.001</duration>
          <className>hudson.scheduler.CronTabDayOfWeekLocaleTest</className>
          <testName>isSundayAndNextRunIsWednesday[126]</testName>
          <skipped>false</skipped>
          <failedSince>0</failedSince>
        </case>
        <case>
          <duration>0.0</duration>
          <className>hudson.scheduler.CronTabDayOfWeekLocaleTest</className>
          <testName>isSundayAndNextRunIsSaturday[126]</testName>
          <skipped>false</skipped>
          <failedSince>0</failedSince>
        </case>
        <case>
          <duration>0.0</duration>
          <className>hudson.scheduler.CronTabDayOfWeekLocaleTest</className>
          <testName>isSundayAndPreviousRunIsTuesday[127]</testName>
          <skipped>false</skipped>
          <failedSince>0</failedSince>
        </case>
        <case>
          <duration>0.0</duration>
          <className>hudson.scheduler.CronTabDayOfWeekLocaleTest</className>
          <testName>isSundayAndPreviousRunIsThursday[127]</testName>
          <skipped>false</skipped>
          <failedSince>0</failedSince>
        </case>
        <case>
          <duration>0.0</duration>
          <className>hudson.scheduler.CronTabDayOfWeekLocaleTest</className>
          <testName>isSundayAndPreviousRunIsWednesday[127]</testName>
          <skipped>false</skipped>
          <failedSince>0</failedSince>
        </case>
        <case>
          <duration>0.001</duration>
          <className>hudson.scheduler.CronTabDayOfWeekLocaleTest</className>
          <testName>isSundayAndPreviousRunIsSaturday[127]</testName>
          <skipped>false</skipped>
          <failedSince>0</failedSince>
        </case>
        <case>
          <duration>0.0</duration>
          <className>hudson.scheduler.CronTabDayOfWeekLocaleTest</className>
          <testName>isSundayAndPreviousRunIsPreviousSunday[127]</testName>
          <skipped>false</skipped>
          <failedSince>0</failedSince>
        </case>
        <case>
          <duration>0.0</duration>
          <className>hudson.scheduler.CronTabDayOfWeekLocaleTest</className>
          <testName>isSundayAndNextRunIsFriday[127]</testName>
          <skipped>false</skipped>
          <failedSince>0</failedSince>
        </case>
        <case>
          <duration>0.001</duration>
          <className>hudson.scheduler.CronTabDayOfWeekLocaleTest</className>
          <testName>isSundayAndPreviousRunIsSaturdayAsterisk[127]</testName>
          <skipped>false</skipped>
          <failedSince>0</failedSince>
        </case>
        <case>
          <duration>0.0</duration>
          <className>hudson.scheduler.CronTabDayOfWeekLocaleTest</className>
          <testName>isSundayAndNextRunIsMonday[127]</testName>
          <skipped>false</skipped>
          <failedSince>0</failedSince>
        </case>
        <case>
          <duration>0.0</duration>
          <className>hudson.scheduler.CronTabDayOfWeekLocaleTest</className>
          <testName>isSundayAndPreviousRunIsFriday[127]</testName>
          <skipped>false</skipped>
          <failedSince>0</failedSince>
        </case>
        <case>
          <duration>0.0</duration>
          <className>hudson.scheduler.CronTabDayOfWeekLocaleTest</className>
          <testName>isSundayAndNextRunIsTuesday[127]</testName>
          <skipped>false</skipped>
          <failedSince>0</failedSince>
        </case>
        <case>
          <duration>0.0</duration>
          <className>hudson.scheduler.CronTabDayOfWeekLocaleTest</className>
          <testName>isSundayAndNextRunIsNextSunday7[127]</testName>
          <skipped>false</skipped>
          <failedSince>0</failedSince>
        </case>
        <case>
          <duration>0.0</duration>
          <className>hudson.scheduler.CronTabDayOfWeekLocaleTest</className>
          <testName>isSundayAndPreviousRunIsMonday[127]</testName>
          <skipped>false</skipped>
          <failedSince>0</failedSince>
        </case>
        <case>
          <duration>0.001</duration>
          <className>hudson.scheduler.CronTabDayOfWeekLocaleTest</className>
          <testName>isSaturdayAndNextRunIsSundayAsterisk[127]</testName>
          <skipped>false</skipped>
          <failedSince>0</failedSince>
        </case>
        <case>
          <duration>0.0</duration>
          <className>hudson.scheduler.CronTabDayOfWeekLocaleTest</className>
          <testName>hudson8658[127]</testName>
          <skipped>false</skipped>
          <failedSince>0</failedSince>
        </case>
        <case>
          <duration>0.0</duration>
          <className>hudson.scheduler.CronTabDayOfWeekLocaleTest</className>
          <testName>isSundayAndNextRunIsNextSunday[127]</testName>
          <skipped>false</skipped>
          <failedSince>0</failedSince>
        </case>
        <case>
          <duration>0.0</duration>
          <className>hudson.scheduler.CronTabDayOfWeekLocaleTest</className>
          <testName>isSundayAndNextRunIsThursday[127]</testName>
          <skipped>false</skipped>
          <failedSince>0</failedSince>
        </case>
        <case>
          <duration>0.0</duration>
          <className>hudson.scheduler.CronTabDayOfWeekLocaleTest</className>
          <testName>isSundayAndPreviousRunIsPreviousSunday7[127]</testName>
          <skipped>false</skipped>
          <failedSince>0</failedSince>
        </case>
        <case>
          <duration>0.0</duration>
          <className>hudson.scheduler.CronTabDayOfWeekLocaleTest</className>
          <testName>isSundayAndNextRunIsWednesday[127]</testName>
          <skipped>false</skipped>
          <failedSince>0</failedSince>
        </case>
        <case>
          <duration>0.0</duration>
          <className>hudson.scheduler.CronTabDayOfWeekLocaleTest</className>
          <testName>isSundayAndNextRunIsSaturday[127]</testName>
          <skipped>false</skipped>
          <failedSince>0</failedSince>
        </case>
        <case>
          <duration>0.0</duration>
          <className>hudson.scheduler.CronTabDayOfWeekLocaleTest</className>
          <testName>isSundayAndPreviousRunIsTuesday[128]</testName>
          <skipped>false</skipped>
          <failedSince>0</failedSince>
        </case>
        <case>
          <duration>0.0</duration>
          <className>hudson.scheduler.CronTabDayOfWeekLocaleTest</className>
          <testName>isSundayAndPreviousRunIsThursday[128]</testName>
          <skipped>false</skipped>
          <failedSince>0</failedSince>
        </case>
        <case>
          <duration>0.001</duration>
          <className>hudson.scheduler.CronTabDayOfWeekLocaleTest</className>
          <testName>isSundayAndPreviousRunIsWednesday[128]</testName>
          <skipped>false</skipped>
          <failedSince>0</failedSince>
        </case>
        <case>
          <duration>0.0</duration>
          <className>hudson.scheduler.CronTabDayOfWeekLocaleTest</className>
          <testName>isSundayAndPreviousRunIsSaturday[128]</testName>
          <skipped>false</skipped>
          <failedSince>0</failedSince>
        </case>
        <case>
          <duration>0.0</duration>
          <className>hudson.scheduler.CronTabDayOfWeekLocaleTest</className>
          <testName>isSundayAndPreviousRunIsPreviousSunday[128]</testName>
          <skipped>false</skipped>
          <failedSince>0</failedSince>
        </case>
        <case>
          <duration>0.001</duration>
          <className>hudson.scheduler.CronTabDayOfWeekLocaleTest</className>
          <testName>isSundayAndNextRunIsFriday[128]</testName>
          <skipped>false</skipped>
          <failedSince>0</failedSince>
        </case>
        <case>
          <duration>0.0</duration>
          <className>hudson.scheduler.CronTabDayOfWeekLocaleTest</className>
          <testName>isSundayAndPreviousRunIsSaturdayAsterisk[128]</testName>
          <skipped>false</skipped>
          <failedSince>0</failedSince>
        </case>
        <case>
          <duration>0.0</duration>
          <className>hudson.scheduler.CronTabDayOfWeekLocaleTest</className>
          <testName>isSundayAndNextRunIsMonday[128]</testName>
          <skipped>false</skipped>
          <failedSince>0</failedSince>
        </case>
        <case>
          <duration>0.001</duration>
          <className>hudson.scheduler.CronTabDayOfWeekLocaleTest</className>
          <testName>isSundayAndPreviousRunIsFriday[128]</testName>
          <skipped>false</skipped>
          <failedSince>0</failedSince>
        </case>
        <case>
          <duration>0.0</duration>
          <className>hudson.scheduler.CronTabDayOfWeekLocaleTest</className>
          <testName>isSundayAndNextRunIsTuesday[128]</testName>
          <skipped>false</skipped>
          <failedSince>0</failedSince>
        </case>
        <case>
          <duration>0.0</duration>
          <className>hudson.scheduler.CronTabDayOfWeekLocaleTest</className>
          <testName>isSundayAndNextRunIsNextSunday7[128]</testName>
          <skipped>false</skipped>
          <failedSince>0</failedSince>
        </case>
        <case>
          <duration>0.0</duration>
          <className>hudson.scheduler.CronTabDayOfWeekLocaleTest</className>
          <testName>isSundayAndPreviousRunIsMonday[128]</testName>
          <skipped>false</skipped>
          <failedSince>0</failedSince>
        </case>
        <case>
          <duration>0.0</duration>
          <className>hudson.scheduler.CronTabDayOfWeekLocaleTest</className>
          <testName>isSaturdayAndNextRunIsSundayAsterisk[128]</testName>
          <skipped>false</skipped>
          <failedSince>0</failedSince>
        </case>
        <case>
          <duration>0.0</duration>
          <className>hudson.scheduler.CronTabDayOfWeekLocaleTest</className>
          <testName>hudson8658[128]</testName>
          <skipped>false</skipped>
          <failedSince>0</failedSince>
        </case>
        <case>
          <duration>0.0</duration>
          <className>hudson.scheduler.CronTabDayOfWeekLocaleTest</className>
          <testName>isSundayAndNextRunIsNextSunday[128]</testName>
          <skipped>false</skipped>
          <failedSince>0</failedSince>
        </case>
        <case>
          <duration>0.0</duration>
          <className>hudson.scheduler.CronTabDayOfWeekLocaleTest</className>
          <testName>isSundayAndNextRunIsThursday[128]</testName>
          <skipped>false</skipped>
          <failedSince>0</failedSince>
        </case>
        <case>
          <duration>0.0</duration>
          <className>hudson.scheduler.CronTabDayOfWeekLocaleTest</className>
          <testName>isSundayAndPreviousRunIsPreviousSunday7[128]</testName>
          <skipped>false</skipped>
          <failedSince>0</failedSince>
        </case>
        <case>
          <duration>0.001</duration>
          <className>hudson.scheduler.CronTabDayOfWeekLocaleTest</className>
          <testName>isSundayAndNextRunIsWednesday[128]</testName>
          <skipped>false</skipped>
          <failedSince>0</failedSince>
        </case>
        <case>
          <duration>0.0</duration>
          <className>hudson.scheduler.CronTabDayOfWeekLocaleTest</className>
          <testName>isSundayAndNextRunIsSaturday[128]</testName>
          <skipped>false</skipped>
          <failedSince>0</failedSince>
        </case>
        <case>
          <duration>0.001</duration>
          <className>hudson.scheduler.CronTabDayOfWeekLocaleTest</className>
          <testName>isSundayAndPreviousRunIsTuesday[129]</testName>
          <skipped>false</skipped>
          <failedSince>0</failedSince>
        </case>
        <case>
          <duration>0.0</duration>
          <className>hudson.scheduler.CronTabDayOfWeekLocaleTest</className>
          <testName>isSundayAndPreviousRunIsThursday[129]</testName>
          <skipped>false</skipped>
          <failedSince>0</failedSince>
        </case>
        <case>
          <duration>0.0</duration>
          <className>hudson.scheduler.CronTabDayOfWeekLocaleTest</className>
          <testName>isSundayAndPreviousRunIsWednesday[129]</testName>
          <skipped>false</skipped>
          <failedSince>0</failedSince>
        </case>
        <case>
          <duration>0.0</duration>
          <className>hudson.scheduler.CronTabDayOfWeekLocaleTest</className>
          <testName>isSundayAndPreviousRunIsSaturday[129]</testName>
          <skipped>false</skipped>
          <failedSince>0</failedSince>
        </case>
        <case>
          <duration>0.0</duration>
          <className>hudson.scheduler.CronTabDayOfWeekLocaleTest</className>
          <testName>isSundayAndPreviousRunIsPreviousSunday[129]</testName>
          <skipped>false</skipped>
          <failedSince>0</failedSince>
        </case>
        <case>
          <duration>0.0</duration>
          <className>hudson.scheduler.CronTabDayOfWeekLocaleTest</className>
          <testName>isSundayAndNextRunIsFriday[129]</testName>
          <skipped>false</skipped>
          <failedSince>0</failedSince>
        </case>
        <case>
          <duration>0.0</duration>
          <className>hudson.scheduler.CronTabDayOfWeekLocaleTest</className>
          <testName>isSundayAndPreviousRunIsSaturdayAsterisk[129]</testName>
          <skipped>false</skipped>
          <failedSince>0</failedSince>
        </case>
        <case>
          <duration>0.001</duration>
          <className>hudson.scheduler.CronTabDayOfWeekLocaleTest</className>
          <testName>isSundayAndNextRunIsMonday[129]</testName>
          <skipped>false</skipped>
          <failedSince>0</failedSince>
        </case>
        <case>
          <duration>0.0</duration>
          <className>hudson.scheduler.CronTabDayOfWeekLocaleTest</className>
          <testName>isSundayAndPreviousRunIsFriday[129]</testName>
          <skipped>false</skipped>
          <failedSince>0</failedSince>
        </case>
        <case>
          <duration>0.001</duration>
          <className>hudson.scheduler.CronTabDayOfWeekLocaleTest</className>
          <testName>isSundayAndNextRunIsTuesday[129]</testName>
          <skipped>false</skipped>
          <failedSince>0</failedSince>
        </case>
        <case>
          <duration>0.0</duration>
          <className>hudson.scheduler.CronTabDayOfWeekLocaleTest</className>
          <testName>isSundayAndNextRunIsNextSunday7[129]</testName>
          <skipped>false</skipped>
          <failedSince>0</failedSince>
        </case>
        <case>
          <duration>0.0</duration>
          <className>hudson.scheduler.CronTabDayOfWeekLocaleTest</className>
          <testName>isSundayAndPreviousRunIsMonday[129]</testName>
          <skipped>false</skipped>
          <failedSince>0</failedSince>
        </case>
        <case>
          <duration>0.001</duration>
          <className>hudson.scheduler.CronTabDayOfWeekLocaleTest</className>
          <testName>isSaturdayAndNextRunIsSundayAsterisk[129]</testName>
          <skipped>false</skipped>
          <failedSince>0</failedSince>
        </case>
        <case>
          <duration>0.0</duration>
          <className>hudson.scheduler.CronTabDayOfWeekLocaleTest</className>
          <testName>hudson8658[129]</testName>
          <skipped>false</skipped>
          <failedSince>0</failedSince>
        </case>
        <case>
          <duration>0.0</duration>
          <className>hudson.scheduler.CronTabDayOfWeekLocaleTest</className>
          <testName>isSundayAndNextRunIsNextSunday[129]</testName>
          <skipped>false</skipped>
          <failedSince>0</failedSince>
        </case>
        <case>
          <duration>0.0</duration>
          <className>hudson.scheduler.CronTabDayOfWeekLocaleTest</className>
          <testName>isSundayAndNextRunIsThursday[129]</testName>
          <skipped>false</skipped>
          <failedSince>0</failedSince>
        </case>
        <case>
          <duration>0.0</duration>
          <className>hudson.scheduler.CronTabDayOfWeekLocaleTest</className>
          <testName>isSundayAndPreviousRunIsPreviousSunday7[129]</testName>
          <skipped>false</skipped>
          <failedSince>0</failedSince>
        </case>
        <case>
          <duration>0.0</duration>
          <className>hudson.scheduler.CronTabDayOfWeekLocaleTest</className>
          <testName>isSundayAndNextRunIsWednesday[129]</testName>
          <skipped>false</skipped>
          <failedSince>0</failedSince>
        </case>
        <case>
          <duration>0.0</duration>
          <className>hudson.scheduler.CronTabDayOfWeekLocaleTest</className>
          <testName>isSundayAndNextRunIsSaturday[129]</testName>
          <skipped>false</skipped>
          <failedSince>0</failedSince>
        </case>
        <case>
          <duration>0.0</duration>
          <className>hudson.scheduler.CronTabDayOfWeekLocaleTest</className>
          <testName>isSundayAndPreviousRunIsTuesday[130]</testName>
          <skipped>false</skipped>
          <failedSince>0</failedSince>
        </case>
        <case>
          <duration>0.0</duration>
          <className>hudson.scheduler.CronTabDayOfWeekLocaleTest</className>
          <testName>isSundayAndPreviousRunIsThursday[130]</testName>
          <skipped>false</skipped>
          <failedSince>0</failedSince>
        </case>
        <case>
          <duration>0.0</duration>
          <className>hudson.scheduler.CronTabDayOfWeekLocaleTest</className>
          <testName>isSundayAndPreviousRunIsWednesday[130]</testName>
          <skipped>false</skipped>
          <failedSince>0</failedSince>
        </case>
        <case>
          <duration>0.0</duration>
          <className>hudson.scheduler.CronTabDayOfWeekLocaleTest</className>
          <testName>isSundayAndPreviousRunIsSaturday[130]</testName>
          <skipped>false</skipped>
          <failedSince>0</failedSince>
        </case>
        <case>
          <duration>0.0</duration>
          <className>hudson.scheduler.CronTabDayOfWeekLocaleTest</className>
          <testName>isSundayAndPreviousRunIsPreviousSunday[130]</testName>
          <skipped>false</skipped>
          <failedSince>0</failedSince>
        </case>
        <case>
          <duration>0.0</duration>
          <className>hudson.scheduler.CronTabDayOfWeekLocaleTest</className>
          <testName>isSundayAndNextRunIsFriday[130]</testName>
          <skipped>false</skipped>
          <failedSince>0</failedSince>
        </case>
        <case>
          <duration>0.0</duration>
          <className>hudson.scheduler.CronTabDayOfWeekLocaleTest</className>
          <testName>isSundayAndPreviousRunIsSaturdayAsterisk[130]</testName>
          <skipped>false</skipped>
          <failedSince>0</failedSince>
        </case>
        <case>
          <duration>0.0</duration>
          <className>hudson.scheduler.CronTabDayOfWeekLocaleTest</className>
          <testName>isSundayAndNextRunIsMonday[130]</testName>
          <skipped>false</skipped>
          <failedSince>0</failedSince>
        </case>
        <case>
          <duration>0.0</duration>
          <className>hudson.scheduler.CronTabDayOfWeekLocaleTest</className>
          <testName>isSundayAndPreviousRunIsFriday[130]</testName>
          <skipped>false</skipped>
          <failedSince>0</failedSince>
        </case>
        <case>
          <duration>0.001</duration>
          <className>hudson.scheduler.CronTabDayOfWeekLocaleTest</className>
          <testName>isSundayAndNextRunIsTuesday[130]</testName>
          <skipped>false</skipped>
          <failedSince>0</failedSince>
        </case>
        <case>
          <duration>0.0</duration>
          <className>hudson.scheduler.CronTabDayOfWeekLocaleTest</className>
          <testName>isSundayAndNextRunIsNextSunday7[130]</testName>
          <skipped>false</skipped>
          <failedSince>0</failedSince>
        </case>
        <case>
          <duration>0.0</duration>
          <className>hudson.scheduler.CronTabDayOfWeekLocaleTest</className>
          <testName>isSundayAndPreviousRunIsMonday[130]</testName>
          <skipped>false</skipped>
          <failedSince>0</failedSince>
        </case>
        <case>
          <duration>0.0</duration>
          <className>hudson.scheduler.CronTabDayOfWeekLocaleTest</className>
          <testName>isSaturdayAndNextRunIsSundayAsterisk[130]</testName>
          <skipped>false</skipped>
          <failedSince>0</failedSince>
        </case>
        <case>
          <duration>0.0</duration>
          <className>hudson.scheduler.CronTabDayOfWeekLocaleTest</className>
          <testName>hudson8658[130]</testName>
          <skipped>false</skipped>
          <failedSince>0</failedSince>
        </case>
        <case>
          <duration>0.0</duration>
          <className>hudson.scheduler.CronTabDayOfWeekLocaleTest</className>
          <testName>isSundayAndNextRunIsNextSunday[130]</testName>
          <skipped>false</skipped>
          <failedSince>0</failedSince>
        </case>
        <case>
          <duration>0.001</duration>
          <className>hudson.scheduler.CronTabDayOfWeekLocaleTest</className>
          <testName>isSundayAndNextRunIsThursday[130]</testName>
          <skipped>false</skipped>
          <failedSince>0</failedSince>
        </case>
        <case>
          <duration>0.0</duration>
          <className>hudson.scheduler.CronTabDayOfWeekLocaleTest</className>
          <testName>isSundayAndPreviousRunIsPreviousSunday7[130]</testName>
          <skipped>false</skipped>
          <failedSince>0</failedSince>
        </case>
        <case>
          <duration>0.0</duration>
          <className>hudson.scheduler.CronTabDayOfWeekLocaleTest</className>
          <testName>isSundayAndNextRunIsWednesday[130]</testName>
          <skipped>false</skipped>
          <failedSince>0</failedSince>
        </case>
        <case>
          <duration>0.001</duration>
          <className>hudson.scheduler.CronTabDayOfWeekLocaleTest</className>
          <testName>isSundayAndNextRunIsSaturday[130]</testName>
          <skipped>false</skipped>
          <failedSince>0</failedSince>
        </case>
        <case>
          <duration>0.0</duration>
          <className>hudson.scheduler.CronTabDayOfWeekLocaleTest</className>
          <testName>isSundayAndPreviousRunIsTuesday[131]</testName>
          <skipped>false</skipped>
          <failedSince>0</failedSince>
        </case>
        <case>
          <duration>0.0</duration>
          <className>hudson.scheduler.CronTabDayOfWeekLocaleTest</className>
          <testName>isSundayAndPreviousRunIsThursday[131]</testName>
          <skipped>false</skipped>
          <failedSince>0</failedSince>
        </case>
        <case>
          <duration>0.001</duration>
          <className>hudson.scheduler.CronTabDayOfWeekLocaleTest</className>
          <testName>isSundayAndPreviousRunIsWednesday[131]</testName>
          <skipped>false</skipped>
          <failedSince>0</failedSince>
        </case>
        <case>
          <duration>0.0</duration>
          <className>hudson.scheduler.CronTabDayOfWeekLocaleTest</className>
          <testName>isSundayAndPreviousRunIsSaturday[131]</testName>
          <skipped>false</skipped>
          <failedSince>0</failedSince>
        </case>
        <case>
          <duration>0.0</duration>
          <className>hudson.scheduler.CronTabDayOfWeekLocaleTest</className>
          <testName>isSundayAndPreviousRunIsPreviousSunday[131]</testName>
          <skipped>false</skipped>
          <failedSince>0</failedSince>
        </case>
        <case>
          <duration>0.0</duration>
          <className>hudson.scheduler.CronTabDayOfWeekLocaleTest</className>
          <testName>isSundayAndNextRunIsFriday[131]</testName>
          <skipped>false</skipped>
          <failedSince>0</failedSince>
        </case>
        <case>
          <duration>0.0</duration>
          <className>hudson.scheduler.CronTabDayOfWeekLocaleTest</className>
          <testName>isSundayAndPreviousRunIsSaturdayAsterisk[131]</testName>
          <skipped>false</skipped>
          <failedSince>0</failedSince>
        </case>
        <case>
          <duration>0.0</duration>
          <className>hudson.scheduler.CronTabDayOfWeekLocaleTest</className>
          <testName>isSundayAndNextRunIsMonday[131]</testName>
          <skipped>false</skipped>
          <failedSince>0</failedSince>
        </case>
        <case>
          <duration>0.001</duration>
          <className>hudson.scheduler.CronTabDayOfWeekLocaleTest</className>
          <testName>isSundayAndPreviousRunIsFriday[131]</testName>
          <skipped>false</skipped>
          <failedSince>0</failedSince>
        </case>
        <case>
          <duration>0.0</duration>
          <className>hudson.scheduler.CronTabDayOfWeekLocaleTest</className>
          <testName>isSundayAndNextRunIsTuesday[131]</testName>
          <skipped>false</skipped>
          <failedSince>0</failedSince>
        </case>
        <case>
          <duration>0.0</duration>
          <className>hudson.scheduler.CronTabDayOfWeekLocaleTest</className>
          <testName>isSundayAndNextRunIsNextSunday7[131]</testName>
          <skipped>false</skipped>
          <failedSince>0</failedSince>
        </case>
        <case>
          <duration>0.001</duration>
          <className>hudson.scheduler.CronTabDayOfWeekLocaleTest</className>
          <testName>isSundayAndPreviousRunIsMonday[131]</testName>
          <skipped>false</skipped>
          <failedSince>0</failedSince>
        </case>
        <case>
          <duration>0.0</duration>
          <className>hudson.scheduler.CronTabDayOfWeekLocaleTest</className>
          <testName>isSaturdayAndNextRunIsSundayAsterisk[131]</testName>
          <skipped>false</skipped>
          <failedSince>0</failedSince>
        </case>
        <case>
          <duration>0.0</duration>
          <className>hudson.scheduler.CronTabDayOfWeekLocaleTest</className>
          <testName>hudson8658[131]</testName>
          <skipped>false</skipped>
          <failedSince>0</failedSince>
        </case>
        <case>
          <duration>0.0</duration>
          <className>hudson.scheduler.CronTabDayOfWeekLocaleTest</className>
          <testName>isSundayAndNextRunIsNextSunday[131]</testName>
          <skipped>false</skipped>
          <failedSince>0</failedSince>
        </case>
        <case>
          <duration>0.0</duration>
          <className>hudson.scheduler.CronTabDayOfWeekLocaleTest</className>
          <testName>isSundayAndNextRunIsThursday[131]</testName>
          <skipped>false</skipped>
          <failedSince>0</failedSince>
        </case>
        <case>
          <duration>0.0</duration>
          <className>hudson.scheduler.CronTabDayOfWeekLocaleTest</className>
          <testName>isSundayAndPreviousRunIsPreviousSunday7[131]</testName>
          <skipped>false</skipped>
          <failedSince>0</failedSince>
        </case>
        <case>
          <duration>0.0</duration>
          <className>hudson.scheduler.CronTabDayOfWeekLocaleTest</className>
          <testName>isSundayAndNextRunIsWednesday[131]</testName>
          <skipped>false</skipped>
          <failedSince>0</failedSince>
        </case>
        <case>
          <duration>0.001</duration>
          <className>hudson.scheduler.CronTabDayOfWeekLocaleTest</className>
          <testName>isSundayAndNextRunIsSaturday[131]</testName>
          <skipped>false</skipped>
          <failedSince>0</failedSince>
        </case>
        <case>
          <duration>0.0</duration>
          <className>hudson.scheduler.CronTabDayOfWeekLocaleTest</className>
          <testName>isSundayAndPreviousRunIsTuesday[132]</testName>
          <skipped>false</skipped>
          <failedSince>0</failedSince>
        </case>
        <case>
          <duration>0.0</duration>
          <className>hudson.scheduler.CronTabDayOfWeekLocaleTest</className>
          <testName>isSundayAndPreviousRunIsThursday[132]</testName>
          <skipped>false</skipped>
          <failedSince>0</failedSince>
        </case>
        <case>
          <duration>0.0</duration>
          <className>hudson.scheduler.CronTabDayOfWeekLocaleTest</className>
          <testName>isSundayAndPreviousRunIsWednesday[132]</testName>
          <skipped>false</skipped>
          <failedSince>0</failedSince>
        </case>
        <case>
          <duration>0.0</duration>
          <className>hudson.scheduler.CronTabDayOfWeekLocaleTest</className>
          <testName>isSundayAndPreviousRunIsSaturday[132]</testName>
          <skipped>false</skipped>
          <failedSince>0</failedSince>
        </case>
        <case>
          <duration>0.0</duration>
          <className>hudson.scheduler.CronTabDayOfWeekLocaleTest</className>
          <testName>isSundayAndPreviousRunIsPreviousSunday[132]</testName>
          <skipped>false</skipped>
          <failedSince>0</failedSince>
        </case>
        <case>
          <duration>0.001</duration>
          <className>hudson.scheduler.CronTabDayOfWeekLocaleTest</className>
          <testName>isSundayAndNextRunIsFriday[132]</testName>
          <skipped>false</skipped>
          <failedSince>0</failedSince>
        </case>
        <case>
          <duration>0.0</duration>
          <className>hudson.scheduler.CronTabDayOfWeekLocaleTest</className>
          <testName>isSundayAndPreviousRunIsSaturdayAsterisk[132]</testName>
          <skipped>false</skipped>
          <failedSince>0</failedSince>
        </case>
        <case>
          <duration>0.0</duration>
          <className>hudson.scheduler.CronTabDayOfWeekLocaleTest</className>
          <testName>isSundayAndNextRunIsMonday[132]</testName>
          <skipped>false</skipped>
          <failedSince>0</failedSince>
        </case>
        <case>
          <duration>0.001</duration>
          <className>hudson.scheduler.CronTabDayOfWeekLocaleTest</className>
          <testName>isSundayAndPreviousRunIsFriday[132]</testName>
          <skipped>false</skipped>
          <failedSince>0</failedSince>
        </case>
        <case>
          <duration>0.0</duration>
          <className>hudson.scheduler.CronTabDayOfWeekLocaleTest</className>
          <testName>isSundayAndNextRunIsTuesday[132]</testName>
          <skipped>false</skipped>
          <failedSince>0</failedSince>
        </case>
        <case>
          <duration>0.0</duration>
          <className>hudson.scheduler.CronTabDayOfWeekLocaleTest</className>
          <testName>isSundayAndNextRunIsNextSunday7[132]</testName>
          <skipped>false</skipped>
          <failedSince>0</failedSince>
        </case>
        <case>
          <duration>0.001</duration>
          <className>hudson.scheduler.CronTabDayOfWeekLocaleTest</className>
          <testName>isSundayAndPreviousRunIsMonday[132]</testName>
          <skipped>false</skipped>
          <failedSince>0</failedSince>
        </case>
        <case>
          <duration>0.0</duration>
          <className>hudson.scheduler.CronTabDayOfWeekLocaleTest</className>
          <testName>isSaturdayAndNextRunIsSundayAsterisk[132]</testName>
          <skipped>false</skipped>
          <failedSince>0</failedSince>
        </case>
        <case>
          <duration>0.0</duration>
          <className>hudson.scheduler.CronTabDayOfWeekLocaleTest</className>
          <testName>hudson8658[132]</testName>
          <skipped>false</skipped>
          <failedSince>0</failedSince>
        </case>
        <case>
          <duration>0.0</duration>
          <className>hudson.scheduler.CronTabDayOfWeekLocaleTest</className>
          <testName>isSundayAndNextRunIsNextSunday[132]</testName>
          <skipped>false</skipped>
          <failedSince>0</failedSince>
        </case>
        <case>
          <duration>0.0</duration>
          <className>hudson.scheduler.CronTabDayOfWeekLocaleTest</className>
          <testName>isSundayAndNextRunIsThursday[132]</testName>
          <skipped>false</skipped>
          <failedSince>0</failedSince>
        </case>
        <case>
          <duration>0.0</duration>
          <className>hudson.scheduler.CronTabDayOfWeekLocaleTest</className>
          <testName>isSundayAndPreviousRunIsPreviousSunday7[132]</testName>
          <skipped>false</skipped>
          <failedSince>0</failedSince>
        </case>
        <case>
          <duration>0.001</duration>
          <className>hudson.scheduler.CronTabDayOfWeekLocaleTest</className>
          <testName>isSundayAndNextRunIsWednesday[132]</testName>
          <skipped>false</skipped>
          <failedSince>0</failedSince>
        </case>
        <case>
          <duration>0.0</duration>
          <className>hudson.scheduler.CronTabDayOfWeekLocaleTest</className>
          <testName>isSundayAndNextRunIsSaturday[132]</testName>
          <skipped>false</skipped>
          <failedSince>0</failedSince>
        </case>
        <case>
          <duration>0.0</duration>
          <className>hudson.scheduler.CronTabDayOfWeekLocaleTest</className>
          <testName>isSundayAndPreviousRunIsTuesday[133]</testName>
          <skipped>false</skipped>
          <failedSince>0</failedSince>
        </case>
        <case>
          <duration>0.0</duration>
          <className>hudson.scheduler.CronTabDayOfWeekLocaleTest</className>
          <testName>isSundayAndPreviousRunIsThursday[133]</testName>
          <skipped>false</skipped>
          <failedSince>0</failedSince>
        </case>
        <case>
          <duration>0.001</duration>
          <className>hudson.scheduler.CronTabDayOfWeekLocaleTest</className>
          <testName>isSundayAndPreviousRunIsWednesday[133]</testName>
          <skipped>false</skipped>
          <failedSince>0</failedSince>
        </case>
        <case>
          <duration>0.0</duration>
          <className>hudson.scheduler.CronTabDayOfWeekLocaleTest</className>
          <testName>isSundayAndPreviousRunIsSaturday[133]</testName>
          <skipped>false</skipped>
          <failedSince>0</failedSince>
        </case>
        <case>
          <duration>0.0</duration>
          <className>hudson.scheduler.CronTabDayOfWeekLocaleTest</className>
          <testName>isSundayAndPreviousRunIsPreviousSunday[133]</testName>
          <skipped>false</skipped>
          <failedSince>0</failedSince>
        </case>
        <case>
          <duration>0.0</duration>
          <className>hudson.scheduler.CronTabDayOfWeekLocaleTest</className>
          <testName>isSundayAndNextRunIsFriday[133]</testName>
          <skipped>false</skipped>
          <failedSince>0</failedSince>
        </case>
        <case>
          <duration>0.0</duration>
          <className>hudson.scheduler.CronTabDayOfWeekLocaleTest</className>
          <testName>isSundayAndPreviousRunIsSaturdayAsterisk[133]</testName>
          <skipped>false</skipped>
          <failedSince>0</failedSince>
        </case>
        <case>
          <duration>0.0</duration>
          <className>hudson.scheduler.CronTabDayOfWeekLocaleTest</className>
          <testName>isSundayAndNextRunIsMonday[133]</testName>
          <skipped>false</skipped>
          <failedSince>0</failedSince>
        </case>
        <case>
          <duration>0.0</duration>
          <className>hudson.scheduler.CronTabDayOfWeekLocaleTest</className>
          <testName>isSundayAndPreviousRunIsFriday[133]</testName>
          <skipped>false</skipped>
          <failedSince>0</failedSince>
        </case>
        <case>
          <duration>0.001</duration>
          <className>hudson.scheduler.CronTabDayOfWeekLocaleTest</className>
          <testName>isSundayAndNextRunIsTuesday[133]</testName>
          <skipped>false</skipped>
          <failedSince>0</failedSince>
        </case>
        <case>
          <duration>0.0</duration>
          <className>hudson.scheduler.CronTabDayOfWeekLocaleTest</className>
          <testName>isSundayAndNextRunIsNextSunday7[133]</testName>
          <skipped>false</skipped>
          <failedSince>0</failedSince>
        </case>
        <case>
          <duration>0.0</duration>
          <className>hudson.scheduler.CronTabDayOfWeekLocaleTest</className>
          <testName>isSundayAndPreviousRunIsMonday[133]</testName>
          <skipped>false</skipped>
          <failedSince>0</failedSince>
        </case>
        <case>
          <duration>0.0</duration>
          <className>hudson.scheduler.CronTabDayOfWeekLocaleTest</className>
          <testName>isSaturdayAndNextRunIsSundayAsterisk[133]</testName>
          <skipped>false</skipped>
          <failedSince>0</failedSince>
        </case>
        <case>
          <duration>0.0</duration>
          <className>hudson.scheduler.CronTabDayOfWeekLocaleTest</className>
          <testName>hudson8658[133]</testName>
          <skipped>false</skipped>
          <failedSince>0</failedSince>
        </case>
        <case>
          <duration>0.0</duration>
          <className>hudson.scheduler.CronTabDayOfWeekLocaleTest</className>
          <testName>isSundayAndNextRunIsNextSunday[133]</testName>
          <skipped>false</skipped>
          <failedSince>0</failedSince>
        </case>
        <case>
          <duration>0.0</duration>
          <className>hudson.scheduler.CronTabDayOfWeekLocaleTest</className>
          <testName>isSundayAndNextRunIsThursday[133]</testName>
          <skipped>false</skipped>
          <failedSince>0</failedSince>
        </case>
        <case>
          <duration>0.001</duration>
          <className>hudson.scheduler.CronTabDayOfWeekLocaleTest</className>
          <testName>isSundayAndPreviousRunIsPreviousSunday7[133]</testName>
          <skipped>false</skipped>
          <failedSince>0</failedSince>
        </case>
        <case>
          <duration>0.0</duration>
          <className>hudson.scheduler.CronTabDayOfWeekLocaleTest</className>
          <testName>isSundayAndNextRunIsWednesday[133]</testName>
          <skipped>false</skipped>
          <failedSince>0</failedSince>
        </case>
        <case>
          <duration>0.0</duration>
          <className>hudson.scheduler.CronTabDayOfWeekLocaleTest</className>
          <testName>isSundayAndNextRunIsSaturday[133]</testName>
          <skipped>false</skipped>
          <failedSince>0</failedSince>
        </case>
        <case>
          <duration>0.001</duration>
          <className>hudson.scheduler.CronTabDayOfWeekLocaleTest</className>
          <testName>isSundayAndPreviousRunIsTuesday[134]</testName>
          <skipped>false</skipped>
          <failedSince>0</failedSince>
        </case>
        <case>
          <duration>0.0</duration>
          <className>hudson.scheduler.CronTabDayOfWeekLocaleTest</className>
          <testName>isSundayAndPreviousRunIsThursday[134]</testName>
          <skipped>false</skipped>
          <failedSince>0</failedSince>
        </case>
        <case>
          <duration>0.0</duration>
          <className>hudson.scheduler.CronTabDayOfWeekLocaleTest</className>
          <testName>isSundayAndPreviousRunIsWednesday[134]</testName>
          <skipped>false</skipped>
          <failedSince>0</failedSince>
        </case>
        <case>
          <duration>0.0</duration>
          <className>hudson.scheduler.CronTabDayOfWeekLocaleTest</className>
          <testName>isSundayAndPreviousRunIsSaturday[134]</testName>
          <skipped>false</skipped>
          <failedSince>0</failedSince>
        </case>
        <case>
          <duration>0.001</duration>
          <className>hudson.scheduler.CronTabDayOfWeekLocaleTest</className>
          <testName>isSundayAndPreviousRunIsPreviousSunday[134]</testName>
          <skipped>false</skipped>
          <failedSince>0</failedSince>
        </case>
        <case>
          <duration>0.0</duration>
          <className>hudson.scheduler.CronTabDayOfWeekLocaleTest</className>
          <testName>isSundayAndNextRunIsFriday[134]</testName>
          <skipped>false</skipped>
          <failedSince>0</failedSince>
        </case>
        <case>
          <duration>0.0</duration>
          <className>hudson.scheduler.CronTabDayOfWeekLocaleTest</className>
          <testName>isSundayAndPreviousRunIsSaturdayAsterisk[134]</testName>
          <skipped>false</skipped>
          <failedSince>0</failedSince>
        </case>
        <case>
          <duration>0.0</duration>
          <className>hudson.scheduler.CronTabDayOfWeekLocaleTest</className>
          <testName>isSundayAndNextRunIsMonday[134]</testName>
          <skipped>false</skipped>
          <failedSince>0</failedSince>
        </case>
        <case>
          <duration>0.0</duration>
          <className>hudson.scheduler.CronTabDayOfWeekLocaleTest</className>
          <testName>isSundayAndPreviousRunIsFriday[134]</testName>
          <skipped>false</skipped>
          <failedSince>0</failedSince>
        </case>
        <case>
          <duration>0.0</duration>
          <className>hudson.scheduler.CronTabDayOfWeekLocaleTest</className>
          <testName>isSundayAndNextRunIsTuesday[134]</testName>
          <skipped>false</skipped>
          <failedSince>0</failedSince>
        </case>
        <case>
          <duration>0.0</duration>
          <className>hudson.scheduler.CronTabDayOfWeekLocaleTest</className>
          <testName>isSundayAndNextRunIsNextSunday7[134]</testName>
          <skipped>false</skipped>
          <failedSince>0</failedSince>
        </case>
        <case>
          <duration>0.001</duration>
          <className>hudson.scheduler.CronTabDayOfWeekLocaleTest</className>
          <testName>isSundayAndPreviousRunIsMonday[134]</testName>
          <skipped>false</skipped>
          <failedSince>0</failedSince>
        </case>
        <case>
          <duration>0.0</duration>
          <className>hudson.scheduler.CronTabDayOfWeekLocaleTest</className>
          <testName>isSaturdayAndNextRunIsSundayAsterisk[134]</testName>
          <skipped>false</skipped>
          <failedSince>0</failedSince>
        </case>
        <case>
          <duration>0.001</duration>
          <className>hudson.scheduler.CronTabDayOfWeekLocaleTest</className>
          <testName>hudson8658[134]</testName>
          <skipped>false</skipped>
          <failedSince>0</failedSince>
        </case>
        <case>
          <duration>0.0</duration>
          <className>hudson.scheduler.CronTabDayOfWeekLocaleTest</className>
          <testName>isSundayAndNextRunIsNextSunday[134]</testName>
          <skipped>false</skipped>
          <failedSince>0</failedSince>
        </case>
        <case>
          <duration>0.0</duration>
          <className>hudson.scheduler.CronTabDayOfWeekLocaleTest</className>
          <testName>isSundayAndNextRunIsThursday[134]</testName>
          <skipped>false</skipped>
          <failedSince>0</failedSince>
        </case>
        <case>
          <duration>0.001</duration>
          <className>hudson.scheduler.CronTabDayOfWeekLocaleTest</className>
          <testName>isSundayAndPreviousRunIsPreviousSunday7[134]</testName>
          <skipped>false</skipped>
          <failedSince>0</failedSince>
        </case>
        <case>
          <duration>0.0</duration>
          <className>hudson.scheduler.CronTabDayOfWeekLocaleTest</className>
          <testName>isSundayAndNextRunIsWednesday[134]</testName>
          <skipped>false</skipped>
          <failedSince>0</failedSince>
        </case>
        <case>
          <duration>0.0</duration>
          <className>hudson.scheduler.CronTabDayOfWeekLocaleTest</className>
          <testName>isSundayAndNextRunIsSaturday[134]</testName>
          <skipped>false</skipped>
          <failedSince>0</failedSince>
        </case>
        <case>
          <duration>0.001</duration>
          <className>hudson.scheduler.CronTabDayOfWeekLocaleTest</className>
          <testName>isSundayAndPreviousRunIsTuesday[135]</testName>
          <skipped>false</skipped>
          <failedSince>0</failedSince>
        </case>
        <case>
          <duration>0.0</duration>
          <className>hudson.scheduler.CronTabDayOfWeekLocaleTest</className>
          <testName>isSundayAndPreviousRunIsThursday[135]</testName>
          <skipped>false</skipped>
          <failedSince>0</failedSince>
        </case>
        <case>
          <duration>0.0</duration>
          <className>hudson.scheduler.CronTabDayOfWeekLocaleTest</className>
          <testName>isSundayAndPreviousRunIsWednesday[135]</testName>
          <skipped>false</skipped>
          <failedSince>0</failedSince>
        </case>
        <case>
          <duration>0.001</duration>
          <className>hudson.scheduler.CronTabDayOfWeekLocaleTest</className>
          <testName>isSundayAndPreviousRunIsSaturday[135]</testName>
          <skipped>false</skipped>
          <failedSince>0</failedSince>
        </case>
        <case>
          <duration>0.0</duration>
          <className>hudson.scheduler.CronTabDayOfWeekLocaleTest</className>
          <testName>isSundayAndPreviousRunIsPreviousSunday[135]</testName>
          <skipped>false</skipped>
          <failedSince>0</failedSince>
        </case>
        <case>
          <duration>0.0</duration>
          <className>hudson.scheduler.CronTabDayOfWeekLocaleTest</className>
          <testName>isSundayAndNextRunIsFriday[135]</testName>
          <skipped>false</skipped>
          <failedSince>0</failedSince>
        </case>
        <case>
          <duration>0.001</duration>
          <className>hudson.scheduler.CronTabDayOfWeekLocaleTest</className>
          <testName>isSundayAndPreviousRunIsSaturdayAsterisk[135]</testName>
          <skipped>false</skipped>
          <failedSince>0</failedSince>
        </case>
        <case>
          <duration>0.0</duration>
          <className>hudson.scheduler.CronTabDayOfWeekLocaleTest</className>
          <testName>isSundayAndNextRunIsMonday[135]</testName>
          <skipped>false</skipped>
          <failedSince>0</failedSince>
        </case>
        <case>
          <duration>0.0</duration>
          <className>hudson.scheduler.CronTabDayOfWeekLocaleTest</className>
          <testName>isSundayAndPreviousRunIsFriday[135]</testName>
          <skipped>false</skipped>
          <failedSince>0</failedSince>
        </case>
        <case>
          <duration>0.001</duration>
          <className>hudson.scheduler.CronTabDayOfWeekLocaleTest</className>
          <testName>isSundayAndNextRunIsTuesday[135]</testName>
          <skipped>false</skipped>
          <failedSince>0</failedSince>
        </case>
        <case>
          <duration>0.0</duration>
          <className>hudson.scheduler.CronTabDayOfWeekLocaleTest</className>
          <testName>isSundayAndNextRunIsNextSunday7[135]</testName>
          <skipped>false</skipped>
          <failedSince>0</failedSince>
        </case>
        <case>
          <duration>0.0</duration>
          <className>hudson.scheduler.CronTabDayOfWeekLocaleTest</className>
          <testName>isSundayAndPreviousRunIsMonday[135]</testName>
          <skipped>false</skipped>
          <failedSince>0</failedSince>
        </case>
        <case>
          <duration>0.0</duration>
          <className>hudson.scheduler.CronTabDayOfWeekLocaleTest</className>
          <testName>isSaturdayAndNextRunIsSundayAsterisk[135]</testName>
          <skipped>false</skipped>
          <failedSince>0</failedSince>
        </case>
        <case>
          <duration>0.002</duration>
          <className>hudson.scheduler.CronTabDayOfWeekLocaleTest</className>
          <testName>hudson8658[135]</testName>
          <skipped>false</skipped>
          <failedSince>0</failedSince>
        </case>
        <case>
          <duration>0.0</duration>
          <className>hudson.scheduler.CronTabDayOfWeekLocaleTest</className>
          <testName>isSundayAndNextRunIsNextSunday[135]</testName>
          <skipped>false</skipped>
          <failedSince>0</failedSince>
        </case>
        <case>
          <duration>0.001</duration>
          <className>hudson.scheduler.CronTabDayOfWeekLocaleTest</className>
          <testName>isSundayAndNextRunIsThursday[135]</testName>
          <skipped>false</skipped>
          <failedSince>0</failedSince>
        </case>
        <case>
          <duration>0.0</duration>
          <className>hudson.scheduler.CronTabDayOfWeekLocaleTest</className>
          <testName>isSundayAndPreviousRunIsPreviousSunday7[135]</testName>
          <skipped>false</skipped>
          <failedSince>0</failedSince>
        </case>
        <case>
          <duration>0.0</duration>
          <className>hudson.scheduler.CronTabDayOfWeekLocaleTest</className>
          <testName>isSundayAndNextRunIsWednesday[135]</testName>
          <skipped>false</skipped>
          <failedSince>0</failedSince>
        </case>
        <case>
          <duration>0.001</duration>
          <className>hudson.scheduler.CronTabDayOfWeekLocaleTest</className>
          <testName>isSundayAndNextRunIsSaturday[135]</testName>
          <skipped>false</skipped>
          <failedSince>0</failedSince>
        </case>
        <case>
          <duration>0.0</duration>
          <className>hudson.scheduler.CronTabDayOfWeekLocaleTest</className>
          <testName>isSundayAndPreviousRunIsTuesday[136]</testName>
          <skipped>false</skipped>
          <failedSince>0</failedSince>
        </case>
        <case>
          <duration>0.0</duration>
          <className>hudson.scheduler.CronTabDayOfWeekLocaleTest</className>
          <testName>isSundayAndPreviousRunIsThursday[136]</testName>
          <skipped>false</skipped>
          <failedSince>0</failedSince>
        </case>
        <case>
          <duration>0.001</duration>
          <className>hudson.scheduler.CronTabDayOfWeekLocaleTest</className>
          <testName>isSundayAndPreviousRunIsWednesday[136]</testName>
          <skipped>false</skipped>
          <failedSince>0</failedSince>
        </case>
        <case>
          <duration>0.0</duration>
          <className>hudson.scheduler.CronTabDayOfWeekLocaleTest</className>
          <testName>isSundayAndPreviousRunIsSaturday[136]</testName>
          <skipped>false</skipped>
          <failedSince>0</failedSince>
        </case>
        <case>
          <duration>0.0</duration>
          <className>hudson.scheduler.CronTabDayOfWeekLocaleTest</className>
          <testName>isSundayAndPreviousRunIsPreviousSunday[136]</testName>
          <skipped>false</skipped>
          <failedSince>0</failedSince>
        </case>
        <case>
          <duration>0.001</duration>
          <className>hudson.scheduler.CronTabDayOfWeekLocaleTest</className>
          <testName>isSundayAndNextRunIsFriday[136]</testName>
          <skipped>false</skipped>
          <failedSince>0</failedSince>
        </case>
        <case>
          <duration>0.0</duration>
          <className>hudson.scheduler.CronTabDayOfWeekLocaleTest</className>
          <testName>isSundayAndPreviousRunIsSaturdayAsterisk[136]</testName>
          <skipped>false</skipped>
          <failedSince>0</failedSince>
        </case>
        <case>
          <duration>0.001</duration>
          <className>hudson.scheduler.CronTabDayOfWeekLocaleTest</className>
          <testName>isSundayAndNextRunIsMonday[136]</testName>
          <skipped>false</skipped>
          <failedSince>0</failedSince>
        </case>
        <case>
          <duration>0.0</duration>
          <className>hudson.scheduler.CronTabDayOfWeekLocaleTest</className>
          <testName>isSundayAndPreviousRunIsFriday[136]</testName>
          <skipped>false</skipped>
          <failedSince>0</failedSince>
        </case>
        <case>
          <duration>0.0</duration>
          <className>hudson.scheduler.CronTabDayOfWeekLocaleTest</className>
          <testName>isSundayAndNextRunIsTuesday[136]</testName>
          <skipped>false</skipped>
          <failedSince>0</failedSince>
        </case>
        <case>
          <duration>0.001</duration>
          <className>hudson.scheduler.CronTabDayOfWeekLocaleTest</className>
          <testName>isSundayAndNextRunIsNextSunday7[136]</testName>
          <skipped>false</skipped>
          <failedSince>0</failedSince>
        </case>
        <case>
          <duration>0.0</duration>
          <className>hudson.scheduler.CronTabDayOfWeekLocaleTest</className>
          <testName>isSundayAndPreviousRunIsMonday[136]</testName>
          <skipped>false</skipped>
          <failedSince>0</failedSince>
        </case>
        <case>
          <duration>0.0</duration>
          <className>hudson.scheduler.CronTabDayOfWeekLocaleTest</className>
          <testName>isSaturdayAndNextRunIsSundayAsterisk[136]</testName>
          <skipped>false</skipped>
          <failedSince>0</failedSince>
        </case>
        <case>
          <duration>0.0</duration>
          <className>hudson.scheduler.CronTabDayOfWeekLocaleTest</className>
          <testName>hudson8658[136]</testName>
          <skipped>false</skipped>
          <failedSince>0</failedSince>
        </case>
        <case>
          <duration>0.0</duration>
          <className>hudson.scheduler.CronTabDayOfWeekLocaleTest</className>
          <testName>isSundayAndNextRunIsNextSunday[136]</testName>
          <skipped>false</skipped>
          <failedSince>0</failedSince>
        </case>
        <case>
          <duration>0.0</duration>
          <className>hudson.scheduler.CronTabDayOfWeekLocaleTest</className>
          <testName>isSundayAndNextRunIsThursday[136]</testName>
          <skipped>false</skipped>
          <failedSince>0</failedSince>
        </case>
        <case>
          <duration>0.0</duration>
          <className>hudson.scheduler.CronTabDayOfWeekLocaleTest</className>
          <testName>isSundayAndPreviousRunIsPreviousSunday7[136]</testName>
          <skipped>false</skipped>
          <failedSince>0</failedSince>
        </case>
        <case>
          <duration>0.001</duration>
          <className>hudson.scheduler.CronTabDayOfWeekLocaleTest</className>
          <testName>isSundayAndNextRunIsWednesday[136]</testName>
          <skipped>false</skipped>
          <failedSince>0</failedSince>
        </case>
        <case>
          <duration>0.0</duration>
          <className>hudson.scheduler.CronTabDayOfWeekLocaleTest</className>
          <testName>isSundayAndNextRunIsSaturday[136]</testName>
          <skipped>false</skipped>
          <failedSince>0</failedSince>
        </case>
        <case>
          <duration>0.0</duration>
          <className>hudson.scheduler.CronTabDayOfWeekLocaleTest</className>
          <testName>isSundayAndPreviousRunIsTuesday[137]</testName>
          <skipped>false</skipped>
          <failedSince>0</failedSince>
        </case>
        <case>
          <duration>0.0</duration>
          <className>hudson.scheduler.CronTabDayOfWeekLocaleTest</className>
          <testName>isSundayAndPreviousRunIsThursday[137]</testName>
          <skipped>false</skipped>
          <failedSince>0</failedSince>
        </case>
        <case>
          <duration>0.0</duration>
          <className>hudson.scheduler.CronTabDayOfWeekLocaleTest</className>
          <testName>isSundayAndPreviousRunIsWednesday[137]</testName>
          <skipped>false</skipped>
          <failedSince>0</failedSince>
        </case>
        <case>
          <duration>0.0</duration>
          <className>hudson.scheduler.CronTabDayOfWeekLocaleTest</className>
          <testName>isSundayAndPreviousRunIsSaturday[137]</testName>
          <skipped>false</skipped>
          <failedSince>0</failedSince>
        </case>
        <case>
          <duration>0.0</duration>
          <className>hudson.scheduler.CronTabDayOfWeekLocaleTest</className>
          <testName>isSundayAndPreviousRunIsPreviousSunday[137]</testName>
          <skipped>false</skipped>
          <failedSince>0</failedSince>
        </case>
        <case>
          <duration>0.0</duration>
          <className>hudson.scheduler.CronTabDayOfWeekLocaleTest</className>
          <testName>isSundayAndNextRunIsFriday[137]</testName>
          <skipped>false</skipped>
          <failedSince>0</failedSince>
        </case>
        <case>
          <duration>0.0</duration>
          <className>hudson.scheduler.CronTabDayOfWeekLocaleTest</className>
          <testName>isSundayAndPreviousRunIsSaturdayAsterisk[137]</testName>
          <skipped>false</skipped>
          <failedSince>0</failedSince>
        </case>
        <case>
          <duration>0.001</duration>
          <className>hudson.scheduler.CronTabDayOfWeekLocaleTest</className>
          <testName>isSundayAndNextRunIsMonday[137]</testName>
          <skipped>false</skipped>
          <failedSince>0</failedSince>
        </case>
        <case>
          <duration>0.0</duration>
          <className>hudson.scheduler.CronTabDayOfWeekLocaleTest</className>
          <testName>isSundayAndPreviousRunIsFriday[137]</testName>
          <skipped>false</skipped>
          <failedSince>0</failedSince>
        </case>
        <case>
          <duration>0.0</duration>
          <className>hudson.scheduler.CronTabDayOfWeekLocaleTest</className>
          <testName>isSundayAndNextRunIsTuesday[137]</testName>
          <skipped>false</skipped>
          <failedSince>0</failedSince>
        </case>
        <case>
          <duration>0.001</duration>
          <className>hudson.scheduler.CronTabDayOfWeekLocaleTest</className>
          <testName>isSundayAndNextRunIsNextSunday7[137]</testName>
          <skipped>false</skipped>
          <failedSince>0</failedSince>
        </case>
        <case>
          <duration>0.0</duration>
          <className>hudson.scheduler.CronTabDayOfWeekLocaleTest</className>
          <testName>isSundayAndPreviousRunIsMonday[137]</testName>
          <skipped>false</skipped>
          <failedSince>0</failedSince>
        </case>
        <case>
          <duration>0.0</duration>
          <className>hudson.scheduler.CronTabDayOfWeekLocaleTest</className>
          <testName>isSaturdayAndNextRunIsSundayAsterisk[137]</testName>
          <skipped>false</skipped>
          <failedSince>0</failedSince>
        </case>
        <case>
          <duration>0.0</duration>
          <className>hudson.scheduler.CronTabDayOfWeekLocaleTest</className>
          <testName>hudson8658[137]</testName>
          <skipped>false</skipped>
          <failedSince>0</failedSince>
        </case>
        <case>
          <duration>0.0</duration>
          <className>hudson.scheduler.CronTabDayOfWeekLocaleTest</className>
          <testName>isSundayAndNextRunIsNextSunday[137]</testName>
          <skipped>false</skipped>
          <failedSince>0</failedSince>
        </case>
        <case>
          <duration>0.0</duration>
          <className>hudson.scheduler.CronTabDayOfWeekLocaleTest</className>
          <testName>isSundayAndNextRunIsThursday[137]</testName>
          <skipped>false</skipped>
          <failedSince>0</failedSince>
        </case>
        <case>
          <duration>0.0</duration>
          <className>hudson.scheduler.CronTabDayOfWeekLocaleTest</className>
          <testName>isSundayAndPreviousRunIsPreviousSunday7[137]</testName>
          <skipped>false</skipped>
          <failedSince>0</failedSince>
        </case>
        <case>
          <duration>0.001</duration>
          <className>hudson.scheduler.CronTabDayOfWeekLocaleTest</className>
          <testName>isSundayAndNextRunIsWednesday[137]</testName>
          <skipped>false</skipped>
          <failedSince>0</failedSince>
        </case>
        <case>
          <duration>0.0</duration>
          <className>hudson.scheduler.CronTabDayOfWeekLocaleTest</className>
          <testName>isSundayAndNextRunIsSaturday[137]</testName>
          <skipped>false</skipped>
          <failedSince>0</failedSince>
        </case>
        <case>
          <duration>0.0</duration>
          <className>hudson.scheduler.CronTabDayOfWeekLocaleTest</className>
          <testName>isSundayAndPreviousRunIsTuesday[138]</testName>
          <skipped>false</skipped>
          <failedSince>0</failedSince>
        </case>
        <case>
          <duration>0.0</duration>
          <className>hudson.scheduler.CronTabDayOfWeekLocaleTest</className>
          <testName>isSundayAndPreviousRunIsThursday[138]</testName>
          <skipped>false</skipped>
          <failedSince>0</failedSince>
        </case>
        <case>
          <duration>0.001</duration>
          <className>hudson.scheduler.CronTabDayOfWeekLocaleTest</className>
          <testName>isSundayAndPreviousRunIsWednesday[138]</testName>
          <skipped>false</skipped>
          <failedSince>0</failedSince>
        </case>
        <case>
          <duration>0.0</duration>
          <className>hudson.scheduler.CronTabDayOfWeekLocaleTest</className>
          <testName>isSundayAndPreviousRunIsSaturday[138]</testName>
          <skipped>false</skipped>
          <failedSince>0</failedSince>
        </case>
        <case>
          <duration>0.0</duration>
          <className>hudson.scheduler.CronTabDayOfWeekLocaleTest</className>
          <testName>isSundayAndPreviousRunIsPreviousSunday[138]</testName>
          <skipped>false</skipped>
          <failedSince>0</failedSince>
        </case>
        <case>
          <duration>0.0</duration>
          <className>hudson.scheduler.CronTabDayOfWeekLocaleTest</className>
          <testName>isSundayAndNextRunIsFriday[138]</testName>
          <skipped>false</skipped>
          <failedSince>0</failedSince>
        </case>
        <case>
          <duration>0.0</duration>
          <className>hudson.scheduler.CronTabDayOfWeekLocaleTest</className>
          <testName>isSundayAndPreviousRunIsSaturdayAsterisk[138]</testName>
          <skipped>false</skipped>
          <failedSince>0</failedSince>
        </case>
        <case>
          <duration>0.0</duration>
          <className>hudson.scheduler.CronTabDayOfWeekLocaleTest</className>
          <testName>isSundayAndNextRunIsMonday[138]</testName>
          <skipped>false</skipped>
          <failedSince>0</failedSince>
        </case>
        <case>
          <duration>0.0</duration>
          <className>hudson.scheduler.CronTabDayOfWeekLocaleTest</className>
          <testName>isSundayAndPreviousRunIsFriday[138]</testName>
          <skipped>false</skipped>
          <failedSince>0</failedSince>
        </case>
        <case>
          <duration>0.0</duration>
          <className>hudson.scheduler.CronTabDayOfWeekLocaleTest</className>
          <testName>isSundayAndNextRunIsTuesday[138]</testName>
          <skipped>false</skipped>
          <failedSince>0</failedSince>
        </case>
        <case>
          <duration>0.001</duration>
          <className>hudson.scheduler.CronTabDayOfWeekLocaleTest</className>
          <testName>isSundayAndNextRunIsNextSunday7[138]</testName>
          <skipped>false</skipped>
          <failedSince>0</failedSince>
        </case>
        <case>
          <duration>0.0</duration>
          <className>hudson.scheduler.CronTabDayOfWeekLocaleTest</className>
          <testName>isSundayAndPreviousRunIsMonday[138]</testName>
          <skipped>false</skipped>
          <failedSince>0</failedSince>
        </case>
        <case>
          <duration>0.0</duration>
          <className>hudson.scheduler.CronTabDayOfWeekLocaleTest</className>
          <testName>isSaturdayAndNextRunIsSundayAsterisk[138]</testName>
          <skipped>false</skipped>
          <failedSince>0</failedSince>
        </case>
        <case>
          <duration>0.0</duration>
          <className>hudson.scheduler.CronTabDayOfWeekLocaleTest</className>
          <testName>hudson8658[138]</testName>
          <skipped>false</skipped>
          <failedSince>0</failedSince>
        </case>
        <case>
          <duration>0.0</duration>
          <className>hudson.scheduler.CronTabDayOfWeekLocaleTest</className>
          <testName>isSundayAndNextRunIsNextSunday[138]</testName>
          <skipped>false</skipped>
          <failedSince>0</failedSince>
        </case>
        <case>
          <duration>0.0</duration>
          <className>hudson.scheduler.CronTabDayOfWeekLocaleTest</className>
          <testName>isSundayAndNextRunIsThursday[138]</testName>
          <skipped>false</skipped>
          <failedSince>0</failedSince>
        </case>
        <case>
          <duration>0.0</duration>
          <className>hudson.scheduler.CronTabDayOfWeekLocaleTest</className>
          <testName>isSundayAndPreviousRunIsPreviousSunday7[138]</testName>
          <skipped>false</skipped>
          <failedSince>0</failedSince>
        </case>
        <case>
          <duration>0.001</duration>
          <className>hudson.scheduler.CronTabDayOfWeekLocaleTest</className>
          <testName>isSundayAndNextRunIsWednesday[138]</testName>
          <skipped>false</skipped>
          <failedSince>0</failedSince>
        </case>
        <case>
          <duration>0.0</duration>
          <className>hudson.scheduler.CronTabDayOfWeekLocaleTest</className>
          <testName>isSundayAndNextRunIsSaturday[138]</testName>
          <skipped>false</skipped>
          <failedSince>0</failedSince>
        </case>
        <case>
          <duration>0.0</duration>
          <className>hudson.scheduler.CronTabDayOfWeekLocaleTest</className>
          <testName>isSundayAndPreviousRunIsTuesday[139]</testName>
          <skipped>false</skipped>
          <failedSince>0</failedSince>
        </case>
        <case>
          <duration>0.001</duration>
          <className>hudson.scheduler.CronTabDayOfWeekLocaleTest</className>
          <testName>isSundayAndPreviousRunIsThursday[139]</testName>
          <skipped>false</skipped>
          <failedSince>0</failedSince>
        </case>
        <case>
          <duration>0.0</duration>
          <className>hudson.scheduler.CronTabDayOfWeekLocaleTest</className>
          <testName>isSundayAndPreviousRunIsWednesday[139]</testName>
          <skipped>false</skipped>
          <failedSince>0</failedSince>
        </case>
        <case>
          <duration>0.0</duration>
          <className>hudson.scheduler.CronTabDayOfWeekLocaleTest</className>
          <testName>isSundayAndPreviousRunIsSaturday[139]</testName>
          <skipped>false</skipped>
          <failedSince>0</failedSince>
        </case>
        <case>
          <duration>0.001</duration>
          <className>hudson.scheduler.CronTabDayOfWeekLocaleTest</className>
          <testName>isSundayAndPreviousRunIsPreviousSunday[139]</testName>
          <skipped>false</skipped>
          <failedSince>0</failedSince>
        </case>
        <case>
          <duration>0.0</duration>
          <className>hudson.scheduler.CronTabDayOfWeekLocaleTest</className>
          <testName>isSundayAndNextRunIsFriday[139]</testName>
          <skipped>false</skipped>
          <failedSince>0</failedSince>
        </case>
        <case>
          <duration>0.0</duration>
          <className>hudson.scheduler.CronTabDayOfWeekLocaleTest</className>
          <testName>isSundayAndPreviousRunIsSaturdayAsterisk[139]</testName>
          <skipped>false</skipped>
          <failedSince>0</failedSince>
        </case>
        <case>
          <duration>0.0</duration>
          <className>hudson.scheduler.CronTabDayOfWeekLocaleTest</className>
          <testName>isSundayAndNextRunIsMonday[139]</testName>
          <skipped>false</skipped>
          <failedSince>0</failedSince>
        </case>
        <case>
          <duration>0.0</duration>
          <className>hudson.scheduler.CronTabDayOfWeekLocaleTest</className>
          <testName>isSundayAndPreviousRunIsFriday[139]</testName>
          <skipped>false</skipped>
          <failedSince>0</failedSince>
        </case>
        <case>
          <duration>0.0</duration>
          <className>hudson.scheduler.CronTabDayOfWeekLocaleTest</className>
          <testName>isSundayAndNextRunIsTuesday[139]</testName>
          <skipped>false</skipped>
          <failedSince>0</failedSince>
        </case>
        <case>
          <duration>0.0</duration>
          <className>hudson.scheduler.CronTabDayOfWeekLocaleTest</className>
          <testName>isSundayAndNextRunIsNextSunday7[139]</testName>
          <skipped>false</skipped>
          <failedSince>0</failedSince>
        </case>
        <case>
          <duration>0.001</duration>
          <className>hudson.scheduler.CronTabDayOfWeekLocaleTest</className>
          <testName>isSundayAndPreviousRunIsMonday[139]</testName>
          <skipped>false</skipped>
          <failedSince>0</failedSince>
        </case>
        <case>
          <duration>0.0</duration>
          <className>hudson.scheduler.CronTabDayOfWeekLocaleTest</className>
          <testName>isSaturdayAndNextRunIsSundayAsterisk[139]</testName>
          <skipped>false</skipped>
          <failedSince>0</failedSince>
        </case>
        <case>
          <duration>0.0</duration>
          <className>hudson.scheduler.CronTabDayOfWeekLocaleTest</className>
          <testName>hudson8658[139]</testName>
          <skipped>false</skipped>
          <failedSince>0</failedSince>
        </case>
        <case>
          <duration>0.001</duration>
          <className>hudson.scheduler.CronTabDayOfWeekLocaleTest</className>
          <testName>isSundayAndNextRunIsNextSunday[139]</testName>
          <skipped>false</skipped>
          <failedSince>0</failedSince>
        </case>
        <case>
          <duration>0.0</duration>
          <className>hudson.scheduler.CronTabDayOfWeekLocaleTest</className>
          <testName>isSundayAndNextRunIsThursday[139]</testName>
          <skipped>false</skipped>
          <failedSince>0</failedSince>
        </case>
        <case>
          <duration>0.001</duration>
          <className>hudson.scheduler.CronTabDayOfWeekLocaleTest</className>
          <testName>isSundayAndPreviousRunIsPreviousSunday7[139]</testName>
          <skipped>false</skipped>
          <failedSince>0</failedSince>
        </case>
        <case>
          <duration>0.0</duration>
          <className>hudson.scheduler.CronTabDayOfWeekLocaleTest</className>
          <testName>isSundayAndNextRunIsWednesday[139]</testName>
          <skipped>false</skipped>
          <failedSince>0</failedSince>
        </case>
        <case>
          <duration>0.0</duration>
          <className>hudson.scheduler.CronTabDayOfWeekLocaleTest</className>
          <testName>isSundayAndNextRunIsSaturday[139]</testName>
          <skipped>false</skipped>
          <failedSince>0</failedSince>
        </case>
        <case>
          <duration>0.001</duration>
          <className>hudson.scheduler.CronTabDayOfWeekLocaleTest</className>
          <testName>isSundayAndPreviousRunIsTuesday[140]</testName>
          <skipped>false</skipped>
          <failedSince>0</failedSince>
        </case>
        <case>
          <duration>0.0</duration>
          <className>hudson.scheduler.CronTabDayOfWeekLocaleTest</className>
          <testName>isSundayAndPreviousRunIsThursday[140]</testName>
          <skipped>false</skipped>
          <failedSince>0</failedSince>
        </case>
        <case>
          <duration>0.0</duration>
          <className>hudson.scheduler.CronTabDayOfWeekLocaleTest</className>
          <testName>isSundayAndPreviousRunIsWednesday[140]</testName>
          <skipped>false</skipped>
          <failedSince>0</failedSince>
        </case>
        <case>
          <duration>0.0</duration>
          <className>hudson.scheduler.CronTabDayOfWeekLocaleTest</className>
          <testName>isSundayAndPreviousRunIsSaturday[140]</testName>
          <skipped>false</skipped>
          <failedSince>0</failedSince>
        </case>
        <case>
          <duration>0.0</duration>
          <className>hudson.scheduler.CronTabDayOfWeekLocaleTest</className>
          <testName>isSundayAndPreviousRunIsPreviousSunday[140]</testName>
          <skipped>false</skipped>
          <failedSince>0</failedSince>
        </case>
        <case>
          <duration>0.0</duration>
          <className>hudson.scheduler.CronTabDayOfWeekLocaleTest</className>
          <testName>isSundayAndNextRunIsFriday[140]</testName>
          <skipped>false</skipped>
          <failedSince>0</failedSince>
        </case>
        <case>
          <duration>0.0</duration>
          <className>hudson.scheduler.CronTabDayOfWeekLocaleTest</className>
          <testName>isSundayAndPreviousRunIsSaturdayAsterisk[140]</testName>
          <skipped>false</skipped>
          <failedSince>0</failedSince>
        </case>
        <case>
          <duration>0.001</duration>
          <className>hudson.scheduler.CronTabDayOfWeekLocaleTest</className>
          <testName>isSundayAndNextRunIsMonday[140]</testName>
          <skipped>false</skipped>
          <failedSince>0</failedSince>
        </case>
        <case>
          <duration>0.0</duration>
          <className>hudson.scheduler.CronTabDayOfWeekLocaleTest</className>
          <testName>isSundayAndPreviousRunIsFriday[140]</testName>
          <skipped>false</skipped>
          <failedSince>0</failedSince>
        </case>
        <case>
          <duration>0.0</duration>
          <className>hudson.scheduler.CronTabDayOfWeekLocaleTest</className>
          <testName>isSundayAndNextRunIsTuesday[140]</testName>
          <skipped>false</skipped>
          <failedSince>0</failedSince>
        </case>
        <case>
          <duration>0.0</duration>
          <className>hudson.scheduler.CronTabDayOfWeekLocaleTest</className>
          <testName>isSundayAndNextRunIsNextSunday7[140]</testName>
          <skipped>false</skipped>
          <failedSince>0</failedSince>
        </case>
        <case>
          <duration>0.0</duration>
          <className>hudson.scheduler.CronTabDayOfWeekLocaleTest</className>
          <testName>isSundayAndPreviousRunIsMonday[140]</testName>
          <skipped>false</skipped>
          <failedSince>0</failedSince>
        </case>
        <case>
          <duration>0.0</duration>
          <className>hudson.scheduler.CronTabDayOfWeekLocaleTest</className>
          <testName>isSaturdayAndNextRunIsSundayAsterisk[140]</testName>
          <skipped>false</skipped>
          <failedSince>0</failedSince>
        </case>
        <case>
          <duration>0.0</duration>
          <className>hudson.scheduler.CronTabDayOfWeekLocaleTest</className>
          <testName>hudson8658[140]</testName>
          <skipped>false</skipped>
          <failedSince>0</failedSince>
        </case>
        <case>
          <duration>0.001</duration>
          <className>hudson.scheduler.CronTabDayOfWeekLocaleTest</className>
          <testName>isSundayAndNextRunIsNextSunday[140]</testName>
          <skipped>false</skipped>
          <failedSince>0</failedSince>
        </case>
        <case>
          <duration>0.0</duration>
          <className>hudson.scheduler.CronTabDayOfWeekLocaleTest</className>
          <testName>isSundayAndNextRunIsThursday[140]</testName>
          <skipped>false</skipped>
          <failedSince>0</failedSince>
        </case>
        <case>
          <duration>0.0</duration>
          <className>hudson.scheduler.CronTabDayOfWeekLocaleTest</className>
          <testName>isSundayAndPreviousRunIsPreviousSunday7[140]</testName>
          <skipped>false</skipped>
          <failedSince>0</failedSince>
        </case>
        <case>
          <duration>0.0</duration>
          <className>hudson.scheduler.CronTabDayOfWeekLocaleTest</className>
          <testName>isSundayAndNextRunIsWednesday[140]</testName>
          <skipped>false</skipped>
          <failedSince>0</failedSince>
        </case>
        <case>
          <duration>0.001</duration>
          <className>hudson.scheduler.CronTabDayOfWeekLocaleTest</className>
          <testName>isSundayAndNextRunIsSaturday[140]</testName>
          <skipped>false</skipped>
          <failedSince>0</failedSince>
        </case>
        <case>
          <duration>0.0</duration>
          <className>hudson.scheduler.CronTabDayOfWeekLocaleTest</className>
          <testName>isSundayAndPreviousRunIsTuesday[141]</testName>
          <skipped>false</skipped>
          <failedSince>0</failedSince>
        </case>
        <case>
          <duration>0.0</duration>
          <className>hudson.scheduler.CronTabDayOfWeekLocaleTest</className>
          <testName>isSundayAndPreviousRunIsThursday[141]</testName>
          <skipped>false</skipped>
          <failedSince>0</failedSince>
        </case>
        <case>
          <duration>0.001</duration>
          <className>hudson.scheduler.CronTabDayOfWeekLocaleTest</className>
          <testName>isSundayAndPreviousRunIsWednesday[141]</testName>
          <skipped>false</skipped>
          <failedSince>0</failedSince>
        </case>
        <case>
          <duration>0.0</duration>
          <className>hudson.scheduler.CronTabDayOfWeekLocaleTest</className>
          <testName>isSundayAndPreviousRunIsSaturday[141]</testName>
          <skipped>false</skipped>
          <failedSince>0</failedSince>
        </case>
        <case>
          <duration>0.0</duration>
          <className>hudson.scheduler.CronTabDayOfWeekLocaleTest</className>
          <testName>isSundayAndPreviousRunIsPreviousSunday[141]</testName>
          <skipped>false</skipped>
          <failedSince>0</failedSince>
        </case>
        <case>
          <duration>0.0</duration>
          <className>hudson.scheduler.CronTabDayOfWeekLocaleTest</className>
          <testName>isSundayAndNextRunIsFriday[141]</testName>
          <skipped>false</skipped>
          <failedSince>0</failedSince>
        </case>
        <case>
          <duration>0.001</duration>
          <className>hudson.scheduler.CronTabDayOfWeekLocaleTest</className>
          <testName>isSundayAndPreviousRunIsSaturdayAsterisk[141]</testName>
          <skipped>false</skipped>
          <failedSince>0</failedSince>
        </case>
        <case>
          <duration>0.0</duration>
          <className>hudson.scheduler.CronTabDayOfWeekLocaleTest</className>
          <testName>isSundayAndNextRunIsMonday[141]</testName>
          <skipped>false</skipped>
          <failedSince>0</failedSince>
        </case>
        <case>
          <duration>0.0</duration>
          <className>hudson.scheduler.CronTabDayOfWeekLocaleTest</className>
          <testName>isSundayAndPreviousRunIsFriday[141]</testName>
          <skipped>false</skipped>
          <failedSince>0</failedSince>
        </case>
        <case>
          <duration>0.0</duration>
          <className>hudson.scheduler.CronTabDayOfWeekLocaleTest</className>
          <testName>isSundayAndNextRunIsTuesday[141]</testName>
          <skipped>false</skipped>
          <failedSince>0</failedSince>
        </case>
        <case>
          <duration>0.0</duration>
          <className>hudson.scheduler.CronTabDayOfWeekLocaleTest</className>
          <testName>isSundayAndNextRunIsNextSunday7[141]</testName>
          <skipped>false</skipped>
          <failedSince>0</failedSince>
        </case>
        <case>
          <duration>0.0</duration>
          <className>hudson.scheduler.CronTabDayOfWeekLocaleTest</className>
          <testName>isSundayAndPreviousRunIsMonday[141]</testName>
          <skipped>false</skipped>
          <failedSince>0</failedSince>
        </case>
        <case>
          <duration>0.0</duration>
          <className>hudson.scheduler.CronTabDayOfWeekLocaleTest</className>
          <testName>isSaturdayAndNextRunIsSundayAsterisk[141]</testName>
          <skipped>false</skipped>
          <failedSince>0</failedSince>
        </case>
        <case>
          <duration>0.0</duration>
          <className>hudson.scheduler.CronTabDayOfWeekLocaleTest</className>
          <testName>hudson8658[141]</testName>
          <skipped>false</skipped>
          <failedSince>0</failedSince>
        </case>
        <case>
          <duration>0.0</duration>
          <className>hudson.scheduler.CronTabDayOfWeekLocaleTest</className>
          <testName>isSundayAndNextRunIsNextSunday[141]</testName>
          <skipped>false</skipped>
          <failedSince>0</failedSince>
        </case>
        <case>
          <duration>0.0</duration>
          <className>hudson.scheduler.CronTabDayOfWeekLocaleTest</className>
          <testName>isSundayAndNextRunIsThursday[141]</testName>
          <skipped>false</skipped>
          <failedSince>0</failedSince>
        </case>
        <case>
          <duration>0.001</duration>
          <className>hudson.scheduler.CronTabDayOfWeekLocaleTest</className>
          <testName>isSundayAndPreviousRunIsPreviousSunday7[141]</testName>
          <skipped>false</skipped>
          <failedSince>0</failedSince>
        </case>
        <case>
          <duration>0.0</duration>
          <className>hudson.scheduler.CronTabDayOfWeekLocaleTest</className>
          <testName>isSundayAndNextRunIsWednesday[141]</testName>
          <skipped>false</skipped>
          <failedSince>0</failedSince>
        </case>
        <case>
          <duration>0.0</duration>
          <className>hudson.scheduler.CronTabDayOfWeekLocaleTest</className>
          <testName>isSundayAndNextRunIsSaturday[141]</testName>
          <skipped>false</skipped>
          <failedSince>0</failedSince>
        </case>
        <case>
          <duration>0.0</duration>
          <className>hudson.scheduler.CronTabDayOfWeekLocaleTest</className>
          <testName>isSundayAndPreviousRunIsTuesday[142]</testName>
          <skipped>false</skipped>
          <failedSince>0</failedSince>
        </case>
        <case>
          <duration>0.0</duration>
          <className>hudson.scheduler.CronTabDayOfWeekLocaleTest</className>
          <testName>isSundayAndPreviousRunIsThursday[142]</testName>
          <skipped>false</skipped>
          <failedSince>0</failedSince>
        </case>
        <case>
          <duration>0.0</duration>
          <className>hudson.scheduler.CronTabDayOfWeekLocaleTest</className>
          <testName>isSundayAndPreviousRunIsWednesday[142]</testName>
          <skipped>false</skipped>
          <failedSince>0</failedSince>
        </case>
        <case>
          <duration>0.001</duration>
          <className>hudson.scheduler.CronTabDayOfWeekLocaleTest</className>
          <testName>isSundayAndPreviousRunIsSaturday[142]</testName>
          <skipped>false</skipped>
          <failedSince>0</failedSince>
        </case>
        <case>
          <duration>0.0</duration>
          <className>hudson.scheduler.CronTabDayOfWeekLocaleTest</className>
          <testName>isSundayAndPreviousRunIsPreviousSunday[142]</testName>
          <skipped>false</skipped>
          <failedSince>0</failedSince>
        </case>
        <case>
          <duration>0.0</duration>
          <className>hudson.scheduler.CronTabDayOfWeekLocaleTest</className>
          <testName>isSundayAndNextRunIsFriday[142]</testName>
          <skipped>false</skipped>
          <failedSince>0</failedSince>
        </case>
        <case>
          <duration>0.0</duration>
          <className>hudson.scheduler.CronTabDayOfWeekLocaleTest</className>
          <testName>isSundayAndPreviousRunIsSaturdayAsterisk[142]</testName>
          <skipped>false</skipped>
          <failedSince>0</failedSince>
        </case>
        <case>
          <duration>0.001</duration>
          <className>hudson.scheduler.CronTabDayOfWeekLocaleTest</className>
          <testName>isSundayAndNextRunIsMonday[142]</testName>
          <skipped>false</skipped>
          <failedSince>0</failedSince>
        </case>
        <case>
          <duration>0.0</duration>
          <className>hudson.scheduler.CronTabDayOfWeekLocaleTest</className>
          <testName>isSundayAndPreviousRunIsFriday[142]</testName>
          <skipped>false</skipped>
          <failedSince>0</failedSince>
        </case>
        <case>
          <duration>0.0</duration>
          <className>hudson.scheduler.CronTabDayOfWeekLocaleTest</className>
          <testName>isSundayAndNextRunIsTuesday[142]</testName>
          <skipped>false</skipped>
          <failedSince>0</failedSince>
        </case>
        <case>
          <duration>0.0</duration>
          <className>hudson.scheduler.CronTabDayOfWeekLocaleTest</className>
          <testName>isSundayAndNextRunIsNextSunday7[142]</testName>
          <skipped>false</skipped>
          <failedSince>0</failedSince>
        </case>
        <case>
          <duration>0.0</duration>
          <className>hudson.scheduler.CronTabDayOfWeekLocaleTest</className>
          <testName>isSundayAndPreviousRunIsMonday[142]</testName>
          <skipped>false</skipped>
          <failedSince>0</failedSince>
        </case>
        <case>
          <duration>0.0</duration>
          <className>hudson.scheduler.CronTabDayOfWeekLocaleTest</className>
          <testName>isSaturdayAndNextRunIsSundayAsterisk[142]</testName>
          <skipped>false</skipped>
          <failedSince>0</failedSince>
        </case>
        <case>
          <duration>0.0</duration>
          <className>hudson.scheduler.CronTabDayOfWeekLocaleTest</className>
          <testName>hudson8658[142]</testName>
          <skipped>false</skipped>
          <failedSince>0</failedSince>
        </case>
        <case>
          <duration>0.0</duration>
          <className>hudson.scheduler.CronTabDayOfWeekLocaleTest</className>
          <testName>isSundayAndNextRunIsNextSunday[142]</testName>
          <skipped>false</skipped>
          <failedSince>0</failedSince>
        </case>
        <case>
          <duration>0.0</duration>
          <className>hudson.scheduler.CronTabDayOfWeekLocaleTest</className>
          <testName>isSundayAndNextRunIsThursday[142]</testName>
          <skipped>false</skipped>
          <failedSince>0</failedSince>
        </case>
        <case>
          <duration>0.0</duration>
          <className>hudson.scheduler.CronTabDayOfWeekLocaleTest</className>
          <testName>isSundayAndPreviousRunIsPreviousSunday7[142]</testName>
          <skipped>false</skipped>
          <failedSince>0</failedSince>
        </case>
        <case>
          <duration>0.0</duration>
          <className>hudson.scheduler.CronTabDayOfWeekLocaleTest</className>
          <testName>isSundayAndNextRunIsWednesday[142]</testName>
          <skipped>false</skipped>
          <failedSince>0</failedSince>
        </case>
        <case>
          <duration>0.001</duration>
          <className>hudson.scheduler.CronTabDayOfWeekLocaleTest</className>
          <testName>isSundayAndNextRunIsSaturday[142]</testName>
          <skipped>false</skipped>
          <failedSince>0</failedSince>
        </case>
        <case>
          <duration>0.0</duration>
          <className>hudson.scheduler.CronTabDayOfWeekLocaleTest</className>
          <testName>isSundayAndPreviousRunIsTuesday[143]</testName>
          <skipped>false</skipped>
          <failedSince>0</failedSince>
        </case>
        <case>
          <duration>0.0</duration>
          <className>hudson.scheduler.CronTabDayOfWeekLocaleTest</className>
          <testName>isSundayAndPreviousRunIsThursday[143]</testName>
          <skipped>false</skipped>
          <failedSince>0</failedSince>
        </case>
        <case>
          <duration>0.001</duration>
          <className>hudson.scheduler.CronTabDayOfWeekLocaleTest</className>
          <testName>isSundayAndPreviousRunIsWednesday[143]</testName>
          <skipped>false</skipped>
          <failedSince>0</failedSince>
        </case>
        <case>
          <duration>0.0</duration>
          <className>hudson.scheduler.CronTabDayOfWeekLocaleTest</className>
          <testName>isSundayAndPreviousRunIsSaturday[143]</testName>
          <skipped>false</skipped>
          <failedSince>0</failedSince>
        </case>
        <case>
          <duration>0.0</duration>
          <className>hudson.scheduler.CronTabDayOfWeekLocaleTest</className>
          <testName>isSundayAndPreviousRunIsPreviousSunday[143]</testName>
          <skipped>false</skipped>
          <failedSince>0</failedSince>
        </case>
        <case>
          <duration>0.0</duration>
          <className>hudson.scheduler.CronTabDayOfWeekLocaleTest</className>
          <testName>isSundayAndNextRunIsFriday[143]</testName>
          <skipped>false</skipped>
          <failedSince>0</failedSince>
        </case>
        <case>
          <duration>0.001</duration>
          <className>hudson.scheduler.CronTabDayOfWeekLocaleTest</className>
          <testName>isSundayAndPreviousRunIsSaturdayAsterisk[143]</testName>
          <skipped>false</skipped>
          <failedSince>0</failedSince>
        </case>
        <case>
          <duration>0.0</duration>
          <className>hudson.scheduler.CronTabDayOfWeekLocaleTest</className>
          <testName>isSundayAndNextRunIsMonday[143]</testName>
          <skipped>false</skipped>
          <failedSince>0</failedSince>
        </case>
        <case>
          <duration>0.0</duration>
          <className>hudson.scheduler.CronTabDayOfWeekLocaleTest</className>
          <testName>isSundayAndPreviousRunIsFriday[143]</testName>
          <skipped>false</skipped>
          <failedSince>0</failedSince>
        </case>
        <case>
          <duration>0.0</duration>
          <className>hudson.scheduler.CronTabDayOfWeekLocaleTest</className>
          <testName>isSundayAndNextRunIsTuesday[143]</testName>
          <skipped>false</skipped>
          <failedSince>0</failedSince>
        </case>
        <case>
          <duration>0.001</duration>
          <className>hudson.scheduler.CronTabDayOfWeekLocaleTest</className>
          <testName>isSundayAndNextRunIsNextSunday7[143]</testName>
          <skipped>false</skipped>
          <failedSince>0</failedSince>
        </case>
        <case>
          <duration>0.0</duration>
          <className>hudson.scheduler.CronTabDayOfWeekLocaleTest</className>
          <testName>isSundayAndPreviousRunIsMonday[143]</testName>
          <skipped>false</skipped>
          <failedSince>0</failedSince>
        </case>
        <case>
          <duration>0.0</duration>
          <className>hudson.scheduler.CronTabDayOfWeekLocaleTest</className>
          <testName>isSaturdayAndNextRunIsSundayAsterisk[143]</testName>
          <skipped>false</skipped>
          <failedSince>0</failedSince>
        </case>
        <case>
          <duration>0.0</duration>
          <className>hudson.scheduler.CronTabDayOfWeekLocaleTest</className>
          <testName>hudson8658[143]</testName>
          <skipped>false</skipped>
          <failedSince>0</failedSince>
        </case>
        <case>
          <duration>0.0</duration>
          <className>hudson.scheduler.CronTabDayOfWeekLocaleTest</className>
          <testName>isSundayAndNextRunIsNextSunday[143]</testName>
          <skipped>false</skipped>
          <failedSince>0</failedSince>
        </case>
        <case>
          <duration>0.0</duration>
          <className>hudson.scheduler.CronTabDayOfWeekLocaleTest</className>
          <testName>isSundayAndNextRunIsThursday[143]</testName>
          <skipped>false</skipped>
          <failedSince>0</failedSince>
        </case>
        <case>
          <duration>0.0</duration>
          <className>hudson.scheduler.CronTabDayOfWeekLocaleTest</className>
          <testName>isSundayAndPreviousRunIsPreviousSunday7[143]</testName>
          <skipped>false</skipped>
          <failedSince>0</failedSince>
        </case>
        <case>
          <duration>0.001</duration>
          <className>hudson.scheduler.CronTabDayOfWeekLocaleTest</className>
          <testName>isSundayAndNextRunIsWednesday[143]</testName>
          <skipped>false</skipped>
          <failedSince>0</failedSince>
        </case>
        <case>
          <duration>0.015</duration>
          <className>hudson.scheduler.CronTabDayOfWeekLocaleTest</className>
          <testName>isSundayAndNextRunIsSaturday[143]</testName>
          <skipped>false</skipped>
          <failedSince>0</failedSince>
        </case>
        <case>
          <duration>0.0</duration>
          <className>hudson.scheduler.CronTabDayOfWeekLocaleTest</className>
          <testName>isSundayAndPreviousRunIsTuesday[144]</testName>
          <skipped>false</skipped>
          <failedSince>0</failedSince>
        </case>
        <case>
          <duration>0.0</duration>
          <className>hudson.scheduler.CronTabDayOfWeekLocaleTest</className>
          <testName>isSundayAndPreviousRunIsThursday[144]</testName>
          <skipped>false</skipped>
          <failedSince>0</failedSince>
        </case>
        <case>
          <duration>0.0</duration>
          <className>hudson.scheduler.CronTabDayOfWeekLocaleTest</className>
          <testName>isSundayAndPreviousRunIsWednesday[144]</testName>
          <skipped>false</skipped>
          <failedSince>0</failedSince>
        </case>
        <case>
          <duration>0.0</duration>
          <className>hudson.scheduler.CronTabDayOfWeekLocaleTest</className>
          <testName>isSundayAndPreviousRunIsSaturday[144]</testName>
          <skipped>false</skipped>
          <failedSince>0</failedSince>
        </case>
        <case>
          <duration>0.0</duration>
          <className>hudson.scheduler.CronTabDayOfWeekLocaleTest</className>
          <testName>isSundayAndPreviousRunIsPreviousSunday[144]</testName>
          <skipped>false</skipped>
          <failedSince>0</failedSince>
        </case>
        <case>
          <duration>0.0</duration>
          <className>hudson.scheduler.CronTabDayOfWeekLocaleTest</className>
          <testName>isSundayAndNextRunIsFriday[144]</testName>
          <skipped>false</skipped>
          <failedSince>0</failedSince>
        </case>
        <case>
          <duration>0.001</duration>
          <className>hudson.scheduler.CronTabDayOfWeekLocaleTest</className>
          <testName>isSundayAndPreviousRunIsSaturdayAsterisk[144]</testName>
          <skipped>false</skipped>
          <failedSince>0</failedSince>
        </case>
        <case>
          <duration>0.0</duration>
          <className>hudson.scheduler.CronTabDayOfWeekLocaleTest</className>
          <testName>isSundayAndNextRunIsMonday[144]</testName>
          <skipped>false</skipped>
          <failedSince>0</failedSince>
        </case>
        <case>
          <duration>0.0</duration>
          <className>hudson.scheduler.CronTabDayOfWeekLocaleTest</className>
          <testName>isSundayAndPreviousRunIsFriday[144]</testName>
          <skipped>false</skipped>
          <failedSince>0</failedSince>
        </case>
        <case>
          <duration>0.0</duration>
          <className>hudson.scheduler.CronTabDayOfWeekLocaleTest</className>
          <testName>isSundayAndNextRunIsTuesday[144]</testName>
          <skipped>false</skipped>
          <failedSince>0</failedSince>
        </case>
        <case>
          <duration>0.001</duration>
          <className>hudson.scheduler.CronTabDayOfWeekLocaleTest</className>
          <testName>isSundayAndNextRunIsNextSunday7[144]</testName>
          <skipped>false</skipped>
          <failedSince>0</failedSince>
        </case>
        <case>
          <duration>0.0</duration>
          <className>hudson.scheduler.CronTabDayOfWeekLocaleTest</className>
          <testName>isSundayAndPreviousRunIsMonday[144]</testName>
          <skipped>false</skipped>
          <failedSince>0</failedSince>
        </case>
        <case>
          <duration>0.0</duration>
          <className>hudson.scheduler.CronTabDayOfWeekLocaleTest</className>
          <testName>isSaturdayAndNextRunIsSundayAsterisk[144]</testName>
          <skipped>false</skipped>
          <failedSince>0</failedSince>
        </case>
        <case>
          <duration>0.001</duration>
          <className>hudson.scheduler.CronTabDayOfWeekLocaleTest</className>
          <testName>hudson8658[144]</testName>
          <skipped>false</skipped>
          <failedSince>0</failedSince>
        </case>
        <case>
          <duration>0.0</duration>
          <className>hudson.scheduler.CronTabDayOfWeekLocaleTest</className>
          <testName>isSundayAndNextRunIsNextSunday[144]</testName>
          <skipped>false</skipped>
          <failedSince>0</failedSince>
        </case>
        <case>
          <duration>0.0</duration>
          <className>hudson.scheduler.CronTabDayOfWeekLocaleTest</className>
          <testName>isSundayAndNextRunIsThursday[144]</testName>
          <skipped>false</skipped>
          <failedSince>0</failedSince>
        </case>
        <case>
          <duration>0.0</duration>
          <className>hudson.scheduler.CronTabDayOfWeekLocaleTest</className>
          <testName>isSundayAndPreviousRunIsPreviousSunday7[144]</testName>
          <skipped>false</skipped>
          <failedSince>0</failedSince>
        </case>
        <case>
          <duration>0.0</duration>
          <className>hudson.scheduler.CronTabDayOfWeekLocaleTest</className>
          <testName>isSundayAndNextRunIsWednesday[144]</testName>
          <skipped>false</skipped>
          <failedSince>0</failedSince>
        </case>
        <case>
          <duration>0.0</duration>
          <className>hudson.scheduler.CronTabDayOfWeekLocaleTest</className>
          <testName>isSundayAndNextRunIsSaturday[144]</testName>
          <skipped>false</skipped>
          <failedSince>0</failedSince>
        </case>
        <case>
          <duration>0.0</duration>
          <className>hudson.scheduler.CronTabDayOfWeekLocaleTest</className>
          <testName>isSundayAndPreviousRunIsTuesday[145]</testName>
          <skipped>false</skipped>
          <failedSince>0</failedSince>
        </case>
        <case>
          <duration>0.001</duration>
          <className>hudson.scheduler.CronTabDayOfWeekLocaleTest</className>
          <testName>isSundayAndPreviousRunIsThursday[145]</testName>
          <skipped>false</skipped>
          <failedSince>0</failedSince>
        </case>
        <case>
          <duration>0.0</duration>
          <className>hudson.scheduler.CronTabDayOfWeekLocaleTest</className>
          <testName>isSundayAndPreviousRunIsWednesday[145]</testName>
          <skipped>false</skipped>
          <failedSince>0</failedSince>
        </case>
        <case>
          <duration>0.0</duration>
          <className>hudson.scheduler.CronTabDayOfWeekLocaleTest</className>
          <testName>isSundayAndPreviousRunIsSaturday[145]</testName>
          <skipped>false</skipped>
          <failedSince>0</failedSince>
        </case>
        <case>
          <duration>0.0</duration>
          <className>hudson.scheduler.CronTabDayOfWeekLocaleTest</className>
          <testName>isSundayAndPreviousRunIsPreviousSunday[145]</testName>
          <skipped>false</skipped>
          <failedSince>0</failedSince>
        </case>
        <case>
          <duration>0.0</duration>
          <className>hudson.scheduler.CronTabDayOfWeekLocaleTest</className>
          <testName>isSundayAndNextRunIsFriday[145]</testName>
          <skipped>false</skipped>
          <failedSince>0</failedSince>
        </case>
        <case>
          <duration>0.0</duration>
          <className>hudson.scheduler.CronTabDayOfWeekLocaleTest</className>
          <testName>isSundayAndPreviousRunIsSaturdayAsterisk[145]</testName>
          <skipped>false</skipped>
          <failedSince>0</failedSince>
        </case>
        <case>
          <duration>0.0</duration>
          <className>hudson.scheduler.CronTabDayOfWeekLocaleTest</className>
          <testName>isSundayAndNextRunIsMonday[145]</testName>
          <skipped>false</skipped>
          <failedSince>0</failedSince>
        </case>
        <case>
          <duration>0.001</duration>
          <className>hudson.scheduler.CronTabDayOfWeekLocaleTest</className>
          <testName>isSundayAndPreviousRunIsFriday[145]</testName>
          <skipped>false</skipped>
          <failedSince>0</failedSince>
        </case>
        <case>
          <duration>0.0</duration>
          <className>hudson.scheduler.CronTabDayOfWeekLocaleTest</className>
          <testName>isSundayAndNextRunIsTuesday[145]</testName>
          <skipped>false</skipped>
          <failedSince>0</failedSince>
        </case>
        <case>
          <duration>0.0</duration>
          <className>hudson.scheduler.CronTabDayOfWeekLocaleTest</className>
          <testName>isSundayAndNextRunIsNextSunday7[145]</testName>
          <skipped>false</skipped>
          <failedSince>0</failedSince>
        </case>
        <case>
          <duration>0.0</duration>
          <className>hudson.scheduler.CronTabDayOfWeekLocaleTest</className>
          <testName>isSundayAndPreviousRunIsMonday[145]</testName>
          <skipped>false</skipped>
          <failedSince>0</failedSince>
        </case>
        <case>
          <duration>0.001</duration>
          <className>hudson.scheduler.CronTabDayOfWeekLocaleTest</className>
          <testName>isSaturdayAndNextRunIsSundayAsterisk[145]</testName>
          <skipped>false</skipped>
          <failedSince>0</failedSince>
        </case>
        <case>
          <duration>0.0</duration>
          <className>hudson.scheduler.CronTabDayOfWeekLocaleTest</className>
          <testName>hudson8658[145]</testName>
          <skipped>false</skipped>
          <failedSince>0</failedSince>
        </case>
        <case>
          <duration>0.001</duration>
          <className>hudson.scheduler.CronTabDayOfWeekLocaleTest</className>
          <testName>isSundayAndNextRunIsNextSunday[145]</testName>
          <skipped>false</skipped>
          <failedSince>0</failedSince>
        </case>
        <case>
          <duration>0.0</duration>
          <className>hudson.scheduler.CronTabDayOfWeekLocaleTest</className>
          <testName>isSundayAndNextRunIsThursday[145]</testName>
          <skipped>false</skipped>
          <failedSince>0</failedSince>
        </case>
        <case>
          <duration>0.0</duration>
          <className>hudson.scheduler.CronTabDayOfWeekLocaleTest</className>
          <testName>isSundayAndPreviousRunIsPreviousSunday7[145]</testName>
          <skipped>false</skipped>
          <failedSince>0</failedSince>
        </case>
        <case>
          <duration>0.001</duration>
          <className>hudson.scheduler.CronTabDayOfWeekLocaleTest</className>
          <testName>isSundayAndNextRunIsWednesday[145]</testName>
          <skipped>false</skipped>
          <failedSince>0</failedSince>
        </case>
        <case>
          <duration>0.0</duration>
          <className>hudson.scheduler.CronTabDayOfWeekLocaleTest</className>
          <testName>isSundayAndNextRunIsSaturday[145]</testName>
          <skipped>false</skipped>
          <failedSince>0</failedSince>
        </case>
        <case>
          <duration>0.0</duration>
          <className>hudson.scheduler.CronTabDayOfWeekLocaleTest</className>
          <testName>isSundayAndPreviousRunIsTuesday[146]</testName>
          <skipped>false</skipped>
          <failedSince>0</failedSince>
        </case>
        <case>
          <duration>0.001</duration>
          <className>hudson.scheduler.CronTabDayOfWeekLocaleTest</className>
          <testName>isSundayAndPreviousRunIsThursday[146]</testName>
          <skipped>false</skipped>
          <failedSince>0</failedSince>
        </case>
        <case>
          <duration>0.0</duration>
          <className>hudson.scheduler.CronTabDayOfWeekLocaleTest</className>
          <testName>isSundayAndPreviousRunIsWednesday[146]</testName>
          <skipped>false</skipped>
          <failedSince>0</failedSince>
        </case>
        <case>
          <duration>0.0</duration>
          <className>hudson.scheduler.CronTabDayOfWeekLocaleTest</className>
          <testName>isSundayAndPreviousRunIsSaturday[146]</testName>
          <skipped>false</skipped>
          <failedSince>0</failedSince>
        </case>
        <case>
          <duration>0.001</duration>
          <className>hudson.scheduler.CronTabDayOfWeekLocaleTest</className>
          <testName>isSundayAndPreviousRunIsPreviousSunday[146]</testName>
          <skipped>false</skipped>
          <failedSince>0</failedSince>
        </case>
        <case>
          <duration>0.0</duration>
          <className>hudson.scheduler.CronTabDayOfWeekLocaleTest</className>
          <testName>isSundayAndNextRunIsFriday[146]</testName>
          <skipped>false</skipped>
          <failedSince>0</failedSince>
        </case>
        <case>
          <duration>0.0</duration>
          <className>hudson.scheduler.CronTabDayOfWeekLocaleTest</className>
          <testName>isSundayAndPreviousRunIsSaturdayAsterisk[146]</testName>
          <skipped>false</skipped>
          <failedSince>0</failedSince>
        </case>
        <case>
          <duration>0.0</duration>
          <className>hudson.scheduler.CronTabDayOfWeekLocaleTest</className>
          <testName>isSundayAndNextRunIsMonday[146]</testName>
          <skipped>false</skipped>
          <failedSince>0</failedSince>
        </case>
        <case>
          <duration>0.0</duration>
          <className>hudson.scheduler.CronTabDayOfWeekLocaleTest</className>
          <testName>isSundayAndPreviousRunIsFriday[146]</testName>
          <skipped>false</skipped>
          <failedSince>0</failedSince>
        </case>
        <case>
          <duration>0.001</duration>
          <className>hudson.scheduler.CronTabDayOfWeekLocaleTest</className>
          <testName>isSundayAndNextRunIsTuesday[146]</testName>
          <skipped>false</skipped>
          <failedSince>0</failedSince>
        </case>
        <case>
          <duration>0.0</duration>
          <className>hudson.scheduler.CronTabDayOfWeekLocaleTest</className>
          <testName>isSundayAndNextRunIsNextSunday7[146]</testName>
          <skipped>false</skipped>
          <failedSince>0</failedSince>
        </case>
        <case>
          <duration>0.0</duration>
          <className>hudson.scheduler.CronTabDayOfWeekLocaleTest</className>
          <testName>isSundayAndPreviousRunIsMonday[146]</testName>
          <skipped>false</skipped>
          <failedSince>0</failedSince>
        </case>
        <case>
          <duration>0.0</duration>
          <className>hudson.scheduler.CronTabDayOfWeekLocaleTest</className>
          <testName>isSaturdayAndNextRunIsSundayAsterisk[146]</testName>
          <skipped>false</skipped>
          <failedSince>0</failedSince>
        </case>
        <case>
          <duration>0.0</duration>
          <className>hudson.scheduler.CronTabDayOfWeekLocaleTest</className>
          <testName>hudson8658[146]</testName>
          <skipped>false</skipped>
          <failedSince>0</failedSince>
        </case>
        <case>
          <duration>0.0</duration>
          <className>hudson.scheduler.CronTabDayOfWeekLocaleTest</className>
          <testName>isSundayAndNextRunIsNextSunday[146]</testName>
          <skipped>false</skipped>
          <failedSince>0</failedSince>
        </case>
        <case>
          <duration>0.0</duration>
          <className>hudson.scheduler.CronTabDayOfWeekLocaleTest</className>
          <testName>isSundayAndNextRunIsThursday[146]</testName>
          <skipped>false</skipped>
          <failedSince>0</failedSince>
        </case>
        <case>
          <duration>0.001</duration>
          <className>hudson.scheduler.CronTabDayOfWeekLocaleTest</className>
          <testName>isSundayAndPreviousRunIsPreviousSunday7[146]</testName>
          <skipped>false</skipped>
          <failedSince>0</failedSince>
        </case>
        <case>
          <duration>0.0</duration>
          <className>hudson.scheduler.CronTabDayOfWeekLocaleTest</className>
          <testName>isSundayAndNextRunIsWednesday[146]</testName>
          <skipped>false</skipped>
          <failedSince>0</failedSince>
        </case>
        <case>
          <duration>0.0</duration>
          <className>hudson.scheduler.CronTabDayOfWeekLocaleTest</className>
          <testName>isSundayAndNextRunIsSaturday[146]</testName>
          <skipped>false</skipped>
          <failedSince>0</failedSince>
        </case>
        <case>
          <duration>0.0</duration>
          <className>hudson.scheduler.CronTabDayOfWeekLocaleTest</className>
          <testName>isSundayAndPreviousRunIsTuesday[147]</testName>
          <skipped>false</skipped>
          <failedSince>0</failedSince>
        </case>
        <case>
          <duration>0.0</duration>
          <className>hudson.scheduler.CronTabDayOfWeekLocaleTest</className>
          <testName>isSundayAndPreviousRunIsThursday[147]</testName>
          <skipped>false</skipped>
          <failedSince>0</failedSince>
        </case>
        <case>
          <duration>0.0</duration>
          <className>hudson.scheduler.CronTabDayOfWeekLocaleTest</className>
          <testName>isSundayAndPreviousRunIsWednesday[147]</testName>
          <skipped>false</skipped>
          <failedSince>0</failedSince>
        </case>
        <case>
          <duration>0.001</duration>
          <className>hudson.scheduler.CronTabDayOfWeekLocaleTest</className>
          <testName>isSundayAndPreviousRunIsSaturday[147]</testName>
          <skipped>false</skipped>
          <failedSince>0</failedSince>
        </case>
        <case>
          <duration>0.0</duration>
          <className>hudson.scheduler.CronTabDayOfWeekLocaleTest</className>
          <testName>isSundayAndPreviousRunIsPreviousSunday[147]</testName>
          <skipped>false</skipped>
          <failedSince>0</failedSince>
        </case>
        <case>
          <duration>0.0</duration>
          <className>hudson.scheduler.CronTabDayOfWeekLocaleTest</className>
          <testName>isSundayAndNextRunIsFriday[147]</testName>
          <skipped>false</skipped>
          <failedSince>0</failedSince>
        </case>
        <case>
          <duration>0.001</duration>
          <className>hudson.scheduler.CronTabDayOfWeekLocaleTest</className>
          <testName>isSundayAndPreviousRunIsSaturdayAsterisk[147]</testName>
          <skipped>false</skipped>
          <failedSince>0</failedSince>
        </case>
        <case>
          <duration>0.0</duration>
          <className>hudson.scheduler.CronTabDayOfWeekLocaleTest</className>
          <testName>isSundayAndNextRunIsMonday[147]</testName>
          <skipped>false</skipped>
          <failedSince>0</failedSince>
        </case>
        <case>
          <duration>0.0</duration>
          <className>hudson.scheduler.CronTabDayOfWeekLocaleTest</className>
          <testName>isSundayAndPreviousRunIsFriday[147]</testName>
          <skipped>false</skipped>
          <failedSince>0</failedSince>
        </case>
        <case>
          <duration>0.0</duration>
          <className>hudson.scheduler.CronTabDayOfWeekLocaleTest</className>
          <testName>isSundayAndNextRunIsTuesday[147]</testName>
          <skipped>false</skipped>
          <failedSince>0</failedSince>
        </case>
        <case>
          <duration>0.0</duration>
          <className>hudson.scheduler.CronTabDayOfWeekLocaleTest</className>
          <testName>isSundayAndNextRunIsNextSunday7[147]</testName>
          <skipped>false</skipped>
          <failedSince>0</failedSince>
        </case>
        <case>
          <duration>0.0</duration>
          <className>hudson.scheduler.CronTabDayOfWeekLocaleTest</className>
          <testName>isSundayAndPreviousRunIsMonday[147]</testName>
          <skipped>false</skipped>
          <failedSince>0</failedSince>
        </case>
        <case>
          <duration>0.001</duration>
          <className>hudson.scheduler.CronTabDayOfWeekLocaleTest</className>
          <testName>isSaturdayAndNextRunIsSundayAsterisk[147]</testName>
          <skipped>false</skipped>
          <failedSince>0</failedSince>
        </case>
        <case>
          <duration>0.0</duration>
          <className>hudson.scheduler.CronTabDayOfWeekLocaleTest</className>
          <testName>hudson8658[147]</testName>
          <skipped>false</skipped>
          <failedSince>0</failedSince>
        </case>
        <case>
          <duration>0.0</duration>
          <className>hudson.scheduler.CronTabDayOfWeekLocaleTest</className>
          <testName>isSundayAndNextRunIsNextSunday[147]</testName>
          <skipped>false</skipped>
          <failedSince>0</failedSince>
        </case>
        <case>
          <duration>0.001</duration>
          <className>hudson.scheduler.CronTabDayOfWeekLocaleTest</className>
          <testName>isSundayAndNextRunIsThursday[147]</testName>
          <skipped>false</skipped>
          <failedSince>0</failedSince>
        </case>
        <case>
          <duration>0.0</duration>
          <className>hudson.scheduler.CronTabDayOfWeekLocaleTest</className>
          <testName>isSundayAndPreviousRunIsPreviousSunday7[147]</testName>
          <skipped>false</skipped>
          <failedSince>0</failedSince>
        </case>
        <case>
          <duration>0.0</duration>
          <className>hudson.scheduler.CronTabDayOfWeekLocaleTest</className>
          <testName>isSundayAndNextRunIsWednesday[147]</testName>
          <skipped>false</skipped>
          <failedSince>0</failedSince>
        </case>
        <case>
          <duration>0.0</duration>
          <className>hudson.scheduler.CronTabDayOfWeekLocaleTest</className>
          <testName>isSundayAndNextRunIsSaturday[147]</testName>
          <skipped>false</skipped>
          <failedSince>0</failedSince>
        </case>
        <case>
          <duration>0.0</duration>
          <className>hudson.scheduler.CronTabDayOfWeekLocaleTest</className>
          <testName>isSundayAndPreviousRunIsTuesday[148]</testName>
          <skipped>false</skipped>
          <failedSince>0</failedSince>
        </case>
        <case>
          <duration>0.0</duration>
          <className>hudson.scheduler.CronTabDayOfWeekLocaleTest</className>
          <testName>isSundayAndPreviousRunIsThursday[148]</testName>
          <skipped>false</skipped>
          <failedSince>0</failedSince>
        </case>
        <case>
          <duration>0.001</duration>
          <className>hudson.scheduler.CronTabDayOfWeekLocaleTest</className>
          <testName>isSundayAndPreviousRunIsWednesday[148]</testName>
          <skipped>false</skipped>
          <failedSince>0</failedSince>
        </case>
        <case>
          <duration>0.0</duration>
          <className>hudson.scheduler.CronTabDayOfWeekLocaleTest</className>
          <testName>isSundayAndPreviousRunIsSaturday[148]</testName>
          <skipped>false</skipped>
          <failedSince>0</failedSince>
        </case>
        <case>
          <duration>0.0</duration>
          <className>hudson.scheduler.CronTabDayOfWeekLocaleTest</className>
          <testName>isSundayAndPreviousRunIsPreviousSunday[148]</testName>
          <skipped>false</skipped>
          <failedSince>0</failedSince>
        </case>
        <case>
          <duration>0.0</duration>
          <className>hudson.scheduler.CronTabDayOfWeekLocaleTest</className>
          <testName>isSundayAndNextRunIsFriday[148]</testName>
          <skipped>false</skipped>
          <failedSince>0</failedSince>
        </case>
        <case>
          <duration>0.0</duration>
          <className>hudson.scheduler.CronTabDayOfWeekLocaleTest</className>
          <testName>isSundayAndPreviousRunIsSaturdayAsterisk[148]</testName>
          <skipped>false</skipped>
          <failedSince>0</failedSince>
        </case>
        <case>
          <duration>0.002</duration>
          <className>hudson.scheduler.CronTabDayOfWeekLocaleTest</className>
          <testName>isSundayAndNextRunIsMonday[148]</testName>
          <skipped>false</skipped>
          <failedSince>0</failedSince>
        </case>
        <case>
          <duration>0.0</duration>
          <className>hudson.scheduler.CronTabDayOfWeekLocaleTest</className>
          <testName>isSundayAndPreviousRunIsFriday[148]</testName>
          <skipped>false</skipped>
          <failedSince>0</failedSince>
        </case>
        <case>
          <duration>0.0</duration>
          <className>hudson.scheduler.CronTabDayOfWeekLocaleTest</className>
          <testName>isSundayAndNextRunIsTuesday[148]</testName>
          <skipped>false</skipped>
          <failedSince>0</failedSince>
        </case>
        <case>
          <duration>0.0</duration>
          <className>hudson.scheduler.CronTabDayOfWeekLocaleTest</className>
          <testName>isSundayAndNextRunIsNextSunday7[148]</testName>
          <skipped>false</skipped>
          <failedSince>0</failedSince>
        </case>
        <case>
          <duration>0.0</duration>
          <className>hudson.scheduler.CronTabDayOfWeekLocaleTest</className>
          <testName>isSundayAndPreviousRunIsMonday[148]</testName>
          <skipped>false</skipped>
          <failedSince>0</failedSince>
        </case>
        <case>
          <duration>0.0</duration>
          <className>hudson.scheduler.CronTabDayOfWeekLocaleTest</className>
          <testName>isSaturdayAndNextRunIsSundayAsterisk[148]</testName>
          <skipped>false</skipped>
          <failedSince>0</failedSince>
        </case>
        <case>
          <duration>0.0</duration>
          <className>hudson.scheduler.CronTabDayOfWeekLocaleTest</className>
          <testName>hudson8658[148]</testName>
          <skipped>false</skipped>
          <failedSince>0</failedSince>
        </case>
        <case>
          <duration>0.001</duration>
          <className>hudson.scheduler.CronTabDayOfWeekLocaleTest</className>
          <testName>isSundayAndNextRunIsNextSunday[148]</testName>
          <skipped>false</skipped>
          <failedSince>0</failedSince>
        </case>
        <case>
          <duration>0.0</duration>
          <className>hudson.scheduler.CronTabDayOfWeekLocaleTest</className>
          <testName>isSundayAndNextRunIsThursday[148]</testName>
          <skipped>false</skipped>
          <failedSince>0</failedSince>
        </case>
        <case>
          <duration>0.0</duration>
          <className>hudson.scheduler.CronTabDayOfWeekLocaleTest</className>
          <testName>isSundayAndPreviousRunIsPreviousSunday7[148]</testName>
          <skipped>false</skipped>
          <failedSince>0</failedSince>
        </case>
        <case>
          <duration>0.001</duration>
          <className>hudson.scheduler.CronTabDayOfWeekLocaleTest</className>
          <testName>isSundayAndNextRunIsWednesday[148]</testName>
          <skipped>false</skipped>
          <failedSince>0</failedSince>
        </case>
        <case>
          <duration>0.0</duration>
          <className>hudson.scheduler.CronTabDayOfWeekLocaleTest</className>
          <testName>isSundayAndNextRunIsSaturday[148]</testName>
          <skipped>false</skipped>
          <failedSince>0</failedSince>
        </case>
        <case>
          <duration>0.0</duration>
          <className>hudson.scheduler.CronTabDayOfWeekLocaleTest</className>
          <testName>isSundayAndPreviousRunIsTuesday[149]</testName>
          <skipped>false</skipped>
          <failedSince>0</failedSince>
        </case>
        <case>
          <duration>0.001</duration>
          <className>hudson.scheduler.CronTabDayOfWeekLocaleTest</className>
          <testName>isSundayAndPreviousRunIsThursday[149]</testName>
          <skipped>false</skipped>
          <failedSince>0</failedSince>
        </case>
        <case>
          <duration>0.0</duration>
          <className>hudson.scheduler.CronTabDayOfWeekLocaleTest</className>
          <testName>isSundayAndPreviousRunIsWednesday[149]</testName>
          <skipped>false</skipped>
          <failedSince>0</failedSince>
        </case>
        <case>
          <duration>0.0</duration>
          <className>hudson.scheduler.CronTabDayOfWeekLocaleTest</className>
          <testName>isSundayAndPreviousRunIsSaturday[149]</testName>
          <skipped>false</skipped>
          <failedSince>0</failedSince>
        </case>
        <case>
          <duration>0.001</duration>
          <className>hudson.scheduler.CronTabDayOfWeekLocaleTest</className>
          <testName>isSundayAndPreviousRunIsPreviousSunday[149]</testName>
          <skipped>false</skipped>
          <failedSince>0</failedSince>
        </case>
        <case>
          <duration>0.0</duration>
          <className>hudson.scheduler.CronTabDayOfWeekLocaleTest</className>
          <testName>isSundayAndNextRunIsFriday[149]</testName>
          <skipped>false</skipped>
          <failedSince>0</failedSince>
        </case>
        <case>
          <duration>0.0</duration>
          <className>hudson.scheduler.CronTabDayOfWeekLocaleTest</className>
          <testName>isSundayAndPreviousRunIsSaturdayAsterisk[149]</testName>
          <skipped>false</skipped>
          <failedSince>0</failedSince>
        </case>
        <case>
          <duration>0.0</duration>
          <className>hudson.scheduler.CronTabDayOfWeekLocaleTest</className>
          <testName>isSundayAndNextRunIsMonday[149]</testName>
          <skipped>false</skipped>
          <failedSince>0</failedSince>
        </case>
        <case>
          <duration>0.0</duration>
          <className>hudson.scheduler.CronTabDayOfWeekLocaleTest</className>
          <testName>isSundayAndPreviousRunIsFriday[149]</testName>
          <skipped>false</skipped>
          <failedSince>0</failedSince>
        </case>
        <case>
          <duration>0.0</duration>
          <className>hudson.scheduler.CronTabDayOfWeekLocaleTest</className>
          <testName>isSundayAndNextRunIsTuesday[149]</testName>
          <skipped>false</skipped>
          <failedSince>0</failedSince>
        </case>
        <case>
          <duration>0.0</duration>
          <className>hudson.scheduler.CronTabDayOfWeekLocaleTest</className>
          <testName>isSundayAndNextRunIsNextSunday7[149]</testName>
          <skipped>false</skipped>
          <failedSince>0</failedSince>
        </case>
        <case>
          <duration>0.001</duration>
          <className>hudson.scheduler.CronTabDayOfWeekLocaleTest</className>
          <testName>isSundayAndPreviousRunIsMonday[149]</testName>
          <skipped>false</skipped>
          <failedSince>0</failedSince>
        </case>
        <case>
          <duration>0.0</duration>
          <className>hudson.scheduler.CronTabDayOfWeekLocaleTest</className>
          <testName>isSaturdayAndNextRunIsSundayAsterisk[149]</testName>
          <skipped>false</skipped>
          <failedSince>0</failedSince>
        </case>
        <case>
          <duration>0.0</duration>
          <className>hudson.scheduler.CronTabDayOfWeekLocaleTest</className>
          <testName>hudson8658[149]</testName>
          <skipped>false</skipped>
          <failedSince>0</failedSince>
        </case>
        <case>
          <duration>0.001</duration>
          <className>hudson.scheduler.CronTabDayOfWeekLocaleTest</className>
          <testName>isSundayAndNextRunIsNextSunday[149]</testName>
          <skipped>false</skipped>
          <failedSince>0</failedSince>
        </case>
        <case>
          <duration>0.0</duration>
          <className>hudson.scheduler.CronTabDayOfWeekLocaleTest</className>
          <testName>isSundayAndNextRunIsThursday[149]</testName>
          <skipped>false</skipped>
          <failedSince>0</failedSince>
        </case>
        <case>
          <duration>0.001</duration>
          <className>hudson.scheduler.CronTabDayOfWeekLocaleTest</className>
          <testName>isSundayAndPreviousRunIsPreviousSunday7[149]</testName>
          <skipped>false</skipped>
          <failedSince>0</failedSince>
        </case>
        <case>
          <duration>0.0</duration>
          <className>hudson.scheduler.CronTabDayOfWeekLocaleTest</className>
          <testName>isSundayAndNextRunIsWednesday[149]</testName>
          <skipped>false</skipped>
          <failedSince>0</failedSince>
        </case>
        <case>
          <duration>0.0</duration>
          <className>hudson.scheduler.CronTabDayOfWeekLocaleTest</className>
          <testName>isSundayAndNextRunIsSaturday[149]</testName>
          <skipped>false</skipped>
          <failedSince>0</failedSince>
        </case>
        <case>
          <duration>0.0</duration>
          <className>hudson.scheduler.CronTabDayOfWeekLocaleTest</className>
          <testName>isSundayAndPreviousRunIsTuesday[150]</testName>
          <skipped>false</skipped>
          <failedSince>0</failedSince>
        </case>
        <case>
          <duration>0.0</duration>
          <className>hudson.scheduler.CronTabDayOfWeekLocaleTest</className>
          <testName>isSundayAndPreviousRunIsThursday[150]</testName>
          <skipped>false</skipped>
          <failedSince>0</failedSince>
        </case>
        <case>
          <duration>0.001</duration>
          <className>hudson.scheduler.CronTabDayOfWeekLocaleTest</className>
          <testName>isSundayAndPreviousRunIsWednesday[150]</testName>
          <skipped>false</skipped>
          <failedSince>0</failedSince>
        </case>
        <case>
          <duration>0.0</duration>
          <className>hudson.scheduler.CronTabDayOfWeekLocaleTest</className>
          <testName>isSundayAndPreviousRunIsSaturday[150]</testName>
          <skipped>false</skipped>
          <failedSince>0</failedSince>
        </case>
        <case>
          <duration>0.0</duration>
          <className>hudson.scheduler.CronTabDayOfWeekLocaleTest</className>
          <testName>isSundayAndPreviousRunIsPreviousSunday[150]</testName>
          <skipped>false</skipped>
          <failedSince>0</failedSince>
        </case>
        <case>
          <duration>0.0</duration>
          <className>hudson.scheduler.CronTabDayOfWeekLocaleTest</className>
          <testName>isSundayAndNextRunIsFriday[150]</testName>
          <skipped>false</skipped>
          <failedSince>0</failedSince>
        </case>
        <case>
          <duration>0.0</duration>
          <className>hudson.scheduler.CronTabDayOfWeekLocaleTest</className>
          <testName>isSundayAndPreviousRunIsSaturdayAsterisk[150]</testName>
          <skipped>false</skipped>
          <failedSince>0</failedSince>
        </case>
        <case>
          <duration>0.001</duration>
          <className>hudson.scheduler.CronTabDayOfWeekLocaleTest</className>
          <testName>isSundayAndNextRunIsMonday[150]</testName>
          <skipped>false</skipped>
          <failedSince>0</failedSince>
        </case>
        <case>
          <duration>0.0</duration>
          <className>hudson.scheduler.CronTabDayOfWeekLocaleTest</className>
          <testName>isSundayAndPreviousRunIsFriday[150]</testName>
          <skipped>false</skipped>
          <failedSince>0</failedSince>
        </case>
        <case>
          <duration>0.0</duration>
          <className>hudson.scheduler.CronTabDayOfWeekLocaleTest</className>
          <testName>isSundayAndNextRunIsTuesday[150]</testName>
          <skipped>false</skipped>
          <failedSince>0</failedSince>
        </case>
        <case>
          <duration>0.001</duration>
          <className>hudson.scheduler.CronTabDayOfWeekLocaleTest</className>
          <testName>isSundayAndNextRunIsNextSunday7[150]</testName>
          <skipped>false</skipped>
          <failedSince>0</failedSince>
        </case>
        <case>
          <duration>0.0</duration>
          <className>hudson.scheduler.CronTabDayOfWeekLocaleTest</className>
          <testName>isSundayAndPreviousRunIsMonday[150]</testName>
          <skipped>false</skipped>
          <failedSince>0</failedSince>
        </case>
        <case>
          <duration>0.0</duration>
          <className>hudson.scheduler.CronTabDayOfWeekLocaleTest</className>
          <testName>isSaturdayAndNextRunIsSundayAsterisk[150]</testName>
          <skipped>false</skipped>
          <failedSince>0</failedSince>
        </case>
        <case>
          <duration>0.001</duration>
          <className>hudson.scheduler.CronTabDayOfWeekLocaleTest</className>
          <testName>hudson8658[150]</testName>
          <skipped>false</skipped>
          <failedSince>0</failedSince>
        </case>
        <case>
          <duration>0.0</duration>
          <className>hudson.scheduler.CronTabDayOfWeekLocaleTest</className>
          <testName>isSundayAndNextRunIsNextSunday[150]</testName>
          <skipped>false</skipped>
          <failedSince>0</failedSince>
        </case>
        <case>
          <duration>0.0</duration>
          <className>hudson.scheduler.CronTabDayOfWeekLocaleTest</className>
          <testName>isSundayAndNextRunIsThursday[150]</testName>
          <skipped>false</skipped>
          <failedSince>0</failedSince>
        </case>
        <case>
          <duration>0.001</duration>
          <className>hudson.scheduler.CronTabDayOfWeekLocaleTest</className>
          <testName>isSundayAndPreviousRunIsPreviousSunday7[150]</testName>
          <skipped>false</skipped>
          <failedSince>0</failedSince>
        </case>
        <case>
          <duration>0.0</duration>
          <className>hudson.scheduler.CronTabDayOfWeekLocaleTest</className>
          <testName>isSundayAndNextRunIsWednesday[150]</testName>
          <skipped>false</skipped>
          <failedSince>0</failedSince>
        </case>
        <case>
          <duration>0.001</duration>
          <className>hudson.scheduler.CronTabDayOfWeekLocaleTest</className>
          <testName>isSundayAndNextRunIsSaturday[150]</testName>
          <skipped>false</skipped>
          <failedSince>0</failedSince>
        </case>
        <case>
          <duration>0.0</duration>
          <className>hudson.scheduler.CronTabDayOfWeekLocaleTest</className>
          <testName>isSundayAndPreviousRunIsTuesday[151]</testName>
          <skipped>false</skipped>
          <failedSince>0</failedSince>
        </case>
        <case>
          <duration>0.001</duration>
          <className>hudson.scheduler.CronTabDayOfWeekLocaleTest</className>
          <testName>isSundayAndPreviousRunIsThursday[151]</testName>
          <skipped>false</skipped>
          <failedSince>0</failedSince>
        </case>
        <case>
          <duration>0.0</duration>
          <className>hudson.scheduler.CronTabDayOfWeekLocaleTest</className>
          <testName>isSundayAndPreviousRunIsWednesday[151]</testName>
          <skipped>false</skipped>
          <failedSince>0</failedSince>
        </case>
        <case>
          <duration>0.0</duration>
          <className>hudson.scheduler.CronTabDayOfWeekLocaleTest</className>
          <testName>isSundayAndPreviousRunIsSaturday[151]</testName>
          <skipped>false</skipped>
          <failedSince>0</failedSince>
        </case>
        <case>
          <duration>0.001</duration>
          <className>hudson.scheduler.CronTabDayOfWeekLocaleTest</className>
          <testName>isSundayAndPreviousRunIsPreviousSunday[151]</testName>
          <skipped>false</skipped>
          <failedSince>0</failedSince>
        </case>
        <case>
          <duration>0.0</duration>
          <className>hudson.scheduler.CronTabDayOfWeekLocaleTest</className>
          <testName>isSundayAndNextRunIsFriday[151]</testName>
          <skipped>false</skipped>
          <failedSince>0</failedSince>
        </case>
        <case>
          <duration>0.0</duration>
          <className>hudson.scheduler.CronTabDayOfWeekLocaleTest</className>
          <testName>isSundayAndPreviousRunIsSaturdayAsterisk[151]</testName>
          <skipped>false</skipped>
          <failedSince>0</failedSince>
        </case>
        <case>
          <duration>0.0</duration>
          <className>hudson.scheduler.CronTabDayOfWeekLocaleTest</className>
          <testName>isSundayAndNextRunIsMonday[151]</testName>
          <skipped>false</skipped>
          <failedSince>0</failedSince>
        </case>
        <case>
          <duration>0.0</duration>
          <className>hudson.scheduler.CronTabDayOfWeekLocaleTest</className>
          <testName>isSundayAndPreviousRunIsFriday[151]</testName>
          <skipped>false</skipped>
          <failedSince>0</failedSince>
        </case>
        <case>
          <duration>0.0</duration>
          <className>hudson.scheduler.CronTabDayOfWeekLocaleTest</className>
          <testName>isSundayAndNextRunIsTuesday[151]</testName>
          <skipped>false</skipped>
          <failedSince>0</failedSince>
        </case>
        <case>
          <duration>0.001</duration>
          <className>hudson.scheduler.CronTabDayOfWeekLocaleTest</className>
          <testName>isSundayAndNextRunIsNextSunday7[151]</testName>
          <skipped>false</skipped>
          <failedSince>0</failedSince>
        </case>
        <case>
          <duration>0.002</duration>
          <className>hudson.scheduler.CronTabDayOfWeekLocaleTest</className>
          <testName>isSundayAndPreviousRunIsMonday[151]</testName>
          <skipped>false</skipped>
          <failedSince>0</failedSince>
        </case>
        <case>
          <duration>0.0</duration>
          <className>hudson.scheduler.CronTabDayOfWeekLocaleTest</className>
          <testName>isSaturdayAndNextRunIsSundayAsterisk[151]</testName>
          <skipped>false</skipped>
          <failedSince>0</failedSince>
        </case>
        <case>
          <duration>0.0</duration>
          <className>hudson.scheduler.CronTabDayOfWeekLocaleTest</className>
          <testName>hudson8658[151]</testName>
          <skipped>false</skipped>
          <failedSince>0</failedSince>
        </case>
        <case>
          <duration>0.001</duration>
          <className>hudson.scheduler.CronTabDayOfWeekLocaleTest</className>
          <testName>isSundayAndNextRunIsNextSunday[151]</testName>
          <skipped>false</skipped>
          <failedSince>0</failedSince>
        </case>
        <case>
          <duration>0.0</duration>
          <className>hudson.scheduler.CronTabDayOfWeekLocaleTest</className>
          <testName>isSundayAndNextRunIsThursday[151]</testName>
          <skipped>false</skipped>
          <failedSince>0</failedSince>
        </case>
        <case>
          <duration>0.0</duration>
          <className>hudson.scheduler.CronTabDayOfWeekLocaleTest</className>
          <testName>isSundayAndPreviousRunIsPreviousSunday7[151]</testName>
          <skipped>false</skipped>
          <failedSince>0</failedSince>
        </case>
        <case>
          <duration>0.001</duration>
          <className>hudson.scheduler.CronTabDayOfWeekLocaleTest</className>
          <testName>isSundayAndNextRunIsWednesday[151]</testName>
          <skipped>false</skipped>
          <failedSince>0</failedSince>
        </case>
        <case>
          <duration>0.0</duration>
          <className>hudson.scheduler.CronTabDayOfWeekLocaleTest</className>
          <testName>isSundayAndNextRunIsSaturday[151]</testName>
          <skipped>false</skipped>
          <failedSince>0</failedSince>
        </case>
        <case>
          <duration>0.0</duration>
          <className>hudson.scheduler.CronTabDayOfWeekLocaleTest</className>
          <testName>isSundayAndPreviousRunIsTuesday[152]</testName>
          <skipped>false</skipped>
          <failedSince>0</failedSince>
        </case>
        <case>
          <duration>0.001</duration>
          <className>hudson.scheduler.CronTabDayOfWeekLocaleTest</className>
          <testName>isSundayAndPreviousRunIsThursday[152]</testName>
          <skipped>false</skipped>
          <failedSince>0</failedSince>
        </case>
        <case>
          <duration>0.0</duration>
          <className>hudson.scheduler.CronTabDayOfWeekLocaleTest</className>
          <testName>isSundayAndPreviousRunIsWednesday[152]</testName>
          <skipped>false</skipped>
          <failedSince>0</failedSince>
        </case>
        <case>
          <duration>0.0</duration>
          <className>hudson.scheduler.CronTabDayOfWeekLocaleTest</className>
          <testName>isSundayAndPreviousRunIsSaturday[152]</testName>
          <skipped>false</skipped>
          <failedSince>0</failedSince>
        </case>
        <case>
          <duration>0.001</duration>
          <className>hudson.scheduler.CronTabDayOfWeekLocaleTest</className>
          <testName>isSundayAndPreviousRunIsPreviousSunday[152]</testName>
          <skipped>false</skipped>
          <failedSince>0</failedSince>
        </case>
        <case>
          <duration>0.0</duration>
          <className>hudson.scheduler.CronTabDayOfWeekLocaleTest</className>
          <testName>isSundayAndNextRunIsFriday[152]</testName>
          <skipped>false</skipped>
          <failedSince>0</failedSince>
        </case>
        <case>
          <duration>0.0</duration>
          <className>hudson.scheduler.CronTabDayOfWeekLocaleTest</className>
          <testName>isSundayAndPreviousRunIsSaturdayAsterisk[152]</testName>
          <skipped>false</skipped>
          <failedSince>0</failedSince>
        </case>
        <case>
          <duration>0.0</duration>
          <className>hudson.scheduler.CronTabDayOfWeekLocaleTest</className>
          <testName>isSundayAndNextRunIsMonday[152]</testName>
          <skipped>false</skipped>
          <failedSince>0</failedSince>
        </case>
        <case>
          <duration>0.0</duration>
          <className>hudson.scheduler.CronTabDayOfWeekLocaleTest</className>
          <testName>isSundayAndPreviousRunIsFriday[152]</testName>
          <skipped>false</skipped>
          <failedSince>0</failedSince>
        </case>
        <case>
          <duration>0.0</duration>
          <className>hudson.scheduler.CronTabDayOfWeekLocaleTest</className>
          <testName>isSundayAndNextRunIsTuesday[152]</testName>
          <skipped>false</skipped>
          <failedSince>0</failedSince>
        </case>
        <case>
          <duration>0.0</duration>
          <className>hudson.scheduler.CronTabDayOfWeekLocaleTest</className>
          <testName>isSundayAndNextRunIsNextSunday7[152]</testName>
          <skipped>false</skipped>
          <failedSince>0</failedSince>
        </case>
        <case>
          <duration>0.0</duration>
          <className>hudson.scheduler.CronTabDayOfWeekLocaleTest</className>
          <testName>isSundayAndPreviousRunIsMonday[152]</testName>
          <skipped>false</skipped>
          <failedSince>0</failedSince>
        </case>
        <case>
          <duration>0.0</duration>
          <className>hudson.scheduler.CronTabDayOfWeekLocaleTest</className>
          <testName>isSaturdayAndNextRunIsSundayAsterisk[152]</testName>
          <skipped>false</skipped>
          <failedSince>0</failedSince>
        </case>
        <case>
          <duration>0.0</duration>
          <className>hudson.scheduler.CronTabDayOfWeekLocaleTest</className>
          <testName>hudson8658[152]</testName>
          <skipped>false</skipped>
          <failedSince>0</failedSince>
        </case>
        <case>
          <duration>0.0</duration>
          <className>hudson.scheduler.CronTabDayOfWeekLocaleTest</className>
          <testName>isSundayAndNextRunIsNextSunday[152]</testName>
          <skipped>false</skipped>
          <failedSince>0</failedSince>
        </case>
        <case>
          <duration>0.001</duration>
          <className>hudson.scheduler.CronTabDayOfWeekLocaleTest</className>
          <testName>isSundayAndNextRunIsThursday[152]</testName>
          <skipped>false</skipped>
          <failedSince>0</failedSince>
        </case>
        <case>
          <duration>0.0</duration>
          <className>hudson.scheduler.CronTabDayOfWeekLocaleTest</className>
          <testName>isSundayAndPreviousRunIsPreviousSunday7[152]</testName>
          <skipped>false</skipped>
          <failedSince>0</failedSince>
        </case>
        <case>
          <duration>0.0</duration>
          <className>hudson.scheduler.CronTabDayOfWeekLocaleTest</className>
          <testName>isSundayAndNextRunIsWednesday[152]</testName>
          <skipped>false</skipped>
          <failedSince>0</failedSince>
        </case>
        <case>
          <duration>0.001</duration>
          <className>hudson.scheduler.CronTabDayOfWeekLocaleTest</className>
          <testName>isSundayAndNextRunIsSaturday[152]</testName>
          <skipped>false</skipped>
          <failedSince>0</failedSince>
        </case>
        <case>
          <duration>0.0</duration>
          <className>hudson.scheduler.CronTabDayOfWeekLocaleTest</className>
          <testName>isSundayAndPreviousRunIsTuesday[153]</testName>
          <skipped>false</skipped>
          <failedSince>0</failedSince>
        </case>
        <case>
          <duration>0.0</duration>
          <className>hudson.scheduler.CronTabDayOfWeekLocaleTest</className>
          <testName>isSundayAndPreviousRunIsThursday[153]</testName>
          <skipped>false</skipped>
          <failedSince>0</failedSince>
        </case>
        <case>
          <duration>0.001</duration>
          <className>hudson.scheduler.CronTabDayOfWeekLocaleTest</className>
          <testName>isSundayAndPreviousRunIsWednesday[153]</testName>
          <skipped>false</skipped>
          <failedSince>0</failedSince>
        </case>
        <case>
          <duration>0.0</duration>
          <className>hudson.scheduler.CronTabDayOfWeekLocaleTest</className>
          <testName>isSundayAndPreviousRunIsSaturday[153]</testName>
          <skipped>false</skipped>
          <failedSince>0</failedSince>
        </case>
        <case>
          <duration>0.0</duration>
          <className>hudson.scheduler.CronTabDayOfWeekLocaleTest</className>
          <testName>isSundayAndPreviousRunIsPreviousSunday[153]</testName>
          <skipped>false</skipped>
          <failedSince>0</failedSince>
        </case>
        <case>
          <duration>0.0</duration>
          <className>hudson.scheduler.CronTabDayOfWeekLocaleTest</className>
          <testName>isSundayAndNextRunIsFriday[153]</testName>
          <skipped>false</skipped>
          <failedSince>0</failedSince>
        </case>
        <case>
          <duration>0.001</duration>
          <className>hudson.scheduler.CronTabDayOfWeekLocaleTest</className>
          <testName>isSundayAndPreviousRunIsSaturdayAsterisk[153]</testName>
          <skipped>false</skipped>
          <failedSince>0</failedSince>
        </case>
        <case>
          <duration>0.0</duration>
          <className>hudson.scheduler.CronTabDayOfWeekLocaleTest</className>
          <testName>isSundayAndNextRunIsMonday[153]</testName>
          <skipped>false</skipped>
          <failedSince>0</failedSince>
        </case>
        <case>
          <duration>0.0</duration>
          <className>hudson.scheduler.CronTabDayOfWeekLocaleTest</className>
          <testName>isSundayAndPreviousRunIsFriday[153]</testName>
          <skipped>false</skipped>
          <failedSince>0</failedSince>
        </case>
        <case>
          <duration>0.001</duration>
          <className>hudson.scheduler.CronTabDayOfWeekLocaleTest</className>
          <testName>isSundayAndNextRunIsTuesday[153]</testName>
          <skipped>false</skipped>
          <failedSince>0</failedSince>
        </case>
        <case>
          <duration>0.0</duration>
          <className>hudson.scheduler.CronTabDayOfWeekLocaleTest</className>
          <testName>isSundayAndNextRunIsNextSunday7[153]</testName>
          <skipped>false</skipped>
          <failedSince>0</failedSince>
        </case>
        <case>
          <duration>0.0</duration>
          <className>hudson.scheduler.CronTabDayOfWeekLocaleTest</className>
          <testName>isSundayAndPreviousRunIsMonday[153]</testName>
          <skipped>false</skipped>
          <failedSince>0</failedSince>
        </case>
        <case>
          <duration>0.0</duration>
          <className>hudson.scheduler.CronTabDayOfWeekLocaleTest</className>
          <testName>isSaturdayAndNextRunIsSundayAsterisk[153]</testName>
          <skipped>false</skipped>
          <failedSince>0</failedSince>
        </case>
        <case>
          <duration>0.001</duration>
          <className>hudson.scheduler.CronTabDayOfWeekLocaleTest</className>
          <testName>hudson8658[153]</testName>
          <skipped>false</skipped>
          <failedSince>0</failedSince>
        </case>
        <case>
          <duration>0.0</duration>
          <className>hudson.scheduler.CronTabDayOfWeekLocaleTest</className>
          <testName>isSundayAndNextRunIsNextSunday[153]</testName>
          <skipped>false</skipped>
          <failedSince>0</failedSince>
        </case>
        <case>
          <duration>0.0</duration>
          <className>hudson.scheduler.CronTabDayOfWeekLocaleTest</className>
          <testName>isSundayAndNextRunIsThursday[153]</testName>
          <skipped>false</skipped>
          <failedSince>0</failedSince>
        </case>
        <case>
          <duration>0.0</duration>
          <className>hudson.scheduler.CronTabDayOfWeekLocaleTest</className>
          <testName>isSundayAndPreviousRunIsPreviousSunday7[153]</testName>
          <skipped>false</skipped>
          <failedSince>0</failedSince>
        </case>
        <case>
          <duration>0.0</duration>
          <className>hudson.scheduler.CronTabDayOfWeekLocaleTest</className>
          <testName>isSundayAndNextRunIsWednesday[153]</testName>
          <skipped>false</skipped>
          <failedSince>0</failedSince>
        </case>
        <case>
          <duration>0.0</duration>
          <className>hudson.scheduler.CronTabDayOfWeekLocaleTest</className>
          <testName>isSundayAndNextRunIsSaturday[153]</testName>
          <skipped>false</skipped>
          <failedSince>0</failedSince>
        </case>
        <case>
          <duration>0.0</duration>
          <className>hudson.scheduler.CronTabDayOfWeekLocaleTest</className>
          <testName>isSundayAndPreviousRunIsTuesday[154]</testName>
          <skipped>false</skipped>
          <failedSince>0</failedSince>
        </case>
        <case>
          <duration>0.001</duration>
          <className>hudson.scheduler.CronTabDayOfWeekLocaleTest</className>
          <testName>isSundayAndPreviousRunIsThursday[154]</testName>
          <skipped>false</skipped>
          <failedSince>0</failedSince>
        </case>
        <case>
          <duration>0.0</duration>
          <className>hudson.scheduler.CronTabDayOfWeekLocaleTest</className>
          <testName>isSundayAndPreviousRunIsWednesday[154]</testName>
          <skipped>false</skipped>
          <failedSince>0</failedSince>
        </case>
        <case>
          <duration>0.0</duration>
          <className>hudson.scheduler.CronTabDayOfWeekLocaleTest</className>
          <testName>isSundayAndPreviousRunIsSaturday[154]</testName>
          <skipped>false</skipped>
          <failedSince>0</failedSince>
        </case>
        <case>
          <duration>0.001</duration>
          <className>hudson.scheduler.CronTabDayOfWeekLocaleTest</className>
          <testName>isSundayAndPreviousRunIsPreviousSunday[154]</testName>
          <skipped>false</skipped>
          <failedSince>0</failedSince>
        </case>
        <case>
          <duration>0.0</duration>
          <className>hudson.scheduler.CronTabDayOfWeekLocaleTest</className>
          <testName>isSundayAndNextRunIsFriday[154]</testName>
          <skipped>false</skipped>
          <failedSince>0</failedSince>
        </case>
        <case>
          <duration>0.0</duration>
          <className>hudson.scheduler.CronTabDayOfWeekLocaleTest</className>
          <testName>isSundayAndPreviousRunIsSaturdayAsterisk[154]</testName>
          <skipped>false</skipped>
          <failedSince>0</failedSince>
        </case>
        <case>
          <duration>0.0</duration>
          <className>hudson.scheduler.CronTabDayOfWeekLocaleTest</className>
          <testName>isSundayAndNextRunIsMonday[154]</testName>
          <skipped>false</skipped>
          <failedSince>0</failedSince>
        </case>
        <case>
          <duration>0.0</duration>
          <className>hudson.scheduler.CronTabDayOfWeekLocaleTest</className>
          <testName>isSundayAndPreviousRunIsFriday[154]</testName>
          <skipped>false</skipped>
          <failedSince>0</failedSince>
        </case>
        <case>
          <duration>0.0</duration>
          <className>hudson.scheduler.CronTabDayOfWeekLocaleTest</className>
          <testName>isSundayAndNextRunIsTuesday[154]</testName>
          <skipped>false</skipped>
          <failedSince>0</failedSince>
        </case>
        <case>
          <duration>0.0</duration>
          <className>hudson.scheduler.CronTabDayOfWeekLocaleTest</className>
          <testName>isSundayAndNextRunIsNextSunday7[154]</testName>
          <skipped>false</skipped>
          <failedSince>0</failedSince>
        </case>
        <case>
          <duration>0.001</duration>
          <className>hudson.scheduler.CronTabDayOfWeekLocaleTest</className>
          <testName>isSundayAndPreviousRunIsMonday[154]</testName>
          <skipped>false</skipped>
          <failedSince>0</failedSince>
        </case>
        <case>
          <duration>0.0</duration>
          <className>hudson.scheduler.CronTabDayOfWeekLocaleTest</className>
          <testName>isSaturdayAndNextRunIsSundayAsterisk[154]</testName>
          <skipped>false</skipped>
          <failedSince>0</failedSince>
        </case>
        <case>
          <duration>0.0</duration>
          <className>hudson.scheduler.CronTabDayOfWeekLocaleTest</className>
          <testName>hudson8658[154]</testName>
          <skipped>false</skipped>
          <failedSince>0</failedSince>
        </case>
        <case>
          <duration>0.0</duration>
          <className>hudson.scheduler.CronTabDayOfWeekLocaleTest</className>
          <testName>isSundayAndNextRunIsNextSunday[154]</testName>
          <skipped>false</skipped>
          <failedSince>0</failedSince>
        </case>
        <case>
          <duration>0.001</duration>
          <className>hudson.scheduler.CronTabDayOfWeekLocaleTest</className>
          <testName>isSundayAndNextRunIsThursday[154]</testName>
          <skipped>false</skipped>
          <failedSince>0</failedSince>
        </case>
        <case>
          <duration>0.0</duration>
          <className>hudson.scheduler.CronTabDayOfWeekLocaleTest</className>
          <testName>isSundayAndPreviousRunIsPreviousSunday7[154]</testName>
          <skipped>false</skipped>
          <failedSince>0</failedSince>
        </case>
        <case>
          <duration>0.0</duration>
          <className>hudson.scheduler.CronTabDayOfWeekLocaleTest</className>
          <testName>isSundayAndNextRunIsWednesday[154]</testName>
          <skipped>false</skipped>
          <failedSince>0</failedSince>
        </case>
        <case>
          <duration>0.004</duration>
          <className>hudson.scheduler.CronTabDayOfWeekLocaleTest</className>
          <testName>isSundayAndNextRunIsSaturday[154]</testName>
          <skipped>false</skipped>
          <failedSince>0</failedSince>
        </case>
        <case>
          <duration>0.001</duration>
          <className>hudson.scheduler.CronTabDayOfWeekLocaleTest</className>
          <testName>isSundayAndPreviousRunIsTuesday[155]</testName>
          <skipped>false</skipped>
          <failedSince>0</failedSince>
        </case>
        <case>
          <duration>0.0</duration>
          <className>hudson.scheduler.CronTabDayOfWeekLocaleTest</className>
          <testName>isSundayAndPreviousRunIsThursday[155]</testName>
          <skipped>false</skipped>
          <failedSince>0</failedSince>
        </case>
        <case>
          <duration>0.0</duration>
          <className>hudson.scheduler.CronTabDayOfWeekLocaleTest</className>
          <testName>isSundayAndPreviousRunIsWednesday[155]</testName>
          <skipped>false</skipped>
          <failedSince>0</failedSince>
        </case>
        <case>
          <duration>0.001</duration>
          <className>hudson.scheduler.CronTabDayOfWeekLocaleTest</className>
          <testName>isSundayAndPreviousRunIsSaturday[155]</testName>
          <skipped>false</skipped>
          <failedSince>0</failedSince>
        </case>
        <case>
          <duration>0.0</duration>
          <className>hudson.scheduler.CronTabDayOfWeekLocaleTest</className>
          <testName>isSundayAndPreviousRunIsPreviousSunday[155]</testName>
          <skipped>false</skipped>
          <failedSince>0</failedSince>
        </case>
        <case>
          <duration>0.0</duration>
          <className>hudson.scheduler.CronTabDayOfWeekLocaleTest</className>
          <testName>isSundayAndNextRunIsFriday[155]</testName>
          <skipped>false</skipped>
          <failedSince>0</failedSince>
        </case>
        <case>
          <duration>0.001</duration>
          <className>hudson.scheduler.CronTabDayOfWeekLocaleTest</className>
          <testName>isSundayAndPreviousRunIsSaturdayAsterisk[155]</testName>
          <skipped>false</skipped>
          <failedSince>0</failedSince>
        </case>
        <case>
          <duration>0.0</duration>
          <className>hudson.scheduler.CronTabDayOfWeekLocaleTest</className>
          <testName>isSundayAndNextRunIsMonday[155]</testName>
          <skipped>false</skipped>
          <failedSince>0</failedSince>
        </case>
        <case>
          <duration>0.0</duration>
          <className>hudson.scheduler.CronTabDayOfWeekLocaleTest</className>
          <testName>isSundayAndPreviousRunIsFriday[155]</testName>
          <skipped>false</skipped>
          <failedSince>0</failedSince>
        </case>
        <case>
          <duration>0.0</duration>
          <className>hudson.scheduler.CronTabDayOfWeekLocaleTest</className>
          <testName>isSundayAndNextRunIsTuesday[155]</testName>
          <skipped>false</skipped>
          <failedSince>0</failedSince>
        </case>
        <case>
          <duration>0.001</duration>
          <className>hudson.scheduler.CronTabDayOfWeekLocaleTest</className>
          <testName>isSundayAndNextRunIsNextSunday7[155]</testName>
          <skipped>false</skipped>
          <failedSince>0</failedSince>
        </case>
        <case>
          <duration>0.0</duration>
          <className>hudson.scheduler.CronTabDayOfWeekLocaleTest</className>
          <testName>isSundayAndPreviousRunIsMonday[155]</testName>
          <skipped>false</skipped>
          <failedSince>0</failedSince>
        </case>
        <case>
          <duration>0.0</duration>
          <className>hudson.scheduler.CronTabDayOfWeekLocaleTest</className>
          <testName>isSaturdayAndNextRunIsSundayAsterisk[155]</testName>
          <skipped>false</skipped>
          <failedSince>0</failedSince>
        </case>
        <case>
          <duration>0.0</duration>
          <className>hudson.scheduler.CronTabDayOfWeekLocaleTest</className>
          <testName>hudson8658[155]</testName>
          <skipped>false</skipped>
          <failedSince>0</failedSince>
        </case>
        <case>
          <duration>0.0</duration>
          <className>hudson.scheduler.CronTabDayOfWeekLocaleTest</className>
          <testName>isSundayAndNextRunIsNextSunday[155]</testName>
          <skipped>false</skipped>
          <failedSince>0</failedSince>
        </case>
        <case>
          <duration>0.0</duration>
          <className>hudson.scheduler.CronTabDayOfWeekLocaleTest</className>
          <testName>isSundayAndNextRunIsThursday[155]</testName>
          <skipped>false</skipped>
          <failedSince>0</failedSince>
        </case>
        <case>
          <duration>0.0</duration>
          <className>hudson.scheduler.CronTabDayOfWeekLocaleTest</className>
          <testName>isSundayAndPreviousRunIsPreviousSunday7[155]</testName>
          <skipped>false</skipped>
          <failedSince>0</failedSince>
        </case>
        <case>
          <duration>0.001</duration>
          <className>hudson.scheduler.CronTabDayOfWeekLocaleTest</className>
          <testName>isSundayAndNextRunIsWednesday[155]</testName>
          <skipped>false</skipped>
          <failedSince>0</failedSince>
        </case>
        <case>
          <duration>0.0</duration>
          <className>hudson.scheduler.CronTabDayOfWeekLocaleTest</className>
          <testName>isSundayAndNextRunIsSaturday[155]</testName>
          <skipped>false</skipped>
          <failedSince>0</failedSince>
        </case>
        <case>
          <duration>0.0</duration>
          <className>hudson.scheduler.CronTabDayOfWeekLocaleTest</className>
          <testName>isSundayAndPreviousRunIsTuesday[156]</testName>
          <skipped>false</skipped>
          <failedSince>0</failedSince>
        </case>
        <case>
          <duration>0.001</duration>
          <className>hudson.scheduler.CronTabDayOfWeekLocaleTest</className>
          <testName>isSundayAndPreviousRunIsThursday[156]</testName>
          <skipped>false</skipped>
          <failedSince>0</failedSince>
        </case>
        <case>
          <duration>0.0</duration>
          <className>hudson.scheduler.CronTabDayOfWeekLocaleTest</className>
          <testName>isSundayAndPreviousRunIsWednesday[156]</testName>
          <skipped>false</skipped>
          <failedSince>0</failedSince>
        </case>
        <case>
          <duration>0.0</duration>
          <className>hudson.scheduler.CronTabDayOfWeekLocaleTest</className>
          <testName>isSundayAndPreviousRunIsSaturday[156]</testName>
          <skipped>false</skipped>
          <failedSince>0</failedSince>
        </case>
        <case>
          <duration>0.0</duration>
          <className>hudson.scheduler.CronTabDayOfWeekLocaleTest</className>
          <testName>isSundayAndPreviousRunIsPreviousSunday[156]</testName>
          <skipped>false</skipped>
          <failedSince>0</failedSince>
        </case>
        <case>
          <duration>0.001</duration>
          <className>hudson.scheduler.CronTabDayOfWeekLocaleTest</className>
          <testName>isSundayAndNextRunIsFriday[156]</testName>
          <skipped>false</skipped>
          <failedSince>0</failedSince>
        </case>
        <case>
          <duration>0.0</duration>
          <className>hudson.scheduler.CronTabDayOfWeekLocaleTest</className>
          <testName>isSundayAndPreviousRunIsSaturdayAsterisk[156]</testName>
          <skipped>false</skipped>
          <failedSince>0</failedSince>
        </case>
        <case>
          <duration>0.0</duration>
          <className>hudson.scheduler.CronTabDayOfWeekLocaleTest</className>
          <testName>isSundayAndNextRunIsMonday[156]</testName>
          <skipped>false</skipped>
          <failedSince>0</failedSince>
        </case>
        <case>
          <duration>0.0</duration>
          <className>hudson.scheduler.CronTabDayOfWeekLocaleTest</className>
          <testName>isSundayAndPreviousRunIsFriday[156]</testName>
          <skipped>false</skipped>
          <failedSince>0</failedSince>
        </case>
        <case>
          <duration>0.0</duration>
          <className>hudson.scheduler.CronTabDayOfWeekLocaleTest</className>
          <testName>isSundayAndNextRunIsTuesday[156]</testName>
          <skipped>false</skipped>
          <failedSince>0</failedSince>
        </case>
        <case>
          <duration>0.0</duration>
          <className>hudson.scheduler.CronTabDayOfWeekLocaleTest</className>
          <testName>isSundayAndNextRunIsNextSunday7[156]</testName>
          <skipped>false</skipped>
          <failedSince>0</failedSince>
        </case>
        <case>
          <duration>0.0</duration>
          <className>hudson.scheduler.CronTabDayOfWeekLocaleTest</className>
          <testName>isSundayAndPreviousRunIsMonday[156]</testName>
          <skipped>false</skipped>
          <failedSince>0</failedSince>
        </case>
        <case>
          <duration>0.001</duration>
          <className>hudson.scheduler.CronTabDayOfWeekLocaleTest</className>
          <testName>isSaturdayAndNextRunIsSundayAsterisk[156]</testName>
          <skipped>false</skipped>
          <failedSince>0</failedSince>
        </case>
        <case>
          <duration>0.0</duration>
          <className>hudson.scheduler.CronTabDayOfWeekLocaleTest</className>
          <testName>hudson8658[156]</testName>
          <skipped>false</skipped>
          <failedSince>0</failedSince>
        </case>
        <case>
          <duration>0.0</duration>
          <className>hudson.scheduler.CronTabDayOfWeekLocaleTest</className>
          <testName>isSundayAndNextRunIsNextSunday[156]</testName>
          <skipped>false</skipped>
          <failedSince>0</failedSince>
        </case>
        <case>
          <duration>0.0</duration>
          <className>hudson.scheduler.CronTabDayOfWeekLocaleTest</className>
          <testName>isSundayAndNextRunIsThursday[156]</testName>
          <skipped>false</skipped>
          <failedSince>0</failedSince>
        </case>
        <case>
          <duration>0.0</duration>
          <className>hudson.scheduler.CronTabDayOfWeekLocaleTest</className>
          <testName>isSundayAndPreviousRunIsPreviousSunday7[156]</testName>
          <skipped>false</skipped>
          <failedSince>0</failedSince>
        </case>
        <case>
          <duration>0.001</duration>
          <className>hudson.scheduler.CronTabDayOfWeekLocaleTest</className>
          <testName>isSundayAndNextRunIsWednesday[156]</testName>
          <skipped>false</skipped>
          <failedSince>0</failedSince>
        </case>
        <case>
          <duration>0.0</duration>
          <className>hudson.scheduler.CronTabDayOfWeekLocaleTest</className>
          <testName>isSundayAndNextRunIsSaturday[156]</testName>
          <skipped>false</skipped>
          <failedSince>0</failedSince>
        </case>
      </cases>
    </suite>
    <suite>
      <file>/home/elst228/Desktop/cs498group11/Project13-demo/work/jobs/TestMaven/workspace/core/target/surefire-reports/TEST-hudson.scheduler.CronTabEventualityTest.xml</file>
      <name>hudson.scheduler.CronTabEventualityTest</name>
      <duration>0.034</duration>
      <time>0.034</time>
      <enclosingBlocks/>
      <enclosingBlockNames/>
      <cases>
        <case>
          <duration>0.016</duration>
          <className>hudson.scheduler.CronTabEventualityTest</className>
          <testName>testFirstSundayOfMonthWillBeEventuallyTriggeredWithinOneMonthAndOneWeek[0]</testName>
          <skipped>false</skipped>
          <failedSince>0</failedSince>
        </case>
        <case>
          <duration>0.002</duration>
          <className>hudson.scheduler.CronTabEventualityTest</className>
          <testName>testWeeklyWillBeEventuallyTriggeredWithinOneWeek[0]</testName>
          <skipped>false</skipped>
          <failedSince>0</failedSince>
        </case>
        <case>
          <duration>0.001</duration>
          <className>hudson.scheduler.CronTabEventualityTest</className>
          <testName>testMidnightWillBeEventuallyTriggeredWithinOneDay[0]</testName>
          <skipped>false</skipped>
          <failedSince>0</failedSince>
        </case>
        <case>
          <duration>0.003</duration>
          <className>hudson.scheduler.CronTabEventualityTest</className>
          <testName>testDailyWillBeEventuallyTriggeredWithinOneDay[0]</testName>
          <skipped>false</skipped>
          <failedSince>0</failedSince>
        </case>
        <case>
          <duration>0.003</duration>
          <className>hudson.scheduler.CronTabEventualityTest</className>
          <testName>testYearlyWillBeEventuallyTriggeredWithinOneYear[0]</testName>
          <skipped>false</skipped>
          <failedSince>0</failedSince>
        </case>
        <case>
          <duration>0.001</duration>
          <className>hudson.scheduler.CronTabEventualityTest</className>
          <testName>testMonthlyWillBeEventuallyTriggeredWithinOneMonth[0]</testName>
          <skipped>false</skipped>
          <failedSince>0</failedSince>
        </case>
        <case>
          <duration>0.0</duration>
          <className>hudson.scheduler.CronTabEventualityTest</className>
          <testName>testAnnuallyWillBeEventuallyTriggeredWithinOneYear[0]</testName>
          <skipped>false</skipped>
          <failedSince>0</failedSince>
        </case>
        <case>
          <duration>0.001</duration>
          <className>hudson.scheduler.CronTabEventualityTest</className>
          <testName>testFirstDayOfMonthWillBeEventuallyTriggeredWithinOneMonth[0]</testName>
          <skipped>false</skipped>
          <failedSince>0</failedSince>
        </case>
        <case>
          <duration>0.0</duration>
          <className>hudson.scheduler.CronTabEventualityTest</className>
          <testName>testHourlyWillBeEventuallyTriggeredWithinOneHour[0]</testName>
          <skipped>false</skipped>
          <failedSince>0</failedSince>
        </case>
        <case>
          <duration>0.0</duration>
          <className>hudson.scheduler.CronTabEventualityTest</className>
          <testName>testFirstSundayOfMonthWillBeEventuallyTriggeredWithinOneMonthAndOneWeek[1]</testName>
          <skipped>false</skipped>
          <failedSince>0</failedSince>
        </case>
        <case>
          <duration>0.0</duration>
          <className>hudson.scheduler.CronTabEventualityTest</className>
          <testName>testWeeklyWillBeEventuallyTriggeredWithinOneWeek[1]</testName>
          <skipped>false</skipped>
          <failedSince>0</failedSince>
        </case>
        <case>
          <duration>0.001</duration>
          <className>hudson.scheduler.CronTabEventualityTest</className>
          <testName>testMidnightWillBeEventuallyTriggeredWithinOneDay[1]</testName>
          <skipped>false</skipped>
          <failedSince>0</failedSince>
        </case>
        <case>
          <duration>0.001</duration>
          <className>hudson.scheduler.CronTabEventualityTest</className>
          <testName>testDailyWillBeEventuallyTriggeredWithinOneDay[1]</testName>
          <skipped>false</skipped>
          <failedSince>0</failedSince>
        </case>
        <case>
          <duration>0.001</duration>
          <className>hudson.scheduler.CronTabEventualityTest</className>
          <testName>testYearlyWillBeEventuallyTriggeredWithinOneYear[1]</testName>
          <skipped>false</skipped>
          <failedSince>0</failedSince>
        </case>
        <case>
          <duration>0.0</duration>
          <className>hudson.scheduler.CronTabEventualityTest</className>
          <testName>testMonthlyWillBeEventuallyTriggeredWithinOneMonth[1]</testName>
          <skipped>false</skipped>
          <failedSince>0</failedSince>
        </case>
        <case>
          <duration>0.0</duration>
          <className>hudson.scheduler.CronTabEventualityTest</className>
          <testName>testAnnuallyWillBeEventuallyTriggeredWithinOneYear[1]</testName>
          <skipped>false</skipped>
          <failedSince>0</failedSince>
        </case>
        <case>
          <duration>0.002</duration>
          <className>hudson.scheduler.CronTabEventualityTest</className>
          <testName>testFirstDayOfMonthWillBeEventuallyTriggeredWithinOneMonth[1]</testName>
          <skipped>false</skipped>
          <failedSince>0</failedSince>
        </case>
        <case>
          <duration>0.0</duration>
          <className>hudson.scheduler.CronTabEventualityTest</className>
          <testName>testHourlyWillBeEventuallyTriggeredWithinOneHour[1]</testName>
          <skipped>false</skipped>
          <failedSince>0</failedSince>
        </case>
        <case>
          <duration>0.0</duration>
          <className>hudson.scheduler.CronTabEventualityTest</className>
          <testName>testFirstSundayOfMonthWillBeEventuallyTriggeredWithinOneMonthAndOneWeek[2]</testName>
          <skipped>false</skipped>
          <failedSince>0</failedSince>
        </case>
        <case>
          <duration>0.0</duration>
          <className>hudson.scheduler.CronTabEventualityTest</className>
          <testName>testWeeklyWillBeEventuallyTriggeredWithinOneWeek[2]</testName>
          <skipped>false</skipped>
          <failedSince>0</failedSince>
        </case>
        <case>
          <duration>0.0</duration>
          <className>hudson.scheduler.CronTabEventualityTest</className>
          <testName>testMidnightWillBeEventuallyTriggeredWithinOneDay[2]</testName>
          <skipped>false</skipped>
          <failedSince>0</failedSince>
        </case>
        <case>
          <duration>0.0</duration>
          <className>hudson.scheduler.CronTabEventualityTest</className>
          <testName>testDailyWillBeEventuallyTriggeredWithinOneDay[2]</testName>
          <skipped>false</skipped>
          <failedSince>0</failedSince>
        </case>
        <case>
          <duration>0.0</duration>
          <className>hudson.scheduler.CronTabEventualityTest</className>
          <testName>testYearlyWillBeEventuallyTriggeredWithinOneYear[2]</testName>
          <skipped>false</skipped>
          <failedSince>0</failedSince>
        </case>
        <case>
          <duration>0.0</duration>
          <className>hudson.scheduler.CronTabEventualityTest</className>
          <testName>testMonthlyWillBeEventuallyTriggeredWithinOneMonth[2]</testName>
          <skipped>false</skipped>
          <failedSince>0</failedSince>
        </case>
        <case>
          <duration>0.001</duration>
          <className>hudson.scheduler.CronTabEventualityTest</className>
          <testName>testAnnuallyWillBeEventuallyTriggeredWithinOneYear[2]</testName>
          <skipped>false</skipped>
          <failedSince>0</failedSince>
        </case>
        <case>
          <duration>0.0</duration>
          <className>hudson.scheduler.CronTabEventualityTest</className>
          <testName>testFirstDayOfMonthWillBeEventuallyTriggeredWithinOneMonth[2]</testName>
          <skipped>false</skipped>
          <failedSince>0</failedSince>
        </case>
        <case>
          <duration>0.001</duration>
          <className>hudson.scheduler.CronTabEventualityTest</className>
          <testName>testHourlyWillBeEventuallyTriggeredWithinOneHour[2]</testName>
          <skipped>false</skipped>
          <failedSince>0</failedSince>
        </case>
      </cases>
    </suite>
    <suite>
      <file>/home/elst228/Desktop/cs498group11/Project13-demo/work/jobs/TestMaven/workspace/core/target/surefire-reports/TEST-hudson.scheduler.CronTabTest.xml</file>
      <name>hudson.scheduler.CronTabTest</name>
      <duration>0.04</duration>
      <time>0.04</time>
      <enclosingBlocks/>
      <enclosingBlockNames/>
      <cases>
        <case>
          <duration>0.0</duration>
          <className>hudson.scheduler.CronTabTest</className>
          <testName>repeatedHash</testName>
          <skipped>false</skipped>
          <failedSince>0</failedSince>
        </case>
        <case>
          <duration>0.0</duration>
          <className>hudson.scheduler.CronTabTest</className>
          <testName>hashedMinute</testName>
          <skipped>false</skipped>
          <failedSince>0</failedSince>
        </case>
        <case>
          <duration>0.0</duration>
          <className>hudson.scheduler.CronTabTest</className>
          <testName>testCeil1</testName>
          <skipped>false</skipped>
          <failedSince>0</failedSince>
        </case>
        <case>
          <duration>0.0</duration>
          <className>hudson.scheduler.CronTabTest</className>
          <testName>testCeil2</testName>
          <skipped>false</skipped>
          <failedSince>0</failedSince>
        </case>
        <case>
          <duration>0.0</duration>
          <className>hudson.scheduler.CronTabTest</className>
          <testName>testCeil3</testName>
          <skipped>false</skipped>
          <failedSince>0</failedSince>
        </case>
        <case>
          <duration>0.0</duration>
          <className>hudson.scheduler.CronTabTest</className>
          <testName>testCeil4</testName>
          <skipped>false</skipped>
          <failedSince>0</failedSince>
        </case>
        <case>
          <duration>0.0</duration>
          <className>hudson.scheduler.CronTabTest</className>
          <testName>testCeil5</testName>
          <skipped>false</skipped>
          <failedSince>0</failedSince>
        </case>
        <case>
          <duration>0.0</duration>
          <className>hudson.scheduler.CronTabTest</className>
          <testName>testHash1</testName>
          <skipped>false</skipped>
          <failedSince>0</failedSince>
        </case>
        <case>
          <duration>0.0</duration>
          <className>hudson.scheduler.CronTabTest</className>
          <testName>testHash2</testName>
          <skipped>false</skipped>
          <failedSince>0</failedSince>
        </case>
        <case>
          <duration>0.0</duration>
          <className>hudson.scheduler.CronTabTest</className>
          <testName>test1</testName>
          <skipped>false</skipped>
          <failedSince>0</failedSince>
        </case>
        <case>
          <duration>0.023</duration>
          <className>hudson.scheduler.CronTabTest</className>
          <testName>hashSkips</testName>
          <skipped>false</skipped>
          <failedSince>0</failedSince>
        </case>
        <case>
          <duration>0.013</duration>
          <className>hudson.scheduler.CronTabTest</className>
          <testName>testCeil3_DoW7</testName>
          <skipped>false</skipped>
          <failedSince>0</failedSince>
        </case>
        <case>
          <duration>0.0</duration>
          <className>hudson.scheduler.CronTabTest</className>
          <testName>rangeBoundsCheckFailHour</testName>
          <skipped>false</skipped>
          <failedSince>0</failedSince>
        </case>
        <case>
          <duration>0.004</duration>
          <className>hudson.scheduler.CronTabTest</className>
          <testName>rangeBoundsCheckFailMinute</testName>
          <skipped>false</skipped>
          <failedSince>0</failedSince>
        </case>
        <case>
          <duration>0.0</duration>
          <className>hudson.scheduler.CronTabTest</className>
          <testName>checkSanity</testName>
          <skipped>false</skipped>
          <failedSince>0</failedSince>
        </case>
        <case>
          <duration>0.0</duration>
          <className>hudson.scheduler.CronTabTest</className>
          <testName>rangeBoundsCheckOK</testName>
          <skipped>false</skipped>
          <failedSince>0</failedSince>
        </case>
        <case>
          <duration>0.0</duration>
          <className>hudson.scheduler.CronTabTest</className>
          <testName>testFloor1</testName>
          <skipped>false</skipped>
          <failedSince>0</failedSince>
        </case>
        <case>
          <duration>0.0</duration>
          <className>hudson.scheduler.CronTabTest</className>
          <testName>testFloor2</testName>
          <skipped>false</skipped>
          <failedSince>0</failedSince>
        </case>
        <case>
          <duration>0.0</duration>
          <className>hudson.scheduler.CronTabTest</className>
          <testName>testFloor3</testName>
          <skipped>false</skipped>
          <failedSince>0</failedSince>
        </case>
        <case>
          <duration>0.0</duration>
          <className>hudson.scheduler.CronTabTest</className>
          <testName>testFloor4</testName>
          <skipped>false</skipped>
          <failedSince>0</failedSince>
        </case>
      </cases>
    </suite>
    <suite>
      <file>/home/elst228/Desktop/cs498group11/Project13-demo/work/jobs/TestMaven/workspace/core/target/surefire-reports/TEST-hudson.search.SearchTest.xml</file>
      <name>hudson.search.SearchTest</name>
      <duration>0.006</duration>
      <time>0.006</time>
      <enclosingBlocks/>
      <enclosingBlockNames/>
      <cases>
        <case>
          <duration>0.005</duration>
          <className>hudson.search.SearchTest</className>
          <testName>findAndSuggest</testName>
          <skipped>false</skipped>
          <failedSince>0</failedSince>
        </case>
        <case>
          <duration>0.001</duration>
          <className>hudson.search.SearchTest</className>
          <testName>findClosestSuggestedItem</testName>
          <skipped>false</skipped>
          <failedSince>0</failedSince>
        </case>
      </cases>
    </suite>
    <suite>
      <file>/home/elst228/Desktop/cs498group11/Project13-demo/work/jobs/TestMaven/workspace/core/target/surefire-reports/TEST-hudson.slaves.ComputerLauncherTest.xml</file>
      <name>hudson.slaves.ComputerLauncherTest</name>
      <duration>0.035</duration>
      <time>0.035</time>
      <enclosingBlocks/>
      <enclosingBlockNames/>
      <cases>
        <case>
          <duration>0.033</duration>
          <className>hudson.slaves.ComputerLauncherTest</className>
          <testName>j2sdk4</testName>
          <skipped>false</skipped>
          <failedSince>0</failedSince>
        </case>
        <case>
          <duration>0.0</duration>
          <className>hudson.slaves.ComputerLauncherTest</className>
          <testName>openJDK7</testName>
          <skipped>false</skipped>
          <failedSince>0</failedSince>
        </case>
        <case>
          <duration>0.001</duration>
          <className>hudson.slaves.ComputerLauncherTest</className>
          <testName>jdk5</testName>
          <skipped>false</skipped>
          <failedSince>0</failedSince>
        </case>
        <case>
          <duration>0.0</duration>
          <className>hudson.slaves.ComputerLauncherTest</className>
          <testName>jdk6</testName>
          <skipped>false</skipped>
          <failedSince>0</failedSince>
        </case>
        <case>
          <duration>0.001</duration>
          <className>hudson.slaves.ComputerLauncherTest</className>
          <testName>jdk7</testName>
          <skipped>false</skipped>
          <failedSince>0</failedSince>
        </case>
        <case>
          <duration>0.0</duration>
          <className>hudson.slaves.ComputerLauncherTest</className>
          <testName>jdk10</testName>
          <skipped>false</skipped>
          <failedSince>0</failedSince>
        </case>
      </cases>
    </suite>
    <suite>
      <file>/home/elst228/Desktop/cs498group11/Project13-demo/work/jobs/TestMaven/workspace/core/target/surefire-reports/TEST-hudson.slaves.NodeListTest.xml</file>
      <name>hudson.slaves.NodeListTest</name>
      <duration>0.05</duration>
      <time>0.05</time>
      <enclosingBlocks/>
      <enclosingBlockNames/>
      <cases>
        <case>
          <duration>0.05</duration>
          <className>hudson.slaves.NodeListTest</className>
          <testName>serialization</testName>
          <skipped>false</skipped>
          <failedSince>0</failedSince>
        </case>
      </cases>
    </suite>
    <suite>
      <file>/home/elst228/Desktop/cs498group11/Project13-demo/work/jobs/TestMaven/workspace/core/target/surefire-reports/TEST-hudson.tasks._maven.Maven3MojoNoteTest.xml</file>
      <name>hudson.tasks._maven.Maven3MojoNoteTest</name>
      <duration>0.001</duration>
      <time>0.001</time>
      <enclosingBlocks/>
      <enclosingBlockNames/>
      <cases>
        <case>
          <duration>0.001</duration>
          <className>hudson.tasks._maven.Maven3MojoNoteTest</className>
          <testName>testAnnotateMavenPlugin</testName>
          <skipped>false</skipped>
          <failedSince>0</failedSince>
        </case>
        <case>
          <duration>0.0</duration>
          <className>hudson.tasks._maven.Maven3MojoNoteTest</className>
          <testName>testAnnotateOtherPlugin</testName>
          <skipped>false</skipped>
          <failedSince>0</failedSince>
        </case>
        <case>
          <duration>0.0</duration>
          <className>hudson.tasks._maven.Maven3MojoNoteTest</className>
          <testName>testAnnotateCodehausPlugin</testName>
          <skipped>false</skipped>
          <failedSince>0</failedSince>
        </case>
      </cases>
    </suite>
    <suite>
      <file>/home/elst228/Desktop/cs498group11/Project13-demo/work/jobs/TestMaven/workspace/core/target/surefire-reports/TEST-hudson.util.ArgumentListBuilderTest.xml</file>
      <name>hudson.util.ArgumentListBuilderTest</name>
      <duration>0.001</duration>
      <time>0.001</time>
      <enclosingBlocks/>
      <enclosingBlockNames/>
      <cases>
        <case>
          <duration>0.0</duration>
          <className>hudson.util.ArgumentListBuilderTest</className>
          <testName>assertMaskOnClone</testName>
          <skipped>false</skipped>
          <failedSince>0</failedSince>
        </case>
        <case>
          <duration>0.001</duration>
          <className>hudson.util.ArgumentListBuilderTest</className>
          <testName>addKeyValuePairsFromPropertyString</testName>
          <skipped>false</skipped>
          <failedSince>0</failedSince>
        </case>
        <case>
          <duration>0.0</duration>
          <className>hudson.util.ArgumentListBuilderTest</className>
          <testName>assertSeveralMaskedArguments</testName>
          <skipped>false</skipped>
          <failedSince>0</failedSince>
        </case>
        <case>
          <duration>0.0</duration>
          <className>hudson.util.ArgumentListBuilderTest</className>
          <testName>assertEmptyMask</testName>
          <skipped>false</skipped>
          <failedSince>0</failedSince>
        </case>
        <case>
          <duration>0.0</duration>
          <className>hudson.util.ArgumentListBuilderTest</className>
          <testName>assertLastArgumentIsMasked</testName>
          <skipped>false</skipped>
          <failedSince>0</failedSince>
        </case>
        <case>
          <duration>0.0</duration>
          <className>hudson.util.ArgumentListBuilderTest</className>
          <testName>assertKeyValuePairs</testName>
          <skipped>false</skipped>
          <failedSince>0</failedSince>
        </case>
        <case>
          <duration>0.0</duration>
          <className>hudson.util.ArgumentListBuilderTest</className>
          <testName>testToWindowsCommand</testName>
          <skipped>false</skipped>
          <failedSince>0</failedSince>
        </case>
        <case>
          <duration>0.0</duration>
          <className>hudson.util.ArgumentListBuilderTest</className>
          <testName>numberOfBackslashesInPropertiesShouldBePreservedAfterMacroExpansion</testName>
          <skipped>false</skipped>
          <failedSince>0</failedSince>
        </case>
        <case>
          <duration>0.0</duration>
          <className>hudson.util.ArgumentListBuilderTest</className>
          <testName>assertKeyValuePairsWithMask</testName>
          <skipped>false</skipped>
          <failedSince>0</failedSince>
        </case>
        <case>
          <duration>0.0</duration>
          <className>hudson.util.ArgumentListBuilderTest</className>
          <testName>assertPrependAfterAddingMasked</testName>
          <skipped>false</skipped>
          <failedSince>0</failedSince>
        </case>
        <case>
          <duration>0.0</duration>
          <className>hudson.util.ArgumentListBuilderTest</className>
          <testName>assertPrependBeforeAddingMasked</testName>
          <skipped>false</skipped>
          <failedSince>0</failedSince>
        </case>
      </cases>
    </suite>
    <suite>
      <file>/home/elst228/Desktop/cs498group11/Project13-demo/work/jobs/TestMaven/workspace/core/target/surefire-reports/TEST-hudson.util.ConsistentHashTest.xml</file>
      <name>hudson.util.ConsistentHashTest</name>
      <duration>1.485</duration>
      <time>1.485</time>
      <enclosingBlocks/>
      <enclosingBlockNames/>
      <cases>
        <case>
          <duration>0.004</duration>
          <className>hudson.util.ConsistentHashTest</className>
          <testName>emptyBehavior</testName>
          <skipped>false</skipped>
          <failedSince>0</failedSince>
        </case>
        <case>
          <duration>0.013</duration>
          <className>hudson.util.ConsistentHashTest</className>
          <testName>basic</testName>
          <skipped>false</skipped>
          <failedSince>0</failedSince>
        </case>
        <case>
          <duration>1.461</duration>
          <className>hudson.util.ConsistentHashTest</className>
          <testName>speed</testName>
          <skipped>false</skipped>
          <failedSince>0</failedSince>
        </case>
        <case>
          <duration>0.0</duration>
          <className>hudson.util.ConsistentHashTest</className>
          <testName>unevenDistribution</testName>
          <skipped>false</skipped>
          <failedSince>0</failedSince>
        </case>
        <case>
          <duration>0.007</duration>
          <className>hudson.util.ConsistentHashTest</className>
          <testName>removal</testName>
          <skipped>false</skipped>
          <failedSince>0</failedSince>
        </case>
      </cases>
    </suite>
    <suite>
      <file>/home/elst228/Desktop/cs498group11/Project13-demo/work/jobs/TestMaven/workspace/core/target/surefire-reports/TEST-hudson.util.CopyOnWriteListTest.xml</file>
      <name>hudson.util.CopyOnWriteListTest</name>
      <duration>0.009</duration>
      <time>0.009</time>
      <enclosingBlocks/>
      <enclosingBlockNames/>
      <cases>
        <case>
          <duration>0.009</duration>
          <className>hudson.util.CopyOnWriteListTest</className>
          <testName>serialization</testName>
          <skipped>false</skipped>
          <failedSince>0</failedSince>
        </case>
      </cases>
    </suite>
    <suite>
      <file>/home/elst228/Desktop/cs498group11/Project13-demo/work/jobs/TestMaven/workspace/core/target/surefire-reports/TEST-hudson.util.CopyOnWriteMapTest.xml</file>
      <name>hudson.util.CopyOnWriteMapTest</name>
      <duration>0.035</duration>
      <time>0.035</time>
      <enclosingBlocks/>
      <enclosingBlockNames/>
      <cases>
        <case>
          <duration>0.0</duration>
          <className>hudson.util.CopyOnWriteMapTest</className>
          <testName>equalsHashCodeToString</testName>
          <skipped>false</skipped>
          <failedSince>0</failedSince>
        </case>
        <case>
          <duration>0.025</duration>
          <className>hudson.util.CopyOnWriteMapTest</className>
          <testName>hashSerialization</testName>
          <skipped>false</skipped>
          <failedSince>0</failedSince>
        </case>
        <case>
          <duration>0.01</duration>
          <className>hudson.util.CopyOnWriteMapTest</className>
          <testName>treeSerialization</testName>
          <skipped>false</skipped>
          <failedSince>0</failedSince>
        </case>
      </cases>
    </suite>
    <suite>
      <file>/home/elst228/Desktop/cs498group11/Project13-demo/work/jobs/TestMaven/workspace/core/target/surefire-reports/TEST-hudson.util.CyclicGraphDetectorTest.xml</file>
      <name>hudson.util.CyclicGraphDetectorTest</name>
      <duration>0.005</duration>
      <time>0.005</time>
      <enclosingBlocks/>
      <enclosingBlockNames/>
      <cases>
        <case>
          <duration>0.004</duration>
          <className>hudson.util.CyclicGraphDetectorTest</className>
          <testName>cycle1</testName>
          <skipped>false</skipped>
          <failedSince>0</failedSince>
        </case>
        <case>
          <duration>0.0</duration>
          <className>hudson.util.CyclicGraphDetectorTest</className>
          <testName>cycle2</testName>
          <skipped>false</skipped>
          <failedSince>0</failedSince>
        </case>
        <case>
          <duration>0.001</duration>
          <className>hudson.util.CyclicGraphDetectorTest</className>
          <testName>cycle3</testName>
          <skipped>false</skipped>
          <failedSince>0</failedSince>
        </case>
      </cases>
    </suite>
    <suite>
      <file>/home/elst228/Desktop/cs498group11/Project13-demo/work/jobs/TestMaven/workspace/core/target/surefire-reports/TEST-hudson.util.DirScannerTest.xml</file>
      <name>hudson.util.DirScannerTest</name>
      <duration>0.055</duration>
      <time>0.055</time>
      <enclosingBlocks/>
      <enclosingBlockNames/>
      <cases>
        <case>
          <duration>0.051</duration>
          <className>hudson.util.DirScannerTest</className>
          <testName>globShouldUseDefaultExcludes</testName>
          <skipped>false</skipped>
          <failedSince>0</failedSince>
        </case>
        <case>
          <duration>0.004</duration>
          <className>hudson.util.DirScannerTest</className>
          <testName>globShouldIgnoreDefaultExcludesByRequest</testName>
          <skipped>false</skipped>
          <failedSince>0</failedSince>
        </case>
      </cases>
    </suite>
    <suite>
      <file>/home/elst228/Desktop/cs498group11/Project13-demo/work/jobs/TestMaven/workspace/core/target/surefire-reports/TEST-hudson.util.FormValidationTest.xml</file>
      <name>hudson.util.FormValidationTest</name>
      <duration>0.631</duration>
      <time>0.631</time>
      <enclosingBlocks/>
      <enclosingBlockNames/>
      <cases>
        <case>
          <duration>0.0</duration>
          <className>hudson.util.FormValidationTest</className>
          <testName>aggregateZeroValidations</testName>
          <skipped>false</skipped>
          <failedSince>0</failedSince>
        </case>
        <case>
          <duration>0.0</duration>
          <className>hudson.util.FormValidationTest</className>
          <testName>testValidateRequired_OK</testName>
          <skipped>false</skipped>
          <failedSince>0</failedSince>
        </case>
        <case>
          <duration>0.0</duration>
          <className>hudson.util.FormValidationTest</className>
          <testName>aggregateSingleValidations</testName>
          <skipped>false</skipped>
          <failedSince>0</failedSince>
        </case>
        <case>
          <duration>0.0</duration>
          <className>hudson.util.FormValidationTest</className>
          <testName>testMessage</testName>
          <skipped>false</skipped>
          <failedSince>0</failedSince>
        </case>
        <case>
          <duration>0.616</duration>
          <className>hudson.util.FormValidationTest</className>
          <testName>testValidateRequired_Null</testName>
          <skipped>false</skipped>
          <failedSince>0</failedSince>
        </case>
        <case>
          <duration>0.0</duration>
          <className>hudson.util.FormValidationTest</className>
          <testName>testValidateRequired_Empty</testName>
          <skipped>false</skipped>
          <failedSince>0</failedSince>
        </case>
        <case>
          <duration>0.0</duration>
          <className>hudson.util.FormValidationTest</className>
          <testName>aggregateSeveralValidations</testName>
          <skipped>false</skipped>
          <failedSince>0</failedSince>
        </case>
        <case>
          <duration>0.015</duration>
          <className>hudson.util.FormValidationTest</className>
          <testName>formValidationException</testName>
          <skipped>false</skipped>
          <failedSince>0</failedSince>
        </case>
      </cases>
    </suite>
    <suite>
      <file>/home/elst228/Desktop/cs498group11/Project13-demo/work/jobs/TestMaven/workspace/core/target/surefire-reports/TEST-hudson.util.IteratorsTest.xml</file>
      <name>hudson.util.IteratorsTest</name>
      <duration>0.002</duration>
      <time>0.002</time>
      <enclosingBlocks/>
      <enclosingBlockNames/>
      <cases>
        <case>
          <duration>0.001</duration>
          <className>hudson.util.IteratorsTest</className>
          <testName>reverseSequence</testName>
          <skipped>false</skipped>
          <failedSince>0</failedSince>
        </case>
        <case>
          <duration>0.001</duration>
          <className>hudson.util.IteratorsTest</className>
          <testName>wrap</testName>
          <skipped>false</skipped>
          <failedSince>0</failedSince>
        </case>
        <case>
          <duration>0.0</duration>
          <className>hudson.util.IteratorsTest</className>
          <testName>limit</testName>
          <skipped>false</skipped>
          <failedSince>0</failedSince>
        </case>
        <case>
          <duration>0.0</duration>
          <className>hudson.util.IteratorsTest</className>
          <testName>sequence</testName>
          <skipped>false</skipped>
          <failedSince>0</failedSince>
        </case>
      </cases>
    </suite>
    <suite>
      <file>/home/elst228/Desktop/cs498group11/Project13-demo/work/jobs/TestMaven/workspace/core/target/surefire-reports/TEST-hudson.util.LineEndNormalizingWriterTest.xml</file>
      <name>hudson.util.LineEndNormalizingWriterTest</name>
      <duration>0.001</duration>
      <time>0.001</time>
      <enclosingBlocks/>
      <enclosingBlockNames/>
      <cases>
        <case>
          <duration>0.0</duration>
          <className>hudson.util.LineEndNormalizingWriterTest</className>
          <testName>test1</testName>
          <skipped>false</skipped>
          <failedSince>0</failedSince>
        </case>
        <case>
          <duration>0.001</duration>
          <className>hudson.util.LineEndNormalizingWriterTest</className>
          <testName>test2</testName>
          <skipped>false</skipped>
          <failedSince>0</failedSince>
        </case>
        <case>
          <duration>0.0</duration>
          <className>hudson.util.LineEndNormalizingWriterTest</className>
          <testName>test3</testName>
          <skipped>false</skipped>
          <failedSince>0</failedSince>
        </case>
      </cases>
    </suite>
    <suite>
      <file>/home/elst228/Desktop/cs498group11/Project13-demo/work/jobs/TestMaven/workspace/core/target/surefire-reports/TEST-hudson.util.PackedMapTest.xml</file>
      <name>hudson.util.PackedMapTest</name>
      <duration>0.006</duration>
      <time>0.006</time>
      <enclosingBlocks/>
      <enclosingBlockNames/>
      <cases>
        <case>
          <duration>0.006</duration>
          <className>hudson.util.PackedMapTest</className>
          <testName>basic</testName>
          <skipped>false</skipped>
          <failedSince>0</failedSince>
        </case>
      </cases>
    </suite>
    <suite>
      <file>/home/elst228/Desktop/cs498group11/Project13-demo/work/jobs/TestMaven/workspace/core/target/surefire-reports/TEST-hudson.util.ProcessTreeTest.xml</file>
      <name>hudson.util.ProcessTreeTest</name>
      <duration>0.467</duration>
      <time>0.467</time>
      <enclosingBlocks/>
      <enclosingBlockNames/>
      <cases>
        <case>
          <duration>0.467</duration>
          <className>hudson.util.ProcessTreeTest</className>
          <testName>remoting</testName>
          <skipped>false</skipped>
          <failedSince>0</failedSince>
        </case>
      </cases>
    </suite>
    <suite>
      <file>/home/elst228/Desktop/cs498group11/Project13-demo/work/jobs/TestMaven/workspace/core/target/surefire-reports/TEST-hudson.util.QuotedStringTokenizerTest.xml</file>
      <name>hudson.util.QuotedStringTokenizerTest</name>
      <duration>0.002</duration>
      <time>0.002</time>
      <enclosingBlocks/>
      <enclosingBlockNames/>
      <cases>
        <case>
          <duration>0.001</duration>
          <className>hudson.util.QuotedStringTokenizerTest</className>
          <testName>test1</testName>
          <skipped>false</skipped>
          <failedSince>0</failedSince>
        </case>
        <case>
          <duration>0.0</duration>
          <className>hudson.util.QuotedStringTokenizerTest</className>
          <testName>test2</testName>
          <skipped>false</skipped>
          <failedSince>0</failedSince>
        </case>
        <case>
          <duration>0.0</duration>
          <className>hudson.util.QuotedStringTokenizerTest</className>
          <testName>test3</testName>
          <skipped>false</skipped>
          <failedSince>0</failedSince>
        </case>
        <case>
          <duration>0.0</duration>
          <className>hudson.util.QuotedStringTokenizerTest</className>
          <testName>test4</testName>
          <skipped>false</skipped>
          <failedSince>0</failedSince>
        </case>
        <case>
          <duration>0.0</duration>
          <className>hudson.util.QuotedStringTokenizerTest</className>
          <testName>test5</testName>
          <skipped>false</skipped>
          <failedSince>0</failedSince>
        </case>
        <case>
          <duration>0.001</duration>
          <className>hudson.util.QuotedStringTokenizerTest</className>
          <testName>test6</testName>
          <skipped>false</skipped>
          <failedSince>0</failedSince>
        </case>
        <case>
          <duration>0.0</duration>
          <className>hudson.util.QuotedStringTokenizerTest</className>
          <testName>test7</testName>
          <skipped>false</skipped>
          <failedSince>0</failedSince>
        </case>
      </cases>
    </suite>
    <suite>
      <file>/home/elst228/Desktop/cs498group11/Project13-demo/work/jobs/TestMaven/workspace/core/target/surefire-reports/TEST-hudson.util.RobustReflectionConverterTest.xml</file>
      <name>hudson.util.RobustReflectionConverterTest</name>
      <duration>0.04</duration>
      <time>0.04</time>
      <enclosingBlocks/>
      <enclosingBlockNames/>
      <cases>
        <case>
          <duration>0.006</duration>
          <className>hudson.util.RobustReflectionConverterTest</className>
          <testName>robustUnmarshalling</testName>
          <skipped>false</skipped>
          <failedSince>0</failedSince>
        </case>
        <case>
          <duration>0.028</duration>
          <className>hudson.util.RobustReflectionConverterTest</className>
          <testName>classOwnership</testName>
          <skipped>false</skipped>
          <failedSince>0</failedSince>
        </case>
        <case>
          <duration>0.006</duration>
          <className>hudson.util.RobustReflectionConverterTest</className>
          <testName>ifWorkaroundNeeded</testName>
          <skipped>false</skipped>
          <failedSince>0</failedSince>
        </case>
      </cases>
    </suite>
    <suite>
      <file>/home/elst228/Desktop/cs498group11/Project13-demo/work/jobs/TestMaven/workspace/core/target/surefire-reports/TEST-hudson.util.RunListTest.xml</file>
      <name>hudson.util.RunListTest</name>
      <duration>1.882</duration>
      <time>1.882</time>
      <enclosingBlocks/>
      <enclosingBlockNames/>
      <cases>
        <case>
          <duration>0.668</duration>
          <className>hudson.util.RunListTest</className>
          <testName>byTimestampAllRuns</testName>
          <skipped>false</skipped>
          <failedSince>0</failedSince>
        </case>
        <case>
          <duration>0.649</duration>
          <className>hudson.util.RunListTest</className>
          <testName>byTimestampFirstRun</testName>
          <skipped>false</skipped>
          <failedSince>0</failedSince>
        </case>
        <case>
          <duration>0.565</duration>
          <className>hudson.util.RunListTest</className>
          <testName>byTimestampLastRun</testName>
          <skipped>false</skipped>
          <failedSince>0</failedSince>
        </case>
      </cases>
    </suite>
    <suite>
      <file>/home/elst228/Desktop/cs498group11/Project13-demo/work/jobs/TestMaven/workspace/core/target/surefire-reports/TEST-hudson.util.SecretRewriterTest.xml</file>
      <name>hudson.util.SecretRewriterTest</name>
      <duration>0.421</duration>
      <time>0.421</time>
      <enclosingBlocks/>
      <enclosingBlockNames/>
      <cases>
        <case>
          <duration>0.303</duration>
          <className>hudson.util.SecretRewriterTest</className>
          <testName>singleFileRewrite</testName>
          <skipped>false</skipped>
          <failedSince>0</failedSince>
        </case>
        <case>
          <duration>0.118</duration>
          <className>hudson.util.SecretRewriterTest</className>
          <testName>recursionDetection</testName>
          <skipped>false</skipped>
          <failedSince>0</failedSince>
        </case>
      </cases>
    </suite>
    <suite>
      <file>/home/elst228/Desktop/cs498group11/Project13-demo/work/jobs/TestMaven/workspace/core/target/surefire-reports/TEST-hudson.util.SecretTest.xml</file>
      <name>hudson.util.SecretTest</name>
      <duration>0.157</duration>
      <time>0.157</time>
      <enclosingBlocks/>
      <enclosingBlockNames/>
      <cases>
        <case>
          <duration>0.022</duration>
          <className>hudson.util.SecretTest</className>
          <testName>testEncrypt</testName>
          <skipped>false</skipped>
          <failedSince>0</failedSince>
        </case>
        <case>
          <duration>0.068</duration>
          <className>hudson.util.SecretTest</className>
          <testName>testSerialization</testName>
          <skipped>false</skipped>
          <failedSince>0</failedSince>
        </case>
        <case>
          <duration>0.013</duration>
          <className>hudson.util.SecretTest</className>
          <testName>migrationFromLegacyKeyToConfidentialStore</testName>
          <skipped>false</skipped>
          <failedSince>0</failedSince>
        </case>
        <case>
          <duration>0.039</duration>
          <className>hudson.util.SecretTest</className>
          <testName>testCompatibilityFromString</testName>
          <skipped>false</skipped>
          <failedSince>0</failedSince>
        </case>
        <case>
          <duration>0.015</duration>
          <className>hudson.util.SecretTest</className>
          <testName>testDecrypt</testName>
          <skipped>false</skipped>
          <failedSince>0</failedSince>
        </case>
      </cases>
    </suite>
    <suite>
      <file>/home/elst228/Desktop/cs498group11/Project13-demo/work/jobs/TestMaven/workspace/core/target/surefire-reports/TEST-hudson.util.SubClassGeneratorTest.xml</file>
      <name>hudson.util.SubClassGeneratorTest</name>
      <duration>0.01</duration>
      <time>0.01</time>
      <enclosingBlocks/>
      <enclosingBlockNames/>
      <cases>
        <case>
          <duration>0.01</duration>
          <className>hudson.util.SubClassGeneratorTest</className>
          <testName>foo</testName>
          <skipped>false</skipped>
          <failedSince>0</failedSince>
        </case>
      </cases>
    </suite>
    <suite>
      <file>/home/elst228/Desktop/cs498group11/Project13-demo/work/jobs/TestMaven/workspace/core/target/surefire-reports/TEST-hudson.util.XStream2EncodingTest.xml</file>
      <name>hudson.util.XStream2EncodingTest</name>
      <duration>0.027</duration>
      <time>0.027</time>
      <enclosingBlocks/>
      <enclosingBlockNames/>
      <cases>
        <case>
          <duration>0.023</duration>
          <className>hudson.util.XStream2EncodingTest</className>
          <testName>toXMLUTF8</testName>
          <skipped>false</skipped>
          <failedSince>0</failedSince>
        </case>
        <case>
          <duration>0.004</duration>
          <className>hudson.util.XStream2EncodingTest</className>
          <testName>toXMLUnspecifiedEncoding</testName>
          <skipped>false</skipped>
          <failedSince>0</failedSince>
        </case>
      </cases>
    </suite>
    <suite>
      <file>/home/elst228/Desktop/cs498group11/Project13-demo/work/jobs/TestMaven/workspace/core/target/surefire-reports/TEST-hudson.util.XStream2Test.xml</file>
      <name>hudson.util.XStream2Test</name>
      <duration>0.083</duration>
      <time>0.083</time>
      <enclosingBlocks/>
      <enclosingBlockNames/>
      <cases>
        <case>
          <duration>0.005</duration>
          <className>hudson.util.XStream2Test</className>
          <testName>xmlRoundTrip</testName>
          <skipped>false</skipped>
          <failedSince>0</failedSince>
        </case>
        <case>
          <duration>0.022</duration>
          <className>hudson.util.XStream2Test</className>
          <testName>immutableList</testName>
          <skipped>false</skipped>
          <failedSince>0</failedSince>
        </case>
        <case>
          <duration>0.001</duration>
          <className>hudson.util.XStream2Test</className>
          <testName>emptyStack</testName>
          <skipped>false</skipped>
          <failedSince>0</failedSince>
        </case>
        <case>
          <duration>0.0</duration>
          <className>hudson.util.XStream2Test</className>
          <testName>trimVersion</testName>
          <skipped>false</skipped>
          <failedSince>0</failedSince>
        </case>
        <case>
          <duration>0.005</duration>
          <className>hudson.util.XStream2Test</className>
          <testName>xStream11Compatibility</testName>
          <skipped>false</skipped>
          <failedSince>0</failedSince>
        </case>
        <case>
          <duration>0.003</duration>
          <className>hudson.util.XStream2Test</className>
          <testName>marshalValue</testName>
          <skipped>false</skipped>
          <failedSince>0</failedSince>
        </case>
        <case>
          <duration>0.019</duration>
          <className>hudson.util.XStream2Test</className>
          <testName>immutableMap</testName>
          <skipped>false</skipped>
          <failedSince>0</failedSince>
        </case>
        <case>
          <duration>0.003</duration>
          <className>hudson.util.XStream2Test</className>
          <testName>dynamicProxyBlocked</testName>
          <skipped>false</skipped>
          <failedSince>0</failedSince>
        </case>
        <case>
          <duration>0.006</duration>
          <className>hudson.util.XStream2Test</className>
          <testName>compatibilityAlias</testName>
          <skipped>false</skipped>
          <failedSince>0</failedSince>
        </case>
        <case>
          <duration>0.019</duration>
          <className>hudson.util.XStream2Test</className>
          <testName>unmarshalThrowableMissingField</testName>
          <skipped>false</skipped>
          <failedSince>0</failedSince>
        </case>
      </cases>
    </suite>
    <suite>
      <file>/home/elst228/Desktop/cs498group11/Project13-demo/work/jobs/TestMaven/workspace/core/target/surefire-reports/TEST-hudson.util.io.ReopenableRotatingFileOutputStreamTest.xml</file>
      <name>hudson.util.io.ReopenableRotatingFileOutputStreamTest</name>
      <duration>0.023</duration>
      <time>0.023</time>
      <enclosingBlocks/>
      <enclosingBlockNames/>
      <cases>
        <case>
          <duration>0.023</duration>
          <className>hudson.util.io.ReopenableRotatingFileOutputStreamTest</className>
          <testName>rotation</testName>
          <skipped>false</skipped>
          <failedSince>0</failedSince>
        </case>
      </cases>
    </suite>
    <suite>
      <file>/home/elst228/Desktop/cs498group11/Project13-demo/work/jobs/TestMaven/workspace/core/target/surefire-reports/TEST-hudson.util.io.TarArchiverTest.xml</file>
      <name>hudson.util.io.TarArchiverTest</name>
      <duration>0.242</duration>
      <time>0.242</time>
      <enclosingBlocks/>
      <enclosingBlockNames/>
      <cases>
        <case>
          <duration>0.03</duration>
          <className>hudson.util.io.TarArchiverTest</className>
          <testName>brokenSymlinks</testName>
          <skipped>false</skipped>
          <failedSince>0</failedSince>
        </case>
        <case>
          <duration>0.212</duration>
          <className>hudson.util.io.TarArchiverTest</className>
          <testName>permission</testName>
          <skipped>false</skipped>
          <failedSince>0</failedSince>
        </case>
      </cases>
    </suite>
    <suite>
      <file>/home/elst228/Desktop/cs498group11/Project13-demo/work/jobs/TestMaven/workspace/core/target/surefire-reports/TEST-hudson.util.io.ZipArchiverTest.xml</file>
      <name>hudson.util.io.ZipArchiverTest</name>
      <duration>0.018</duration>
      <time>0.018</time>
      <enclosingBlocks/>
      <enclosingBlockNames/>
      <cases>
        <case>
          <duration>0.018</duration>
          <className>hudson.util.io.ZipArchiverTest</className>
          <testName>backwardsSlashesOnWindows</testName>
          <skipped>false</skipped>
          <failedSince>0</failedSince>
        </case>
      </cases>
    </suite>
    <suite>
      <file>/home/elst228/Desktop/cs498group11/Project13-demo/work/jobs/TestMaven/workspace/core/target/surefire-reports/TEST-jenkins.RemotingJarSignatureTest.xml</file>
      <name>jenkins.RemotingJarSignatureTest</name>
      <duration>0.172</duration>
      <time>0.172</time>
      <enclosingBlocks/>
      <enclosingBlockNames/>
      <cases>
        <case>
          <duration>0.172</duration>
          <className>jenkins.RemotingJarSignatureTest</className>
          <testName>testSignature</testName>
          <skipped>false</skipped>
          <failedSince>0</failedSince>
        </case>
      </cases>
    </suite>
    <suite>
      <file>/home/elst228/Desktop/cs498group11/Project13-demo/work/jobs/TestMaven/workspace/core/target/surefire-reports/TEST-jenkins.ResilientJsonObjectTest.xml</file>
      <name>jenkins.ResilientJsonObjectTest</name>
      <duration>0.085</duration>
      <time>0.085</time>
      <enclosingBlocks/>
      <enclosingBlockNames/>
      <cases>
        <case>
          <duration>0.085</duration>
          <className>jenkins.ResilientJsonObjectTest</className>
          <testName>databindingShouldIgnoreUnrecognizedJsonProperty</testName>
          <skipped>false</skipped>
          <failedSince>0</failedSince>
        </case>
      </cases>
    </suite>
    <suite>
      <file>/home/elst228/Desktop/cs498group11/Project13-demo/work/jobs/TestMaven/workspace/core/target/surefire-reports/TEST-jenkins.model.CoreEnvironmentContributorTest.xml</file>
      <name>jenkins.model.CoreEnvironmentContributorTest</name>
      <duration>2.522</duration>
      <time>2.522</time>
      <enclosingBlocks/>
      <enclosingBlockNames/>
      <cases>
        <case>
          <duration>2.522</duration>
          <className>jenkins.model.CoreEnvironmentContributorTest</className>
          <testName>buildEnvironmentForJobShouldntUseCurrentComputer</testName>
          <skipped>false</skipped>
          <failedSince>0</failedSince>
        </case>
      </cases>
    </suite>
    <suite>
      <file>/home/elst228/Desktop/cs498group11/Project13-demo/work/jobs/TestMaven/workspace/core/target/surefire-reports/TEST-jenkins.model.IdStrategyTest.xml</file>
      <name>jenkins.model.IdStrategyTest</name>
      <duration>0.001</duration>
      <time>0.001</time>
      <enclosingBlocks/>
      <enclosingBlockNames/>
      <cases>
        <case>
          <duration>0.001</duration>
          <className>jenkins.model.IdStrategyTest</className>
          <testName>inputRegex</testName>
          <skipped>false</skipped>
          <failedSince>0</failedSince>
        </case>
        <case>
          <duration>0.0</duration>
          <className>jenkins.model.IdStrategyTest</className>
          <testName>inputNotRegex</testName>
          <skipped>false</skipped>
          <failedSince>0</failedSince>
        </case>
      </cases>
    </suite>
    <suite>
      <file>/home/elst228/Desktop/cs498group11/Project13-demo/work/jobs/TestMaven/workspace/core/target/surefire-reports/TEST-jenkins.model.JenkinsDescriptorTest.xml</file>
      <name>jenkins.model.JenkinsDescriptorTest</name>
      <duration>1.165</duration>
      <time>1.165</time>
      <enclosingBlocks/>
      <enclosingBlockNames/>
      <cases>
        <case>
          <duration>1.165</duration>
          <className>jenkins.model.JenkinsDescriptorTest</className>
          <testName>testBuildDirValidation</testName>
          <skipped>false</skipped>
          <failedSince>0</failedSince>
        </case>
      </cases>
    </suite>
    <suite>
      <file>/home/elst228/Desktop/cs498group11/Project13-demo/work/jobs/TestMaven/workspace/core/target/surefire-reports/TEST-jenkins.model.JenkinsGetRootUrlTest.xml</file>
      <name>jenkins.model.JenkinsGetRootUrlTest</name>
      <duration>1.405</duration>
      <time>1.405</time>
      <enclosingBlocks/>
      <enclosingBlockNames/>
      <cases>
        <case>
          <duration>1.266</duration>
          <className>jenkins.model.JenkinsGetRootUrlTest</className>
          <testName>getConfiguredRootUrl</testName>
          <skipped>false</skipped>
          <failedSince>0</failedSince>
        </case>
        <case>
          <duration>0.059</duration>
          <className>jenkins.model.JenkinsGetRootUrlTest</className>
          <testName>getAccessedRootUrl</testName>
          <skipped>false</skipped>
          <failedSince>0</failedSince>
        </case>
        <case>
          <duration>0.009</duration>
          <className>jenkins.model.JenkinsGetRootUrlTest</className>
          <testName>preferConfiguredOverAccessed</testName>
          <skipped>false</skipped>
          <failedSince>0</failedSince>
        </case>
        <case>
          <duration>0.013</duration>
          <className>jenkins.model.JenkinsGetRootUrlTest</className>
          <testName>doNotInheritProtocolWhenDispatchingRequest</testName>
          <skipped>false</skipped>
          <failedSince>0</failedSince>
        </case>
        <case>
          <duration>0.013</duration>
          <className>jenkins.model.JenkinsGetRootUrlTest</className>
          <testName>doNotInheritProtocolWhenDispatchingRequest2</testName>
          <skipped>false</skipped>
          <failedSince>0</failedSince>
        </case>
        <case>
          <duration>0.045</duration>
          <className>jenkins.model.JenkinsGetRootUrlTest</className>
          <testName>useForwardedProtoWhenPresent</testName>
          <skipped>false</skipped>
          <failedSince>0</failedSince>
        </case>
      </cases>
    </suite>
    <suite>
      <file>/home/elst228/Desktop/cs498group11/Project13-demo/work/jobs/TestMaven/workspace/core/target/surefire-reports/TEST-jenkins.model.PeepholePermalinkTest.xml</file>
      <name>jenkins.model.PeepholePermalinkTest</name>
      <duration>0.041</duration>
      <time>0.041</time>
      <enclosingBlocks/>
      <enclosingBlockNames/>
      <cases>
        <case>
          <duration>0.041</duration>
          <className>jenkins.model.PeepholePermalinkTest</className>
          <testName>symlinks</testName>
          <skipped>false</skipped>
          <failedSince>0</failedSince>
        </case>
      </cases>
    </suite>
    <suite>
      <file>/home/elst228/Desktop/cs498group11/Project13-demo/work/jobs/TestMaven/workspace/core/target/surefire-reports/TEST-jenkins.model.RunIdMigratorTest.xml</file>
      <name>jenkins.model.RunIdMigratorTest</name>
      <duration>0.209</duration>
      <time>0.209</time>
      <enclosingBlocks/>
      <enclosingBlockNames/>
      <cases>
        <case>
          <duration>0.029</duration>
          <className>jenkins.model.RunIdMigratorTest</className>
          <testName>reverseImmediately</testName>
          <skipped>false</skipped>
          <failedSince>0</failedSince>
        </case>
        <case>
          <duration>0.029</duration>
          <className>jenkins.model.RunIdMigratorTest</className>
          <testName>reverseAfterNewBuilds</testName>
          <skipped>false</skipped>
          <failedSince>0</failedSince>
        </case>
        <case>
          <duration>0.084</duration>
          <className>jenkins.model.RunIdMigratorTest</className>
          <testName>legacy</testName>
          <skipped>false</skipped>
          <failedSince>0</failedSince>
        </case>
        <case>
          <duration>0.004</duration>
          <className>jenkins.model.RunIdMigratorTest</className>
          <testName>newJob</testName>
          <skipped>false</skipped>
          <failedSince>0</failedSince>
        </case>
        <case>
          <duration>0.005</duration>
          <className>jenkins.model.RunIdMigratorTest</className>
          <testName>move</testName>
          <skipped>false</skipped>
          <failedSince>0</failedSince>
        </case>
        <case>
          <duration>0.058</duration>
          <className>jenkins.model.RunIdMigratorTest</className>
          <testName>reRunMigration</testName>
          <skipped>false</skipped>
          <failedSince>0</failedSince>
        </case>
      </cases>
    </suite>
    <suite>
      <file>/home/elst228/Desktop/cs498group11/Project13-demo/work/jobs/TestMaven/workspace/core/target/surefire-reports/TEST-jenkins.model.lazy.AbstractLazyLoadRunMapTest.xml</file>
      <name>jenkins.model.lazy.AbstractLazyLoadRunMapTest</name>
      <duration>0.472</duration>
      <time>0.472</time>
      <enclosingBlocks/>
      <enclosingBlockNames/>
      <cases>
        <case>
          <duration>0.319</duration>
          <className>jenkins.model.lazy.AbstractLazyLoadRunMapTest</className>
          <testName>entrySetContains</testName>
          <skipped>false</skipped>
          <failedSince>0</failedSince>
        </case>
        <case>
          <duration>0.002</duration>
          <className>jenkins.model.lazy.AbstractLazyLoadRunMapTest</className>
          <testName>idempotentLookup</testName>
          <skipped>false</skipped>
          <failedSince>0</failedSince>
        </case>
        <case>
          <duration>0.003</duration>
          <className>jenkins.model.lazy.AbstractLazyLoadRunMapTest</className>
          <testName>searchExactWhenIndexedButSoftReferenceExpired</testName>
          <skipped>false</skipped>
          <failedSince>0</failedSince>
        </case>
        <case>
          <duration>0.004</duration>
          <className>jenkins.model.lazy.AbstractLazyLoadRunMapTest</className>
          <testName>entrySetSize</testName>
          <skipped>false</skipped>
          <failedSince>0</failedSince>
        </case>
        <case>
          <duration>0.003</duration>
          <className>jenkins.model.lazy.AbstractLazyLoadRunMapTest</className>
          <testName>entrySetChanges</testName>
          <skipped>false</skipped>
          <failedSince>0</failedSince>
        </case>
        <case>
          <duration>0.089</duration>
          <className>jenkins.model.lazy.AbstractLazyLoadRunMapTest</className>
          <testName>fastSubMap</testName>
          <skipped>false</skipped>
          <failedSince>0</failedSince>
        </case>
        <case>
          <duration>0.005</duration>
          <className>jenkins.model.lazy.AbstractLazyLoadRunMapTest</className>
          <testName>lookup</testName>
          <skipped>false</skipped>
          <failedSince>0</failedSince>
        </case>
        <case>
          <duration>0.002</duration>
          <className>jenkins.model.lazy.AbstractLazyLoadRunMapTest</className>
          <testName>search</testName>
          <skipped>false</skipped>
          <failedSince>0</failedSince>
        </case>
        <case>
          <duration>0.002</duration>
          <className>jenkins.model.lazy.AbstractLazyLoadRunMapTest</className>
          <testName>firstKey</testName>
          <skipped>false</skipped>
          <failedSince>0</failedSince>
        </case>
        <case>
          <duration>0.003</duration>
          <className>jenkins.model.lazy.AbstractLazyLoadRunMapTest</className>
          <testName>entrySetIterator</testName>
          <skipped>false</skipped>
          <failedSince>0</failedSince>
        </case>
        <case>
          <duration>0.002</duration>
          <className>jenkins.model.lazy.AbstractLazyLoadRunMapTest</className>
          <testName>lookupWithBogusKeyType</testName>
          <skipped>false</skipped>
          <failedSince>0</failedSince>
        </case>
        <case>
          <duration>0.01</duration>
          <className>jenkins.model.lazy.AbstractLazyLoadRunMapTest</className>
          <testName>eagerLoading</testName>
          <skipped>false</skipped>
          <failedSince>0</failedSince>
        </case>
        <case>
          <duration>0.002</duration>
          <className>jenkins.model.lazy.AbstractLazyLoadRunMapTest</className>
          <testName>identity</testName>
          <skipped>false</skipped>
          <failedSince>0</failedSince>
        </case>
        <case>
          <duration>0.002</duration>
          <className>jenkins.model.lazy.AbstractLazyLoadRunMapTest</className>
          <testName>lastKey</testName>
          <skipped>false</skipped>
          <failedSince>0</failedSince>
        </case>
        <case>
          <duration>0.004</duration>
          <className>jenkins.model.lazy.AbstractLazyLoadRunMapTest</className>
          <testName>all</testName>
          <skipped>false</skipped>
          <failedSince>0</failedSince>
        </case>
        <case>
          <duration>0.002</duration>
          <className>jenkins.model.lazy.AbstractLazyLoadRunMapTest</className>
          <testName>entrySetEmpty</testName>
          <skipped>false</skipped>
          <failedSince>0</failedSince>
        </case>
        <case>
          <duration>0.002</duration>
          <className>jenkins.model.lazy.AbstractLazyLoadRunMapTest</className>
          <testName>lookup2</testName>
          <skipped>false</skipped>
          <failedSince>0</failedSince>
        </case>
        <case>
          <duration>0.003</duration>
          <className>jenkins.model.lazy.AbstractLazyLoadRunMapTest</className>
          <testName>headMap</testName>
          <skipped>false</skipped>
          <failedSince>0</failedSince>
        </case>
        <case>
          <duration>0.007</duration>
          <className>jenkins.model.lazy.AbstractLazyLoadRunMapTest</className>
          <testName>unloadableData</testName>
          <skipped>false</skipped>
          <failedSince>0</failedSince>
        </case>
        <case>
          <duration>0.002</duration>
          <className>jenkins.model.lazy.AbstractLazyLoadRunMapTest</className>
          <testName>exactSearchShouldNotReload</testName>
          <skipped>false</skipped>
          <failedSince>0</failedSince>
        </case>
        <case>
          <duration>0.004</duration>
          <className>jenkins.model.lazy.AbstractLazyLoadRunMapTest</className>
          <testName>indexOutOfBounds</testName>
          <skipped>false</skipped>
          <failedSince>0</failedSince>
        </case>
      </cases>
    </suite>
    <suite>
      <file>/home/elst228/Desktop/cs498group11/Project13-demo/work/jobs/TestMaven/workspace/core/target/surefire-reports/TEST-jenkins.model.lazy.SortedIntListTest.xml</file>
      <name>jenkins.model.lazy.SortedIntListTest</name>
      <duration>0.002</duration>
      <time>0.002</time>
      <enclosingBlocks/>
      <enclosingBlockNames/>
      <cases>
        <case>
          <duration>0.002</duration>
          <className>jenkins.model.lazy.SortedIntListTest</className>
          <testName>testLower</testName>
          <skipped>false</skipped>
          <failedSince>0</failedSince>
        </case>
        <case>
          <duration>0.0</duration>
          <className>jenkins.model.lazy.SortedIntListTest</className>
          <testName>ceil</testName>
          <skipped>false</skipped>
          <failedSince>0</failedSince>
        </case>
      </cases>
    </suite>
    <suite>
      <file>/home/elst228/Desktop/cs498group11/Project13-demo/work/jobs/TestMaven/workspace/core/target/surefire-reports/TEST-jenkins.model.lazy.SortedListTest.xml</file>
      <name>jenkins.model.lazy.SortedListTest</name>
      <duration>0.002</duration>
      <time>0.002</time>
      <enclosingBlocks/>
      <enclosingBlockNames/>
      <cases>
        <case>
          <duration>0.0</duration>
          <className>jenkins.model.lazy.SortedListTest</className>
          <testName>testClone</testName>
          <skipped>false</skipped>
          <failedSince>0</failedSince>
        </case>
        <case>
          <duration>0.001</duration>
          <className>jenkins.model.lazy.SortedListTest</className>
          <testName>testFloor</testName>
          <skipped>false</skipped>
          <failedSince>0</failedSince>
        </case>
        <case>
          <duration>0.0</duration>
          <className>jenkins.model.lazy.SortedListTest</className>
          <testName>testLower</testName>
          <skipped>false</skipped>
          <failedSince>0</failedSince>
        </case>
        <case>
          <duration>0.0</duration>
          <className>jenkins.model.lazy.SortedListTest</className>
          <testName>testRange</testName>
          <skipped>false</skipped>
          <failedSince>0</failedSince>
        </case>
        <case>
          <duration>0.001</duration>
          <className>jenkins.model.lazy.SortedListTest</className>
          <testName>testCeil</testName>
          <skipped>false</skipped>
          <failedSince>0</failedSince>
        </case>
        <case>
          <duration>0.0</duration>
          <className>jenkins.model.lazy.SortedListTest</className>
          <testName>remove</testName>
          <skipped>false</skipped>
          <failedSince>0</failedSince>
        </case>
        <case>
          <duration>0.0</duration>
          <className>jenkins.model.lazy.SortedListTest</className>
          <testName>testHigher</testName>
          <skipped>false</skipped>
          <failedSince>0</failedSince>
        </case>
      </cases>
    </suite>
    <suite>
      <file>/home/elst228/Desktop/cs498group11/Project13-demo/work/jobs/TestMaven/workspace/core/target/surefire-reports/TEST-jenkins.security.CryptoConfidentialKeyTest.xml</file>
      <name>jenkins.security.CryptoConfidentialKeyTest</name>
      <duration>0.043</duration>
      <time>0.043</time>
      <enclosingBlocks/>
      <enclosingBlockNames/>
      <cases>
        <case>
          <duration>0.026</duration>
          <className>jenkins.security.CryptoConfidentialKeyTest</className>
          <testName>loadingExistingKey</testName>
          <skipped>false</skipped>
          <failedSince>0</failedSince>
        </case>
        <case>
          <duration>0.009</duration>
          <className>jenkins.security.CryptoConfidentialKeyTest</className>
          <testName>multipleEncryptsAreIdempotent</testName>
          <skipped>false</skipped>
          <failedSince>0</failedSince>
        </case>
        <case>
          <duration>0.008</duration>
          <className>jenkins.security.CryptoConfidentialKeyTest</className>
          <testName>decryptGetsPlainTextBack</testName>
          <skipped>false</skipped>
          <failedSince>0</failedSince>
        </case>
      </cases>
    </suite>
    <suite>
      <file>/home/elst228/Desktop/cs498group11/Project13-demo/work/jobs/TestMaven/workspace/core/target/surefire-reports/TEST-jenkins.security.DefaultConfidentialStoreTest.xml</file>
      <name>jenkins.security.DefaultConfidentialStoreTest</name>
      <duration>0.743</duration>
      <time>0.743</time>
      <enclosingBlocks/>
      <enclosingBlockNames/>
      <cases>
        <case>
          <duration>0.743</duration>
          <className>jenkins.security.DefaultConfidentialStoreTest</className>
          <testName>roundtrip</testName>
          <skipped>false</skipped>
          <failedSince>0</failedSince>
        </case>
      </cases>
    </suite>
    <suite>
      <file>/home/elst228/Desktop/cs498group11/Project13-demo/work/jobs/TestMaven/workspace/core/target/surefire-reports/TEST-jenkins.security.HMACConfidentialKeyTest.xml</file>
      <name>jenkins.security.HMACConfidentialKeyTest</name>
      <duration>0.269</duration>
      <time>0.269</time>
      <enclosingBlocks/>
      <enclosingBlockNames/>
      <cases>
        <case>
          <duration>0.217</duration>
          <className>jenkins.security.HMACConfidentialKeyTest</className>
          <testName>loadingExistingKey</testName>
          <skipped>false</skipped>
          <failedSince>0</failedSince>
        </case>
        <case>
          <duration>0.052</duration>
          <className>jenkins.security.HMACConfidentialKeyTest</className>
          <testName>basics</testName>
          <skipped>false</skipped>
          <failedSince>0</failedSince>
        </case>
      </cases>
    </suite>
    <suite>
      <file>/home/elst228/Desktop/cs498group11/Project13-demo/work/jobs/TestMaven/workspace/core/target/surefire-reports/TEST-jenkins.security.HexStringConfidentialKeyTest.xml</file>
      <name>jenkins.security.HexStringConfidentialKeyTest</name>
      <duration>0.1</duration>
      <time>0.1</time>
      <enclosingBlocks/>
      <enclosingBlockNames/>
      <cases>
        <case>
          <duration>0.012</duration>
          <className>jenkins.security.HexStringConfidentialKeyTest</className>
          <testName>loadingExistingKey</testName>
          <skipped>false</skipped>
          <failedSince>0</failedSince>
        </case>
        <case>
          <duration>0.014</duration>
          <className>jenkins.security.HexStringConfidentialKeyTest</className>
          <testName>multipleGetsAreIdempotent</testName>
          <skipped>false</skipped>
          <failedSince>0</failedSince>
        </case>
        <case>
          <duration>0.043</duration>
          <className>jenkins.security.HexStringConfidentialKeyTest</className>
          <testName>hexStringShouldProduceHexString</testName>
          <skipped>false</skipped>
          <failedSince>0</failedSince>
        </case>
        <case>
          <duration>0.031</duration>
          <className>jenkins.security.HexStringConfidentialKeyTest</className>
          <testName>specifyLengthAndMakeSureItTakesEffect</testName>
          <skipped>false</skipped>
          <failedSince>0</failedSince>
        </case>
      </cases>
    </suite>
    <suite>
      <file>/home/elst228/Desktop/cs498group11/Project13-demo/work/jobs/TestMaven/workspace/core/target/surefire-reports/TEST-jenkins.util.AtmostOneTaskExecutorTest.xml</file>
      <name>jenkins.util.AtmostOneTaskExecutorTest</name>
      <duration>0.563</duration>
      <time>0.563</time>
      <enclosingBlocks/>
      <enclosingBlockNames/>
      <cases>
        <case>
          <duration>0.563</duration>
          <className>jenkins.util.AtmostOneTaskExecutorTest</className>
          <testName>doubleBooking</testName>
          <skipped>false</skipped>
          <failedSince>0</failedSince>
        </case>
      </cases>
    </suite>
    <suite>
      <file>/home/elst228/Desktop/cs498group11/Project13-demo/work/jobs/TestMaven/workspace/core/target/surefire-reports/TEST-jenkins.util.MarkFindingOutputStreamTest.xml</file>
      <name>jenkins.util.MarkFindingOutputStreamTest</name>
      <duration>0.001</duration>
      <time>0.001</time>
      <enclosingBlocks/>
      <enclosingBlockNames/>
      <cases>
        <case>
          <duration>0.0</duration>
          <className>jenkins.util.MarkFindingOutputStreamTest</className>
          <testName>closeInTheMiddle</testName>
          <skipped>false</skipped>
          <failedSince>0</failedSince>
        </case>
        <case>
          <duration>0.0</duration>
          <className>jenkins.util.MarkFindingOutputStreamTest</className>
          <testName>findTwice</testName>
          <skipped>false</skipped>
          <failedSince>0</failedSince>
        </case>
        <case>
          <duration>0.0</duration>
          <className>jenkins.util.MarkFindingOutputStreamTest</className>
          <testName>writeOneHoldOff</testName>
          <skipped>false</skipped>
          <failedSince>0</failedSince>
        </case>
        <case>
          <duration>0.0</duration>
          <className>jenkins.util.MarkFindingOutputStreamTest</className>
          <testName>partialMatchTurnsOutToBeWrongIn2ndWrite</testName>
          <skipped>false</skipped>
          <failedSince>0</failedSince>
        </case>
        <case>
          <duration>0.001</duration>
          <className>jenkins.util.MarkFindingOutputStreamTest</className>
          <testName>oneByOne</testName>
          <skipped>false</skipped>
          <failedSince>0</failedSince>
        </case>
      </cases>
    </suite>
    <suite>
      <file>/home/elst228/Desktop/cs498group11/Project13-demo/work/jobs/TestMaven/workspace/core/target/surefire-reports/TEST-jenkins.util.TimerTest.xml</file>
      <name>jenkins.util.TimerTest</name>
      <duration>0.016</duration>
      <time>0.016</time>
      <enclosingBlocks/>
      <enclosingBlockNames/>
      <cases>
        <case>
          <duration>0.016</duration>
          <className>jenkins.util.TimerTest</className>
          <testName>timersArentBlocked</testName>
          <skipped>false</skipped>
          <failedSince>0</failedSince>
        </case>
      </cases>
    </suite>
    <suite>
      <file>/home/elst228/Desktop/cs498group11/Project13-demo/work/jobs/TestMaven/workspace/core/target/surefire-reports/TEST-jenkins.util.TreeStringBuilderTest.xml</file>
      <name>jenkins.util.TreeStringBuilderTest</name>
      <duration>0.029</duration>
      <time>0.029</time>
      <enclosingBlocks/>
      <enclosingBlockNames/>
      <cases>
        <case>
          <duration>0.007</duration>
          <className>jenkins.util.TreeStringBuilderTest</className>
          <testName>test</testName>
          <skipped>false</skipped>
          <failedSince>0</failedSince>
        </case>
        <case>
          <duration>0.022</duration>
          <className>jenkins.util.TreeStringBuilderTest</className>
          <testName>testRandom</testName>
          <skipped>false</skipped>
          <failedSince>0</failedSince>
        </case>
      </cases>
    </suite>
    <suite>
      <file>/home/elst228/Desktop/cs498group11/Project13-demo/work/jobs/TestMaven/workspace/core/target/surefire-reports/TEST-jenkins.util.VirtualFileTest.xml</file>
      <name>jenkins.util.VirtualFileTest</name>
      <duration>0.003</duration>
      <time>0.003</time>
      <enclosingBlocks/>
      <enclosingBlockNames/>
      <cases>
        <case>
          <duration>0.003</duration>
          <className>jenkins.util.VirtualFileTest</className>
          <testName>outsideSymlinks</testName>
          <skipped>false</skipped>
          <failedSince>0</failedSince>
        </case>
      </cases>
    </suite>
    <suite>
      <file>/home/elst228/Desktop/cs498group11/Project13-demo/work/jobs/TestMaven/workspace/core/target/surefire-reports/TEST-jenkins.util.xstream.XStreamDOMTest.xml</file>
      <name>jenkins.util.xstream.XStreamDOMTest</name>
      <duration>0.115</duration>
      <time>0.115</time>
      <enclosingBlocks/>
      <enclosingBlockNames/>
      <cases>
        <case>
          <duration>0.062</duration>
          <className>jenkins.util.xstream.XStreamDOMTest</className>
          <testName>testNameEscape</testName>
          <skipped>false</skipped>
          <failedSince>0</failedSince>
        </case>
        <case>
          <duration>0.006</duration>
          <className>jenkins.util.xstream.XStreamDOMTest</className>
          <testName>testWriteToDOM</testName>
          <skipped>false</skipped>
          <failedSince>0</failedSince>
        </case>
        <case>
          <duration>0.022</duration>
          <className>jenkins.util.xstream.XStreamDOMTest</className>
          <testName>testUnmarshal</testName>
          <skipped>false</skipped>
          <failedSince>0</failedSince>
        </case>
        <case>
          <duration>0.006</duration>
          <className>jenkins.util.xstream.XStreamDOMTest</className>
          <testName>readFromInputStream</testName>
          <skipped>false</skipped>
          <failedSince>0</failedSince>
        </case>
        <case>
          <duration>0.005</duration>
          <className>jenkins.util.xstream.XStreamDOMTest</className>
          <testName>escapeHandling</testName>
          <skipped>false</skipped>
          <failedSince>0</failedSince>
        </case>
        <case>
          <duration>0.004</duration>
          <className>jenkins.util.xstream.XStreamDOMTest</className>
          <testName>testMarshal</testName>
          <skipped>false</skipped>
          <failedSince>0</failedSince>
        </case>
        <case>
          <duration>0.003</duration>
          <className>jenkins.util.xstream.XStreamDOMTest</className>
          <testName>testNoChild</testName>
          <skipped>false</skipped>
          <failedSince>0</failedSince>
        </case>
        <case>
          <duration>0.007</duration>
          <className>jenkins.util.xstream.XStreamDOMTest</className>
          <testName>testDomInMap</testName>
          <skipped>false</skipped>
          <failedSince>0</failedSince>
        </case>
      </cases>
    </suite>
    <suite>
      <file>/home/elst228/Desktop/cs498group11/Project13-demo/work/jobs/TestMaven/workspace/core/target/surefire-reports/TEST-jenkins.xml.XMLUtilsTest.xml</file>
      <name>jenkins.xml.XMLUtilsTest</name>
      <duration>0.282</duration>
      <time>0.282</time>
      <enclosingBlocks/>
      <enclosingBlockNames/>
      <cases>
        <case>
          <duration>0.262</duration>
          <className>jenkins.xml.XMLUtilsTest</className>
          <testName>testUpdateByXmlIDoesNotFail</testName>
          <skipped>false</skipped>
          <failedSince>0</failedSince>
        </case>
        <case>
          <duration>0.02</duration>
          <className>jenkins.xml.XMLUtilsTest</className>
          <testName>testSafeTransformDoesNotProcessForeignResources</testName>
          <skipped>false</skipped>
          <failedSince>0</failedSince>
        </case>
      </cases>
    </suite>
  </suites>
  <duration>56.843998</duration>
  <keepLongStdio>false</keepLongStdio>
</result>